[M::bwa_idx_load_from_disk] read 0 ALT contigs
[M::process] read 575590 sequences (80000149 bp)...
[M::process] 0 single-end sequences; 575590 paired-end sequences
[M::process] read 574910 sequences (80000227 bp)...
[M::mem_pestat] # candidate unique pairs for (FF, FR, RF, RR): (0, 174, 0, 0)
[M::mem_pestat] skip orientation FF as there are not enough pairs
[M::mem_pestat] analyzing insert size distribution for orientation FR...
[M::mem_pestat] (25, 50, 75) percentile: (109, 164, 237)
[M::mem_pestat] low and high boundaries for computing mean and std.dev: (1, 493)
[M::mem_pestat] mean and std.dev: (172.54, 101.66)
[M::mem_pestat] low and high boundaries for proper pairs: (1, 621)
[M::mem_pestat] skip orientation RF as there are not enough pairs
[M::mem_pestat] skip orientation RR as there are not enough pairs
[M::mem_process_seqs] Processed 575590 reads in 46.860 CPU sec, 5.938 real sec
[M::process] 0 single-end sequences; 574910 paired-end sequences
[M::process] read 573232 sequences (80000040 bp)...
[M::mem_pestat] # candidate unique pairs for (FF, FR, RF, RR): (0, 183, 0, 0)
[M::mem_pestat] skip orientation FF as there are not enough pairs
[M::mem_pestat] analyzing insert size distribution for orientation FR...
[M::mem_pestat] (25, 50, 75) percentile: (119, 176, 256)
[M::mem_pestat] low and high boundaries for computing mean and std.dev: (1, 530)
[M::mem_pestat] mean and std.dev: (189.21, 100.70)
[M::mem_pestat] low and high boundaries for proper pairs: (1, 667)
[M::mem_pestat] skip orientation RF as there are not enough pairs
[M::mem_pestat] skip orientation RR as there are not enough pairs
[M::mem_process_seqs] Processed 574910 reads in 45.550 CPU sec, 5.458 real sec
[M::process] 0 single-end sequences; 573232 paired-end sequences
[M::process] read 572324 sequences (80000211 bp)...
[M::mem_pestat] # candidate unique pairs for (FF, FR, RF, RR): (0, 173, 0, 0)
[M::mem_pestat] skip orientation FF as there are not enough pairs
[M::mem_pestat] analyzing insert size distribution for orientation FR...
[M::mem_pestat] (25, 50, 75) percentile: (107, 168, 225)
[M::mem_pestat] low and high boundaries for computing mean and std.dev: (1, 461)
[M::mem_pestat] mean and std.dev: (169.94, 93.18)
[M::mem_pestat] low and high boundaries for proper pairs: (1, 579)
[M::mem_pestat] skip orientation RF as there are not enough pairs
[M::mem_pestat] skip orientation RR as there are not enough pairs
[M::mem_process_seqs] Processed 573232 reads in 46.693 CPU sec, 5.704 real sec
[M::process] 0 single-end sequences; 572324 paired-end sequences
[M::process] read 571168 sequences (80000055 bp)...
[M::mem_pestat] # candidate unique pairs for (FF, FR, RF, RR): (0, 164, 0, 0)
[M::mem_pestat] skip orientation FF as there are not enough pairs
[M::mem_pestat] analyzing insert size distribution for orientation FR...
[M::mem_pestat] (25, 50, 75) percentile: (108, 166, 229)
[M::mem_pestat] low and high boundaries for computing mean and std.dev: (1, 471)
[M::mem_pestat] mean and std.dev: (168.46, 96.98)
[M::mem_pestat] low and high boundaries for proper pairs: (1, 592)
[M::mem_pestat] skip orientation RF as there are not enough pairs
[M::mem_pestat] skip orientation RR as there are not enough pairs
[M::mem_process_seqs] Processed 572324 reads in 46.439 CPU sec, 5.687 real sec
[M::process] 0 single-end sequences; 571168 paired-end sequences
[M::process] read 572340 sequences (80000084 bp)...
[M::mem_pestat] # candidate unique pairs for (FF, FR, RF, RR): (0, 156, 0, 0)
[M::mem_pestat] skip orientation FF as there are not enough pairs
[M::mem_pestat] analyzing insert size distribution for orientation FR...
[M::mem_pestat] (25, 50, 75) percentile: (106, 161, 241)
[M::mem_pestat] low and high boundaries for computing mean and std.dev: (1, 511)
[M::mem_pestat] mean and std.dev: (173.75, 98.49)
[M::mem_pestat] low and high boundaries for proper pairs: (1, 646)
[M::mem_pestat] skip orientation RF as there are not enough pairs
[M::mem_pestat] skip orientation RR as there are not enough pairs
[M::mem_process_seqs] Processed 571168 reads in 45.954 CPU sec, 5.501 real sec
[M::process] 0 single-end sequences; 572340 paired-end sequences
[M::process] read 572778 sequences (80000263 bp)...
[M::mem_pestat] # candidate unique pairs for (FF, FR, RF, RR): (0, 187, 0, 0)
[M::mem_pestat] skip orientation FF as there are not enough pairs
[M::mem_pestat] analyzing insert size distribution for orientation FR...
[M::mem_pestat] (25, 50, 75) percentile: (119, 177, 229)
[M::mem_pestat] low and high boundaries for computing mean and std.dev: (1, 449)
[M::mem_pestat] mean and std.dev: (176.48, 90.25)
[M::mem_pestat] low and high boundaries for proper pairs: (1, 559)
[M::mem_pestat] skip orientation RF as there are not enough pairs
[M::mem_pestat] skip orientation RR as there are not enough pairs
[M::mem_process_seqs] Processed 572340 reads in 45.726 CPU sec, 5.504 real sec
[M::process] 0 single-end sequences; 572778 paired-end sequences
[M::process] read 572410 sequences (80000066 bp)...
[M::mem_pestat] # candidate unique pairs for (FF, FR, RF, RR): (0, 190, 0, 0)
[M::mem_pestat] skip orientation FF as there are not enough pairs
[M::mem_pestat] analyzing insert size distribution for orientation FR...
[M::mem_pestat] (25, 50, 75) percentile: (103, 172, 236)
[M::mem_pestat] low and high boundaries for computing mean and std.dev: (1, 502)
[M::mem_pestat] mean and std.dev: (176.27, 104.17)
[M::mem_pestat] low and high boundaries for proper pairs: (1, 635)
[M::mem_pestat] skip orientation RF as there are not enough pairs
[M::mem_pestat] skip orientation RR as there are not enough pairs
[M::mem_process_seqs] Processed 572778 reads in 45.972 CPU sec, 5.662 real sec
[M::process] 0 single-end sequences; 572410 paired-end sequences
[M::process] read 575170 sequences (80000019 bp)...
[M::mem_pestat] # candidate unique pairs for (FF, FR, RF, RR): (0, 187, 0, 0)
[M::mem_pestat] skip orientation FF as there are not enough pairs
[M::mem_pestat] analyzing insert size distribution for orientation FR...
[M::mem_pestat] (25, 50, 75) percentile: (115, 169, 229)
[M::mem_pestat] low and high boundaries for computing mean and std.dev: (1, 457)
[M::mem_pestat] mean and std.dev: (174.37, 94.59)
[M::mem_pestat] low and high boundaries for proper pairs: (1, 571)
[M::mem_pestat] skip orientation RF as there are not enough pairs
[M::mem_pestat] skip orientation RR as there are not enough pairs
[M::mem_process_seqs] Processed 572410 reads in 46.083 CPU sec, 5.650 real sec
[M::process] 0 single-end sequences; 575170 paired-end sequences
[M::process] read 577648 sequences (80000262 bp)...
[M::mem_pestat] # candidate unique pairs for (FF, FR, RF, RR): (0, 166, 0, 0)
[M::mem_pestat] skip orientation FF as there are not enough pairs
[M::mem_pestat] analyzing insert size distribution for orientation FR...
[M::mem_pestat] (25, 50, 75) percentile: (88, 165, 229)
[M::mem_pestat] low and high boundaries for computing mean and std.dev: (1, 511)
[M::mem_pestat] mean and std.dev: (169.14, 97.83)
[M::mem_pestat] low and high boundaries for proper pairs: (1, 652)
[M::mem_pestat] skip orientation RF as there are not enough pairs
[M::mem_pestat] skip orientation RR as there are not enough pairs
[M::mem_process_seqs] Processed 575170 reads in 45.747 CPU sec, 5.486 real sec
[M::process] 0 single-end sequences; 577648 paired-end sequences
[M::process] read 575950 sequences (80000140 bp)...
[M::mem_pestat] # candidate unique pairs for (FF, FR, RF, RR): (0, 170, 0, 0)
[M::mem_pestat] skip orientation FF as there are not enough pairs
[M::mem_pestat] analyzing insert size distribution for orientation FR...
[M::mem_pestat] (25, 50, 75) percentile: (115, 172, 253)
[M::mem_pestat] low and high boundaries for computing mean and std.dev: (1, 529)
[M::mem_pestat] mean and std.dev: (190.54, 116.66)
[M::mem_pestat] low and high boundaries for proper pairs: (1, 667)
[M::mem_pestat] skip orientation RF as there are not enough pairs
[M::mem_pestat] skip orientation RR as there are not enough pairs
[M::mem_process_seqs] Processed 577648 reads in 46.572 CPU sec, 5.547 real sec
[M::process] 0 single-end sequences; 575950 paired-end sequences
[M::process] read 574556 sequences (80000059 bp)...
[M::mem_pestat] # candidate unique pairs for (FF, FR, RF, RR): (0, 176, 0, 0)
[M::mem_pestat] skip orientation FF as there are not enough pairs
[M::mem_pestat] analyzing insert size distribution for orientation FR...
[M::mem_pestat] (25, 50, 75) percentile: (113, 169, 231)
[M::mem_pestat] low and high boundaries for computing mean and std.dev: (1, 467)
[M::mem_pestat] mean and std.dev: (171.71, 95.49)
[M::mem_pestat] low and high boundaries for proper pairs: (1, 585)
[M::mem_pestat] skip orientation RF as there are not enough pairs
[M::mem_pestat] skip orientation RR as there are not enough pairs
[M::mem_process_seqs] Processed 575950 reads in 45.781 CPU sec, 5.621 real sec
[M::process] 0 single-end sequences; 574556 paired-end sequences
[M::process] read 573228 sequences (80000150 bp)...
[M::mem_pestat] # candidate unique pairs for (FF, FR, RF, RR): (0, 157, 0, 0)
[M::mem_pestat] skip orientation FF as there are not enough pairs
[M::mem_pestat] analyzing insert size distribution for orientation FR...
[M::mem_pestat] (25, 50, 75) percentile: (97, 162, 243)
[M::mem_pestat] low and high boundaries for computing mean and std.dev: (1, 535)
[M::mem_pestat] mean and std.dev: (174.53, 112.30)
[M::mem_pestat] low and high boundaries for proper pairs: (1, 681)
[M::mem_pestat] skip orientation RF as there are not enough pairs
[M::mem_pestat] skip orientation RR as there are not enough pairs
[M::mem_process_seqs] Processed 574556 reads in 46.254 CPU sec, 5.668 real sec
[M::process] 0 single-end sequences; 573228 paired-end sequences
[M::process] read 572856 sequences (80000247 bp)...
[M::mem_pestat] # candidate unique pairs for (FF, FR, RF, RR): (0, 187, 0, 0)
[M::mem_pestat] skip orientation FF as there are not enough pairs
[M::mem_pestat] analyzing insert size distribution for orientation FR...
[M::mem_pestat] (25, 50, 75) percentile: (115, 163, 218)
[M::mem_pestat] low and high boundaries for computing mean and std.dev: (1, 424)
[M::mem_pestat] mean and std.dev: (164.75, 87.49)
[M::mem_pestat] low and high boundaries for proper pairs: (1, 527)
[M::mem_pestat] skip orientation RF as there are not enough pairs
[M::mem_pestat] skip orientation RR as there are not enough pairs
[M::mem_process_seqs] Processed 573228 reads in 45.799 CPU sec, 5.494 real sec
[M::process] 0 single-end sequences; 572856 paired-end sequences
[M::process] read 573544 sequences (80000051 bp)...
[M::mem_pestat] # candidate unique pairs for (FF, FR, RF, RR): (0, 182, 0, 0)
[M::mem_pestat] skip orientation FF as there are not enough pairs
[M::mem_pestat] analyzing insert size distribution for orientation FR...
[M::mem_pestat] (25, 50, 75) percentile: (112, 162, 220)
[M::mem_pestat] low and high boundaries for computing mean and std.dev: (1, 436)
[M::mem_pestat] mean and std.dev: (162.30, 83.38)
[M::mem_pestat] low and high boundaries for proper pairs: (1, 544)
[M::mem_pestat] skip orientation RF as there are not enough pairs
[M::mem_pestat] skip orientation RR as there are not enough pairs
[M::mem_process_seqs] Processed 572856 reads in 45.786 CPU sec, 5.506 real sec
[M::process] 0 single-end sequences; 573544 paired-end sequences
[M::process] read 573378 sequences (80000183 bp)...
[M::mem_pestat] # candidate unique pairs for (FF, FR, RF, RR): (0, 187, 0, 0)
[M::mem_pestat] skip orientation FF as there are not enough pairs
[M::mem_pestat] analyzing insert size distribution for orientation FR...
[M::mem_pestat] (25, 50, 75) percentile: (115, 165, 238)
[M::mem_pestat] low and high boundaries for computing mean and std.dev: (1, 484)
[M::mem_pestat] mean and std.dev: (177.45, 94.41)
[M::mem_pestat] low and high boundaries for proper pairs: (1, 607)
[M::mem_pestat] skip orientation RF as there are not enough pairs
[M::mem_pestat] skip orientation RR as there are not enough pairs
[M::mem_process_seqs] Processed 573544 reads in 45.645 CPU sec, 5.617 real sec
[M::process] 0 single-end sequences; 573378 paired-end sequences
[M::process] read 573738 sequences (80000098 bp)...
[M::mem_pestat] # candidate unique pairs for (FF, FR, RF, RR): (0, 177, 0, 0)
[M::mem_pestat] skip orientation FF as there are not enough pairs
[M::mem_pestat] analyzing insert size distribution for orientation FR...
[M::mem_pestat] (25, 50, 75) percentile: (121, 163, 229)
[M::mem_pestat] low and high boundaries for computing mean and std.dev: (1, 445)
[M::mem_pestat] mean and std.dev: (168.28, 86.66)
[M::mem_pestat] low and high boundaries for proper pairs: (1, 553)
[M::mem_pestat] skip orientation RF as there are not enough pairs
[M::mem_pestat] skip orientation RR as there are not enough pairs
[M::mem_process_seqs] Processed 573378 reads in 46.301 CPU sec, 5.518 real sec
[M::process] 0 single-end sequences; 573738 paired-end sequences
[M::process] read 577192 sequences (80000263 bp)...
[M::mem_pestat] # candidate unique pairs for (FF, FR, RF, RR): (0, 153, 0, 0)
[M::mem_pestat] skip orientation FF as there are not enough pairs
[M::mem_pestat] analyzing insert size distribution for orientation FR...
[M::mem_pestat] (25, 50, 75) percentile: (106, 174, 239)
[M::mem_pestat] low and high boundaries for computing mean and std.dev: (1, 505)
[M::mem_pestat] mean and std.dev: (183.03, 111.84)
[M::mem_pestat] low and high boundaries for proper pairs: (1, 638)
[M::mem_pestat] skip orientation RF as there are not enough pairs
[M::mem_pestat] skip orientation RR as there are not enough pairs
[M::mem_process_seqs] Processed 573738 reads in 45.420 CPU sec, 5.453 real sec
[M::process] 0 single-end sequences; 577192 paired-end sequences
[M::process] read 576586 sequences (80000091 bp)...
[M::mem_pestat] # candidate unique pairs for (FF, FR, RF, RR): (0, 179, 0, 0)
[M::mem_pestat] skip orientation FF as there are not enough pairs
[M::mem_pestat] analyzing insert size distribution for orientation FR...
[M::mem_pestat] (25, 50, 75) percentile: (125, 171, 243)
[M::mem_pestat] low and high boundaries for computing mean and std.dev: (1, 479)
[M::mem_pestat] mean and std.dev: (184.66, 102.35)
[M::mem_pestat] low and high boundaries for proper pairs: (1, 597)
[M::mem_pestat] skip orientation RF as there are not enough pairs
[M::mem_pestat] skip orientation RR as there are not enough pairs
[M::mem_process_seqs] Processed 577192 reads in 45.737 CPU sec, 5.549 real sec
[M::process] 0 single-end sequences; 576586 paired-end sequences
[M::process] read 574676 sequences (80000063 bp)...
[M::mem_pestat] # candidate unique pairs for (FF, FR, RF, RR): (0, 191, 0, 0)
[M::mem_pestat] skip orientation FF as there are not enough pairs
[M::mem_pestat] analyzing insert size distribution for orientation FR...
[M::mem_pestat] (25, 50, 75) percentile: (108, 162, 220)
[M::mem_pestat] low and high boundaries for computing mean and std.dev: (1, 444)
[M::mem_pestat] mean and std.dev: (163.41, 89.42)
[M::mem_pestat] low and high boundaries for proper pairs: (1, 556)
[M::mem_pestat] skip orientation RF as there are not enough pairs
[M::mem_pestat] skip orientation RR as there are not enough pairs
[M::mem_process_seqs] Processed 576586 reads in 45.082 CPU sec, 5.419 real sec
[M::process] 0 single-end sequences; 574676 paired-end sequences
[M::process] read 573060 sequences (80000001 bp)...
[M::mem_pestat] # candidate unique pairs for (FF, FR, RF, RR): (0, 189, 0, 0)
[M::mem_pestat] skip orientation FF as there are not enough pairs
[M::mem_pestat] analyzing insert size distribution for orientation FR...
[M::mem_pestat] (25, 50, 75) percentile: (114, 160, 245)
[M::mem_pestat] low and high boundaries for computing mean and std.dev: (1, 507)
[M::mem_pestat] mean and std.dev: (180.83, 109.04)
[M::mem_pestat] low and high boundaries for proper pairs: (1, 638)
[M::mem_pestat] skip orientation RF as there are not enough pairs
[M::mem_pestat] skip orientation RR as there are not enough pairs
[M::mem_process_seqs] Processed 574676 reads in 45.699 CPU sec, 5.499 real sec
[M::process] 0 single-end sequences; 573060 paired-end sequences
[M::process] read 572662 sequences (80000095 bp)...
[M::mem_pestat] # candidate unique pairs for (FF, FR, RF, RR): (0, 171, 0, 0)
[M::mem_pestat] skip orientation FF as there are not enough pairs
[M::mem_pestat] analyzing insert size distribution for orientation FR...
[M::mem_pestat] (25, 50, 75) percentile: (114, 167, 229)
[M::mem_pestat] low and high boundaries for computing mean and std.dev: (1, 459)
[M::mem_pestat] mean and std.dev: (169.20, 91.84)
[M::mem_pestat] low and high boundaries for proper pairs: (1, 574)
[M::mem_pestat] skip orientation RF as there are not enough pairs
[M::mem_pestat] skip orientation RR as there are not enough pairs
[M::mem_process_seqs] Processed 573060 reads in 45.564 CPU sec, 5.490 real sec
[M::process] 0 single-end sequences; 572662 paired-end sequences
[M::process] read 572444 sequences (80000216 bp)...
[M::mem_pestat] # candidate unique pairs for (FF, FR, RF, RR): (0, 164, 0, 0)
[M::mem_pestat] skip orientation FF as there are not enough pairs
[M::mem_pestat] analyzing insert size distribution for orientation FR...
[M::mem_pestat] (25, 50, 75) percentile: (114, 173, 242)
[M::mem_pestat] low and high boundaries for computing mean and std.dev: (1, 498)
[M::mem_pestat] mean and std.dev: (179.25, 99.77)
[M::mem_pestat] low and high boundaries for proper pairs: (1, 626)
[M::mem_pestat] skip orientation RF as there are not enough pairs
[M::mem_pestat] skip orientation RR as there are not enough pairs
[M::mem_process_seqs] Processed 572662 reads in 45.838 CPU sec, 5.508 real sec
[M::process] 0 single-end sequences; 572444 paired-end sequences
[M::process] read 572938 sequences (80000031 bp)...
[M::mem_pestat] # candidate unique pairs for (FF, FR, RF, RR): (0, 143, 0, 0)
[M::mem_pestat] skip orientation FF as there are not enough pairs
[M::mem_pestat] analyzing insert size distribution for orientation FR...
[M::mem_pestat] (25, 50, 75) percentile: (116, 169, 223)
[M::mem_pestat] low and high boundaries for computing mean and std.dev: (1, 437)
[M::mem_pestat] mean and std.dev: (166.92, 88.25)
[M::mem_pestat] low and high boundaries for proper pairs: (1, 544)
[M::mem_pestat] skip orientation RF as there are not enough pairs
[M::mem_pestat] skip orientation RR as there are not enough pairs
[M::mem_process_seqs] Processed 572444 reads in 46.042 CPU sec, 5.515 real sec
[M::process] 0 single-end sequences; 572938 paired-end sequences
[M::process] read 572516 sequences (80000247 bp)...
[M::mem_pestat] # candidate unique pairs for (FF, FR, RF, RR): (0, 209, 0, 0)
[M::mem_pestat] skip orientation FF as there are not enough pairs
[M::mem_pestat] analyzing insert size distribution for orientation FR...
[M::mem_pestat] (25, 50, 75) percentile: (109, 171, 229)
[M::mem_pestat] low and high boundaries for computing mean and std.dev: (1, 469)
[M::mem_pestat] mean and std.dev: (173.89, 96.17)
[M::mem_pestat] low and high boundaries for proper pairs: (1, 589)
[M::mem_pestat] skip orientation RF as there are not enough pairs
[M::mem_pestat] skip orientation RR as there are not enough pairs
[M::mem_process_seqs] Processed 572938 reads in 46.053 CPU sec, 5.534 real sec
[M::process] 0 single-end sequences; 572516 paired-end sequences
[M::process] read 577924 sequences (80000266 bp)...
[M::mem_pestat] # candidate unique pairs for (FF, FR, RF, RR): (0, 172, 0, 0)
[M::mem_pestat] skip orientation FF as there are not enough pairs
[M::mem_pestat] analyzing insert size distribution for orientation FR...
[M::mem_pestat] (25, 50, 75) percentile: (106, 160, 222)
[M::mem_pestat] low and high boundaries for computing mean and std.dev: (1, 454)
[M::mem_pestat] mean and std.dev: (166.77, 96.39)
[M::mem_pestat] low and high boundaries for proper pairs: (1, 570)
[M::mem_pestat] skip orientation RF as there are not enough pairs
[M::mem_pestat] skip orientation RR as there are not enough pairs
[M::mem_process_seqs] Processed 572516 reads in 45.979 CPU sec, 5.637 real sec
[M::process] 0 single-end sequences; 577924 paired-end sequences
[M::process] read 578012 sequences (80000233 bp)...
[M::mem_pestat] # candidate unique pairs for (FF, FR, RF, RR): (0, 164, 0, 0)
[M::mem_pestat] skip orientation FF as there are not enough pairs
[M::mem_pestat] analyzing insert size distribution for orientation FR...
[M::mem_pestat] (25, 50, 75) percentile: (110, 165, 229)
[M::mem_pestat] low and high boundaries for computing mean and std.dev: (1, 467)
[M::mem_pestat] mean and std.dev: (169.45, 96.97)
[M::mem_pestat] low and high boundaries for proper pairs: (1, 586)
[M::mem_pestat] skip orientation RF as there are not enough pairs
[M::mem_pestat] skip orientation RR as there are not enough pairs
[M::mem_process_seqs] Processed 577924 reads in 45.525 CPU sec, 5.552 real sec
[M::process] 0 single-end sequences; 578012 paired-end sequences
[M::process] read 576538 sequences (80000094 bp)...
[M::mem_pestat] # candidate unique pairs for (FF, FR, RF, RR): (0, 199, 0, 0)
[M::mem_pestat] skip orientation FF as there are not enough pairs
[M::mem_pestat] analyzing insert size distribution for orientation FR...
[M::mem_pestat] (25, 50, 75) percentile: (103, 154, 221)
[M::mem_pestat] low and high boundaries for computing mean and std.dev: (1, 457)
[M::mem_pestat] mean and std.dev: (165.31, 95.71)
[M::mem_pestat] low and high boundaries for proper pairs: (1, 575)
[M::mem_pestat] skip orientation RF as there are not enough pairs
[M::mem_pestat] skip orientation RR as there are not enough pairs
[M::mem_process_seqs] Processed 578012 reads in 45.336 CPU sec, 5.552 real sec
[M::process] 0 single-end sequences; 576538 paired-end sequences
[M::process] read 575528 sequences (80000006 bp)...
[M::mem_pestat] # candidate unique pairs for (FF, FR, RF, RR): (0, 197, 0, 0)
[M::mem_pestat] skip orientation FF as there are not enough pairs
[M::mem_pestat] analyzing insert size distribution for orientation FR...
[M::mem_pestat] (25, 50, 75) percentile: (88, 158, 221)
[M::mem_pestat] low and high boundaries for computing mean and std.dev: (1, 487)
[M::mem_pestat] mean and std.dev: (163.20, 98.82)
[M::mem_pestat] low and high boundaries for proper pairs: (1, 620)
[M::mem_pestat] skip orientation RF as there are not enough pairs
[M::mem_pestat] skip orientation RR as there are not enough pairs
[M::mem_process_seqs] Processed 576538 reads in 45.812 CPU sec, 5.504 real sec
[M::process] 0 single-end sequences; 575528 paired-end sequences
[M::process] read 574726 sequences (80000110 bp)...
[M::mem_pestat] # candidate unique pairs for (FF, FR, RF, RR): (0, 186, 0, 0)
[M::mem_pestat] skip orientation FF as there are not enough pairs
[M::mem_pestat] analyzing insert size distribution for orientation FR...
[M::mem_pestat] (25, 50, 75) percentile: (97, 161, 232)
[M::mem_pestat] low and high boundaries for computing mean and std.dev: (1, 502)
[M::mem_pestat] mean and std.dev: (166.04, 97.06)
[M::mem_pestat] low and high boundaries for proper pairs: (1, 637)
[M::mem_pestat] skip orientation RF as there are not enough pairs
[M::mem_pestat] skip orientation RR as there are not enough pairs
[M::mem_process_seqs] Processed 575528 reads in 46.223 CPU sec, 5.540 real sec
[M::process] 0 single-end sequences; 574726 paired-end sequences
[M::process] read 574230 sequences (80000177 bp)...
[M::mem_pestat] # candidate unique pairs for (FF, FR, RF, RR): (0, 167, 0, 0)
[M::mem_pestat] skip orientation FF as there are not enough pairs
[M::mem_pestat] analyzing insert size distribution for orientation FR...
[M::mem_pestat] (25, 50, 75) percentile: (101, 153, 230)
[M::mem_pestat] low and high boundaries for computing mean and std.dev: (1, 488)
[M::mem_pestat] mean and std.dev: (163.66, 101.75)
[M::mem_pestat] low and high boundaries for proper pairs: (1, 617)
[M::mem_pestat] skip orientation RF as there are not enough pairs
[M::mem_pestat] skip orientation RR as there are not enough pairs
[M::mem_process_seqs] Processed 574726 reads in 45.427 CPU sec, 5.460 real sec
[M::process] 0 single-end sequences; 574230 paired-end sequences
[M::process] read 575578 sequences (80000172 bp)...
[M::mem_pestat] # candidate unique pairs for (FF, FR, RF, RR): (0, 179, 0, 0)
[M::mem_pestat] skip orientation FF as there are not enough pairs
[M::mem_pestat] analyzing insert size distribution for orientation FR...
[M::mem_pestat] (25, 50, 75) percentile: (98, 159, 228)
[M::mem_pestat] low and high boundaries for computing mean and std.dev: (1, 488)
[M::mem_pestat] mean and std.dev: (167.89, 101.77)
[M::mem_pestat] low and high boundaries for proper pairs: (1, 618)
[M::mem_pestat] skip orientation RF as there are not enough pairs
[M::mem_pestat] skip orientation RR as there are not enough pairs
[M::mem_process_seqs] Processed 574230 reads in 45.592 CPU sec, 5.475 real sec
[M::process] 0 single-end sequences; 575578 paired-end sequences
[M::process] read 577352 sequences (80000159 bp)...
[M::mem_pestat] # candidate unique pairs for (FF, FR, RF, RR): (0, 180, 0, 0)
[M::mem_pestat] skip orientation FF as there are not enough pairs
[M::mem_pestat] analyzing insert size distribution for orientation FR...
[M::mem_pestat] (25, 50, 75) percentile: (112, 167, 220)
[M::mem_pestat] low and high boundaries for computing mean and std.dev: (1, 436)
[M::mem_pestat] mean and std.dev: (167.99, 93.24)
[M::mem_pestat] low and high boundaries for proper pairs: (1, 544)
[M::mem_pestat] skip orientation RF as there are not enough pairs
[M::mem_pestat] skip orientation RR as there are not enough pairs
[M::mem_process_seqs] Processed 575578 reads in 45.490 CPU sec, 5.439 real sec
[M::process] 0 single-end sequences; 577352 paired-end sequences
[M::process] read 576270 sequences (80000127 bp)...
[M::mem_pestat] # candidate unique pairs for (FF, FR, RF, RR): (0, 158, 0, 0)
[M::mem_pestat] skip orientation FF as there are not enough pairs
[M::mem_pestat] analyzing insert size distribution for orientation FR...
[M::mem_pestat] (25, 50, 75) percentile: (109, 160, 230)
[M::mem_pestat] low and high boundaries for computing mean and std.dev: (1, 472)
[M::mem_pestat] mean and std.dev: (176.44, 104.16)
[M::mem_pestat] low and high boundaries for proper pairs: (1, 593)
[M::mem_pestat] skip orientation RF as there are not enough pairs
[M::mem_pestat] skip orientation RR as there are not enough pairs
[M::mem_process_seqs] Processed 577352 reads in 45.185 CPU sec, 5.423 real sec
[M::process] 0 single-end sequences; 576270 paired-end sequences
[M::process] read 578358 sequences (80000087 bp)...
[M::mem_pestat] # candidate unique pairs for (FF, FR, RF, RR): (0, 168, 0, 0)
[M::mem_pestat] skip orientation FF as there are not enough pairs
[M::mem_pestat] analyzing insert size distribution for orientation FR...
[M::mem_pestat] (25, 50, 75) percentile: (92, 146, 229)
[M::mem_pestat] low and high boundaries for computing mean and std.dev: (1, 503)
[M::mem_pestat] mean and std.dev: (159.44, 99.18)
[M::mem_pestat] low and high boundaries for proper pairs: (1, 640)
[M::mem_pestat] skip orientation RF as there are not enough pairs
[M::mem_pestat] skip orientation RR as there are not enough pairs
[M::mem_process_seqs] Processed 576270 reads in 45.411 CPU sec, 5.433 real sec
[M::process] 0 single-end sequences; 578358 paired-end sequences
[M::process] read 579442 sequences (80000032 bp)...
[M::mem_pestat] # candidate unique pairs for (FF, FR, RF, RR): (0, 179, 0, 0)
[M::mem_pestat] skip orientation FF as there are not enough pairs
[M::mem_pestat] analyzing insert size distribution for orientation FR...
[M::mem_pestat] (25, 50, 75) percentile: (121, 171, 231)
[M::mem_pestat] low and high boundaries for computing mean and std.dev: (1, 451)
[M::mem_pestat] mean and std.dev: (181.48, 95.45)
[M::mem_pestat] low and high boundaries for proper pairs: (1, 563)
[M::mem_pestat] skip orientation RF as there are not enough pairs
[M::mem_pestat] skip orientation RR as there are not enough pairs
[M::mem_process_seqs] Processed 578358 reads in 47.247 CPU sec, 5.676 real sec
[M::process] 0 single-end sequences; 579442 paired-end sequences
[M::process] read 578020 sequences (80000005 bp)...
[M::mem_pestat] # candidate unique pairs for (FF, FR, RF, RR): (0, 206, 0, 0)
[M::mem_pestat] skip orientation FF as there are not enough pairs
[M::mem_pestat] analyzing insert size distribution for orientation FR...
[M::mem_pestat] (25, 50, 75) percentile: (76, 161, 266)
[M::mem_pestat] low and high boundaries for computing mean and std.dev: (1, 646)
[M::mem_pestat] mean and std.dev: (180.05, 123.90)
[M::mem_pestat] low and high boundaries for proper pairs: (1, 836)
[M::mem_pestat] skip orientation RF as there are not enough pairs
[M::mem_pestat] skip orientation RR as there are not enough pairs
[M::mem_process_seqs] Processed 579442 reads in 45.412 CPU sec, 5.441 real sec
[M::process] 0 single-end sequences; 578020 paired-end sequences
[M::process] read 576524 sequences (80000267 bp)...
[M::mem_pestat] # candidate unique pairs for (FF, FR, RF, RR): (0, 190, 0, 0)
[M::mem_pestat] skip orientation FF as there are not enough pairs
[M::mem_pestat] analyzing insert size distribution for orientation FR...
[M::mem_pestat] (25, 50, 75) percentile: (102, 164, 252)
[M::mem_pestat] low and high boundaries for computing mean and std.dev: (1, 552)
[M::mem_pestat] mean and std.dev: (175.02, 111.56)
[M::mem_pestat] low and high boundaries for proper pairs: (1, 702)
[M::mem_pestat] skip orientation RF as there are not enough pairs
[M::mem_pestat] skip orientation RR as there are not enough pairs
[M::mem_process_seqs] Processed 578020 reads in 45.221 CPU sec, 5.444 real sec
[M::process] 0 single-end sequences; 576524 paired-end sequences
[M::process] read 575472 sequences (80000247 bp)...
[M::mem_pestat] # candidate unique pairs for (FF, FR, RF, RR): (0, 190, 0, 0)
[M::mem_pestat] skip orientation FF as there are not enough pairs
[M::mem_pestat] analyzing insert size distribution for orientation FR...
[M::mem_pestat] (25, 50, 75) percentile: (112, 160, 223)
[M::mem_pestat] low and high boundaries for computing mean and std.dev: (1, 445)
[M::mem_pestat] mean and std.dev: (164.40, 89.07)
[M::mem_pestat] low and high boundaries for proper pairs: (1, 556)
[M::mem_pestat] skip orientation RF as there are not enough pairs
[M::mem_pestat] skip orientation RR as there are not enough pairs
[M::mem_process_seqs] Processed 576524 reads in 45.504 CPU sec, 5.480 real sec
[M::process] 0 single-end sequences; 575472 paired-end sequences
[M::process] read 574780 sequences (80000101 bp)...
[M::mem_pestat] # candidate unique pairs for (FF, FR, RF, RR): (0, 178, 0, 0)
[M::mem_pestat] skip orientation FF as there are not enough pairs
[M::mem_pestat] analyzing insert size distribution for orientation FR...
[M::mem_pestat] (25, 50, 75) percentile: (101, 160, 213)
[M::mem_pestat] low and high boundaries for computing mean and std.dev: (1, 437)
[M::mem_pestat] mean and std.dev: (157.59, 90.04)
[M::mem_pestat] low and high boundaries for proper pairs: (1, 549)
[M::mem_pestat] skip orientation RF as there are not enough pairs
[M::mem_pestat] skip orientation RR as there are not enough pairs
[M::mem_process_seqs] Processed 575472 reads in 45.574 CPU sec, 5.488 real sec
[M::process] 0 single-end sequences; 574780 paired-end sequences
[M::process] read 575598 sequences (80000002 bp)...
[M::mem_pestat] # candidate unique pairs for (FF, FR, RF, RR): (0, 193, 0, 0)
[M::mem_pestat] skip orientation FF as there are not enough pairs
[M::mem_pestat] analyzing insert size distribution for orientation FR...
[M::mem_pestat] (25, 50, 75) percentile: (114, 160, 214)
[M::mem_pestat] low and high boundaries for computing mean and std.dev: (1, 414)
[M::mem_pestat] mean and std.dev: (160.48, 81.99)
[M::mem_pestat] low and high boundaries for proper pairs: (1, 514)
[M::mem_pestat] skip orientation RF as there are not enough pairs
[M::mem_pestat] skip orientation RR as there are not enough pairs
[M::mem_process_seqs] Processed 574780 reads in 45.516 CPU sec, 5.486 real sec
[M::process] 0 single-end sequences; 575598 paired-end sequences
[M::process] read 575924 sequences (80000237 bp)...
[M::mem_pestat] # candidate unique pairs for (FF, FR, RF, RR): (0, 179, 0, 0)
[M::mem_pestat] skip orientation FF as there are not enough pairs
[M::mem_pestat] analyzing insert size distribution for orientation FR...
[M::mem_pestat] (25, 50, 75) percentile: (111, 160, 217)
[M::mem_pestat] low and high boundaries for computing mean and std.dev: (1, 429)
[M::mem_pestat] mean and std.dev: (163.65, 88.33)
[M::mem_pestat] low and high boundaries for proper pairs: (1, 535)
[M::mem_pestat] skip orientation RF as there are not enough pairs
[M::mem_pestat] skip orientation RR as there are not enough pairs
[M::mem_process_seqs] Processed 575598 reads in 45.687 CPU sec, 5.488 real sec
[M::process] 0 single-end sequences; 575924 paired-end sequences
[M::process] read 576064 sequences (80000116 bp)...
[M::mem_pestat] # candidate unique pairs for (FF, FR, RF, RR): (0, 184, 0, 0)
[M::mem_pestat] skip orientation FF as there are not enough pairs
[M::mem_pestat] analyzing insert size distribution for orientation FR...
[M::mem_pestat] (25, 50, 75) percentile: (115, 175, 229)
[M::mem_pestat] low and high boundaries for computing mean and std.dev: (1, 457)
[M::mem_pestat] mean and std.dev: (176.18, 97.06)
[M::mem_pestat] low and high boundaries for proper pairs: (1, 571)
[M::mem_pestat] skip orientation RF as there are not enough pairs
[M::mem_pestat] skip orientation RR as there are not enough pairs
[M::mem_process_seqs] Processed 575924 reads in 45.496 CPU sec, 5.474 real sec
[M::process] 0 single-end sequences; 576064 paired-end sequences
[M::process] read 577646 sequences (80000269 bp)...
[M::mem_pestat] # candidate unique pairs for (FF, FR, RF, RR): (0, 160, 0, 0)
[M::mem_pestat] skip orientation FF as there are not enough pairs
[M::mem_pestat] analyzing insert size distribution for orientation FR...
[M::mem_pestat] (25, 50, 75) percentile: (115, 156, 220)
[M::mem_pestat] low and high boundaries for computing mean and std.dev: (1, 430)
[M::mem_pestat] mean and std.dev: (164.07, 86.57)
[M::mem_pestat] low and high boundaries for proper pairs: (1, 535)
[M::mem_pestat] skip orientation RF as there are not enough pairs
[M::mem_pestat] skip orientation RR as there are not enough pairs
[M::mem_process_seqs] Processed 576064 reads in 45.498 CPU sec, 5.472 real sec
[M::process] 0 single-end sequences; 577646 paired-end sequences
[M::process] read 579296 sequences (80000075 bp)...
[M::mem_pestat] # candidate unique pairs for (FF, FR, RF, RR): (0, 185, 0, 0)
[M::mem_pestat] skip orientation FF as there are not enough pairs
[M::mem_pestat] analyzing insert size distribution for orientation FR...
[M::mem_pestat] (25, 50, 75) percentile: (85, 155, 202)
[M::mem_pestat] low and high boundaries for computing mean and std.dev: (1, 436)
[M::mem_pestat] mean and std.dev: (153.51, 85.71)
[M::mem_pestat] low and high boundaries for proper pairs: (1, 553)
[M::mem_pestat] skip orientation RF as there are not enough pairs
[M::mem_pestat] skip orientation RR as there are not enough pairs
[M::mem_process_seqs] Processed 577646 reads in 45.658 CPU sec, 5.487 real sec
[M::process] 0 single-end sequences; 579296 paired-end sequences
[M::process] read 578058 sequences (80000105 bp)...
[M::mem_pestat] # candidate unique pairs for (FF, FR, RF, RR): (0, 170, 0, 0)
[M::mem_pestat] skip orientation FF as there are not enough pairs
[M::mem_pestat] analyzing insert size distribution for orientation FR...
[M::mem_pestat] (25, 50, 75) percentile: (106, 175, 263)
[M::mem_pestat] low and high boundaries for computing mean and std.dev: (1, 577)
[M::mem_pestat] mean and std.dev: (183.58, 109.35)
[M::mem_pestat] low and high boundaries for proper pairs: (1, 734)
[M::mem_pestat] skip orientation RF as there are not enough pairs
[M::mem_pestat] skip orientation RR as there are not enough pairs
[M::mem_process_seqs] Processed 579296 reads in 46.278 CPU sec, 5.568 real sec
[M::process] 0 single-end sequences; 578058 paired-end sequences
[M::process] read 576544 sequences (80000221 bp)...
[M::mem_pestat] # candidate unique pairs for (FF, FR, RF, RR): (0, 190, 0, 0)
[M::mem_pestat] skip orientation FF as there are not enough pairs
[M::mem_pestat] analyzing insert size distribution for orientation FR...
[M::mem_pestat] (25, 50, 75) percentile: (112, 163, 229)
[M::mem_pestat] low and high boundaries for computing mean and std.dev: (1, 463)
[M::mem_pestat] mean and std.dev: (175.00, 97.26)
[M::mem_pestat] low and high boundaries for proper pairs: (1, 580)
[M::mem_pestat] skip orientation RF as there are not enough pairs
[M::mem_pestat] skip orientation RR as there are not enough pairs
[M::mem_process_seqs] Processed 578058 reads in 46.412 CPU sec, 5.592 real sec
[M::process] 0 single-end sequences; 576544 paired-end sequences
[M::process] read 575232 sequences (80000234 bp)...
[M::mem_pestat] # candidate unique pairs for (FF, FR, RF, RR): (0, 165, 0, 0)
[M::mem_pestat] skip orientation FF as there are not enough pairs
[M::mem_pestat] analyzing insert size distribution for orientation FR...
[M::mem_pestat] (25, 50, 75) percentile: (101, 153, 215)
[M::mem_pestat] low and high boundaries for computing mean and std.dev: (1, 443)
[M::mem_pestat] mean and std.dev: (157.60, 86.70)
[M::mem_pestat] low and high boundaries for proper pairs: (1, 557)
[M::mem_pestat] skip orientation RF as there are not enough pairs
[M::mem_pestat] skip orientation RR as there are not enough pairs
[M::mem_process_seqs] Processed 576544 reads in 46.473 CPU sec, 5.600 real sec
[M::process] 0 single-end sequences; 575232 paired-end sequences
[M::process] read 575048 sequences (80000279 bp)...
[M::mem_pestat] # candidate unique pairs for (FF, FR, RF, RR): (0, 162, 0, 0)
[M::mem_pestat] skip orientation FF as there are not enough pairs
[M::mem_pestat] analyzing insert size distribution for orientation FR...
[M::mem_pestat] (25, 50, 75) percentile: (101, 166, 227)
[M::mem_pestat] low and high boundaries for computing mean and std.dev: (1, 479)
[M::mem_pestat] mean and std.dev: (171.78, 97.56)
[M::mem_pestat] low and high boundaries for proper pairs: (1, 605)
[M::mem_pestat] skip orientation RF as there are not enough pairs
[M::mem_pestat] skip orientation RR as there are not enough pairs
[M::mem_process_seqs] Processed 575232 reads in 45.315 CPU sec, 5.468 real sec
[M::process] 0 single-end sequences; 575048 paired-end sequences
[M::process] read 575234 sequences (80000245 bp)...
[M::mem_pestat] # candidate unique pairs for (FF, FR, RF, RR): (0, 168, 0, 0)
[M::mem_pestat] skip orientation FF as there are not enough pairs
[M::mem_pestat] analyzing insert size distribution for orientation FR...
[M::mem_pestat] (25, 50, 75) percentile: (128, 176, 258)
[M::mem_pestat] low and high boundaries for computing mean and std.dev: (1, 518)
[M::mem_pestat] mean and std.dev: (181.54, 97.02)
[M::mem_pestat] low and high boundaries for proper pairs: (1, 648)
[M::mem_pestat] skip orientation RF as there are not enough pairs
[M::mem_pestat] skip orientation RR as there are not enough pairs
[M::mem_process_seqs] Processed 575048 reads in 45.288 CPU sec, 5.454 real sec
[M::process] 0 single-end sequences; 575234 paired-end sequences
[M::process] read 575960 sequences (80000116 bp)...
[M::mem_pestat] # candidate unique pairs for (FF, FR, RF, RR): (0, 202, 0, 0)
[M::mem_pestat] skip orientation FF as there are not enough pairs
[M::mem_pestat] analyzing insert size distribution for orientation FR...
[M::mem_pestat] (25, 50, 75) percentile: (101, 162, 232)
[M::mem_pestat] low and high boundaries for computing mean and std.dev: (1, 494)
[M::mem_pestat] mean and std.dev: (169.47, 95.00)
[M::mem_pestat] low and high boundaries for proper pairs: (1, 625)
[M::mem_pestat] skip orientation RF as there are not enough pairs
[M::mem_pestat] skip orientation RR as there are not enough pairs
[M::mem_process_seqs] Processed 575234 reads in 45.605 CPU sec, 5.486 real sec
[M::process] 0 single-end sequences; 575960 paired-end sequences
[M::process] read 575980 sequences (80000266 bp)...
[M::mem_pestat] # candidate unique pairs for (FF, FR, RF, RR): (0, 178, 0, 0)
[M::mem_pestat] skip orientation FF as there are not enough pairs
[M::mem_pestat] analyzing insert size distribution for orientation FR...
[M::mem_pestat] (25, 50, 75) percentile: (115, 165, 226)
[M::mem_pestat] low and high boundaries for computing mean and std.dev: (1, 448)
[M::mem_pestat] mean and std.dev: (168.65, 93.43)
[M::mem_pestat] low and high boundaries for proper pairs: (1, 559)
[M::mem_pestat] skip orientation RF as there are not enough pairs
[M::mem_pestat] skip orientation RR as there are not enough pairs
[M::mem_process_seqs] Processed 575960 reads in 45.364 CPU sec, 5.433 real sec
[M::process] 0 single-end sequences; 575980 paired-end sequences
[M::process] read 324450 sequences (44935738 bp)...
[M::mem_pestat] # candidate unique pairs for (FF, FR, RF, RR): (0, 170, 0, 0)
[M::mem_pestat] skip orientation FF as there are not enough pairs
[M::mem_pestat] analyzing insert size distribution for orientation FR...
[M::mem_pestat] (25, 50, 75) percentile: (108, 167, 223)
[M::mem_pestat] low and high boundaries for computing mean and std.dev: (1, 453)
[M::mem_pestat] mean and std.dev: (168.05, 94.72)
[M::mem_pestat] low and high boundaries for proper pairs: (1, 568)
[M::mem_pestat] skip orientation RF as there are not enough pairs
[M::mem_pestat] skip orientation RR as there are not enough pairs
[M::mem_process_seqs] Processed 575980 reads in 44.416 CPU sec, 5.475 real sec
[M::process] 0 single-end sequences; 324450 paired-end sequences
[M::mem_pestat] # candidate unique pairs for (FF, FR, RF, RR): (0, 95, 0, 0)
[M::mem_pestat] skip orientation FF as there are not enough pairs
[M::mem_pestat] analyzing insert size distribution for orientation FR...
[M::mem_pestat] (25, 50, 75) percentile: (103, 163, 240)
[M::mem_pestat] low and high boundaries for computing mean and std.dev: (1, 514)
[M::mem_pestat] mean and std.dev: (170.05, 94.52)
[M::mem_pestat] low and high boundaries for proper pairs: (1, 651)
[M::mem_pestat] skip orientation RF as there are not enough pairs
[M::mem_pestat] skip orientation RR as there are not enough pairs
[M::mem_process_seqs] Processed 324450 reads in 25.182 CPU sec, 3.138 real sec
[main] Version: 0.7.17-r1188
[main] CMD: bwa mem -t 8 -p /projects/micb405/project1/Team10/project2/Prokka_output/MedQ_MAGs/MAG10.ffn /projects/micb405/resources/project_2/2019/Metatranscriptomes/SI072_120m.qtrim.artifact.rRNA.clean.fastq.gz
[main] Real time: 304.035 sec; CPU: 2422.313 sec
