[M::bwa_idx_load_from_disk] read 0 ALT contigs
[M::process] read 575590 sequences (80000149 bp)...
[M::process] 0 single-end sequences; 575590 paired-end sequences
[M::process] read 574910 sequences (80000227 bp)...
[M::mem_pestat] # candidate unique pairs for (FF, FR, RF, RR): (0, 293, 0, 0)
[M::mem_pestat] skip orientation FF as there are not enough pairs
[M::mem_pestat] analyzing insert size distribution for orientation FR...
[M::mem_pestat] (25, 50, 75) percentile: (61, 135, 202)
[M::mem_pestat] low and high boundaries for computing mean and std.dev: (1, 484)
[M::mem_pestat] mean and std.dev: (141.51, 90.40)
[M::mem_pestat] low and high boundaries for proper pairs: (1, 625)
[M::mem_pestat] skip orientation RF as there are not enough pairs
[M::mem_pestat] skip orientation RR as there are not enough pairs
[M::mem_process_seqs] Processed 575590 reads in 46.337 CPU sec, 5.878 real sec
[M::process] 0 single-end sequences; 574910 paired-end sequences
[M::process] read 573232 sequences (80000040 bp)...
[M::mem_pestat] # candidate unique pairs for (FF, FR, RF, RR): (0, 293, 0, 0)
[M::mem_pestat] skip orientation FF as there are not enough pairs
[M::mem_pestat] analyzing insert size distribution for orientation FR...
[M::mem_pestat] (25, 50, 75) percentile: (56, 137, 202)
[M::mem_pestat] low and high boundaries for computing mean and std.dev: (1, 494)
[M::mem_pestat] mean and std.dev: (144.22, 97.65)
[M::mem_pestat] low and high boundaries for proper pairs: (1, 640)
[M::mem_pestat] skip orientation RF as there are not enough pairs
[M::mem_pestat] skip orientation RR as there are not enough pairs
[M::mem_process_seqs] Processed 574910 reads in 45.231 CPU sec, 5.458 real sec
[M::process] 0 single-end sequences; 573232 paired-end sequences
[M::process] read 572324 sequences (80000211 bp)...
[M::mem_pestat] # candidate unique pairs for (FF, FR, RF, RR): (0, 341, 0, 0)
[M::mem_pestat] skip orientation FF as there are not enough pairs
[M::mem_pestat] analyzing insert size distribution for orientation FR...
[M::mem_pestat] (25, 50, 75) percentile: (73, 143, 212)
[M::mem_pestat] low and high boundaries for computing mean and std.dev: (1, 490)
[M::mem_pestat] mean and std.dev: (150.00, 94.57)
[M::mem_pestat] low and high boundaries for proper pairs: (1, 629)
[M::mem_pestat] skip orientation RF as there are not enough pairs
[M::mem_pestat] skip orientation RR as there are not enough pairs
[M::mem_process_seqs] Processed 573232 reads in 45.763 CPU sec, 5.646 real sec
[M::process] 0 single-end sequences; 572324 paired-end sequences
[M::process] read 571168 sequences (80000055 bp)...
[M::mem_pestat] # candidate unique pairs for (FF, FR, RF, RR): (0, 300, 0, 0)
[M::mem_pestat] skip orientation FF as there are not enough pairs
[M::mem_pestat] analyzing insert size distribution for orientation FR...
[M::mem_pestat] (25, 50, 75) percentile: (56, 138, 193)
[M::mem_pestat] low and high boundaries for computing mean and std.dev: (1, 467)
[M::mem_pestat] mean and std.dev: (144.37, 94.93)
[M::mem_pestat] low and high boundaries for proper pairs: (1, 604)
[M::mem_pestat] skip orientation RF as there are not enough pairs
[M::mem_pestat] skip orientation RR as there are not enough pairs
[M::mem_process_seqs] Processed 572324 reads in 46.265 CPU sec, 5.672 real sec
[M::process] 0 single-end sequences; 571168 paired-end sequences
[M::process] read 572340 sequences (80000084 bp)...
[M::mem_pestat] # candidate unique pairs for (FF, FR, RF, RR): (0, 310, 0, 0)
[M::mem_pestat] skip orientation FF as there are not enough pairs
[M::mem_pestat] analyzing insert size distribution for orientation FR...
[M::mem_pestat] (25, 50, 75) percentile: (62, 144, 199)
[M::mem_pestat] low and high boundaries for computing mean and std.dev: (1, 473)
[M::mem_pestat] mean and std.dev: (143.41, 88.92)
[M::mem_pestat] low and high boundaries for proper pairs: (1, 610)
[M::mem_pestat] skip orientation RF as there are not enough pairs
[M::mem_pestat] skip orientation RR as there are not enough pairs
[M::mem_process_seqs] Processed 571168 reads in 46.234 CPU sec, 5.538 real sec
[M::process] 0 single-end sequences; 572340 paired-end sequences
[M::process] read 572778 sequences (80000263 bp)...
[M::mem_pestat] # candidate unique pairs for (FF, FR, RF, RR): (0, 292, 0, 0)
[M::mem_pestat] skip orientation FF as there are not enough pairs
[M::mem_pestat] analyzing insert size distribution for orientation FR...
[M::mem_pestat] (25, 50, 75) percentile: (52, 137, 193)
[M::mem_pestat] low and high boundaries for computing mean and std.dev: (1, 475)
[M::mem_pestat] mean and std.dev: (141.22, 92.99)
[M::mem_pestat] low and high boundaries for proper pairs: (1, 616)
[M::mem_pestat] skip orientation RF as there are not enough pairs
[M::mem_pestat] skip orientation RR as there are not enough pairs
[M::mem_process_seqs] Processed 572340 reads in 45.389 CPU sec, 5.477 real sec
[M::process] 0 single-end sequences; 572778 paired-end sequences
[M::process] read 572410 sequences (80000066 bp)...
[M::mem_pestat] # candidate unique pairs for (FF, FR, RF, RR): (0, 312, 0, 0)
[M::mem_pestat] skip orientation FF as there are not enough pairs
[M::mem_pestat] analyzing insert size distribution for orientation FR...
[M::mem_pestat] (25, 50, 75) percentile: (64, 137, 196)
[M::mem_pestat] low and high boundaries for computing mean and std.dev: (1, 460)
[M::mem_pestat] mean and std.dev: (139.62, 83.19)
[M::mem_pestat] low and high boundaries for proper pairs: (1, 592)
[M::mem_pestat] skip orientation RF as there are not enough pairs
[M::mem_pestat] skip orientation RR as there are not enough pairs
[M::mem_process_seqs] Processed 572778 reads in 45.486 CPU sec, 5.594 real sec
[M::process] 0 single-end sequences; 572410 paired-end sequences
[M::process] read 575170 sequences (80000019 bp)...
[M::mem_pestat] # candidate unique pairs for (FF, FR, RF, RR): (0, 301, 0, 0)
[M::mem_pestat] skip orientation FF as there are not enough pairs
[M::mem_pestat] analyzing insert size distribution for orientation FR...
[M::mem_pestat] (25, 50, 75) percentile: (56, 135, 185)
[M::mem_pestat] low and high boundaries for computing mean and std.dev: (1, 443)
[M::mem_pestat] mean and std.dev: (132.27, 81.29)
[M::mem_pestat] low and high boundaries for proper pairs: (1, 572)
[M::mem_pestat] skip orientation RF as there are not enough pairs
[M::mem_pestat] skip orientation RR as there are not enough pairs
[M::mem_process_seqs] Processed 572410 reads in 46.284 CPU sec, 5.663 real sec
[M::process] 0 single-end sequences; 575170 paired-end sequences
[M::process] read 577648 sequences (80000262 bp)...
[M::mem_pestat] # candidate unique pairs for (FF, FR, RF, RR): (0, 328, 0, 0)
[M::mem_pestat] skip orientation FF as there are not enough pairs
[M::mem_pestat] analyzing insert size distribution for orientation FR...
[M::mem_pestat] (25, 50, 75) percentile: (63, 138, 190)
[M::mem_pestat] low and high boundaries for computing mean and std.dev: (1, 444)
[M::mem_pestat] mean and std.dev: (136.74, 83.74)
[M::mem_pestat] low and high boundaries for proper pairs: (1, 571)
[M::mem_pestat] skip orientation RF as there are not enough pairs
[M::mem_pestat] skip orientation RR as there are not enough pairs
[M::mem_process_seqs] Processed 575170 reads in 45.938 CPU sec, 5.540 real sec
[M::process] 0 single-end sequences; 577648 paired-end sequences
[M::process] read 575950 sequences (80000140 bp)...
[M::mem_pestat] # candidate unique pairs for (FF, FR, RF, RR): (0, 323, 0, 0)
[M::mem_pestat] skip orientation FF as there are not enough pairs
[M::mem_pestat] analyzing insert size distribution for orientation FR...
[M::mem_pestat] (25, 50, 75) percentile: (55, 137, 207)
[M::mem_pestat] low and high boundaries for computing mean and std.dev: (1, 511)
[M::mem_pestat] mean and std.dev: (148.52, 99.71)
[M::mem_pestat] low and high boundaries for proper pairs: (1, 663)
[M::mem_pestat] skip orientation RF as there are not enough pairs
[M::mem_pestat] skip orientation RR as there are not enough pairs
[M::mem_process_seqs] Processed 577648 reads in 45.253 CPU sec, 5.457 real sec
[M::process] 0 single-end sequences; 575950 paired-end sequences
[M::process] read 574556 sequences (80000059 bp)...
[M::mem_pestat] # candidate unique pairs for (FF, FR, RF, RR): (0, 330, 0, 0)
[M::mem_pestat] skip orientation FF as there are not enough pairs
[M::mem_pestat] analyzing insert size distribution for orientation FR...
[M::mem_pestat] (25, 50, 75) percentile: (55, 128, 186)
[M::mem_pestat] low and high boundaries for computing mean and std.dev: (1, 448)
[M::mem_pestat] mean and std.dev: (131.71, 81.27)
[M::mem_pestat] low and high boundaries for proper pairs: (1, 579)
[M::mem_pestat] skip orientation RF as there are not enough pairs
[M::mem_pestat] skip orientation RR as there are not enough pairs
[M::mem_process_seqs] Processed 575950 reads in 45.872 CPU sec, 5.665 real sec
[M::process] 0 single-end sequences; 574556 paired-end sequences
[M::process] read 573228 sequences (80000150 bp)...
[M::mem_pestat] # candidate unique pairs for (FF, FR, RF, RR): (0, 295, 0, 0)
[M::mem_pestat] skip orientation FF as there are not enough pairs
[M::mem_pestat] analyzing insert size distribution for orientation FR...
[M::mem_pestat] (25, 50, 75) percentile: (52, 134, 199)
[M::mem_pestat] low and high boundaries for computing mean and std.dev: (1, 493)
[M::mem_pestat] mean and std.dev: (138.15, 88.53)
[M::mem_pestat] low and high boundaries for proper pairs: (1, 640)
[M::mem_pestat] skip orientation RF as there are not enough pairs
[M::mem_pestat] skip orientation RR as there are not enough pairs
[M::mem_process_seqs] Processed 574556 reads in 46.575 CPU sec, 5.727 real sec
[M::process] 0 single-end sequences; 573228 paired-end sequences
[M::process] read 572856 sequences (80000247 bp)...
[M::mem_pestat] # candidate unique pairs for (FF, FR, RF, RR): (0, 300, 0, 0)
[M::mem_pestat] skip orientation FF as there are not enough pairs
[M::mem_pestat] analyzing insert size distribution for orientation FR...
[M::mem_pestat] (25, 50, 75) percentile: (61, 138, 199)
[M::mem_pestat] low and high boundaries for computing mean and std.dev: (1, 475)
[M::mem_pestat] mean and std.dev: (141.66, 89.84)
[M::mem_pestat] low and high boundaries for proper pairs: (1, 613)
[M::mem_pestat] skip orientation RF as there are not enough pairs
[M::mem_pestat] skip orientation RR as there are not enough pairs
[M::mem_process_seqs] Processed 573228 reads in 45.735 CPU sec, 5.508 real sec
[M::process] 0 single-end sequences; 572856 paired-end sequences
[M::process] read 573544 sequences (80000051 bp)...
[M::mem_pestat] # candidate unique pairs for (FF, FR, RF, RR): (0, 303, 0, 0)
[M::mem_pestat] skip orientation FF as there are not enough pairs
[M::mem_pestat] analyzing insert size distribution for orientation FR...
[M::mem_pestat] (25, 50, 75) percentile: (57, 141, 208)
[M::mem_pestat] low and high boundaries for computing mean and std.dev: (1, 510)
[M::mem_pestat] mean and std.dev: (144.10, 95.81)
[M::mem_pestat] low and high boundaries for proper pairs: (1, 661)
[M::mem_pestat] skip orientation RF as there are not enough pairs
[M::mem_pestat] skip orientation RR as there are not enough pairs
[M::mem_process_seqs] Processed 572856 reads in 45.321 CPU sec, 5.460 real sec
[M::process] 0 single-end sequences; 573544 paired-end sequences
[M::process] read 573378 sequences (80000183 bp)...
[M::mem_pestat] # candidate unique pairs for (FF, FR, RF, RR): (0, 294, 0, 0)
[M::mem_pestat] skip orientation FF as there are not enough pairs
[M::mem_pestat] analyzing insert size distribution for orientation FR...
[M::mem_pestat] (25, 50, 75) percentile: (49, 135, 184)
[M::mem_pestat] low and high boundaries for computing mean and std.dev: (1, 454)
[M::mem_pestat] mean and std.dev: (132.89, 87.82)
[M::mem_pestat] low and high boundaries for proper pairs: (1, 589)
[M::mem_pestat] skip orientation RF as there are not enough pairs
[M::mem_pestat] skip orientation RR as there are not enough pairs
[M::mem_process_seqs] Processed 573544 reads in 45.990 CPU sec, 5.640 real sec
[M::process] 0 single-end sequences; 573378 paired-end sequences
[M::process] read 573738 sequences (80000098 bp)...
[M::mem_pestat] # candidate unique pairs for (FF, FR, RF, RR): (0, 323, 0, 0)
[M::mem_pestat] skip orientation FF as there are not enough pairs
[M::mem_pestat] analyzing insert size distribution for orientation FR...
[M::mem_pestat] (25, 50, 75) percentile: (64, 143, 210)
[M::mem_pestat] low and high boundaries for computing mean and std.dev: (1, 502)
[M::mem_pestat] mean and std.dev: (147.00, 95.30)
[M::mem_pestat] low and high boundaries for proper pairs: (1, 648)
[M::mem_pestat] skip orientation RF as there are not enough pairs
[M::mem_pestat] skip orientation RR as there are not enough pairs
[M::mem_process_seqs] Processed 573378 reads in 46.090 CPU sec, 5.544 real sec
[M::process] 0 single-end sequences; 573738 paired-end sequences
[M::process] read 577192 sequences (80000263 bp)...
[M::mem_pestat] # candidate unique pairs for (FF, FR, RF, RR): (0, 298, 0, 0)
[M::mem_pestat] skip orientation FF as there are not enough pairs
[M::mem_pestat] analyzing insert size distribution for orientation FR...
[M::mem_pestat] (25, 50, 75) percentile: (59, 128, 190)
[M::mem_pestat] low and high boundaries for computing mean and std.dev: (1, 452)
[M::mem_pestat] mean and std.dev: (134.80, 87.77)
[M::mem_pestat] low and high boundaries for proper pairs: (1, 583)
[M::mem_pestat] skip orientation RF as there are not enough pairs
[M::mem_pestat] skip orientation RR as there are not enough pairs
[M::mem_process_seqs] Processed 573738 reads in 45.128 CPU sec, 5.432 real sec
[M::process] 0 single-end sequences; 577192 paired-end sequences
[M::process] read 576586 sequences (80000091 bp)...
[M::mem_pestat] # candidate unique pairs for (FF, FR, RF, RR): (0, 325, 0, 0)
[M::mem_pestat] skip orientation FF as there are not enough pairs
[M::mem_pestat] analyzing insert size distribution for orientation FR...
[M::mem_pestat] (25, 50, 75) percentile: (51, 128, 181)
[M::mem_pestat] low and high boundaries for computing mean and std.dev: (1, 441)
[M::mem_pestat] mean and std.dev: (129.60, 84.49)
[M::mem_pestat] low and high boundaries for proper pairs: (1, 571)
[M::mem_pestat] skip orientation RF as there are not enough pairs
[M::mem_pestat] skip orientation RR as there are not enough pairs
[M::mem_process_seqs] Processed 577192 reads in 46.374 CPU sec, 5.708 real sec
[M::process] 0 single-end sequences; 576586 paired-end sequences
[M::process] read 574676 sequences (80000063 bp)...
[M::mem_pestat] # candidate unique pairs for (FF, FR, RF, RR): (0, 289, 0, 0)
[M::mem_pestat] skip orientation FF as there are not enough pairs
[M::mem_pestat] analyzing insert size distribution for orientation FR...
[M::mem_pestat] (25, 50, 75) percentile: (61, 133, 198)
[M::mem_pestat] low and high boundaries for computing mean and std.dev: (1, 472)
[M::mem_pestat] mean and std.dev: (139.62, 89.79)
[M::mem_pestat] low and high boundaries for proper pairs: (1, 609)
[M::mem_pestat] skip orientation RF as there are not enough pairs
[M::mem_pestat] skip orientation RR as there are not enough pairs
[M::mem_process_seqs] Processed 576586 reads in 45.997 CPU sec, 5.507 real sec
[M::process] 0 single-end sequences; 574676 paired-end sequences
[M::process] read 573060 sequences (80000001 bp)...
[M::mem_pestat] # candidate unique pairs for (FF, FR, RF, RR): (0, 302, 0, 0)
[M::mem_pestat] skip orientation FF as there are not enough pairs
[M::mem_pestat] analyzing insert size distribution for orientation FR...
[M::mem_pestat] (25, 50, 75) percentile: (53, 131, 188)
[M::mem_pestat] low and high boundaries for computing mean and std.dev: (1, 458)
[M::mem_pestat] mean and std.dev: (129.37, 82.98)
[M::mem_pestat] low and high boundaries for proper pairs: (1, 593)
[M::mem_pestat] skip orientation RF as there are not enough pairs
[M::mem_pestat] skip orientation RR as there are not enough pairs
[M::mem_process_seqs] Processed 574676 reads in 45.339 CPU sec, 5.450 real sec
[M::process] 0 single-end sequences; 573060 paired-end sequences
[M::process] read 572662 sequences (80000095 bp)...
[M::mem_pestat] # candidate unique pairs for (FF, FR, RF, RR): (0, 308, 0, 0)
[M::mem_pestat] skip orientation FF as there are not enough pairs
[M::mem_pestat] analyzing insert size distribution for orientation FR...
[M::mem_pestat] (25, 50, 75) percentile: (49, 129, 192)
[M::mem_pestat] low and high boundaries for computing mean and std.dev: (1, 478)
[M::mem_pestat] mean and std.dev: (135.40, 92.49)
[M::mem_pestat] low and high boundaries for proper pairs: (1, 621)
[M::mem_pestat] skip orientation RF as there are not enough pairs
[M::mem_pestat] skip orientation RR as there are not enough pairs
[M::mem_process_seqs] Processed 573060 reads in 45.300 CPU sec, 5.451 real sec
[M::process] 0 single-end sequences; 572662 paired-end sequences
[M::process] read 572444 sequences (80000216 bp)...
[M::mem_pestat] # candidate unique pairs for (FF, FR, RF, RR): (0, 323, 0, 0)
[M::mem_pestat] skip orientation FF as there are not enough pairs
[M::mem_pestat] analyzing insert size distribution for orientation FR...
[M::mem_pestat] (25, 50, 75) percentile: (52, 129, 183)
[M::mem_pestat] low and high boundaries for computing mean and std.dev: (1, 445)
[M::mem_pestat] mean and std.dev: (130.46, 82.25)
[M::mem_pestat] low and high boundaries for proper pairs: (1, 576)
[M::mem_pestat] skip orientation RF as there are not enough pairs
[M::mem_pestat] skip orientation RR as there are not enough pairs
[M::mem_process_seqs] Processed 572662 reads in 45.212 CPU sec, 5.452 real sec
[M::process] 0 single-end sequences; 572444 paired-end sequences
[M::process] read 572938 sequences (80000031 bp)...
[M::mem_pestat] # candidate unique pairs for (FF, FR, RF, RR): (0, 295, 0, 0)
[M::mem_pestat] skip orientation FF as there are not enough pairs
[M::mem_pestat] analyzing insert size distribution for orientation FR...
[M::mem_pestat] (25, 50, 75) percentile: (52, 135, 193)
[M::mem_pestat] low and high boundaries for computing mean and std.dev: (1, 475)
[M::mem_pestat] mean and std.dev: (136.98, 93.79)
[M::mem_pestat] low and high boundaries for proper pairs: (1, 616)
[M::mem_pestat] skip orientation RF as there are not enough pairs
[M::mem_pestat] skip orientation RR as there are not enough pairs
[M::mem_process_seqs] Processed 572444 reads in 45.554 CPU sec, 5.481 real sec
[M::process] 0 single-end sequences; 572938 paired-end sequences
[M::process] read 572516 sequences (80000247 bp)...
[M::mem_pestat] # candidate unique pairs for (FF, FR, RF, RR): (0, 306, 0, 0)
[M::mem_pestat] skip orientation FF as there are not enough pairs
[M::mem_pestat] analyzing insert size distribution for orientation FR...
[M::mem_pestat] (25, 50, 75) percentile: (52, 131, 186)
[M::mem_pestat] low and high boundaries for computing mean and std.dev: (1, 454)
[M::mem_pestat] mean and std.dev: (133.96, 88.75)
[M::mem_pestat] low and high boundaries for proper pairs: (1, 588)
[M::mem_pestat] skip orientation RF as there are not enough pairs
[M::mem_pestat] skip orientation RR as there are not enough pairs
[M::mem_process_seqs] Processed 572938 reads in 45.764 CPU sec, 5.524 real sec
[M::process] 0 single-end sequences; 572516 paired-end sequences
[M::process] read 577924 sequences (80000266 bp)...
[M::mem_pestat] # candidate unique pairs for (FF, FR, RF, RR): (0, 326, 0, 0)
[M::mem_pestat] skip orientation FF as there are not enough pairs
[M::mem_pestat] analyzing insert size distribution for orientation FR...
[M::mem_pestat] (25, 50, 75) percentile: (46, 127, 193)
[M::mem_pestat] low and high boundaries for computing mean and std.dev: (1, 487)
[M::mem_pestat] mean and std.dev: (132.49, 88.41)
[M::mem_pestat] low and high boundaries for proper pairs: (1, 634)
[M::mem_pestat] skip orientation RF as there are not enough pairs
[M::mem_pestat] skip orientation RR as there are not enough pairs
[M::mem_process_seqs] Processed 572516 reads in 45.810 CPU sec, 5.623 real sec
[M::process] 0 single-end sequences; 577924 paired-end sequences
[M::process] read 578012 sequences (80000233 bp)...
[M::mem_pestat] # candidate unique pairs for (FF, FR, RF, RR): (0, 267, 0, 0)
[M::mem_pestat] skip orientation FF as there are not enough pairs
[M::mem_pestat] analyzing insert size distribution for orientation FR...
[M::mem_pestat] (25, 50, 75) percentile: (53, 134, 198)
[M::mem_pestat] low and high boundaries for computing mean and std.dev: (1, 488)
[M::mem_pestat] mean and std.dev: (140.89, 92.49)
[M::mem_pestat] low and high boundaries for proper pairs: (1, 633)
[M::mem_pestat] skip orientation RF as there are not enough pairs
[M::mem_pestat] skip orientation RR as there are not enough pairs
[M::mem_process_seqs] Processed 577924 reads in 45.765 CPU sec, 5.591 real sec
[M::process] 0 single-end sequences; 578012 paired-end sequences
[M::process] read 576538 sequences (80000094 bp)...
[M::mem_pestat] # candidate unique pairs for (FF, FR, RF, RR): (0, 291, 0, 0)
[M::mem_pestat] skip orientation FF as there are not enough pairs
[M::mem_pestat] analyzing insert size distribution for orientation FR...
[M::mem_pestat] (25, 50, 75) percentile: (57, 131, 187)
[M::mem_pestat] low and high boundaries for computing mean and std.dev: (1, 447)
[M::mem_pestat] mean and std.dev: (135.47, 85.51)
[M::mem_pestat] low and high boundaries for proper pairs: (1, 577)
[M::mem_pestat] skip orientation RF as there are not enough pairs
[M::mem_pestat] skip orientation RR as there are not enough pairs
[M::mem_process_seqs] Processed 578012 reads in 45.758 CPU sec, 5.607 real sec
[M::process] 0 single-end sequences; 576538 paired-end sequences
[M::process] read 575528 sequences (80000006 bp)...
[M::mem_pestat] # candidate unique pairs for (FF, FR, RF, RR): (0, 298, 0, 0)
[M::mem_pestat] skip orientation FF as there are not enough pairs
[M::mem_pestat] analyzing insert size distribution for orientation FR...
[M::mem_pestat] (25, 50, 75) percentile: (65, 139, 198)
[M::mem_pestat] low and high boundaries for computing mean and std.dev: (1, 464)
[M::mem_pestat] mean and std.dev: (147.87, 93.84)
[M::mem_pestat] low and high boundaries for proper pairs: (1, 597)
[M::mem_pestat] skip orientation RF as there are not enough pairs
[M::mem_pestat] skip orientation RR as there are not enough pairs
[M::mem_process_seqs] Processed 576538 reads in 45.546 CPU sec, 5.498 real sec
[M::process] 0 single-end sequences; 575528 paired-end sequences
[M::process] read 574726 sequences (80000110 bp)...
[M::mem_pestat] # candidate unique pairs for (FF, FR, RF, RR): (0, 304, 0, 0)
[M::mem_pestat] skip orientation FF as there are not enough pairs
[M::mem_pestat] analyzing insert size distribution for orientation FR...
[M::mem_pestat] (25, 50, 75) percentile: (55, 128, 190)
[M::mem_pestat] low and high boundaries for computing mean and std.dev: (1, 460)
[M::mem_pestat] mean and std.dev: (133.73, 88.95)
[M::mem_pestat] low and high boundaries for proper pairs: (1, 595)
[M::mem_pestat] skip orientation RF as there are not enough pairs
[M::mem_pestat] skip orientation RR as there are not enough pairs
[M::mem_process_seqs] Processed 575528 reads in 45.056 CPU sec, 5.408 real sec
[M::process] 0 single-end sequences; 574726 paired-end sequences
[M::process] read 574230 sequences (80000177 bp)...
[M::mem_pestat] # candidate unique pairs for (FF, FR, RF, RR): (0, 299, 0, 0)
[M::mem_pestat] skip orientation FF as there are not enough pairs
[M::mem_pestat] analyzing insert size distribution for orientation FR...
[M::mem_pestat] (25, 50, 75) percentile: (55, 136, 184)
[M::mem_pestat] low and high boundaries for computing mean and std.dev: (1, 442)
[M::mem_pestat] mean and std.dev: (136.24, 89.79)
[M::mem_pestat] low and high boundaries for proper pairs: (1, 571)
[M::mem_pestat] skip orientation RF as there are not enough pairs
[M::mem_pestat] skip orientation RR as there are not enough pairs
[M::mem_process_seqs] Processed 574726 reads in 44.940 CPU sec, 5.399 real sec
[M::process] 0 single-end sequences; 574230 paired-end sequences
[M::process] read 575578 sequences (80000172 bp)...
[M::mem_pestat] # candidate unique pairs for (FF, FR, RF, RR): (0, 313, 0, 0)
[M::mem_pestat] skip orientation FF as there are not enough pairs
[M::mem_pestat] analyzing insert size distribution for orientation FR...
[M::mem_pestat] (25, 50, 75) percentile: (47, 129, 196)
[M::mem_pestat] low and high boundaries for computing mean and std.dev: (1, 494)
[M::mem_pestat] mean and std.dev: (133.20, 90.42)
[M::mem_pestat] low and high boundaries for proper pairs: (1, 643)
[M::mem_pestat] skip orientation RF as there are not enough pairs
[M::mem_pestat] skip orientation RR as there are not enough pairs
[M::mem_process_seqs] Processed 574230 reads in 46.299 CPU sec, 5.544 real sec
[M::process] 0 single-end sequences; 575578 paired-end sequences
[M::process] read 577352 sequences (80000159 bp)...
[M::mem_pestat] # candidate unique pairs for (FF, FR, RF, RR): (0, 299, 0, 0)
[M::mem_pestat] skip orientation FF as there are not enough pairs
[M::mem_pestat] analyzing insert size distribution for orientation FR...
[M::mem_pestat] (25, 50, 75) percentile: (52, 139, 199)
[M::mem_pestat] low and high boundaries for computing mean and std.dev: (1, 493)
[M::mem_pestat] mean and std.dev: (141.08, 92.77)
[M::mem_pestat] low and high boundaries for proper pairs: (1, 640)
[M::mem_pestat] skip orientation RF as there are not enough pairs
[M::mem_pestat] skip orientation RR as there are not enough pairs
[M::mem_process_seqs] Processed 575578 reads in 44.885 CPU sec, 5.410 real sec
[M::process] 0 single-end sequences; 577352 paired-end sequences
[M::process] read 576270 sequences (80000127 bp)...
[M::mem_pestat] # candidate unique pairs for (FF, FR, RF, RR): (0, 286, 0, 0)
[M::mem_pestat] skip orientation FF as there are not enough pairs
[M::mem_pestat] analyzing insert size distribution for orientation FR...
[M::mem_pestat] (25, 50, 75) percentile: (59, 146, 207)
[M::mem_pestat] low and high boundaries for computing mean and std.dev: (1, 503)
[M::mem_pestat] mean and std.dev: (145.10, 86.21)
[M::mem_pestat] low and high boundaries for proper pairs: (1, 651)
[M::mem_pestat] skip orientation RF as there are not enough pairs
[M::mem_pestat] skip orientation RR as there are not enough pairs
[M::mem_process_seqs] Processed 577352 reads in 45.852 CPU sec, 5.516 real sec
[M::process] 0 single-end sequences; 576270 paired-end sequences
[M::process] read 578358 sequences (80000087 bp)...
[M::mem_pestat] # candidate unique pairs for (FF, FR, RF, RR): (0, 289, 0, 0)
[M::mem_pestat] skip orientation FF as there are not enough pairs
[M::mem_pestat] analyzing insert size distribution for orientation FR...
[M::mem_pestat] (25, 50, 75) percentile: (60, 133, 202)
[M::mem_pestat] low and high boundaries for computing mean and std.dev: (1, 486)
[M::mem_pestat] mean and std.dev: (144.27, 95.91)
[M::mem_pestat] low and high boundaries for proper pairs: (1, 628)
[M::mem_pestat] skip orientation RF as there are not enough pairs
[M::mem_pestat] skip orientation RR as there are not enough pairs
[M::mem_process_seqs] Processed 576270 reads in 45.484 CPU sec, 5.480 real sec
[M::process] 0 single-end sequences; 578358 paired-end sequences
[M::process] read 579442 sequences (80000032 bp)...
[M::mem_pestat] # candidate unique pairs for (FF, FR, RF, RR): (0, 275, 0, 0)
[M::mem_pestat] skip orientation FF as there are not enough pairs
[M::mem_pestat] analyzing insert size distribution for orientation FR...
[M::mem_pestat] (25, 50, 75) percentile: (70, 140, 200)
[M::mem_pestat] low and high boundaries for computing mean and std.dev: (1, 460)
[M::mem_pestat] mean and std.dev: (143.56, 85.83)
[M::mem_pestat] low and high boundaries for proper pairs: (1, 590)
[M::mem_pestat] skip orientation RF as there are not enough pairs
[M::mem_pestat] skip orientation RR as there are not enough pairs
[M::mem_process_seqs] Processed 578358 reads in 45.688 CPU sec, 5.491 real sec
[M::process] 0 single-end sequences; 579442 paired-end sequences
[M::process] read 578020 sequences (80000005 bp)...
[M::mem_pestat] # candidate unique pairs for (FF, FR, RF, RR): (0, 316, 0, 0)
[M::mem_pestat] skip orientation FF as there are not enough pairs
[M::mem_pestat] analyzing insert size distribution for orientation FR...
[M::mem_pestat] (25, 50, 75) percentile: (56, 125, 184)
[M::mem_pestat] low and high boundaries for computing mean and std.dev: (1, 440)
[M::mem_pestat] mean and std.dev: (129.68, 83.29)
[M::mem_pestat] low and high boundaries for proper pairs: (1, 568)
[M::mem_pestat] skip orientation RF as there are not enough pairs
[M::mem_pestat] skip orientation RR as there are not enough pairs
[M::mem_process_seqs] Processed 579442 reads in 45.347 CPU sec, 5.465 real sec
[M::process] 0 single-end sequences; 578020 paired-end sequences
[M::process] read 576524 sequences (80000267 bp)...
[M::mem_pestat] # candidate unique pairs for (FF, FR, RF, RR): (0, 278, 0, 0)
[M::mem_pestat] skip orientation FF as there are not enough pairs
[M::mem_pestat] analyzing insert size distribution for orientation FR...
[M::mem_pestat] (25, 50, 75) percentile: (51, 125, 192)
[M::mem_pestat] low and high boundaries for computing mean and std.dev: (1, 474)
[M::mem_pestat] mean and std.dev: (131.74, 90.11)
[M::mem_pestat] low and high boundaries for proper pairs: (1, 615)
[M::mem_pestat] skip orientation RF as there are not enough pairs
[M::mem_pestat] skip orientation RR as there are not enough pairs
[M::mem_process_seqs] Processed 578020 reads in 46.675 CPU sec, 5.601 real sec
[M::process] 0 single-end sequences; 576524 paired-end sequences
[M::process] read 575472 sequences (80000247 bp)...
[M::mem_pestat] # candidate unique pairs for (FF, FR, RF, RR): (0, 298, 0, 0)
[M::mem_pestat] skip orientation FF as there are not enough pairs
[M::mem_pestat] analyzing insert size distribution for orientation FR...
[M::mem_pestat] (25, 50, 75) percentile: (60, 135, 200)
[M::mem_pestat] low and high boundaries for computing mean and std.dev: (1, 480)
[M::mem_pestat] mean and std.dev: (140.62, 88.99)
[M::mem_pestat] low and high boundaries for proper pairs: (1, 620)
[M::mem_pestat] skip orientation RF as there are not enough pairs
[M::mem_pestat] skip orientation RR as there are not enough pairs
[M::mem_process_seqs] Processed 576524 reads in 45.593 CPU sec, 5.491 real sec
[M::process] 0 single-end sequences; 575472 paired-end sequences
[M::process] read 574780 sequences (80000101 bp)...
[M::mem_pestat] # candidate unique pairs for (FF, FR, RF, RR): (0, 318, 0, 0)
[M::mem_pestat] skip orientation FF as there are not enough pairs
[M::mem_pestat] analyzing insert size distribution for orientation FR...
[M::mem_pestat] (25, 50, 75) percentile: (48, 129, 198)
[M::mem_pestat] low and high boundaries for computing mean and std.dev: (1, 498)
[M::mem_pestat] mean and std.dev: (137.41, 93.97)
[M::mem_pestat] low and high boundaries for proper pairs: (1, 648)
[M::mem_pestat] skip orientation RF as there are not enough pairs
[M::mem_pestat] skip orientation RR as there are not enough pairs
[M::mem_process_seqs] Processed 575472 reads in 44.578 CPU sec, 5.365 real sec
[M::process] 0 single-end sequences; 574780 paired-end sequences
[M::process] read 575598 sequences (80000002 bp)...
[M::mem_pestat] # candidate unique pairs for (FF, FR, RF, RR): (0, 303, 0, 0)
[M::mem_pestat] skip orientation FF as there are not enough pairs
[M::mem_pestat] analyzing insert size distribution for orientation FR...
[M::mem_pestat] (25, 50, 75) percentile: (50, 123, 186)
[M::mem_pestat] low and high boundaries for computing mean and std.dev: (1, 458)
[M::mem_pestat] mean and std.dev: (128.63, 85.35)
[M::mem_pestat] low and high boundaries for proper pairs: (1, 594)
[M::mem_pestat] skip orientation RF as there are not enough pairs
[M::mem_pestat] skip orientation RR as there are not enough pairs
[M::mem_process_seqs] Processed 574780 reads in 45.363 CPU sec, 5.413 real sec
[M::process] 0 single-end sequences; 575598 paired-end sequences
[M::process] read 575924 sequences (80000237 bp)...
[M::mem_pestat] # candidate unique pairs for (FF, FR, RF, RR): (0, 338, 0, 0)
[M::mem_pestat] skip orientation FF as there are not enough pairs
[M::mem_pestat] analyzing insert size distribution for orientation FR...
[M::mem_pestat] (25, 50, 75) percentile: (56, 132, 189)
[M::mem_pestat] low and high boundaries for computing mean and std.dev: (1, 455)
[M::mem_pestat] mean and std.dev: (139.02, 90.10)
[M::mem_pestat] low and high boundaries for proper pairs: (1, 588)
[M::mem_pestat] skip orientation RF as there are not enough pairs
[M::mem_pestat] skip orientation RR as there are not enough pairs
[M::mem_process_seqs] Processed 575598 reads in 45.466 CPU sec, 5.462 real sec
[M::process] 0 single-end sequences; 575924 paired-end sequences
[M::process] read 576064 sequences (80000116 bp)...
[M::mem_pestat] # candidate unique pairs for (FF, FR, RF, RR): (0, 278, 0, 0)
[M::mem_pestat] skip orientation FF as there are not enough pairs
[M::mem_pestat] analyzing insert size distribution for orientation FR...
[M::mem_pestat] (25, 50, 75) percentile: (65, 138, 195)
[M::mem_pestat] low and high boundaries for computing mean and std.dev: (1, 455)
[M::mem_pestat] mean and std.dev: (140.70, 86.23)
[M::mem_pestat] low and high boundaries for proper pairs: (1, 585)
[M::mem_pestat] skip orientation RF as there are not enough pairs
[M::mem_pestat] skip orientation RR as there are not enough pairs
[M::mem_process_seqs] Processed 575924 reads in 45.371 CPU sec, 5.452 real sec
[M::process] 0 single-end sequences; 576064 paired-end sequences
[M::process] read 577646 sequences (80000269 bp)...
[M::mem_pestat] # candidate unique pairs for (FF, FR, RF, RR): (0, 301, 0, 0)
[M::mem_pestat] skip orientation FF as there are not enough pairs
[M::mem_pestat] analyzing insert size distribution for orientation FR...
[M::mem_pestat] (25, 50, 75) percentile: (52, 127, 192)
[M::mem_pestat] low and high boundaries for computing mean and std.dev: (1, 472)
[M::mem_pestat] mean and std.dev: (134.21, 88.17)
[M::mem_pestat] low and high boundaries for proper pairs: (1, 612)
[M::mem_pestat] skip orientation RF as there are not enough pairs
[M::mem_pestat] skip orientation RR as there are not enough pairs
[M::mem_process_seqs] Processed 576064 reads in 46.051 CPU sec, 5.537 real sec
[M::process] 0 single-end sequences; 577646 paired-end sequences
[M::process] read 579296 sequences (80000075 bp)...
[M::mem_pestat] # candidate unique pairs for (FF, FR, RF, RR): (0, 293, 0, 0)
[M::mem_pestat] skip orientation FF as there are not enough pairs
[M::mem_pestat] analyzing insert size distribution for orientation FR...
[M::mem_pestat] (25, 50, 75) percentile: (58, 130, 177)
[M::mem_pestat] low and high boundaries for computing mean and std.dev: (1, 415)
[M::mem_pestat] mean and std.dev: (129.99, 83.97)
[M::mem_pestat] low and high boundaries for proper pairs: (1, 534)
[M::mem_pestat] skip orientation RF as there are not enough pairs
[M::mem_pestat] skip orientation RR as there are not enough pairs
[M::mem_process_seqs] Processed 577646 reads in 47.054 CPU sec, 5.643 real sec
[M::process] 0 single-end sequences; 579296 paired-end sequences
[M::process] read 578058 sequences (80000105 bp)...
[M::mem_pestat] # candidate unique pairs for (FF, FR, RF, RR): (0, 320, 0, 0)
[M::mem_pestat] skip orientation FF as there are not enough pairs
[M::mem_pestat] analyzing insert size distribution for orientation FR...
[M::mem_pestat] (25, 50, 75) percentile: (56, 136, 201)
[M::mem_pestat] low and high boundaries for computing mean and std.dev: (1, 491)
[M::mem_pestat] mean and std.dev: (141.05, 92.56)
[M::mem_pestat] low and high boundaries for proper pairs: (1, 636)
[M::mem_pestat] skip orientation RF as there are not enough pairs
[M::mem_pestat] skip orientation RR as there are not enough pairs
[M::mem_process_seqs] Processed 579296 reads in 45.018 CPU sec, 5.417 real sec
[M::process] 0 single-end sequences; 578058 paired-end sequences
[M::process] read 576544 sequences (80000221 bp)...
[M::mem_pestat] # candidate unique pairs for (FF, FR, RF, RR): (0, 307, 0, 0)
[M::mem_pestat] skip orientation FF as there are not enough pairs
[M::mem_pestat] analyzing insert size distribution for orientation FR...
[M::mem_pestat] (25, 50, 75) percentile: (52, 129, 190)
[M::mem_pestat] low and high boundaries for computing mean and std.dev: (1, 466)
[M::mem_pestat] mean and std.dev: (138.10, 93.70)
[M::mem_pestat] low and high boundaries for proper pairs: (1, 604)
[M::mem_pestat] skip orientation RF as there are not enough pairs
[M::mem_pestat] skip orientation RR as there are not enough pairs
[M::mem_process_seqs] Processed 578058 reads in 45.481 CPU sec, 5.491 real sec
[M::process] 0 single-end sequences; 576544 paired-end sequences
[M::process] read 575232 sequences (80000234 bp)...
[M::mem_pestat] # candidate unique pairs for (FF, FR, RF, RR): (0, 265, 0, 0)
[M::mem_pestat] skip orientation FF as there are not enough pairs
[M::mem_pestat] analyzing insert size distribution for orientation FR...
[M::mem_pestat] (25, 50, 75) percentile: (55, 125, 181)
[M::mem_pestat] low and high boundaries for computing mean and std.dev: (1, 433)
[M::mem_pestat] mean and std.dev: (125.11, 79.08)
[M::mem_pestat] low and high boundaries for proper pairs: (1, 559)
[M::mem_pestat] skip orientation RF as there are not enough pairs
[M::mem_pestat] skip orientation RR as there are not enough pairs
[M::mem_process_seqs] Processed 576544 reads in 45.302 CPU sec, 5.471 real sec
[M::process] 0 single-end sequences; 575232 paired-end sequences
[M::process] read 575048 sequences (80000279 bp)...
[M::mem_pestat] # candidate unique pairs for (FF, FR, RF, RR): (0, 332, 0, 0)
[M::mem_pestat] skip orientation FF as there are not enough pairs
[M::mem_pestat] analyzing insert size distribution for orientation FR...
[M::mem_pestat] (25, 50, 75) percentile: (54, 136, 193)
[M::mem_pestat] low and high boundaries for computing mean and std.dev: (1, 471)
[M::mem_pestat] mean and std.dev: (138.48, 91.47)
[M::mem_pestat] low and high boundaries for proper pairs: (1, 610)
[M::mem_pestat] skip orientation RF as there are not enough pairs
[M::mem_pestat] skip orientation RR as there are not enough pairs
[M::mem_process_seqs] Processed 575232 reads in 45.048 CPU sec, 5.420 real sec
[M::process] 0 single-end sequences; 575048 paired-end sequences
[M::process] read 575234 sequences (80000245 bp)...
[M::mem_pestat] # candidate unique pairs for (FF, FR, RF, RR): (0, 298, 0, 0)
[M::mem_pestat] skip orientation FF as there are not enough pairs
[M::mem_pestat] analyzing insert size distribution for orientation FR...
[M::mem_pestat] (25, 50, 75) percentile: (49, 129, 195)
[M::mem_pestat] low and high boundaries for computing mean and std.dev: (1, 487)
[M::mem_pestat] mean and std.dev: (137.46, 93.42)
[M::mem_pestat] low and high boundaries for proper pairs: (1, 633)
[M::mem_pestat] skip orientation RF as there are not enough pairs
[M::mem_pestat] skip orientation RR as there are not enough pairs
[M::mem_process_seqs] Processed 575048 reads in 45.827 CPU sec, 5.522 real sec
[M::process] 0 single-end sequences; 575234 paired-end sequences
[M::process] read 575960 sequences (80000116 bp)...
[M::mem_pestat] # candidate unique pairs for (FF, FR, RF, RR): (0, 328, 0, 0)
[M::mem_pestat] skip orientation FF as there are not enough pairs
[M::mem_pestat] analyzing insert size distribution for orientation FR...
[M::mem_pestat] (25, 50, 75) percentile: (55, 132, 195)
[M::mem_pestat] low and high boundaries for computing mean and std.dev: (1, 475)
[M::mem_pestat] mean and std.dev: (138.46, 93.14)
[M::mem_pestat] low and high boundaries for proper pairs: (1, 615)
[M::mem_pestat] skip orientation RF as there are not enough pairs
[M::mem_pestat] skip orientation RR as there are not enough pairs
[M::mem_process_seqs] Processed 575234 reads in 46.185 CPU sec, 5.542 real sec
[M::process] 0 single-end sequences; 575960 paired-end sequences
[M::process] read 575980 sequences (80000266 bp)...
[M::mem_pestat] # candidate unique pairs for (FF, FR, RF, RR): (0, 278, 0, 0)
[M::mem_pestat] skip orientation FF as there are not enough pairs
[M::mem_pestat] analyzing insert size distribution for orientation FR...
[M::mem_pestat] (25, 50, 75) percentile: (52, 134, 193)
[M::mem_pestat] low and high boundaries for computing mean and std.dev: (1, 475)
[M::mem_pestat] mean and std.dev: (134.14, 86.07)
[M::mem_pestat] low and high boundaries for proper pairs: (1, 616)
[M::mem_pestat] skip orientation RF as there are not enough pairs
[M::mem_pestat] skip orientation RR as there are not enough pairs
[M::mem_process_seqs] Processed 575960 reads in 45.572 CPU sec, 5.490 real sec
[M::process] 0 single-end sequences; 575980 paired-end sequences
[M::process] read 324450 sequences (44935738 bp)...
[M::mem_pestat] # candidate unique pairs for (FF, FR, RF, RR): (0, 303, 0, 0)
[M::mem_pestat] skip orientation FF as there are not enough pairs
[M::mem_pestat] analyzing insert size distribution for orientation FR...
[M::mem_pestat] (25, 50, 75) percentile: (70, 145, 205)
[M::mem_pestat] low and high boundaries for computing mean and std.dev: (1, 475)
[M::mem_pestat] mean and std.dev: (149.28, 92.02)
[M::mem_pestat] low and high boundaries for proper pairs: (1, 610)
[M::mem_pestat] skip orientation RF as there are not enough pairs
[M::mem_pestat] skip orientation RR as there are not enough pairs
[M::mem_process_seqs] Processed 575980 reads in 44.629 CPU sec, 5.531 real sec
[M::process] 0 single-end sequences; 324450 paired-end sequences
[M::mem_pestat] # candidate unique pairs for (FF, FR, RF, RR): (0, 147, 0, 0)
[M::mem_pestat] skip orientation FF as there are not enough pairs
[M::mem_pestat] analyzing insert size distribution for orientation FR...
[M::mem_pestat] (25, 50, 75) percentile: (64, 142, 192)
[M::mem_pestat] low and high boundaries for computing mean and std.dev: (1, 448)
[M::mem_pestat] mean and std.dev: (141.38, 83.07)
[M::mem_pestat] low and high boundaries for proper pairs: (1, 576)
[M::mem_pestat] skip orientation RF as there are not enough pairs
[M::mem_pestat] skip orientation RR as there are not enough pairs
[M::mem_process_seqs] Processed 324450 reads in 24.645 CPU sec, 3.120 real sec
[main] Version: 0.7.17-r1188
[main] CMD: bwa mem -t 8 -p /projects/micb405/project1/Team10/project2/Prokka_output/MedQ_MAGs/MAG186.ffn /projects/micb405/resources/project_2/2019/Metatranscriptomes/SI072_120m.qtrim.artifact.rRNA.clean.fastq.gz
[main] Real time: 303.065 sec; CPU: 2416.968 sec
