[M::bwa_idx_load_from_disk] read 0 ALT contigs
[M::process] read 575590 sequences (80000149 bp)...
[M::process] 0 single-end sequences; 575590 paired-end sequences
[M::process] read 574910 sequences (80000227 bp)...
[M::mem_pestat] # candidate unique pairs for (FF, FR, RF, RR): (0, 1751, 0, 0)
[M::mem_pestat] skip orientation FF as there are not enough pairs
[M::mem_pestat] analyzing insert size distribution for orientation FR...
[M::mem_pestat] (25, 50, 75) percentile: (113, 166, 225)
[M::mem_pestat] low and high boundaries for computing mean and std.dev: (1, 449)
[M::mem_pestat] mean and std.dev: (172.54, 88.28)
[M::mem_pestat] low and high boundaries for proper pairs: (1, 561)
[M::mem_pestat] skip orientation RF as there are not enough pairs
[M::mem_pestat] skip orientation RR as there are not enough pairs
[M::mem_process_seqs] Processed 575590 reads in 48.180 CPU sec, 6.119 real sec
[M::process] 0 single-end sequences; 574910 paired-end sequences
[M::process] read 573232 sequences (80000040 bp)...
[M::mem_pestat] # candidate unique pairs for (FF, FR, RF, RR): (0, 1736, 0, 2)
[M::mem_pestat] skip orientation FF as there are not enough pairs
[M::mem_pestat] analyzing insert size distribution for orientation FR...
[M::mem_pestat] (25, 50, 75) percentile: (109, 159, 220)
[M::mem_pestat] low and high boundaries for computing mean and std.dev: (1, 442)
[M::mem_pestat] mean and std.dev: (166.49, 86.91)
[M::mem_pestat] low and high boundaries for proper pairs: (1, 553)
[M::mem_pestat] skip orientation RF as there are not enough pairs
[M::mem_pestat] skip orientation RR as there are not enough pairs
[M::mem_process_seqs] Processed 574910 reads in 46.451 CPU sec, 5.615 real sec
[M::process] 0 single-end sequences; 573232 paired-end sequences
[M::process] read 572324 sequences (80000211 bp)...
[M::mem_pestat] # candidate unique pairs for (FF, FR, RF, RR): (0, 1718, 0, 1)
[M::mem_pestat] skip orientation FF as there are not enough pairs
[M::mem_pestat] analyzing insert size distribution for orientation FR...
[M::mem_pestat] (25, 50, 75) percentile: (114, 163, 223)
[M::mem_pestat] low and high boundaries for computing mean and std.dev: (1, 441)
[M::mem_pestat] mean and std.dev: (170.09, 86.77)
[M::mem_pestat] low and high boundaries for proper pairs: (1, 550)
[M::mem_pestat] skip orientation RF as there are not enough pairs
[M::mem_pestat] skip orientation RR as there are not enough pairs
[M::mem_process_seqs] Processed 573232 reads in 46.626 CPU sec, 5.774 real sec
[M::process] 0 single-end sequences; 572324 paired-end sequences
[M::process] read 571168 sequences (80000055 bp)...
[M::mem_pestat] # candidate unique pairs for (FF, FR, RF, RR): (0, 1694, 0, 0)
[M::mem_pestat] skip orientation FF as there are not enough pairs
[M::mem_pestat] analyzing insert size distribution for orientation FR...
[M::mem_pestat] (25, 50, 75) percentile: (112, 163, 223)
[M::mem_pestat] low and high boundaries for computing mean and std.dev: (1, 445)
[M::mem_pestat] mean and std.dev: (170.65, 86.85)
[M::mem_pestat] low and high boundaries for proper pairs: (1, 556)
[M::mem_pestat] skip orientation RF as there are not enough pairs
[M::mem_pestat] skip orientation RR as there are not enough pairs
[M::mem_process_seqs] Processed 572324 reads in 47.671 CPU sec, 5.844 real sec
[M::process] 0 single-end sequences; 571168 paired-end sequences
[M::process] read 572340 sequences (80000084 bp)...
[M::mem_pestat] # candidate unique pairs for (FF, FR, RF, RR): (0, 1693, 0, 6)
[M::mem_pestat] skip orientation FF as there are not enough pairs
[M::mem_pestat] analyzing insert size distribution for orientation FR...
[M::mem_pestat] (25, 50, 75) percentile: (114, 165, 223)
[M::mem_pestat] low and high boundaries for computing mean and std.dev: (1, 441)
[M::mem_pestat] mean and std.dev: (171.40, 86.45)
[M::mem_pestat] low and high boundaries for proper pairs: (1, 550)
[M::mem_pestat] skip orientation RF as there are not enough pairs
[M::mem_pestat] skip orientation RR as there are not enough pairs
[M::mem_process_seqs] Processed 571168 reads in 47.756 CPU sec, 5.773 real sec
[M::process] 0 single-end sequences; 572340 paired-end sequences
[M::process] read 572778 sequences (80000263 bp)...
[M::mem_pestat] # candidate unique pairs for (FF, FR, RF, RR): (0, 1801, 0, 1)
[M::mem_pestat] skip orientation FF as there are not enough pairs
[M::mem_pestat] analyzing insert size distribution for orientation FR...
[M::mem_pestat] (25, 50, 75) percentile: (110, 161, 223)
[M::mem_pestat] low and high boundaries for computing mean and std.dev: (1, 449)
[M::mem_pestat] mean and std.dev: (170.03, 87.00)
[M::mem_pestat] low and high boundaries for proper pairs: (1, 562)
[M::mem_pestat] skip orientation RF as there are not enough pairs
[M::mem_pestat] skip orientation RR as there are not enough pairs
[M::mem_process_seqs] Processed 572340 reads in 48.403 CPU sec, 5.844 real sec
[M::process] 0 single-end sequences; 572778 paired-end sequences
[M::process] read 572410 sequences (80000066 bp)...
[M::mem_pestat] # candidate unique pairs for (FF, FR, RF, RR): (0, 1672, 0, 1)
[M::mem_pestat] skip orientation FF as there are not enough pairs
[M::mem_pestat] analyzing insert size distribution for orientation FR...
[M::mem_pestat] (25, 50, 75) percentile: (116, 161, 220)
[M::mem_pestat] low and high boundaries for computing mean and std.dev: (1, 428)
[M::mem_pestat] mean and std.dev: (167.41, 83.75)
[M::mem_pestat] low and high boundaries for proper pairs: (1, 532)
[M::mem_pestat] skip orientation RF as there are not enough pairs
[M::mem_pestat] skip orientation RR as there are not enough pairs
[M::mem_process_seqs] Processed 572778 reads in 47.279 CPU sec, 5.807 real sec
[M::process] 0 single-end sequences; 572410 paired-end sequences
[M::process] read 575170 sequences (80000019 bp)...
[M::mem_pestat] # candidate unique pairs for (FF, FR, RF, RR): (0, 1653, 0, 3)
[M::mem_pestat] skip orientation FF as there are not enough pairs
[M::mem_pestat] analyzing insert size distribution for orientation FR...
[M::mem_pestat] (25, 50, 75) percentile: (120, 169, 225)
[M::mem_pestat] low and high boundaries for computing mean and std.dev: (1, 435)
[M::mem_pestat] mean and std.dev: (174.84, 85.77)
[M::mem_pestat] low and high boundaries for proper pairs: (1, 540)
[M::mem_pestat] skip orientation RF as there are not enough pairs
[M::mem_pestat] skip orientation RR as there are not enough pairs
[M::mem_process_seqs] Processed 572410 reads in 48.262 CPU sec, 5.908 real sec
[M::process] 0 single-end sequences; 575170 paired-end sequences
[M::process] read 577648 sequences (80000262 bp)...
[M::mem_pestat] # candidate unique pairs for (FF, FR, RF, RR): (1, 1751, 0, 3)
[M::mem_pestat] skip orientation FF as there are not enough pairs
[M::mem_pestat] analyzing insert size distribution for orientation FR...
[M::mem_pestat] (25, 50, 75) percentile: (119, 162, 221)
[M::mem_pestat] low and high boundaries for computing mean and std.dev: (1, 425)
[M::mem_pestat] mean and std.dev: (169.91, 84.35)
[M::mem_pestat] low and high boundaries for proper pairs: (1, 527)
[M::mem_pestat] skip orientation RF as there are not enough pairs
[M::mem_pestat] skip orientation RR as there are not enough pairs
[M::mem_process_seqs] Processed 575170 reads in 47.708 CPU sec, 5.722 real sec
[M::process] 0 single-end sequences; 577648 paired-end sequences
[M::process] read 575950 sequences (80000140 bp)...
[M::mem_pestat] # candidate unique pairs for (FF, FR, RF, RR): (0, 1716, 0, 0)
[M::mem_pestat] skip orientation FF as there are not enough pairs
[M::mem_pestat] analyzing insert size distribution for orientation FR...
[M::mem_pestat] (25, 50, 75) percentile: (112, 159, 223)
[M::mem_pestat] low and high boundaries for computing mean and std.dev: (1, 445)
[M::mem_pestat] mean and std.dev: (169.41, 87.90)
[M::mem_pestat] low and high boundaries for proper pairs: (1, 556)
[M::mem_pestat] skip orientation RF as there are not enough pairs
[M::mem_pestat] skip orientation RR as there are not enough pairs
[M::mem_process_seqs] Processed 577648 reads in 47.020 CPU sec, 5.673 real sec
[M::process] 0 single-end sequences; 575950 paired-end sequences
[M::process] read 574556 sequences (80000059 bp)...
[M::mem_pestat] # candidate unique pairs for (FF, FR, RF, RR): (1, 1755, 0, 0)
[M::mem_pestat] skip orientation FF as there are not enough pairs
[M::mem_pestat] analyzing insert size distribution for orientation FR...
[M::mem_pestat] (25, 50, 75) percentile: (111, 159, 221)
[M::mem_pestat] low and high boundaries for computing mean and std.dev: (1, 441)
[M::mem_pestat] mean and std.dev: (167.13, 87.00)
[M::mem_pestat] low and high boundaries for proper pairs: (1, 551)
[M::mem_pestat] skip orientation RF as there are not enough pairs
[M::mem_pestat] skip orientation RR as there are not enough pairs
[M::mem_process_seqs] Processed 575950 reads in 47.530 CPU sec, 5.814 real sec
[M::process] 0 single-end sequences; 574556 paired-end sequences
[M::process] read 573228 sequences (80000150 bp)...
[M::mem_pestat] # candidate unique pairs for (FF, FR, RF, RR): (0, 1666, 0, 1)
[M::mem_pestat] skip orientation FF as there are not enough pairs
[M::mem_pestat] analyzing insert size distribution for orientation FR...
[M::mem_pestat] (25, 50, 75) percentile: (107, 158, 221)
[M::mem_pestat] low and high boundaries for computing mean and std.dev: (1, 449)
[M::mem_pestat] mean and std.dev: (166.90, 88.99)
[M::mem_pestat] low and high boundaries for proper pairs: (1, 563)
[M::mem_pestat] skip orientation RF as there are not enough pairs
[M::mem_pestat] skip orientation RR as there are not enough pairs
[M::mem_process_seqs] Processed 574556 reads in 48.067 CPU sec, 5.861 real sec
[M::process] 0 single-end sequences; 573228 paired-end sequences
[M::process] read 572856 sequences (80000247 bp)...
[M::mem_pestat] # candidate unique pairs for (FF, FR, RF, RR): (0, 1733, 0, 1)
[M::mem_pestat] skip orientation FF as there are not enough pairs
[M::mem_pestat] analyzing insert size distribution for orientation FR...
[M::mem_pestat] (25, 50, 75) percentile: (112, 159, 216)
[M::mem_pestat] low and high boundaries for computing mean and std.dev: (1, 424)
[M::mem_pestat] mean and std.dev: (165.42, 84.00)
[M::mem_pestat] low and high boundaries for proper pairs: (1, 528)
[M::mem_pestat] skip orientation RF as there are not enough pairs
[M::mem_pestat] skip orientation RR as there are not enough pairs
[M::mem_process_seqs] Processed 573228 reads in 47.228 CPU sec, 5.683 real sec
[M::process] 0 single-end sequences; 572856 paired-end sequences
[M::process] read 573544 sequences (80000051 bp)...
[M::mem_pestat] # candidate unique pairs for (FF, FR, RF, RR): (0, 1713, 0, 1)
[M::mem_pestat] skip orientation FF as there are not enough pairs
[M::mem_pestat] analyzing insert size distribution for orientation FR...
[M::mem_pestat] (25, 50, 75) percentile: (110, 160, 221)
[M::mem_pestat] low and high boundaries for computing mean and std.dev: (1, 443)
[M::mem_pestat] mean and std.dev: (166.50, 85.13)
[M::mem_pestat] low and high boundaries for proper pairs: (1, 554)
[M::mem_pestat] skip orientation RF as there are not enough pairs
[M::mem_pestat] skip orientation RR as there are not enough pairs
[M::mem_process_seqs] Processed 572856 reads in 46.760 CPU sec, 5.660 real sec
[M::process] 0 single-end sequences; 573544 paired-end sequences
[M::process] read 573378 sequences (80000183 bp)...
[M::mem_pestat] # candidate unique pairs for (FF, FR, RF, RR): (0, 1641, 0, 1)
[M::mem_pestat] skip orientation FF as there are not enough pairs
[M::mem_pestat] analyzing insert size distribution for orientation FR...
[M::mem_pestat] (25, 50, 75) percentile: (112, 161, 221)
[M::mem_pestat] low and high boundaries for computing mean and std.dev: (1, 439)
[M::mem_pestat] mean and std.dev: (169.60, 87.50)
[M::mem_pestat] low and high boundaries for proper pairs: (1, 548)
[M::mem_pestat] skip orientation RF as there are not enough pairs
[M::mem_pestat] skip orientation RR as there are not enough pairs
[M::mem_process_seqs] Processed 573544 reads in 47.655 CPU sec, 5.852 real sec
[M::process] 0 single-end sequences; 573378 paired-end sequences
[M::process] read 573738 sequences (80000098 bp)...
[M::mem_pestat] # candidate unique pairs for (FF, FR, RF, RR): (0, 1817, 0, 0)
[M::mem_pestat] skip orientation FF as there are not enough pairs
[M::mem_pestat] analyzing insert size distribution for orientation FR...
[M::mem_pestat] (25, 50, 75) percentile: (110, 161, 219)
[M::mem_pestat] low and high boundaries for computing mean and std.dev: (1, 437)
[M::mem_pestat] mean and std.dev: (165.00, 83.95)
[M::mem_pestat] low and high boundaries for proper pairs: (1, 546)
[M::mem_pestat] skip orientation RF as there are not enough pairs
[M::mem_pestat] skip orientation RR as there are not enough pairs
[M::mem_process_seqs] Processed 573378 reads in 47.763 CPU sec, 5.755 real sec
[M::process] 0 single-end sequences; 573738 paired-end sequences
[M::process] read 577192 sequences (80000263 bp)...
[M::mem_pestat] # candidate unique pairs for (FF, FR, RF, RR): (0, 1691, 0, 1)
[M::mem_pestat] skip orientation FF as there are not enough pairs
[M::mem_pestat] analyzing insert size distribution for orientation FR...
[M::mem_pestat] (25, 50, 75) percentile: (119, 159, 221)
[M::mem_pestat] low and high boundaries for computing mean and std.dev: (1, 425)
[M::mem_pestat] mean and std.dev: (166.08, 81.05)
[M::mem_pestat] low and high boundaries for proper pairs: (1, 527)
[M::mem_pestat] skip orientation RF as there are not enough pairs
[M::mem_pestat] skip orientation RR as there are not enough pairs
[M::mem_process_seqs] Processed 573738 reads in 47.569 CPU sec, 5.747 real sec
[M::process] 0 single-end sequences; 577192 paired-end sequences
[M::process] read 576586 sequences (80000091 bp)...
[M::mem_pestat] # candidate unique pairs for (FF, FR, RF, RR): (0, 1726, 0, 2)
[M::mem_pestat] skip orientation FF as there are not enough pairs
[M::mem_pestat] analyzing insert size distribution for orientation FR...
[M::mem_pestat] (25, 50, 75) percentile: (110, 160, 221)
[M::mem_pestat] low and high boundaries for computing mean and std.dev: (1, 443)
[M::mem_pestat] mean and std.dev: (167.32, 83.82)
[M::mem_pestat] low and high boundaries for proper pairs: (1, 554)
[M::mem_pestat] skip orientation RF as there are not enough pairs
[M::mem_pestat] skip orientation RR as there are not enough pairs
[M::mem_process_seqs] Processed 577192 reads in 47.036 CPU sec, 5.802 real sec
[M::process] 0 single-end sequences; 576586 paired-end sequences
[M::process] read 574676 sequences (80000063 bp)...
[M::mem_pestat] # candidate unique pairs for (FF, FR, RF, RR): (0, 1726, 0, 0)
[M::mem_pestat] skip orientation FF as there are not enough pairs
[M::mem_pestat] analyzing insert size distribution for orientation FR...
[M::mem_pestat] (25, 50, 75) percentile: (108, 158, 218)
[M::mem_pestat] low and high boundaries for computing mean and std.dev: (1, 438)
[M::mem_pestat] mean and std.dev: (163.98, 85.92)
[M::mem_pestat] low and high boundaries for proper pairs: (1, 548)
[M::mem_pestat] skip orientation RF as there are not enough pairs
[M::mem_pestat] skip orientation RR as there are not enough pairs
[M::mem_process_seqs] Processed 576586 reads in 47.357 CPU sec, 5.671 real sec
[M::process] 0 single-end sequences; 574676 paired-end sequences
[M::process] read 573060 sequences (80000001 bp)...
[M::mem_pestat] # candidate unique pairs for (FF, FR, RF, RR): (0, 1728, 0, 1)
[M::mem_pestat] skip orientation FF as there are not enough pairs
[M::mem_pestat] analyzing insert size distribution for orientation FR...
[M::mem_pestat] (25, 50, 75) percentile: (112, 158, 218)
[M::mem_pestat] low and high boundaries for computing mean and std.dev: (1, 430)
[M::mem_pestat] mean and std.dev: (164.81, 82.52)
[M::mem_pestat] low and high boundaries for proper pairs: (1, 536)
[M::mem_pestat] skip orientation RF as there are not enough pairs
[M::mem_pestat] skip orientation RR as there are not enough pairs
[M::mem_process_seqs] Processed 574676 reads in 47.168 CPU sec, 5.703 real sec
[M::process] 0 single-end sequences; 573060 paired-end sequences
[M::process] read 572662 sequences (80000095 bp)...
[M::mem_pestat] # candidate unique pairs for (FF, FR, RF, RR): (0, 1657, 0, 2)
[M::mem_pestat] skip orientation FF as there are not enough pairs
[M::mem_pestat] analyzing insert size distribution for orientation FR...
[M::mem_pestat] (25, 50, 75) percentile: (112, 161, 221)
[M::mem_pestat] low and high boundaries for computing mean and std.dev: (1, 439)
[M::mem_pestat] mean and std.dev: (169.30, 86.19)
[M::mem_pestat] low and high boundaries for proper pairs: (1, 548)
[M::mem_pestat] skip orientation RF as there are not enough pairs
[M::mem_pestat] skip orientation RR as there are not enough pairs
[M::mem_process_seqs] Processed 573060 reads in 47.087 CPU sec, 5.679 real sec
[M::process] 0 single-end sequences; 572662 paired-end sequences
[M::process] read 572444 sequences (80000216 bp)...
[M::mem_pestat] # candidate unique pairs for (FF, FR, RF, RR): (0, 1710, 0, 0)
[M::mem_pestat] skip orientation FF as there are not enough pairs
[M::mem_pestat] analyzing insert size distribution for orientation FR...
[M::mem_pestat] (25, 50, 75) percentile: (111, 161, 223)
[M::mem_pestat] low and high boundaries for computing mean and std.dev: (1, 447)
[M::mem_pestat] mean and std.dev: (169.12, 85.30)
[M::mem_pestat] low and high boundaries for proper pairs: (1, 559)
[M::mem_pestat] skip orientation RF as there are not enough pairs
[M::mem_pestat] skip orientation RR as there are not enough pairs
[M::mem_process_seqs] Processed 572662 reads in 47.272 CPU sec, 5.721 real sec
[M::process] 0 single-end sequences; 572444 paired-end sequences
[M::process] read 572938 sequences (80000031 bp)...
[M::mem_pestat] # candidate unique pairs for (FF, FR, RF, RR): (0, 1657, 0, 0)
[M::mem_pestat] skip orientation FF as there are not enough pairs
[M::mem_pestat] analyzing insert size distribution for orientation FR...
[M::mem_pestat] (25, 50, 75) percentile: (110, 161, 223)
[M::mem_pestat] low and high boundaries for computing mean and std.dev: (1, 449)
[M::mem_pestat] mean and std.dev: (167.94, 87.36)
[M::mem_pestat] low and high boundaries for proper pairs: (1, 562)
[M::mem_pestat] skip orientation RF as there are not enough pairs
[M::mem_pestat] skip orientation RR as there are not enough pairs
[M::mem_process_seqs] Processed 572444 reads in 47.824 CPU sec, 5.774 real sec
[M::process] 0 single-end sequences; 572938 paired-end sequences
[M::process] read 572516 sequences (80000247 bp)...
[M::mem_pestat] # candidate unique pairs for (FF, FR, RF, RR): (0, 1706, 0, 1)
[M::mem_pestat] skip orientation FF as there are not enough pairs
[M::mem_pestat] analyzing insert size distribution for orientation FR...
[M::mem_pestat] (25, 50, 75) percentile: (118, 162, 221)
[M::mem_pestat] low and high boundaries for computing mean and std.dev: (1, 427)
[M::mem_pestat] mean and std.dev: (169.96, 85.41)
[M::mem_pestat] low and high boundaries for proper pairs: (1, 530)
[M::mem_pestat] skip orientation RF as there are not enough pairs
[M::mem_pestat] skip orientation RR as there are not enough pairs
[M::mem_process_seqs] Processed 572938 reads in 47.079 CPU sec, 5.657 real sec
[M::process] 0 single-end sequences; 572516 paired-end sequences
[M::process] read 577924 sequences (80000266 bp)...
[M::mem_pestat] # candidate unique pairs for (FF, FR, RF, RR): (0, 1718, 0, 0)
[M::mem_pestat] skip orientation FF as there are not enough pairs
[M::mem_pestat] analyzing insert size distribution for orientation FR...
[M::mem_pestat] (25, 50, 75) percentile: (112, 159, 221)
[M::mem_pestat] low and high boundaries for computing mean and std.dev: (1, 439)
[M::mem_pestat] mean and std.dev: (166.14, 83.67)
[M::mem_pestat] low and high boundaries for proper pairs: (1, 548)
[M::mem_pestat] skip orientation RF as there are not enough pairs
[M::mem_pestat] skip orientation RR as there are not enough pairs
[M::mem_process_seqs] Processed 572516 reads in 47.598 CPU sec, 5.811 real sec
[M::process] 0 single-end sequences; 577924 paired-end sequences
[M::process] read 578012 sequences (80000233 bp)...
[M::mem_pestat] # candidate unique pairs for (FF, FR, RF, RR): (0, 1671, 0, 1)
[M::mem_pestat] skip orientation FF as there are not enough pairs
[M::mem_pestat] analyzing insert size distribution for orientation FR...
[M::mem_pestat] (25, 50, 75) percentile: (112, 158, 221)
[M::mem_pestat] low and high boundaries for computing mean and std.dev: (1, 439)
[M::mem_pestat] mean and std.dev: (164.77, 85.10)
[M::mem_pestat] low and high boundaries for proper pairs: (1, 548)
[M::mem_pestat] skip orientation RF as there are not enough pairs
[M::mem_pestat] skip orientation RR as there are not enough pairs
[M::mem_process_seqs] Processed 577924 reads in 47.246 CPU sec, 5.804 real sec
[M::process] 0 single-end sequences; 578012 paired-end sequences
[M::process] read 576538 sequences (80000094 bp)...
[M::mem_pestat] # candidate unique pairs for (FF, FR, RF, RR): (0, 1779, 0, 2)
[M::mem_pestat] skip orientation FF as there are not enough pairs
[M::mem_pestat] analyzing insert size distribution for orientation FR...
[M::mem_pestat] (25, 50, 75) percentile: (110, 159, 222)
[M::mem_pestat] low and high boundaries for computing mean and std.dev: (1, 446)
[M::mem_pestat] mean and std.dev: (167.25, 88.66)
[M::mem_pestat] low and high boundaries for proper pairs: (1, 558)
[M::mem_pestat] skip orientation RF as there are not enough pairs
[M::mem_pestat] skip orientation RR as there are not enough pairs
[M::mem_process_seqs] Processed 578012 reads in 47.605 CPU sec, 5.842 real sec
[M::process] 0 single-end sequences; 576538 paired-end sequences
[M::process] read 575528 sequences (80000006 bp)...
[M::mem_pestat] # candidate unique pairs for (FF, FR, RF, RR): (0, 1780, 0, 1)
[M::mem_pestat] skip orientation FF as there are not enough pairs
[M::mem_pestat] analyzing insert size distribution for orientation FR...
[M::mem_pestat] (25, 50, 75) percentile: (112, 159, 221)
[M::mem_pestat] low and high boundaries for computing mean and std.dev: (1, 439)
[M::mem_pestat] mean and std.dev: (166.74, 85.89)
[M::mem_pestat] low and high boundaries for proper pairs: (1, 548)
[M::mem_pestat] skip orientation RF as there are not enough pairs
[M::mem_pestat] skip orientation RR as there are not enough pairs
[M::mem_process_seqs] Processed 576538 reads in 48.044 CPU sec, 5.806 real sec
[M::process] 0 single-end sequences; 575528 paired-end sequences
[M::process] read 574726 sequences (80000110 bp)...
[M::mem_pestat] # candidate unique pairs for (FF, FR, RF, RR): (0, 1711, 0, 1)
[M::mem_pestat] skip orientation FF as there are not enough pairs
[M::mem_pestat] analyzing insert size distribution for orientation FR...
[M::mem_pestat] (25, 50, 75) percentile: (116, 161, 221)
[M::mem_pestat] low and high boundaries for computing mean and std.dev: (1, 431)
[M::mem_pestat] mean and std.dev: (168.99, 84.54)
[M::mem_pestat] low and high boundaries for proper pairs: (1, 536)
[M::mem_pestat] skip orientation RF as there are not enough pairs
[M::mem_pestat] skip orientation RR as there are not enough pairs
[M::mem_process_seqs] Processed 575528 reads in 48.436 CPU sec, 5.839 real sec
[M::process] 0 single-end sequences; 574726 paired-end sequences
[M::process] read 574230 sequences (80000177 bp)...
[M::mem_pestat] # candidate unique pairs for (FF, FR, RF, RR): (0, 1704, 0, 2)
[M::mem_pestat] skip orientation FF as there are not enough pairs
[M::mem_pestat] analyzing insert size distribution for orientation FR...
[M::mem_pestat] (25, 50, 75) percentile: (112, 162, 221)
[M::mem_pestat] low and high boundaries for computing mean and std.dev: (1, 439)
[M::mem_pestat] mean and std.dev: (169.36, 85.40)
[M::mem_pestat] low and high boundaries for proper pairs: (1, 548)
[M::mem_pestat] skip orientation RF as there are not enough pairs
[M::mem_pestat] skip orientation RR as there are not enough pairs
[M::mem_process_seqs] Processed 574726 reads in 47.060 CPU sec, 5.700 real sec
[M::process] 0 single-end sequences; 574230 paired-end sequences
[M::process] read 575578 sequences (80000172 bp)...
[M::mem_pestat] # candidate unique pairs for (FF, FR, RF, RR): (1, 1704, 0, 1)
[M::mem_pestat] skip orientation FF as there are not enough pairs
[M::mem_pestat] analyzing insert size distribution for orientation FR...
[M::mem_pestat] (25, 50, 75) percentile: (114, 159, 219)
[M::mem_pestat] low and high boundaries for computing mean and std.dev: (1, 429)
[M::mem_pestat] mean and std.dev: (165.20, 83.49)
[M::mem_pestat] low and high boundaries for proper pairs: (1, 534)
[M::mem_pestat] skip orientation RF as there are not enough pairs
[M::mem_pestat] skip orientation RR as there are not enough pairs
[M::mem_process_seqs] Processed 574230 reads in 46.851 CPU sec, 5.639 real sec
[M::process] 0 single-end sequences; 575578 paired-end sequences
[M::process] read 577352 sequences (80000159 bp)...
[M::mem_pestat] # candidate unique pairs for (FF, FR, RF, RR): (0, 1755, 0, 0)
[M::mem_pestat] skip orientation FF as there are not enough pairs
[M::mem_pestat] analyzing insert size distribution for orientation FR...
[M::mem_pestat] (25, 50, 75) percentile: (108, 157, 214)
[M::mem_pestat] low and high boundaries for computing mean and std.dev: (1, 426)
[M::mem_pestat] mean and std.dev: (162.42, 86.04)
[M::mem_pestat] low and high boundaries for proper pairs: (1, 532)
[M::mem_pestat] skip orientation RF as there are not enough pairs
[M::mem_pestat] skip orientation RR as there are not enough pairs
[M::mem_process_seqs] Processed 575578 reads in 46.677 CPU sec, 5.649 real sec
[M::process] 0 single-end sequences; 577352 paired-end sequences
[M::process] read 576270 sequences (80000127 bp)...
[M::mem_pestat] # candidate unique pairs for (FF, FR, RF, RR): (0, 1573, 0, 1)
[M::mem_pestat] skip orientation FF as there are not enough pairs
[M::mem_pestat] analyzing insert size distribution for orientation FR...
[M::mem_pestat] (25, 50, 75) percentile: (114, 159, 221)
[M::mem_pestat] low and high boundaries for computing mean and std.dev: (1, 435)
[M::mem_pestat] mean and std.dev: (167.23, 85.51)
[M::mem_pestat] low and high boundaries for proper pairs: (1, 542)
[M::mem_pestat] skip orientation RF as there are not enough pairs
[M::mem_pestat] skip orientation RR as there are not enough pairs
[M::mem_process_seqs] Processed 577352 reads in 47.316 CPU sec, 5.690 real sec
[M::process] 0 single-end sequences; 576270 paired-end sequences
[M::process] read 578358 sequences (80000087 bp)...
[M::mem_pestat] # candidate unique pairs for (FF, FR, RF, RR): (0, 1669, 0, 2)
[M::mem_pestat] skip orientation FF as there are not enough pairs
[M::mem_pestat] analyzing insert size distribution for orientation FR...
[M::mem_pestat] (25, 50, 75) percentile: (110, 157, 217)
[M::mem_pestat] low and high boundaries for computing mean and std.dev: (1, 431)
[M::mem_pestat] mean and std.dev: (162.58, 81.87)
[M::mem_pestat] low and high boundaries for proper pairs: (1, 538)
[M::mem_pestat] skip orientation RF as there are not enough pairs
[M::mem_pestat] skip orientation RR as there are not enough pairs
[M::mem_process_seqs] Processed 576270 reads in 47.514 CPU sec, 5.734 real sec
[M::process] 0 single-end sequences; 578358 paired-end sequences
[M::process] read 579442 sequences (80000032 bp)...
[M::mem_pestat] # candidate unique pairs for (FF, FR, RF, RR): (0, 1724, 0, 0)
[M::mem_pestat] skip orientation FF as there are not enough pairs
[M::mem_pestat] analyzing insert size distribution for orientation FR...
[M::mem_pestat] (25, 50, 75) percentile: (109, 156, 219)
[M::mem_pestat] low and high boundaries for computing mean and std.dev: (1, 439)
[M::mem_pestat] mean and std.dev: (164.72, 87.06)
[M::mem_pestat] low and high boundaries for proper pairs: (1, 549)
[M::mem_pestat] skip orientation RF as there are not enough pairs
[M::mem_pestat] skip orientation RR as there are not enough pairs
[M::mem_process_seqs] Processed 578358 reads in 48.784 CPU sec, 5.882 real sec
[M::process] 0 single-end sequences; 579442 paired-end sequences
[M::process] read 578020 sequences (80000005 bp)...
[M::mem_pestat] # candidate unique pairs for (FF, FR, RF, RR): (0, 1775, 0, 2)
[M::mem_pestat] skip orientation FF as there are not enough pairs
[M::mem_pestat] analyzing insert size distribution for orientation FR...
[M::mem_pestat] (25, 50, 75) percentile: (109, 154, 221)
[M::mem_pestat] low and high boundaries for computing mean and std.dev: (1, 445)
[M::mem_pestat] mean and std.dev: (163.69, 84.84)
[M::mem_pestat] low and high boundaries for proper pairs: (1, 557)
[M::mem_pestat] skip orientation RF as there are not enough pairs
[M::mem_pestat] skip orientation RR as there are not enough pairs
[M::mem_process_seqs] Processed 579442 reads in 46.538 CPU sec, 5.607 real sec
[M::process] 0 single-end sequences; 578020 paired-end sequences
[M::process] read 576524 sequences (80000267 bp)...
[M::mem_pestat] # candidate unique pairs for (FF, FR, RF, RR): (0, 1790, 0, 2)
[M::mem_pestat] skip orientation FF as there are not enough pairs
[M::mem_pestat] analyzing insert size distribution for orientation FR...
[M::mem_pestat] (25, 50, 75) percentile: (109, 158, 222)
[M::mem_pestat] low and high boundaries for computing mean and std.dev: (1, 448)
[M::mem_pestat] mean and std.dev: (168.35, 90.32)
[M::mem_pestat] low and high boundaries for proper pairs: (1, 561)
[M::mem_pestat] skip orientation RF as there are not enough pairs
[M::mem_pestat] skip orientation RR as there are not enough pairs
[M::mem_process_seqs] Processed 578020 reads in 47.096 CPU sec, 5.630 real sec
[M::process] 0 single-end sequences; 576524 paired-end sequences
[M::process] read 575472 sequences (80000247 bp)...
[M::mem_pestat] # candidate unique pairs for (FF, FR, RF, RR): (0, 1708, 0, 2)
[M::mem_pestat] skip orientation FF as there are not enough pairs
[M::mem_pestat] analyzing insert size distribution for orientation FR...
[M::mem_pestat] (25, 50, 75) percentile: (114, 159, 219)
[M::mem_pestat] low and high boundaries for computing mean and std.dev: (1, 429)
[M::mem_pestat] mean and std.dev: (166.76, 84.17)
[M::mem_pestat] low and high boundaries for proper pairs: (1, 534)
[M::mem_pestat] skip orientation RF as there are not enough pairs
[M::mem_pestat] skip orientation RR as there are not enough pairs
[M::mem_process_seqs] Processed 576524 reads in 46.996 CPU sec, 5.662 real sec
[M::process] 0 single-end sequences; 575472 paired-end sequences
[M::process] read 574780 sequences (80000101 bp)...
[M::mem_pestat] # candidate unique pairs for (FF, FR, RF, RR): (0, 1810, 0, 2)
[M::mem_pestat] skip orientation FF as there are not enough pairs
[M::mem_pestat] analyzing insert size distribution for orientation FR...
[M::mem_pestat] (25, 50, 75) percentile: (111, 160, 221)
[M::mem_pestat] low and high boundaries for computing mean and std.dev: (1, 441)
[M::mem_pestat] mean and std.dev: (166.44, 86.09)
[M::mem_pestat] low and high boundaries for proper pairs: (1, 551)
[M::mem_pestat] skip orientation RF as there are not enough pairs
[M::mem_pestat] skip orientation RR as there are not enough pairs
[M::mem_process_seqs] Processed 575472 reads in 47.088 CPU sec, 5.672 real sec
[M::process] 0 single-end sequences; 574780 paired-end sequences
[M::process] read 575598 sequences (80000002 bp)...
[M::mem_pestat] # candidate unique pairs for (FF, FR, RF, RR): (0, 1746, 0, 1)
[M::mem_pestat] skip orientation FF as there are not enough pairs
[M::mem_pestat] analyzing insert size distribution for orientation FR...
[M::mem_pestat] (25, 50, 75) percentile: (110, 159, 221)
[M::mem_pestat] low and high boundaries for computing mean and std.dev: (1, 443)
[M::mem_pestat] mean and std.dev: (168.10, 88.66)
[M::mem_pestat] low and high boundaries for proper pairs: (1, 554)
[M::mem_pestat] skip orientation RF as there are not enough pairs
[M::mem_pestat] skip orientation RR as there are not enough pairs
[M::mem_process_seqs] Processed 574780 reads in 47.454 CPU sec, 5.717 real sec
[M::process] 0 single-end sequences; 575598 paired-end sequences
[M::process] read 575924 sequences (80000237 bp)...
[M::mem_pestat] # candidate unique pairs for (FF, FR, RF, RR): (0, 1666, 0, 2)
[M::mem_pestat] skip orientation FF as there are not enough pairs
[M::mem_pestat] analyzing insert size distribution for orientation FR...
[M::mem_pestat] (25, 50, 75) percentile: (109, 157, 216)
[M::mem_pestat] low and high boundaries for computing mean and std.dev: (1, 430)
[M::mem_pestat] mean and std.dev: (162.69, 84.52)
[M::mem_pestat] low and high boundaries for proper pairs: (1, 537)
[M::mem_pestat] skip orientation RF as there are not enough pairs
[M::mem_pestat] skip orientation RR as there are not enough pairs
[M::mem_process_seqs] Processed 575598 reads in 49.116 CPU sec, 5.914 real sec
[M::process] 0 single-end sequences; 575924 paired-end sequences
[M::process] read 576064 sequences (80000116 bp)...
[M::mem_pestat] # candidate unique pairs for (FF, FR, RF, RR): (0, 1641, 0, 1)
[M::mem_pestat] skip orientation FF as there are not enough pairs
[M::mem_pestat] analyzing insert size distribution for orientation FR...
[M::mem_pestat] (25, 50, 75) percentile: (113, 157, 217)
[M::mem_pestat] low and high boundaries for computing mean and std.dev: (1, 425)
[M::mem_pestat] mean and std.dev: (164.27, 83.02)
[M::mem_pestat] low and high boundaries for proper pairs: (1, 529)
[M::mem_pestat] skip orientation RF as there are not enough pairs
[M::mem_pestat] skip orientation RR as there are not enough pairs
[M::mem_process_seqs] Processed 575924 reads in 47.581 CPU sec, 5.741 real sec
[M::process] 0 single-end sequences; 576064 paired-end sequences
[M::process] read 577646 sequences (80000269 bp)...
[M::mem_pestat] # candidate unique pairs for (FF, FR, RF, RR): (0, 1628, 0, 1)
[M::mem_pestat] skip orientation FF as there are not enough pairs
[M::mem_pestat] analyzing insert size distribution for orientation FR...
[M::mem_pestat] (25, 50, 75) percentile: (112, 160, 216)
[M::mem_pestat] low and high boundaries for computing mean and std.dev: (1, 424)
[M::mem_pestat] mean and std.dev: (165.16, 83.07)
[M::mem_pestat] low and high boundaries for proper pairs: (1, 528)
[M::mem_pestat] skip orientation RF as there are not enough pairs
[M::mem_pestat] skip orientation RR as there are not enough pairs
[M::mem_process_seqs] Processed 576064 reads in 47.139 CPU sec, 5.684 real sec
[M::process] 0 single-end sequences; 577646 paired-end sequences
[M::process] read 579296 sequences (80000075 bp)...
[M::mem_pestat] # candidate unique pairs for (FF, FR, RF, RR): (0, 1628, 0, 2)
[M::mem_pestat] skip orientation FF as there are not enough pairs
[M::mem_pestat] analyzing insert size distribution for orientation FR...
[M::mem_pestat] (25, 50, 75) percentile: (112, 160, 218)
[M::mem_pestat] low and high boundaries for computing mean and std.dev: (1, 430)
[M::mem_pestat] mean and std.dev: (165.82, 82.09)
[M::mem_pestat] low and high boundaries for proper pairs: (1, 536)
[M::mem_pestat] skip orientation RF as there are not enough pairs
[M::mem_pestat] skip orientation RR as there are not enough pairs
[M::mem_process_seqs] Processed 577646 reads in 47.604 CPU sec, 5.726 real sec
[M::process] 0 single-end sequences; 579296 paired-end sequences
[M::process] read 578058 sequences (80000105 bp)...
[M::mem_pestat] # candidate unique pairs for (FF, FR, RF, RR): (0, 1755, 0, 0)
[M::mem_pestat] skip orientation FF as there are not enough pairs
[M::mem_pestat] analyzing insert size distribution for orientation FR...
[M::mem_pestat] (25, 50, 75) percentile: (109, 154, 221)
[M::mem_pestat] low and high boundaries for computing mean and std.dev: (1, 445)
[M::mem_pestat] mean and std.dev: (163.87, 85.94)
[M::mem_pestat] low and high boundaries for proper pairs: (1, 557)
[M::mem_pestat] skip orientation RF as there are not enough pairs
[M::mem_pestat] skip orientation RR as there are not enough pairs
[M::mem_process_seqs] Processed 579296 reads in 46.965 CPU sec, 5.661 real sec
[M::process] 0 single-end sequences; 578058 paired-end sequences
[M::process] read 576544 sequences (80000221 bp)...
[M::mem_pestat] # candidate unique pairs for (FF, FR, RF, RR): (0, 1780, 0, 2)
[M::mem_pestat] skip orientation FF as there are not enough pairs
[M::mem_pestat] analyzing insert size distribution for orientation FR...
[M::mem_pestat] (25, 50, 75) percentile: (112, 158, 221)
[M::mem_pestat] low and high boundaries for computing mean and std.dev: (1, 439)
[M::mem_pestat] mean and std.dev: (165.66, 85.26)
[M::mem_pestat] low and high boundaries for proper pairs: (1, 548)
[M::mem_pestat] skip orientation RF as there are not enough pairs
[M::mem_pestat] skip orientation RR as there are not enough pairs
[M::mem_process_seqs] Processed 578058 reads in 47.643 CPU sec, 5.730 real sec
[M::process] 0 single-end sequences; 576544 paired-end sequences
[M::process] read 575232 sequences (80000234 bp)...
[M::mem_pestat] # candidate unique pairs for (FF, FR, RF, RR): (0, 1767, 0, 2)
[M::mem_pestat] skip orientation FF as there are not enough pairs
[M::mem_pestat] analyzing insert size distribution for orientation FR...
[M::mem_pestat] (25, 50, 75) percentile: (109, 156, 219)
[M::mem_pestat] low and high boundaries for computing mean and std.dev: (1, 439)
[M::mem_pestat] mean and std.dev: (164.10, 84.91)
[M::mem_pestat] low and high boundaries for proper pairs: (1, 549)
[M::mem_pestat] skip orientation RF as there are not enough pairs
[M::mem_pestat] skip orientation RR as there are not enough pairs
[M::mem_process_seqs] Processed 576544 reads in 47.990 CPU sec, 5.780 real sec
[M::process] 0 single-end sequences; 575232 paired-end sequences
[M::process] read 575048 sequences (80000279 bp)...
[M::mem_pestat] # candidate unique pairs for (FF, FR, RF, RR): (0, 1651, 0, 1)
[M::mem_pestat] skip orientation FF as there are not enough pairs
[M::mem_pestat] analyzing insert size distribution for orientation FR...
[M::mem_pestat] (25, 50, 75) percentile: (114, 161, 218)
[M::mem_pestat] low and high boundaries for computing mean and std.dev: (1, 426)
[M::mem_pestat] mean and std.dev: (165.96, 82.45)
[M::mem_pestat] low and high boundaries for proper pairs: (1, 530)
[M::mem_pestat] skip orientation RF as there are not enough pairs
[M::mem_pestat] skip orientation RR as there are not enough pairs
[M::mem_process_seqs] Processed 575232 reads in 47.590 CPU sec, 5.718 real sec
[M::process] 0 single-end sequences; 575048 paired-end sequences
[M::process] read 575234 sequences (80000245 bp)...
[M::mem_pestat] # candidate unique pairs for (FF, FR, RF, RR): (0, 1709, 0, 0)
[M::mem_pestat] skip orientation FF as there are not enough pairs
[M::mem_pestat] analyzing insert size distribution for orientation FR...
[M::mem_pestat] (25, 50, 75) percentile: (109, 159, 221)
[M::mem_pestat] low and high boundaries for computing mean and std.dev: (1, 445)
[M::mem_pestat] mean and std.dev: (166.97, 86.51)
[M::mem_pestat] low and high boundaries for proper pairs: (1, 557)
[M::mem_pestat] skip orientation RF as there are not enough pairs
[M::mem_pestat] skip orientation RR as there are not enough pairs
[M::mem_process_seqs] Processed 575048 reads in 47.965 CPU sec, 5.786 real sec
[M::process] 0 single-end sequences; 575234 paired-end sequences
[M::process] read 575960 sequences (80000116 bp)...
[M::mem_pestat] # candidate unique pairs for (FF, FR, RF, RR): (0, 1594, 0, 0)
[M::mem_pestat] skip orientation FF as there are not enough pairs
[M::mem_pestat] analyzing insert size distribution for orientation FR...
[M::mem_pestat] (25, 50, 75) percentile: (112, 161, 221)
[M::mem_pestat] low and high boundaries for computing mean and std.dev: (1, 439)
[M::mem_pestat] mean and std.dev: (169.52, 86.90)
[M::mem_pestat] low and high boundaries for proper pairs: (1, 548)
[M::mem_pestat] skip orientation RF as there are not enough pairs
[M::mem_pestat] skip orientation RR as there are not enough pairs
[M::mem_process_seqs] Processed 575234 reads in 47.305 CPU sec, 5.683 real sec
[M::process] 0 single-end sequences; 575960 paired-end sequences
[M::process] read 575980 sequences (80000266 bp)...
[M::mem_pestat] # candidate unique pairs for (FF, FR, RF, RR): (0, 1631, 0, 3)
[M::mem_pestat] skip orientation FF as there are not enough pairs
[M::mem_pestat] analyzing insert size distribution for orientation FR...
[M::mem_pestat] (25, 50, 75) percentile: (115, 161, 221)
[M::mem_pestat] low and high boundaries for computing mean and std.dev: (1, 433)
[M::mem_pestat] mean and std.dev: (169.54, 84.28)
[M::mem_pestat] low and high boundaries for proper pairs: (1, 539)
[M::mem_pestat] skip orientation RF as there are not enough pairs
[M::mem_pestat] skip orientation RR as there are not enough pairs
[M::mem_process_seqs] Processed 575960 reads in 47.188 CPU sec, 5.671 real sec
[M::process] 0 single-end sequences; 575980 paired-end sequences
[M::process] read 324450 sequences (44935738 bp)...
[M::mem_pestat] # candidate unique pairs for (FF, FR, RF, RR): (0, 1656, 0, 1)
[M::mem_pestat] skip orientation FF as there are not enough pairs
[M::mem_pestat] analyzing insert size distribution for orientation FR...
[M::mem_pestat] (25, 50, 75) percentile: (113, 161, 220)
[M::mem_pestat] low and high boundaries for computing mean and std.dev: (1, 434)
[M::mem_pestat] mean and std.dev: (167.57, 83.40)
[M::mem_pestat] low and high boundaries for proper pairs: (1, 541)
[M::mem_pestat] skip orientation RF as there are not enough pairs
[M::mem_pestat] skip orientation RR as there are not enough pairs
[M::mem_process_seqs] Processed 575980 reads in 47.172 CPU sec, 5.866 real sec
[M::process] 0 single-end sequences; 324450 paired-end sequences
[M::mem_pestat] # candidate unique pairs for (FF, FR, RF, RR): (0, 957, 0, 0)
[M::mem_pestat] skip orientation FF as there are not enough pairs
[M::mem_pestat] analyzing insert size distribution for orientation FR...
[M::mem_pestat] (25, 50, 75) percentile: (112, 159, 219)
[M::mem_pestat] low and high boundaries for computing mean and std.dev: (1, 433)
[M::mem_pestat] mean and std.dev: (165.50, 84.40)
[M::mem_pestat] low and high boundaries for proper pairs: (1, 540)
[M::mem_pestat] skip orientation RF as there are not enough pairs
[M::mem_pestat] skip orientation RR as there are not enough pairs
[M::mem_process_seqs] Processed 324450 reads in 26.679 CPU sec, 3.345 real sec
[main] Version: 0.7.17-r1188
[main] CMD: bwa mem -t 8 -p /projects/micb405/project1/Team10/project2/Prokka_output/MedQ_MAGs/MAG185.ffn /projects/micb405/resources/project_2/2019/Metatranscriptomes/SI072_120m.qtrim.artifact.rRNA.clean.fastq.gz
[main] Real time: 314.840 sec; CPU: 2515.777 sec
