[M::bwa_idx_load_from_disk] read 0 ALT contigs
[M::process] read 575590 sequences (80000149 bp)...
[M::process] 0 single-end sequences; 575590 paired-end sequences
[M::process] read 574910 sequences (80000227 bp)...
[M::mem_pestat] # candidate unique pairs for (FF, FR, RF, RR): (0, 51, 0, 0)
[M::mem_pestat] skip orientation FF as there are not enough pairs
[M::mem_pestat] analyzing insert size distribution for orientation FR...
[M::mem_pestat] (25, 50, 75) percentile: (37, 49, 99)
[M::mem_pestat] low and high boundaries for computing mean and std.dev: (1, 223)
[M::mem_pestat] mean and std.dev: (70.43, 49.03)
[M::mem_pestat] low and high boundaries for proper pairs: (1, 285)
[M::mem_pestat] skip orientation RF as there are not enough pairs
[M::mem_pestat] skip orientation RR as there are not enough pairs
[M::mem_process_seqs] Processed 575590 reads in 44.154 CPU sec, 5.613 real sec
[M::process] 0 single-end sequences; 574910 paired-end sequences
[M::process] read 573232 sequences (80000040 bp)...
[M::mem_pestat] # candidate unique pairs for (FF, FR, RF, RR): (0, 79, 0, 0)
[M::mem_pestat] skip orientation FF as there are not enough pairs
[M::mem_pestat] analyzing insert size distribution for orientation FR...
[M::mem_pestat] (25, 50, 75) percentile: (34, 49, 103)
[M::mem_pestat] low and high boundaries for computing mean and std.dev: (1, 241)
[M::mem_pestat] mean and std.dev: (68.99, 45.14)
[M::mem_pestat] low and high boundaries for proper pairs: (1, 310)
[M::mem_pestat] skip orientation RF as there are not enough pairs
[M::mem_pestat] skip orientation RR as there are not enough pairs
[M::mem_process_seqs] Processed 574910 reads in 42.000 CPU sec, 5.063 real sec
[M::process] 0 single-end sequences; 573232 paired-end sequences
[M::process] read 572324 sequences (80000211 bp)...
[M::mem_pestat] # candidate unique pairs for (FF, FR, RF, RR): (0, 69, 0, 0)
[M::mem_pestat] skip orientation FF as there are not enough pairs
[M::mem_pestat] analyzing insert size distribution for orientation FR...
[M::mem_pestat] (25, 50, 75) percentile: (34, 55, 116)
[M::mem_pestat] low and high boundaries for computing mean and std.dev: (1, 280)
[M::mem_pestat] mean and std.dev: (70.91, 48.30)
[M::mem_pestat] low and high boundaries for proper pairs: (1, 362)
[M::mem_pestat] skip orientation RF as there are not enough pairs
[M::mem_pestat] skip orientation RR as there are not enough pairs
[M::mem_process_seqs] Processed 573232 reads in 42.665 CPU sec, 5.258 real sec
[M::process] 0 single-end sequences; 572324 paired-end sequences
[M::process] read 571168 sequences (80000055 bp)...
[M::mem_pestat] # candidate unique pairs for (FF, FR, RF, RR): (0, 61, 0, 0)
[M::mem_pestat] skip orientation FF as there are not enough pairs
[M::mem_pestat] analyzing insert size distribution for orientation FR...
[M::mem_pestat] (25, 50, 75) percentile: (31, 46, 99)
[M::mem_pestat] low and high boundaries for computing mean and std.dev: (1, 235)
[M::mem_pestat] mean and std.dev: (64.20, 45.59)
[M::mem_pestat] low and high boundaries for proper pairs: (1, 303)
[M::mem_pestat] skip orientation RF as there are not enough pairs
[M::mem_pestat] skip orientation RR as there are not enough pairs
[M::mem_process_seqs] Processed 572324 reads in 43.445 CPU sec, 5.345 real sec
[M::process] 0 single-end sequences; 571168 paired-end sequences
[M::process] read 572340 sequences (80000084 bp)...
[M::mem_pestat] # candidate unique pairs for (FF, FR, RF, RR): (0, 67, 0, 0)
[M::mem_pestat] skip orientation FF as there are not enough pairs
[M::mem_pestat] analyzing insert size distribution for orientation FR...
[M::mem_pestat] (25, 50, 75) percentile: (36, 47, 94)
[M::mem_pestat] low and high boundaries for computing mean and std.dev: (1, 210)
[M::mem_pestat] mean and std.dev: (67.23, 43.54)
[M::mem_pestat] low and high boundaries for proper pairs: (1, 268)
[M::mem_pestat] skip orientation RF as there are not enough pairs
[M::mem_pestat] skip orientation RR as there are not enough pairs
[M::mem_process_seqs] Processed 571168 reads in 42.550 CPU sec, 5.089 real sec
[M::process] 0 single-end sequences; 572340 paired-end sequences
[M::process] read 572778 sequences (80000263 bp)...
[M::mem_pestat] # candidate unique pairs for (FF, FR, RF, RR): (0, 65, 0, 0)
[M::mem_pestat] skip orientation FF as there are not enough pairs
[M::mem_pestat] analyzing insert size distribution for orientation FR...
[M::mem_pestat] (25, 50, 75) percentile: (29, 46, 74)
[M::mem_pestat] low and high boundaries for computing mean and std.dev: (1, 164)
[M::mem_pestat] mean and std.dev: (57.05, 36.61)
[M::mem_pestat] low and high boundaries for proper pairs: (1, 209)
[M::mem_pestat] skip orientation RF as there are not enough pairs
[M::mem_pestat] skip orientation RR as there are not enough pairs
[M::mem_process_seqs] Processed 572340 reads in 42.293 CPU sec, 5.078 real sec
[M::process] 0 single-end sequences; 572778 paired-end sequences
[M::process] read 572410 sequences (80000066 bp)...
[M::mem_pestat] # candidate unique pairs for (FF, FR, RF, RR): (0, 73, 0, 0)
[M::mem_pestat] skip orientation FF as there are not enough pairs
[M::mem_pestat] analyzing insert size distribution for orientation FR...
[M::mem_pestat] (25, 50, 75) percentile: (28, 46, 82)
[M::mem_pestat] low and high boundaries for computing mean and std.dev: (1, 190)
[M::mem_pestat] mean and std.dev: (62.63, 41.99)
[M::mem_pestat] low and high boundaries for proper pairs: (1, 244)
[M::mem_pestat] skip orientation RF as there are not enough pairs
[M::mem_pestat] skip orientation RR as there are not enough pairs
[M::mem_process_seqs] Processed 572778 reads in 43.523 CPU sec, 5.354 real sec
[M::process] 0 single-end sequences; 572410 paired-end sequences
[M::process] read 575170 sequences (80000019 bp)...
[M::mem_pestat] # candidate unique pairs for (FF, FR, RF, RR): (0, 62, 0, 0)
[M::mem_pestat] skip orientation FF as there are not enough pairs
[M::mem_pestat] analyzing insert size distribution for orientation FR...
[M::mem_pestat] (25, 50, 75) percentile: (34, 52, 71)
[M::mem_pestat] low and high boundaries for computing mean and std.dev: (1, 145)
[M::mem_pestat] mean and std.dev: (57.59, 33.07)
[M::mem_pestat] low and high boundaries for proper pairs: (1, 190)
[M::mem_pestat] skip orientation RF as there are not enough pairs
[M::mem_pestat] skip orientation RR as there are not enough pairs
[M::mem_process_seqs] Processed 572410 reads in 42.946 CPU sec, 5.271 real sec
[M::process] 0 single-end sequences; 575170 paired-end sequences
[M::process] read 577648 sequences (80000262 bp)...
[M::mem_pestat] # candidate unique pairs for (FF, FR, RF, RR): (0, 63, 0, 0)
[M::mem_pestat] skip orientation FF as there are not enough pairs
[M::mem_pestat] analyzing insert size distribution for orientation FR...
[M::mem_pestat] (25, 50, 75) percentile: (28, 46, 98)
[M::mem_pestat] low and high boundaries for computing mean and std.dev: (1, 238)
[M::mem_pestat] mean and std.dev: (57.63, 39.47)
[M::mem_pestat] low and high boundaries for proper pairs: (1, 308)
[M::mem_pestat] skip orientation RF as there are not enough pairs
[M::mem_pestat] skip orientation RR as there are not enough pairs
[M::mem_process_seqs] Processed 575170 reads in 42.973 CPU sec, 5.135 real sec
[M::process] 0 single-end sequences; 577648 paired-end sequences
[M::process] read 575950 sequences (80000140 bp)...
[M::mem_pestat] # candidate unique pairs for (FF, FR, RF, RR): (0, 92, 0, 0)
[M::mem_pestat] skip orientation FF as there are not enough pairs
[M::mem_pestat] analyzing insert size distribution for orientation FR...
[M::mem_pestat] (25, 50, 75) percentile: (29, 43, 73)
[M::mem_pestat] low and high boundaries for computing mean and std.dev: (1, 161)
[M::mem_pestat] mean and std.dev: (58.76, 39.92)
[M::mem_pestat] low and high boundaries for proper pairs: (1, 218)
[M::mem_pestat] skip orientation RF as there are not enough pairs
[M::mem_pestat] skip orientation RR as there are not enough pairs
[M::mem_process_seqs] Processed 577648 reads in 42.610 CPU sec, 5.124 real sec
[M::process] 0 single-end sequences; 575950 paired-end sequences
[M::process] read 574556 sequences (80000059 bp)...
[M::mem_pestat] # candidate unique pairs for (FF, FR, RF, RR): (0, 80, 0, 0)
[M::mem_pestat] skip orientation FF as there are not enough pairs
[M::mem_pestat] analyzing insert size distribution for orientation FR...
[M::mem_pestat] (25, 50, 75) percentile: (33, 48, 79)
[M::mem_pestat] low and high boundaries for computing mean and std.dev: (1, 171)
[M::mem_pestat] mean and std.dev: (60.30, 38.99)
[M::mem_pestat] low and high boundaries for proper pairs: (1, 217)
[M::mem_pestat] skip orientation RF as there are not enough pairs
[M::mem_pestat] skip orientation RR as there are not enough pairs
[M::mem_process_seqs] Processed 575950 reads in 41.963 CPU sec, 5.172 real sec
[M::process] 0 single-end sequences; 574556 paired-end sequences
[M::process] read 573228 sequences (80000150 bp)...
[M::mem_pestat] # candidate unique pairs for (FF, FR, RF, RR): (0, 65, 0, 0)
[M::mem_pestat] skip orientation FF as there are not enough pairs
[M::mem_pestat] analyzing insert size distribution for orientation FR...
[M::mem_pestat] (25, 50, 75) percentile: (28, 40, 69)
[M::mem_pestat] low and high boundaries for computing mean and std.dev: (1, 151)
[M::mem_pestat] mean and std.dev: (51.72, 35.40)
[M::mem_pestat] low and high boundaries for proper pairs: (1, 193)
[M::mem_pestat] skip orientation RF as there are not enough pairs
[M::mem_pestat] skip orientation RR as there are not enough pairs
[M::mem_process_seqs] Processed 574556 reads in 42.956 CPU sec, 5.257 real sec
[M::process] 0 single-end sequences; 573228 paired-end sequences
[M::process] read 572856 sequences (80000247 bp)...
[M::mem_pestat] # candidate unique pairs for (FF, FR, RF, RR): (0, 55, 0, 0)
[M::mem_pestat] skip orientation FF as there are not enough pairs
[M::mem_pestat] analyzing insert size distribution for orientation FR...
[M::mem_pestat] (25, 50, 75) percentile: (32, 46, 69)
[M::mem_pestat] low and high boundaries for computing mean and std.dev: (1, 143)
[M::mem_pestat] mean and std.dev: (56.29, 35.46)
[M::mem_pestat] low and high boundaries for proper pairs: (1, 198)
[M::mem_pestat] skip orientation RF as there are not enough pairs
[M::mem_pestat] skip orientation RR as there are not enough pairs
[M::mem_process_seqs] Processed 573228 reads in 43.161 CPU sec, 5.156 real sec
[M::process] 0 single-end sequences; 572856 paired-end sequences
[M::process] read 573544 sequences (80000051 bp)...
[M::mem_pestat] # candidate unique pairs for (FF, FR, RF, RR): (0, 65, 0, 0)
[M::mem_pestat] skip orientation FF as there are not enough pairs
[M::mem_pestat] analyzing insert size distribution for orientation FR...
[M::mem_pestat] (25, 50, 75) percentile: (31, 45, 111)
[M::mem_pestat] low and high boundaries for computing mean and std.dev: (1, 271)
[M::mem_pestat] mean and std.dev: (67.33, 47.62)
[M::mem_pestat] low and high boundaries for proper pairs: (1, 351)
[M::mem_pestat] skip orientation RF as there are not enough pairs
[M::mem_pestat] skip orientation RR as there are not enough pairs
[M::mem_process_seqs] Processed 572856 reads in 42.254 CPU sec, 5.075 real sec
[M::process] 0 single-end sequences; 573544 paired-end sequences
[M::process] read 573378 sequences (80000183 bp)...
[M::mem_pestat] # candidate unique pairs for (FF, FR, RF, RR): (0, 77, 0, 0)
[M::mem_pestat] skip orientation FF as there are not enough pairs
[M::mem_pestat] analyzing insert size distribution for orientation FR...
[M::mem_pestat] (25, 50, 75) percentile: (28, 44, 80)
[M::mem_pestat] low and high boundaries for computing mean and std.dev: (1, 184)
[M::mem_pestat] mean and std.dev: (59.77, 41.70)
[M::mem_pestat] low and high boundaries for proper pairs: (1, 236)
[M::mem_pestat] skip orientation RF as there are not enough pairs
[M::mem_pestat] skip orientation RR as there are not enough pairs
[M::mem_process_seqs] Processed 573544 reads in 43.275 CPU sec, 5.313 real sec
[M::process] 0 single-end sequences; 573378 paired-end sequences
[M::process] read 573738 sequences (80000098 bp)...
[M::mem_pestat] # candidate unique pairs for (FF, FR, RF, RR): (0, 72, 0, 0)
[M::mem_pestat] skip orientation FF as there are not enough pairs
[M::mem_pestat] analyzing insert size distribution for orientation FR...
[M::mem_pestat] (25, 50, 75) percentile: (31, 45, 74)
[M::mem_pestat] low and high boundaries for computing mean and std.dev: (1, 160)
[M::mem_pestat] mean and std.dev: (56.91, 35.68)
[M::mem_pestat] low and high boundaries for proper pairs: (1, 203)
[M::mem_pestat] skip orientation RF as there are not enough pairs
[M::mem_pestat] skip orientation RR as there are not enough pairs
[M::mem_process_seqs] Processed 573378 reads in 42.534 CPU sec, 5.090 real sec
[M::process] 0 single-end sequences; 573738 paired-end sequences
[M::process] read 577192 sequences (80000263 bp)...
[M::mem_pestat] # candidate unique pairs for (FF, FR, RF, RR): (0, 65, 0, 0)
[M::mem_pestat] skip orientation FF as there are not enough pairs
[M::mem_pestat] analyzing insert size distribution for orientation FR...
[M::mem_pestat] (25, 50, 75) percentile: (31, 49, 127)
[M::mem_pestat] low and high boundaries for computing mean and std.dev: (1, 319)
[M::mem_pestat] mean and std.dev: (75.29, 57.79)
[M::mem_pestat] low and high boundaries for proper pairs: (1, 415)
[M::mem_pestat] skip orientation RF as there are not enough pairs
[M::mem_pestat] skip orientation RR as there are not enough pairs
[M::mem_process_seqs] Processed 573738 reads in 42.398 CPU sec, 5.102 real sec
[M::process] 0 single-end sequences; 577192 paired-end sequences
[M::process] read 576586 sequences (80000091 bp)...
[M::mem_pestat] # candidate unique pairs for (FF, FR, RF, RR): (0, 70, 0, 0)
[M::mem_pestat] skip orientation FF as there are not enough pairs
[M::mem_pestat] analyzing insert size distribution for orientation FR...
[M::mem_pestat] (25, 50, 75) percentile: (28, 47, 91)
[M::mem_pestat] low and high boundaries for computing mean and std.dev: (1, 217)
[M::mem_pestat] mean and std.dev: (62.01, 42.41)
[M::mem_pestat] low and high boundaries for proper pairs: (1, 280)
[M::mem_pestat] skip orientation RF as there are not enough pairs
[M::mem_pestat] skip orientation RR as there are not enough pairs
[M::mem_process_seqs] Processed 577192 reads in 42.392 CPU sec, 5.215 real sec
[M::process] 0 single-end sequences; 576586 paired-end sequences
[M::process] read 574676 sequences (80000063 bp)...
[M::mem_pestat] # candidate unique pairs for (FF, FR, RF, RR): (0, 67, 0, 0)
[M::mem_pestat] skip orientation FF as there are not enough pairs
[M::mem_pestat] analyzing insert size distribution for orientation FR...
[M::mem_pestat] (25, 50, 75) percentile: (35, 47, 107)
[M::mem_pestat] low and high boundaries for computing mean and std.dev: (1, 251)
[M::mem_pestat] mean and std.dev: (68.11, 47.80)
[M::mem_pestat] low and high boundaries for proper pairs: (1, 323)
[M::mem_pestat] skip orientation RF as there are not enough pairs
[M::mem_pestat] skip orientation RR as there are not enough pairs
[M::mem_process_seqs] Processed 576586 reads in 42.559 CPU sec, 5.114 real sec
[M::process] 0 single-end sequences; 574676 paired-end sequences
[M::process] read 573060 sequences (80000001 bp)...
[M::mem_pestat] # candidate unique pairs for (FF, FR, RF, RR): (0, 71, 0, 0)
[M::mem_pestat] skip orientation FF as there are not enough pairs
[M::mem_pestat] analyzing insert size distribution for orientation FR...
[M::mem_pestat] (25, 50, 75) percentile: (34, 53, 91)
[M::mem_pestat] low and high boundaries for computing mean and std.dev: (1, 205)
[M::mem_pestat] mean and std.dev: (67.94, 45.99)
[M::mem_pestat] low and high boundaries for proper pairs: (1, 262)
[M::mem_pestat] skip orientation RF as there are not enough pairs
[M::mem_pestat] skip orientation RR as there are not enough pairs
[M::mem_process_seqs] Processed 574676 reads in 43.131 CPU sec, 5.169 real sec
[M::process] 0 single-end sequences; 573060 paired-end sequences
[M::process] read 572662 sequences (80000095 bp)...
[M::mem_pestat] # candidate unique pairs for (FF, FR, RF, RR): (0, 66, 0, 0)
[M::mem_pestat] skip orientation FF as there are not enough pairs
[M::mem_pestat] analyzing insert size distribution for orientation FR...
[M::mem_pestat] (25, 50, 75) percentile: (32, 54, 95)
[M::mem_pestat] low and high boundaries for computing mean and std.dev: (1, 221)
[M::mem_pestat] mean and std.dev: (66.43, 43.84)
[M::mem_pestat] low and high boundaries for proper pairs: (1, 284)
[M::mem_pestat] skip orientation RF as there are not enough pairs
[M::mem_pestat] skip orientation RR as there are not enough pairs
[M::mem_process_seqs] Processed 573060 reads in 42.557 CPU sec, 5.131 real sec
[M::process] 0 single-end sequences; 572662 paired-end sequences
[M::process] read 572444 sequences (80000216 bp)...
[M::mem_pestat] # candidate unique pairs for (FF, FR, RF, RR): (0, 69, 0, 0)
[M::mem_pestat] skip orientation FF as there are not enough pairs
[M::mem_pestat] analyzing insert size distribution for orientation FR...
[M::mem_pestat] (25, 50, 75) percentile: (32, 46, 65)
[M::mem_pestat] low and high boundaries for computing mean and std.dev: (1, 131)
[M::mem_pestat] mean and std.dev: (49.46, 26.45)
[M::mem_pestat] low and high boundaries for proper pairs: (1, 164)
[M::mem_pestat] skip orientation RF as there are not enough pairs
[M::mem_pestat] skip orientation RR as there are not enough pairs
[M::mem_process_seqs] Processed 572662 reads in 42.235 CPU sec, 5.067 real sec
[M::process] 0 single-end sequences; 572444 paired-end sequences
[M::process] read 572938 sequences (80000031 bp)...
[M::mem_pestat] # candidate unique pairs for (FF, FR, RF, RR): (0, 73, 0, 0)
[M::mem_pestat] skip orientation FF as there are not enough pairs
[M::mem_pestat] analyzing insert size distribution for orientation FR...
[M::mem_pestat] (25, 50, 75) percentile: (35, 46, 136)
[M::mem_pestat] low and high boundaries for computing mean and std.dev: (1, 338)
[M::mem_pestat] mean and std.dev: (77.92, 62.47)
[M::mem_pestat] low and high boundaries for proper pairs: (1, 439)
[M::mem_pestat] skip orientation RF as there are not enough pairs
[M::mem_pestat] skip orientation RR as there are not enough pairs
[M::mem_process_seqs] Processed 572444 reads in 42.928 CPU sec, 5.148 real sec
[M::process] 0 single-end sequences; 572938 paired-end sequences
[M::process] read 572516 sequences (80000247 bp)...
[M::mem_pestat] # candidate unique pairs for (FF, FR, RF, RR): (0, 65, 0, 0)
[M::mem_pestat] skip orientation FF as there are not enough pairs
[M::mem_pestat] analyzing insert size distribution for orientation FR...
[M::mem_pestat] (25, 50, 75) percentile: (29, 46, 73)
[M::mem_pestat] low and high boundaries for computing mean and std.dev: (1, 161)
[M::mem_pestat] mean and std.dev: (54.34, 35.56)
[M::mem_pestat] low and high boundaries for proper pairs: (1, 205)
[M::mem_pestat] skip orientation RF as there are not enough pairs
[M::mem_pestat] skip orientation RR as there are not enough pairs
[M::mem_process_seqs] Processed 572938 reads in 42.547 CPU sec, 5.112 real sec
[M::process] 0 single-end sequences; 572516 paired-end sequences
[M::process] read 577924 sequences (80000266 bp)...
[M::mem_pestat] # candidate unique pairs for (FF, FR, RF, RR): (0, 60, 0, 0)
[M::mem_pestat] skip orientation FF as there are not enough pairs
[M::mem_pestat] analyzing insert size distribution for orientation FR...
[M::mem_pestat] (25, 50, 75) percentile: (29, 47, 103)
[M::mem_pestat] low and high boundaries for computing mean and std.dev: (1, 251)
[M::mem_pestat] mean and std.dev: (66.63, 46.35)
[M::mem_pestat] low and high boundaries for proper pairs: (1, 325)
[M::mem_pestat] skip orientation RF as there are not enough pairs
[M::mem_pestat] skip orientation RR as there are not enough pairs
[M::mem_process_seqs] Processed 572516 reads in 42.275 CPU sec, 5.210 real sec
[M::process] 0 single-end sequences; 577924 paired-end sequences
[M::process] read 578012 sequences (80000233 bp)...
[M::mem_pestat] # candidate unique pairs for (FF, FR, RF, RR): (0, 68, 0, 0)
[M::mem_pestat] skip orientation FF as there are not enough pairs
[M::mem_pestat] analyzing insert size distribution for orientation FR...
[M::mem_pestat] (25, 50, 75) percentile: (29, 46, 82)
[M::mem_pestat] low and high boundaries for computing mean and std.dev: (1, 188)
[M::mem_pestat] mean and std.dev: (62.39, 44.22)
[M::mem_pestat] low and high boundaries for proper pairs: (1, 241)
[M::mem_pestat] skip orientation RF as there are not enough pairs
[M::mem_pestat] skip orientation RR as there are not enough pairs
[M::mem_process_seqs] Processed 577924 reads in 42.805 CPU sec, 5.255 real sec
[M::process] 0 single-end sequences; 578012 paired-end sequences
[M::process] read 576538 sequences (80000094 bp)...
[M::mem_pestat] # candidate unique pairs for (FF, FR, RF, RR): (0, 83, 0, 0)
[M::mem_pestat] skip orientation FF as there are not enough pairs
[M::mem_pestat] analyzing insert size distribution for orientation FR...
[M::mem_pestat] (25, 50, 75) percentile: (28, 44, 76)
[M::mem_pestat] low and high boundaries for computing mean and std.dev: (1, 172)
[M::mem_pestat] mean and std.dev: (56.76, 34.33)
[M::mem_pestat] low and high boundaries for proper pairs: (1, 220)
[M::mem_pestat] skip orientation RF as there are not enough pairs
[M::mem_pestat] skip orientation RR as there are not enough pairs
[M::mem_process_seqs] Processed 578012 reads in 43.928 CPU sec, 5.383 real sec
[M::process] 0 single-end sequences; 576538 paired-end sequences
[M::process] read 575528 sequences (80000006 bp)...
[M::mem_pestat] # candidate unique pairs for (FF, FR, RF, RR): (0, 79, 0, 0)
[M::mem_pestat] skip orientation FF as there are not enough pairs
[M::mem_pestat] analyzing insert size distribution for orientation FR...
[M::mem_pestat] (25, 50, 75) percentile: (34, 46, 91)
[M::mem_pestat] low and high boundaries for computing mean and std.dev: (1, 205)
[M::mem_pestat] mean and std.dev: (65.29, 42.57)
[M::mem_pestat] low and high boundaries for proper pairs: (1, 262)
[M::mem_pestat] skip orientation RF as there are not enough pairs
[M::mem_pestat] skip orientation RR as there are not enough pairs
[M::mem_process_seqs] Processed 576538 reads in 42.627 CPU sec, 5.119 real sec
[M::process] 0 single-end sequences; 575528 paired-end sequences
[M::process] read 574726 sequences (80000110 bp)...
[M::mem_pestat] # candidate unique pairs for (FF, FR, RF, RR): (0, 79, 0, 0)
[M::mem_pestat] skip orientation FF as there are not enough pairs
[M::mem_pestat] analyzing insert size distribution for orientation FR...
[M::mem_pestat] (25, 50, 75) percentile: (31, 50, 95)
[M::mem_pestat] low and high boundaries for computing mean and std.dev: (1, 223)
[M::mem_pestat] mean and std.dev: (61.74, 41.03)
[M::mem_pestat] low and high boundaries for proper pairs: (1, 287)
[M::mem_pestat] skip orientation RF as there are not enough pairs
[M::mem_pestat] skip orientation RR as there are not enough pairs
[M::mem_process_seqs] Processed 575528 reads in 42.577 CPU sec, 5.162 real sec
[M::process] 0 single-end sequences; 574726 paired-end sequences
[M::process] read 574230 sequences (80000177 bp)...
[M::mem_pestat] # candidate unique pairs for (FF, FR, RF, RR): (0, 66, 0, 0)
[M::mem_pestat] skip orientation FF as there are not enough pairs
[M::mem_pestat] analyzing insert size distribution for orientation FR...
[M::mem_pestat] (25, 50, 75) percentile: (34, 52, 142)
[M::mem_pestat] low and high boundaries for computing mean and std.dev: (1, 358)
[M::mem_pestat] mean and std.dev: (91.67, 77.52)
[M::mem_pestat] low and high boundaries for proper pairs: (1, 466)
[M::mem_pestat] skip orientation RF as there are not enough pairs
[M::mem_pestat] skip orientation RR as there are not enough pairs
[M::mem_process_seqs] Processed 574726 reads in 41.871 CPU sec, 5.012 real sec
[M::process] 0 single-end sequences; 574230 paired-end sequences
[M::process] read 575578 sequences (80000172 bp)...
[M::mem_pestat] # candidate unique pairs for (FF, FR, RF, RR): (0, 72, 0, 0)
[M::mem_pestat] skip orientation FF as there are not enough pairs
[M::mem_pestat] analyzing insert size distribution for orientation FR...
[M::mem_pestat] (25, 50, 75) percentile: (29, 45, 103)
[M::mem_pestat] low and high boundaries for computing mean and std.dev: (1, 251)
[M::mem_pestat] mean and std.dev: (64.51, 51.38)
[M::mem_pestat] low and high boundaries for proper pairs: (1, 325)
[M::mem_pestat] skip orientation RF as there are not enough pairs
[M::mem_pestat] skip orientation RR as there are not enough pairs
[M::mem_process_seqs] Processed 574230 reads in 42.589 CPU sec, 5.132 real sec
[M::process] 0 single-end sequences; 575578 paired-end sequences
[M::process] read 577352 sequences (80000159 bp)...
[M::mem_pestat] # candidate unique pairs for (FF, FR, RF, RR): (0, 77, 0, 0)
[M::mem_pestat] skip orientation FF as there are not enough pairs
[M::mem_pestat] analyzing insert size distribution for orientation FR...
[M::mem_pestat] (25, 50, 75) percentile: (32, 45, 95)
[M::mem_pestat] low and high boundaries for computing mean and std.dev: (1, 221)
[M::mem_pestat] mean and std.dev: (63.95, 46.46)
[M::mem_pestat] low and high boundaries for proper pairs: (1, 284)
[M::mem_pestat] skip orientation RF as there are not enough pairs
[M::mem_pestat] skip orientation RR as there are not enough pairs
[M::mem_process_seqs] Processed 575578 reads in 42.475 CPU sec, 5.086 real sec
[M::process] 0 single-end sequences; 577352 paired-end sequences
[M::process] read 576270 sequences (80000127 bp)...
[M::mem_pestat] # candidate unique pairs for (FF, FR, RF, RR): (0, 66, 0, 0)
[M::mem_pestat] skip orientation FF as there are not enough pairs
[M::mem_pestat] analyzing insert size distribution for orientation FR...
[M::mem_pestat] (25, 50, 75) percentile: (29, 43, 61)
[M::mem_pestat] low and high boundaries for computing mean and std.dev: (1, 125)
[M::mem_pestat] mean and std.dev: (45.66, 21.22)
[M::mem_pestat] low and high boundaries for proper pairs: (1, 157)
[M::mem_pestat] skip orientation RF as there are not enough pairs
[M::mem_pestat] skip orientation RR as there are not enough pairs
[M::mem_process_seqs] Processed 577352 reads in 43.104 CPU sec, 5.165 real sec
[M::process] 0 single-end sequences; 576270 paired-end sequences
[M::process] read 578358 sequences (80000087 bp)...
[M::mem_pestat] # candidate unique pairs for (FF, FR, RF, RR): (0, 66, 0, 0)
[M::mem_pestat] skip orientation FF as there are not enough pairs
[M::mem_pestat] analyzing insert size distribution for orientation FR...
[M::mem_pestat] (25, 50, 75) percentile: (37, 65, 104)
[M::mem_pestat] low and high boundaries for computing mean and std.dev: (1, 238)
[M::mem_pestat] mean and std.dev: (77.24, 47.66)
[M::mem_pestat] low and high boundaries for proper pairs: (1, 305)
[M::mem_pestat] skip orientation RF as there are not enough pairs
[M::mem_pestat] skip orientation RR as there are not enough pairs
[M::mem_process_seqs] Processed 576270 reads in 42.718 CPU sec, 5.127 real sec
[M::process] 0 single-end sequences; 578358 paired-end sequences
[M::process] read 579442 sequences (80000032 bp)...
[M::mem_pestat] # candidate unique pairs for (FF, FR, RF, RR): (0, 66, 0, 0)
[M::mem_pestat] skip orientation FF as there are not enough pairs
[M::mem_pestat] analyzing insert size distribution for orientation FR...
[M::mem_pestat] (25, 50, 75) percentile: (30, 46, 94)
[M::mem_pestat] low and high boundaries for computing mean and std.dev: (1, 222)
[M::mem_pestat] mean and std.dev: (61.83, 41.49)
[M::mem_pestat] low and high boundaries for proper pairs: (1, 286)
[M::mem_pestat] skip orientation RF as there are not enough pairs
[M::mem_pestat] skip orientation RR as there are not enough pairs
[M::mem_process_seqs] Processed 578358 reads in 42.461 CPU sec, 5.091 real sec
[M::process] 0 single-end sequences; 579442 paired-end sequences
[M::process] read 578020 sequences (80000005 bp)...
[M::mem_pestat] # candidate unique pairs for (FF, FR, RF, RR): (0, 82, 0, 0)
[M::mem_pestat] skip orientation FF as there are not enough pairs
[M::mem_pestat] analyzing insert size distribution for orientation FR...
[M::mem_pestat] (25, 50, 75) percentile: (29, 46, 79)
[M::mem_pestat] low and high boundaries for computing mean and std.dev: (1, 179)
[M::mem_pestat] mean and std.dev: (58.29, 38.69)
[M::mem_pestat] low and high boundaries for proper pairs: (1, 229)
[M::mem_pestat] skip orientation RF as there are not enough pairs
[M::mem_pestat] skip orientation RR as there are not enough pairs
[M::mem_process_seqs] Processed 579442 reads in 42.321 CPU sec, 5.086 real sec
[M::process] 0 single-end sequences; 578020 paired-end sequences
[M::process] read 576524 sequences (80000267 bp)...
[M::mem_pestat] # candidate unique pairs for (FF, FR, RF, RR): (0, 60, 0, 0)
[M::mem_pestat] skip orientation FF as there are not enough pairs
[M::mem_pestat] analyzing insert size distribution for orientation FR...
[M::mem_pestat] (25, 50, 75) percentile: (32, 46, 105)
[M::mem_pestat] low and high boundaries for computing mean and std.dev: (1, 251)
[M::mem_pestat] mean and std.dev: (69.31, 47.79)
[M::mem_pestat] low and high boundaries for proper pairs: (1, 324)
[M::mem_pestat] skip orientation RF as there are not enough pairs
[M::mem_pestat] skip orientation RR as there are not enough pairs
[M::mem_process_seqs] Processed 578020 reads in 42.406 CPU sec, 5.071 real sec
[M::process] 0 single-end sequences; 576524 paired-end sequences
[M::process] read 575472 sequences (80000247 bp)...
[M::mem_pestat] # candidate unique pairs for (FF, FR, RF, RR): (0, 64, 0, 0)
[M::mem_pestat] skip orientation FF as there are not enough pairs
[M::mem_pestat] analyzing insert size distribution for orientation FR...
[M::mem_pestat] (25, 50, 75) percentile: (34, 53, 92)
[M::mem_pestat] low and high boundaries for computing mean and std.dev: (1, 208)
[M::mem_pestat] mean and std.dev: (64.89, 39.66)
[M::mem_pestat] low and high boundaries for proper pairs: (1, 266)
[M::mem_pestat] skip orientation RF as there are not enough pairs
[M::mem_pestat] skip orientation RR as there are not enough pairs
[M::mem_process_seqs] Processed 576524 reads in 42.388 CPU sec, 5.090 real sec
[M::process] 0 single-end sequences; 575472 paired-end sequences
[M::process] read 574780 sequences (80000101 bp)...
[M::mem_pestat] # candidate unique pairs for (FF, FR, RF, RR): (0, 75, 0, 0)
[M::mem_pestat] skip orientation FF as there are not enough pairs
[M::mem_pestat] analyzing insert size distribution for orientation FR...
[M::mem_pestat] (25, 50, 75) percentile: (34, 46, 120)
[M::mem_pestat] low and high boundaries for computing mean and std.dev: (1, 292)
[M::mem_pestat] mean and std.dev: (68.59, 53.06)
[M::mem_pestat] low and high boundaries for proper pairs: (1, 378)
[M::mem_pestat] skip orientation RF as there are not enough pairs
[M::mem_pestat] skip orientation RR as there are not enough pairs
[M::mem_process_seqs] Processed 575472 reads in 42.376 CPU sec, 5.094 real sec
[M::process] 0 single-end sequences; 574780 paired-end sequences
[M::process] read 575598 sequences (80000002 bp)...
[M::mem_pestat] # candidate unique pairs for (FF, FR, RF, RR): (0, 74, 0, 0)
[M::mem_pestat] skip orientation FF as there are not enough pairs
[M::mem_pestat] analyzing insert size distribution for orientation FR...
[M::mem_pestat] (25, 50, 75) percentile: (32, 49, 102)
[M::mem_pestat] low and high boundaries for computing mean and std.dev: (1, 242)
[M::mem_pestat] mean and std.dev: (64.58, 44.50)
[M::mem_pestat] low and high boundaries for proper pairs: (1, 312)
[M::mem_pestat] skip orientation RF as there are not enough pairs
[M::mem_pestat] skip orientation RR as there are not enough pairs
[M::mem_process_seqs] Processed 574780 reads in 43.699 CPU sec, 5.265 real sec
[M::process] 0 single-end sequences; 575598 paired-end sequences
[M::process] read 575924 sequences (80000237 bp)...
[M::mem_pestat] # candidate unique pairs for (FF, FR, RF, RR): (0, 75, 0, 0)
[M::mem_pestat] skip orientation FF as there are not enough pairs
[M::mem_pestat] analyzing insert size distribution for orientation FR...
[M::mem_pestat] (25, 50, 75) percentile: (37, 56, 91)
[M::mem_pestat] low and high boundaries for computing mean and std.dev: (1, 199)
[M::mem_pestat] mean and std.dev: (68.52, 43.65)
[M::mem_pestat] low and high boundaries for proper pairs: (1, 253)
[M::mem_pestat] skip orientation RF as there are not enough pairs
[M::mem_pestat] skip orientation RR as there are not enough pairs
[M::mem_process_seqs] Processed 575598 reads in 42.562 CPU sec, 5.098 real sec
[M::process] 0 single-end sequences; 575924 paired-end sequences
[M::process] read 576064 sequences (80000116 bp)...
[M::mem_pestat] # candidate unique pairs for (FF, FR, RF, RR): (0, 60, 0, 0)
[M::mem_pestat] skip orientation FF as there are not enough pairs
[M::mem_pestat] analyzing insert size distribution for orientation FR...
[M::mem_pestat] (25, 50, 75) percentile: (37, 47, 122)
[M::mem_pestat] low and high boundaries for computing mean and std.dev: (1, 292)
[M::mem_pestat] mean and std.dev: (76.03, 60.61)
[M::mem_pestat] low and high boundaries for proper pairs: (1, 377)
[M::mem_pestat] skip orientation RF as there are not enough pairs
[M::mem_pestat] skip orientation RR as there are not enough pairs
[M::mem_process_seqs] Processed 575924 reads in 42.312 CPU sec, 5.089 real sec
[M::process] 0 single-end sequences; 576064 paired-end sequences
[M::process] read 577646 sequences (80000269 bp)...
[M::mem_pestat] # candidate unique pairs for (FF, FR, RF, RR): (0, 63, 0, 0)
[M::mem_pestat] skip orientation FF as there are not enough pairs
[M::mem_pestat] analyzing insert size distribution for orientation FR...
[M::mem_pestat] (25, 50, 75) percentile: (31, 46, 104)
[M::mem_pestat] low and high boundaries for computing mean and std.dev: (1, 250)
[M::mem_pestat] mean and std.dev: (69.37, 47.63)
[M::mem_pestat] low and high boundaries for proper pairs: (1, 323)
[M::mem_pestat] skip orientation RF as there are not enough pairs
[M::mem_pestat] skip orientation RR as there are not enough pairs
[M::mem_process_seqs] Processed 576064 reads in 42.556 CPU sec, 5.086 real sec
[M::process] 0 single-end sequences; 577646 paired-end sequences
[M::process] read 579296 sequences (80000075 bp)...
[M::mem_pestat] # candidate unique pairs for (FF, FR, RF, RR): (0, 77, 0, 0)
[M::mem_pestat] skip orientation FF as there are not enough pairs
[M::mem_pestat] analyzing insert size distribution for orientation FR...
[M::mem_pestat] (25, 50, 75) percentile: (32, 49, 109)
[M::mem_pestat] low and high boundaries for computing mean and std.dev: (1, 263)
[M::mem_pestat] mean and std.dev: (68.97, 45.94)
[M::mem_pestat] low and high boundaries for proper pairs: (1, 340)
[M::mem_pestat] skip orientation RF as there are not enough pairs
[M::mem_pestat] skip orientation RR as there are not enough pairs
[M::mem_process_seqs] Processed 577646 reads in 41.953 CPU sec, 5.045 real sec
[M::process] 0 single-end sequences; 579296 paired-end sequences
[M::process] read 578058 sequences (80000105 bp)...
[M::mem_pestat] # candidate unique pairs for (FF, FR, RF, RR): (0, 69, 0, 0)
[M::mem_pestat] skip orientation FF as there are not enough pairs
[M::mem_pestat] analyzing insert size distribution for orientation FR...
[M::mem_pestat] (25, 50, 75) percentile: (32, 49, 103)
[M::mem_pestat] low and high boundaries for computing mean and std.dev: (1, 245)
[M::mem_pestat] mean and std.dev: (68.49, 47.92)
[M::mem_pestat] low and high boundaries for proper pairs: (1, 316)
[M::mem_pestat] skip orientation RF as there are not enough pairs
[M::mem_pestat] skip orientation RR as there are not enough pairs
[M::mem_process_seqs] Processed 579296 reads in 42.114 CPU sec, 5.075 real sec
[M::process] 0 single-end sequences; 578058 paired-end sequences
[M::process] read 576544 sequences (80000221 bp)...
[M::mem_pestat] # candidate unique pairs for (FF, FR, RF, RR): (0, 71, 0, 0)
[M::mem_pestat] skip orientation FF as there are not enough pairs
[M::mem_pestat] analyzing insert size distribution for orientation FR...
[M::mem_pestat] (25, 50, 75) percentile: (36, 48, 88)
[M::mem_pestat] low and high boundaries for computing mean and std.dev: (1, 192)
[M::mem_pestat] mean and std.dev: (62.84, 40.05)
[M::mem_pestat] low and high boundaries for proper pairs: (1, 244)
[M::mem_pestat] skip orientation RF as there are not enough pairs
[M::mem_pestat] skip orientation RR as there are not enough pairs
[M::mem_process_seqs] Processed 578058 reads in 43.124 CPU sec, 5.184 real sec
[M::process] 0 single-end sequences; 576544 paired-end sequences
[M::process] read 575232 sequences (80000234 bp)...
[M::mem_pestat] # candidate unique pairs for (FF, FR, RF, RR): (0, 59, 0, 0)
[M::mem_pestat] skip orientation FF as there are not enough pairs
[M::mem_pestat] analyzing insert size distribution for orientation FR...
[M::mem_pestat] (25, 50, 75) percentile: (35, 43, 73)
[M::mem_pestat] low and high boundaries for computing mean and std.dev: (1, 149)
[M::mem_pestat] mean and std.dev: (52.96, 31.16)
[M::mem_pestat] low and high boundaries for proper pairs: (1, 187)
[M::mem_pestat] skip orientation RF as there are not enough pairs
[M::mem_pestat] skip orientation RR as there are not enough pairs
[M::mem_process_seqs] Processed 576544 reads in 43.138 CPU sec, 5.189 real sec
[M::process] 0 single-end sequences; 575232 paired-end sequences
[M::process] read 575048 sequences (80000279 bp)...
[M::mem_pestat] # candidate unique pairs for (FF, FR, RF, RR): (0, 66, 0, 0)
[M::mem_pestat] skip orientation FF as there are not enough pairs
[M::mem_pestat] analyzing insert size distribution for orientation FR...
[M::mem_pestat] (25, 50, 75) percentile: (36, 49, 111)
[M::mem_pestat] low and high boundaries for computing mean and std.dev: (1, 261)
[M::mem_pestat] mean and std.dev: (70.29, 52.47)
[M::mem_pestat] low and high boundaries for proper pairs: (1, 336)
[M::mem_pestat] skip orientation RF as there are not enough pairs
[M::mem_pestat] skip orientation RR as there are not enough pairs
[M::mem_process_seqs] Processed 575232 reads in 42.117 CPU sec, 5.069 real sec
[M::process] 0 single-end sequences; 575048 paired-end sequences
[M::process] read 575234 sequences (80000245 bp)...
[M::mem_pestat] # candidate unique pairs for (FF, FR, RF, RR): (0, 89, 0, 0)
[M::mem_pestat] skip orientation FF as there are not enough pairs
[M::mem_pestat] analyzing insert size distribution for orientation FR...
[M::mem_pestat] (25, 50, 75) percentile: (33, 49, 127)
[M::mem_pestat] low and high boundaries for computing mean and std.dev: (1, 315)
[M::mem_pestat] mean and std.dev: (73.52, 51.91)
[M::mem_pestat] low and high boundaries for proper pairs: (1, 409)
[M::mem_pestat] skip orientation RF as there are not enough pairs
[M::mem_pestat] skip orientation RR as there are not enough pairs
[M::mem_process_seqs] Processed 575048 reads in 42.441 CPU sec, 5.101 real sec
[M::process] 0 single-end sequences; 575234 paired-end sequences
[M::process] read 575960 sequences (80000116 bp)...
[M::mem_pestat] # candidate unique pairs for (FF, FR, RF, RR): (0, 89, 0, 0)
[M::mem_pestat] skip orientation FF as there are not enough pairs
[M::mem_pestat] analyzing insert size distribution for orientation FR...
[M::mem_pestat] (25, 50, 75) percentile: (29, 46, 76)
[M::mem_pestat] low and high boundaries for computing mean and std.dev: (1, 170)
[M::mem_pestat] mean and std.dev: (61.06, 40.22)
[M::mem_pestat] low and high boundaries for proper pairs: (1, 222)
[M::mem_pestat] skip orientation RF as there are not enough pairs
[M::mem_pestat] skip orientation RR as there are not enough pairs
[M::mem_process_seqs] Processed 575234 reads in 42.427 CPU sec, 5.095 real sec
[M::process] 0 single-end sequences; 575960 paired-end sequences
[M::process] read 575980 sequences (80000266 bp)...
[M::mem_pestat] # candidate unique pairs for (FF, FR, RF, RR): (0, 64, 0, 0)
[M::mem_pestat] skip orientation FF as there are not enough pairs
[M::mem_pestat] analyzing insert size distribution for orientation FR...
[M::mem_pestat] (25, 50, 75) percentile: (34, 45, 70)
[M::mem_pestat] low and high boundaries for computing mean and std.dev: (1, 142)
[M::mem_pestat] mean and std.dev: (52.19, 30.11)
[M::mem_pestat] low and high boundaries for proper pairs: (1, 178)
[M::mem_pestat] skip orientation RF as there are not enough pairs
[M::mem_pestat] skip orientation RR as there are not enough pairs
[M::mem_process_seqs] Processed 575960 reads in 41.972 CPU sec, 5.030 real sec
[M::process] 0 single-end sequences; 575980 paired-end sequences
[M::process] read 324450 sequences (44935738 bp)...
[M::mem_pestat] # candidate unique pairs for (FF, FR, RF, RR): (0, 51, 0, 0)
[M::mem_pestat] skip orientation FF as there are not enough pairs
[M::mem_pestat] analyzing insert size distribution for orientation FR...
[M::mem_pestat] (25, 50, 75) percentile: (31, 45, 59)
[M::mem_pestat] low and high boundaries for computing mean and std.dev: (1, 115)
[M::mem_pestat] mean and std.dev: (41.33, 15.49)
[M::mem_pestat] low and high boundaries for proper pairs: (1, 143)
[M::mem_pestat] skip orientation RF as there are not enough pairs
[M::mem_pestat] skip orientation RR as there are not enough pairs
[M::mem_process_seqs] Processed 575980 reads in 41.263 CPU sec, 5.103 real sec
[M::process] 0 single-end sequences; 324450 paired-end sequences
[M::mem_pestat] # candidate unique pairs for (FF, FR, RF, RR): (0, 44, 0, 0)
[M::mem_pestat] skip orientation FF as there are not enough pairs
[M::mem_pestat] analyzing insert size distribution for orientation FR...
[M::mem_pestat] (25, 50, 75) percentile: (28, 46, 76)
[M::mem_pestat] low and high boundaries for computing mean and std.dev: (1, 172)
[M::mem_pestat] mean and std.dev: (56.91, 37.05)
[M::mem_pestat] low and high boundaries for proper pairs: (1, 220)
[M::mem_pestat] skip orientation RF as there are not enough pairs
[M::mem_pestat] skip orientation RR as there are not enough pairs
[M::mem_process_seqs] Processed 324450 reads in 23.353 CPU sec, 2.953 real sec
[main] Version: 0.7.17-r1188
[main] CMD: bwa mem -t 8 -p /projects/micb405/project1/Team10/project2/Prokka_output/MedQ_MAGs/MAG250.ffn /projects/micb405/resources/project_2/2019/Metatranscriptomes/SI072_120m.qtrim.artifact.rRNA.clean.fastq.gz
[main] Real time: 288.780 sec; CPU: 2260.252 sec
