[21:28:35] This is prokka 1.13
[21:28:35] Written by Torsten Seemann <torsten.seemann@gmail.com>
[21:28:35] Homepage is https://github.com/tseemann/prokka
[21:28:35] Local time is Wed Nov 20 21:28:35 2019
[21:28:35] You are linuxbrew
[21:28:35] Operating system is linux
[21:28:35] You have BioPerl 1.007002
[21:28:35] System has 40 cores.
[21:28:35] Will use maximum of 8 cores.
[21:28:35] Annotating as >>> Archaea <<<
[21:28:35] Re-using existing --outdir /projects/micb405/project1/Team10/project2/Prokka_output
[21:28:35] Using filename prefix: MAG183.XXX
[21:28:35] Setting HMMER_NCPU=1
[21:28:35] Writing log to: /projects/micb405/project1/Team10/project2/Prokka_output/MAG183.log
[21:28:35] Command: /home/linuxbrew/.linuxbrew/bin/prokka --outdir /projects/micb405/project1/Team10/project2/Prokka_output --force --prefix MAG183 --kingdom Archaea --cpus 8 --locustag MAG183 /projects/micb405/resources/project_2/2019/SaanichInlet_120m/MetaBAT2_SaanichInlet_120m/MedQPlus_MAGs/SaanichInlet_120m.183.fa
[21:28:35] Appending to PATH: /home/linuxbrew/.linuxbrew/Cellar/prokka/1.13/bin
[21:28:35] Looking for 'aragorn' - found /home/linuxbrew/.linuxbrew/bin/aragorn
[21:28:35] Determined aragorn version is 1.2
[21:28:35] Looking for 'barrnap' - found /home/linuxbrew/.linuxbrew/bin/barrnap
[21:28:35] Determined barrnap version is 0.9
[21:28:35] Looking for 'blastp' - found /home/linuxbrew/.linuxbrew/bin/blastp
[21:28:35] Determined blastp version is 2.7
[21:28:35] Looking for 'cmpress' - found /home/linuxbrew/.linuxbrew/bin/cmpress
[21:28:35] Determined cmpress version is 1.1
[21:28:35] Looking for 'cmscan' - found /home/linuxbrew/.linuxbrew/bin/cmscan
[21:28:35] Determined cmscan version is 1.1
[21:28:35] Looking for 'egrep' - found /bin/egrep
[21:28:35] Looking for 'find' - found /usr/bin/find
[21:28:35] Looking for 'grep' - found /bin/grep
[21:28:35] Looking for 'hmmpress' - found /home/linuxbrew/.linuxbrew/bin/hmmpress
[21:28:35] Determined hmmpress version is 3.1
[21:28:35] Looking for 'hmmscan' - found /home/linuxbrew/.linuxbrew/bin/hmmscan
[21:28:35] Determined hmmscan version is 3.1
[21:28:35] Looking for 'java' - found /home/linuxbrew/.linuxbrew/bin/java
[21:28:35] Looking for 'less' - found /home/linuxbrew/.linuxbrew/bin/less
[21:28:35] Looking for 'makeblastdb' - found /home/linuxbrew/.linuxbrew/bin/makeblastdb
[21:28:35] Determined makeblastdb version is 2.7
[21:28:35] Looking for 'minced' - found /home/linuxbrew/.linuxbrew/bin/minced
[21:28:35] Determined minced version is 3.0
[21:28:35] Looking for 'parallel' - found /home/linuxbrew/.linuxbrew/bin/parallel
[21:28:35] Determined parallel version is 20180822
[21:28:35] Looking for 'prodigal' - found /home/linuxbrew/.linuxbrew/bin/prodigal
[21:28:35] Determined prodigal version is 2.6
[21:28:35] Looking for 'prokka-genbank_to_fasta_db' - found /home/linuxbrew/.linuxbrew/bin/prokka-genbank_to_fasta_db
[21:28:35] Looking for 'rnammer' - found /home/linuxbrew/.linuxbrew/bin/rnammer
[21:28:35] Determined rnammer version is 1.2
[21:28:35] Looking for 'sed' - found /bin/sed
[21:28:35] Looking for 'tbl2asn' - found /home/linuxbrew/.linuxbrew/bin/tbl2asn
[21:28:35] Determined tbl2asn version is 25.6
[21:28:35] Using genetic code table 11.
[21:28:35] Loading and checking input file: /projects/micb405/resources/project_2/2019/SaanichInlet_120m/MetaBAT2_SaanichInlet_120m/MedQPlus_MAGs/SaanichInlet_120m.183.fa
[21:28:36] Wrote 108 contigs totalling 1180952 bp.
[21:28:36] Predicting tRNAs and tmRNAs
[21:28:36] Running: aragorn -l -gc11  -w \/projects\/micb405\/project1\/Team10\/project2\/Prokka_output\/MAG183\.fna
[21:28:36] 1 tRNA-Pro [18906,18981] 37 (tgg)
[21:28:36] 2 tRNA-Leu c[37580,37665] 36 (caa)
[21:28:36] tRNA c[4681,4773] is a pseudo/wacky gene - skipping.
[21:28:36] 1 tRNA-Cys c[378,452] 35 (gca)
[21:28:36] 2 tRNA-Arg c[1351,1424] 35 (tct)
[21:28:36] 1 tRNA-Lys [524,598] 35 (ttt)
[21:28:36] 1 tRNA-His c[2789,2860] 33 (gtg)
[21:28:36] 1 tRNA-Thr c[2180,2252] 34 (cgt)
[21:28:37] 1 tRNA-Cys c[16610,16684] 35 (gca)
[21:28:37] Found 8 tRNAs
[21:28:37] Predicting Ribosomal RNAs
[21:28:37] Running Barrnap with 8 threads
[21:28:37] 1 SaanichInlet_120m_183_54 6385 23S ribosomal RNA (partial)
[21:28:37] 2 SaanichInlet_120m_183_74 6163 5S ribosomal RNA
[21:28:37] Found 2 rRNAs
[21:28:37] Skipping ncRNA search, enable with --rfam if desired.
[21:28:37] Total of 10 tRNA + rRNA features
[21:28:37] Searching for CRISPR repeats
[21:28:38] Found 0 CRISPRs
[21:28:38] Predicting coding sequences
[21:28:38] Contigs total 1180952 bp, so using single mode
[21:28:38] Running: prodigal -i \/projects\/micb405\/project1\/Team10\/project2\/Prokka_output\/MAG183\.fna -c -m -g 11 -p single -f sco -q
[21:28:39] Excluding CDS which overlaps existing RNA (rRNA) at SaanichInlet_120m_183_54:6642..6842 on - strand
[21:28:39] Found 1229 CDS
[21:28:39] Connecting features back to sequences
[21:28:39] Not using genus-specific database. Try --usegenus to enable it.
[21:28:39] Annotating CDS, please be patient.
[21:28:39] Will use 8 CPUs for similarity searching.
[21:28:39] There are still 1229 unannotated CDS left (started with 1229)
[21:28:39] Will use blast to search against /home/linuxbrew/.linuxbrew/Cellar/prokka/1.13/bin/../db/kingdom/Archaea/sprot with 8 CPUs
[21:28:39] Running: cat \/projects\/micb405\/project1\/Team10\/project2\/Prokka_output\/sprot\.faa | parallel --gnu --plain -j 8 --block 21421 --recstart '>' --pipe blastp -query - -db /home/linuxbrew/.linuxbrew/Cellar/prokka/1.13/bin/../db/kingdom/Archaea/sprot -evalue 1e-06 -num_threads 1 -num_descriptions 1 -num_alignments 1 -seg no > \/projects\/micb405\/project1\/Team10\/project2\/Prokka_output\/sprot\.blast 2> /dev/null
[21:28:42] Modify product: Uncharacterized protein MJ0781 => putative protein
[21:28:42] Modify product: Probable tRNA pseudouridine synthase B => putative tRNA pseudouridine synthase B
[21:28:42] Modify product: Probable tRNA pseudouridine synthase D => putative tRNA pseudouridine synthase D
[21:28:42] Modify product: Zinc metalloprotease MJ0392 => Zinc metalloprotease
[21:28:42] Modify product: Uncharacterized protein PH0856 => putative protein
[21:28:42] Modify product: Probable tRNA pseudouridine synthase D => putative tRNA pseudouridine synthase D
[21:28:42] Modify product: Uncharacterized HTH-type transcriptional regulator PH1519 => putative HTH-type transcriptional regulator
[21:28:42] Modify product: Probable translation initiation factor IF-2 => putative translation initiation factor IF-2
[21:28:42] Modify product: Membrane-bound protease PH1510 => Membrane-bound protease
[21:28:42] Modify product: Ribosome maturation protein SDO1 homolog => Ribosome maturation protein SDO1 
[21:28:42] Modify product: Probable deoxyhypusine synthase => putative deoxyhypusine synthase
[21:28:42] Modify product: Probable ATP-dependent RNA helicase MJ0669 => putative ATP-dependent RNA helicase
[21:28:42] Modify product: Uncharacterized ABC transporter ATP-binding protein MJ0796 => putative ABC transporter ATP-binding protein
[21:28:42] Modify product: Uncharacterized HTH-type transcriptional regulator PH1519 => putative HTH-type transcriptional regulator
[21:28:42] Modify product: Probable ATP-dependent RNA helicase MJ0669 => putative ATP-dependent RNA helicase
[21:28:42] Modify product: Putative ankyrin repeat protein TV1425 => Putative ankyrin repeat protein
[21:28:42] Modify product: Uncharacterized protein AF_1382 => putative protein
[21:28:42] Modify product: Probable branched-chain amino acid transport ATP-binding protein LivG => putative branched-chain amino acid transport ATP-binding protein LivG
[21:28:42] Modify product: Uncharacterized ABC transporter ATP-binding protein MJ0796 => putative ABC transporter ATP-binding protein
[21:28:42] Modify product: Probable copper-exporting P-type ATPase => putative copper-exporting P-type ATPase
[21:28:42] Modify product: Probable copper-exporting P-type ATPase => putative copper-exporting P-type ATPase
[21:28:42] Modify product: Probable copper-exporting P-type ATPase => putative copper-exporting P-type ATPase
[21:28:42] Modify product: Stomatin homolog PH1511 => Stomatin
[21:28:42] Modify product: Trk system potassium uptake protein TrkA homolog => Trk system potassium uptake protein TrkA 
[21:28:42] Modify product: UPF0273 protein PH0284 => hypothetical protein
[21:28:42] Modify product: UPF0200/UPF0201 protein AF_1395 => hypothetical protein
[21:28:42] Modify product: UPF0200 protein SSO1041 => hypothetical protein
[21:28:42] Modify product: UPF0235 protein MTH_637 => hypothetical protein
[21:28:42] Modify product: Uncharacterized ABC transporter ATP-binding protein MJ0796 => putative ABC transporter ATP-binding protein
[21:28:42] Modify product: Putative FKBP-type peptidyl-prolyl cis-trans isomerase MJ0825 => Putative FKBP-type peptidyl-prolyl cis-trans isomerase
[21:28:42] Modify product: Uncharacterized KH and PIN-domain containing protein MJ1533 => putative KH and PIN-domain containing protein
[21:28:42] Modify product: Uncharacterized HTH-type transcriptional regulator PH0140 => putative HTH-type transcriptional regulator
[21:28:42] Modify product: Deglycase PH1704 => Deglycase
[21:28:42] Modify product: Uncharacterized KH and PIN-domain containing protein MJ1533 => putative KH and PIN-domain containing protein
[21:28:42] Modify product: Probable branched-chain amino acid transport ATP-binding protein LivG => putative branched-chain amino acid transport ATP-binding protein LivG
[21:28:42] Modify product: GTP cyclohydrolase 1 type 2 homolog => GTP cyclohydrolase 1 type 2 
[21:28:42] Modify product: Protein pelota homolog => Protein pelota 
[21:28:42] Modify product: Uncharacterized HTH-type transcriptional regulator PH1519 => putative HTH-type transcriptional regulator
[21:28:43] Modify product: Protein translation factor SUI1 homolog => Protein translation factor SUI1 
[21:28:43] Modify product: Uncharacterized NOP5 family protein MJ0694 => putative NOP5 family protein
[21:28:43] Modify product: Uncharacterized ABC transporter ATP-binding protein MJ0796 => putative ABC transporter ATP-binding protein
[21:28:43] Cleaned 41 /product names
[21:28:43] Deleting unwanted file: /projects/micb405/project1/Team10/project2/Prokka_output/sprot.faa
[21:28:43] Deleting unwanted file: /projects/micb405/project1/Team10/project2/Prokka_output/sprot.blast
[21:28:43] There are still 879 unannotated CDS left (started with 1229)
[21:28:43] Will use hmmer3 to search against /home/linuxbrew/.linuxbrew/Cellar/prokka/1.13/bin/../db/hmm/HAMAP.hmm with 8 CPUs
[21:28:43] Running: cat \/projects\/micb405\/project1\/Team10\/project2\/Prokka_output\/HAMAP\.hmm\.faa | parallel --gnu --plain -j 8 --block 14204 --recstart '>' --pipe hmmscan --noali --notextw --acc -E 1e-06 --cpu 1 /home/linuxbrew/.linuxbrew/Cellar/prokka/1.13/bin/../db/hmm/HAMAP.hmm /dev/stdin > \/projects\/micb405\/project1\/Team10\/project2\/Prokka_output\/HAMAP\.hmm\.hmmer3 2> /dev/null
[21:28:56] Deleting unwanted file: /projects/micb405/project1/Team10/project2/Prokka_output/HAMAP.hmm.faa
[21:28:56] Deleting unwanted file: /projects/micb405/project1/Team10/project2/Prokka_output/HAMAP.hmm.hmmer3
[21:28:56] Labelling remaining 757 proteins as 'hypothetical protein'
[21:28:56] Possible /pseudo '4-amino-4-deoxy-L-arabinose-phosphoundecaprenol flippase subunit ArnE' at SaanichInlet_120m_183_3 position 17719
[21:28:56] Possible /pseudo 'putative copper-exporting P-type ATPase' at SaanichInlet_120m_183_4 position 29222
[21:28:56] Possible /pseudo 'Ribonuclease HII' at SaanichInlet_120m_183_52 position 43901
[21:28:56] Found 288 unique /gene codes.
[21:28:56] Fixed 2 duplicate /gene - cysS_1 cysS_2
[21:28:56] Fixed 2 duplicate /gene - vat_1 vat_2
[21:28:56] Fixed 3 duplicate /gene - prmC_1 prmC_2 prmC_3
[21:28:56] Fixed 3 duplicate /gene - copA_1 copA_2 copA_3
[21:28:56] Fixed 2 duplicate /gene - rnj_1 rnj_2
[21:28:56] Fixed 2 duplicate /gene - pol_1 pol_2
[21:28:56] Fixed 2 duplicate /gene - petE_1 petE_2
[21:28:56] Fixed 4 duplicate /gene - ileS_1 ileS_2 ileS_3 ileS_4
[21:28:56] Fixed 2 duplicate /gene - eno_1 eno_2
[21:28:56] Fixed 2 duplicate /gene - maX1_1 maX1_2
[21:28:56] Fixed 8 duplicate /gene - trmBL1_1 trmBL1_2 trmBL1_3 trmBL1_4 trmBL1_5 trmBL1_6 trmBL1_7 trmBL1_8
[21:28:56] Fixed 2 duplicate /gene - thiI_1 thiI_2
[21:28:56] Fixed 2 duplicate /gene - pqqE_1 pqqE_2
[21:28:56] Fixed 2 duplicate /gene - ppaX_1 ppaX_2
[21:28:56] Fixed 2 duplicate /gene - livG_1 livG_2
[21:28:56] Fixed 2 duplicate /gene - mutL_1 mutL_2
[21:28:56] Fixed 2 duplicate /gene - lon_1 lon_2
[21:28:56] Fixed 2 duplicate /gene - smc_1 smc_2
[21:28:56] Fixed 2 duplicate /gene - ftsZ1_1 ftsZ1_2
[21:28:56] Fixed 2 duplicate /gene - der_1 der_2
[21:28:56] Fixed 2 duplicate /gene - rpoB1_1 rpoB1_2
[21:28:56] Fixed 2 duplicate /gene - rpoB2_1 rpoB2_2
[21:28:56] Fixed 2 duplicate /gene - dac_1 dac_2
[21:28:56] Fixed 2 duplicate /gene - rnhB_1 rnhB_2
[21:28:56] Fixed 3 duplicate /gene - herA_1 herA_2 herA_3
[21:28:56] Fixed 2 duplicate /gene - truD_1 truD_2
[21:28:56] Fixed 2 duplicate /gene - treT_1 treT_2
[21:28:56] Fixed 2 duplicate /gene - rep_1 rep_2
[21:28:56] Fixed 3 duplicate /gene - mshA_1 mshA_2 mshA_3
[21:28:56] Fixed 2 duplicate /gene - iscS2_1 iscS2_2
[21:28:56] Fixed 3 duplicate /gene - ubiE_1 ubiE_2 ubiE_3
[21:28:56] Fixed 2 duplicate /gene - cdc6-2_1 cdc6-2_2
[21:28:56] Fixed 2 duplicate /gene - dsbD_1 dsbD_2
[21:28:56] Fixed 2 duplicate /gene - mshD_1 mshD_2
[21:28:56] Fixed 2 duplicate /gene - arnE_1 arnE_2
[21:28:56] Fixed 2 duplicate /gene - gmd_1 gmd_2
[21:28:56] Fixed 2 duplicate /gene - glmU_1 glmU_2
[21:28:56] Fixed 2 duplicate /gene - dnaJ_1 dnaJ_2
[21:28:56] Fixed 2 duplicate /gene - menG_1 menG_2
[21:28:56] Fixed 2 duplicate /gene - rppH_1 rppH_2
[21:28:56] Fixed 2 duplicate /gene - sudA_1 sudA_2
[21:28:56] Fixed 4 duplicate /gene - nudF_1 nudF_2 nudF_3 nudF_4
[21:28:56] Fixed 3 duplicate /gene - trmBL2_1 trmBL2_2 trmBL2_3
[21:28:56] Fixed 2 duplicate /gene - pan_1 pan_2
[21:28:56] Fixed 3 duplicate /gene - aglF_1 aglF_2 aglF_3
[21:28:56] Fixed 2 duplicate /gene - proS_1 proS_2
[21:28:56] Fixed 3 duplicate /gene - rpoD_1 rpoD_2 rpoD_3
[21:28:56] Fixed 2 duplicate /gene - xerA_1 xerA_2
[21:28:56] Fixed 2 duplicate /gene - ptr2_1 ptr2_2
[21:28:56] Fixed 3 duplicate /gene - arsM_1 arsM_2 arsM_3
[21:28:56] Fixed 2 duplicate /gene - alaS_1 alaS_2
[21:28:56] Fixed 51 colliding /gene names.
[21:28:56] Adding /locus_tag identifiers
[21:28:56] Assigned 1239 locus_tags to CDS and RNA features.
[21:28:56] Writing outputs to /projects/micb405/project1/Team10/project2/Prokka_output/
[21:28:56] Generating annotation statistics file
[21:28:56] Generating Genbank and Sequin files
[21:28:56] Running: tbl2asn -V b -a r10k -l paired-ends -M n -N 1 -y 'Annotated using prokka 1.13 from https://github.com/tseemann/prokka' -Z \/projects\/micb405\/project1\/Team10\/project2\/Prokka_output\/MAG183\.err -i \/projects\/micb405\/project1\/Team10\/project2\/Prokka_output\/MAG183\.fsa 2> /dev/null
[21:28:59] Could not run command: tbl2asn -V b -a r10k -l paired-ends -M n -N 1 -y 'Annotated using prokka 1.13 from https://github.com/tseemann/prokka' -Z \/projects\/micb405\/project1\/Team10\/project2\/Prokka_output\/MAG183\.err -i \/projects\/micb405\/project1\/Team10\/project2\/Prokka_output\/MAG183\.fsa 2> /dev/null
