[21:10:41] This is prokka 1.13
[21:10:41] Written by Torsten Seemann <torsten.seemann@gmail.com>
[21:10:41] Homepage is https://github.com/tseemann/prokka
[21:10:41] Local time is Wed Nov 20 21:10:41 2019
[21:10:41] You are linuxbrew
[21:10:41] Operating system is linux
[21:10:41] You have BioPerl 1.007002
[21:10:41] System has 40 cores.
[21:10:41] Will use maximum of 8 cores.
[21:10:41] Annotating as >>> Bacteria <<<
[21:10:41] Re-using existing --outdir /projects/micb405/project1/Team10/project2/Prokka_output
[21:10:41] Using filename prefix: MAG191.XXX
[21:10:41] Setting HMMER_NCPU=1
[21:10:41] Writing log to: /projects/micb405/project1/Team10/project2/Prokka_output/MAG191.log
[21:10:41] Command: /home/linuxbrew/.linuxbrew/bin/prokka --outdir /projects/micb405/project1/Team10/project2/Prokka_output --force --prefix MAG191 --kingdom Bacteria --cpus 8 --locustag MAG191 /projects/micb405/resources/project_2/2019/SaanichInlet_120m/MetaBAT2_SaanichInlet_120m/MedQPlus_MAGs/SaanichInlet_120m.191.fa
[21:10:41] Appending to PATH: /home/linuxbrew/.linuxbrew/Cellar/prokka/1.13/bin
[21:10:41] Looking for 'aragorn' - found /home/linuxbrew/.linuxbrew/bin/aragorn
[21:10:41] Determined aragorn version is 1.2
[21:10:41] Looking for 'barrnap' - found /home/linuxbrew/.linuxbrew/bin/barrnap
[21:10:41] Determined barrnap version is 0.9
[21:10:41] Looking for 'blastp' - found /home/linuxbrew/.linuxbrew/bin/blastp
[21:10:41] Determined blastp version is 2.7
[21:10:41] Looking for 'cmpress' - found /home/linuxbrew/.linuxbrew/bin/cmpress
[21:10:41] Determined cmpress version is 1.1
[21:10:41] Looking for 'cmscan' - found /home/linuxbrew/.linuxbrew/bin/cmscan
[21:10:41] Determined cmscan version is 1.1
[21:10:41] Looking for 'egrep' - found /bin/egrep
[21:10:41] Looking for 'find' - found /usr/bin/find
[21:10:41] Looking for 'grep' - found /bin/grep
[21:10:41] Looking for 'hmmpress' - found /home/linuxbrew/.linuxbrew/bin/hmmpress
[21:10:41] Determined hmmpress version is 3.1
[21:10:41] Looking for 'hmmscan' - found /home/linuxbrew/.linuxbrew/bin/hmmscan
[21:10:41] Determined hmmscan version is 3.1
[21:10:41] Looking for 'java' - found /home/linuxbrew/.linuxbrew/bin/java
[21:10:41] Looking for 'less' - found /home/linuxbrew/.linuxbrew/bin/less
[21:10:41] Looking for 'makeblastdb' - found /home/linuxbrew/.linuxbrew/bin/makeblastdb
[21:10:41] Determined makeblastdb version is 2.7
[21:10:41] Looking for 'minced' - found /home/linuxbrew/.linuxbrew/bin/minced
[21:10:41] Determined minced version is 3.0
[21:10:41] Looking for 'parallel' - found /home/linuxbrew/.linuxbrew/bin/parallel
[21:10:41] Determined parallel version is 20180822
[21:10:41] Looking for 'prodigal' - found /home/linuxbrew/.linuxbrew/bin/prodigal
[21:10:41] Determined prodigal version is 2.6
[21:10:41] Looking for 'prokka-genbank_to_fasta_db' - found /home/linuxbrew/.linuxbrew/bin/prokka-genbank_to_fasta_db
[21:10:41] Looking for 'rnammer' - found /home/linuxbrew/.linuxbrew/bin/rnammer
[21:10:41] Determined rnammer version is 1.2
[21:10:41] Looking for 'sed' - found /bin/sed
[21:10:41] Looking for 'tbl2asn' - found /home/linuxbrew/.linuxbrew/bin/tbl2asn
[21:10:41] Determined tbl2asn version is 25.6
[21:10:41] Using genetic code table 11.
[21:10:41] Loading and checking input file: /projects/micb405/resources/project_2/2019/SaanichInlet_120m/MetaBAT2_SaanichInlet_120m/MedQPlus_MAGs/SaanichInlet_120m.191.fa
[21:10:41] Wrote 210 contigs totalling 1252258 bp.
[21:10:41] Predicting tRNAs and tmRNAs
[21:10:41] Running: aragorn -l -gc11  -w \/projects\/micb405\/project1\/Team10\/project2\/Prokka_output\/MAG191\.fna
[21:10:42] 1 tRNA-Met c[3012,3088] 35 (cat)
[21:10:42] 1 tRNA-Trp c[4900,4975] 34 (cca)
[21:10:42] 2 tRNA-Thr c[6193,6268] 34 (ggt)
[21:10:42] 3 tRNA-Tyr c[6476,6560] 35 (gta)
[21:10:42] 4 tRNA-Thr [7465,7540] 34 (tgt)
[21:10:42] 1 tRNA-Val c[408,484] 35 (gac)
[21:10:42] 1 tRNA-Arg c[1249,1324] 36 (ccg)
[21:10:42] 1 tRNA-Arg [10028,10102] 35 (cct)
[21:10:42] 1 tRNA-Met c[2600,2675] 35 (cat)
[21:10:42] 1 tRNA-Pro [4442,4518] 35 (tgg)
[21:10:42] 1 tRNA-Arg [1335,1411] 35 (tct)
[21:10:42] 2 tRNA-His [1929,2004] 34 (gtg)
[21:10:42] 1 tRNA-Arg [1874,1950] 35 (acg)
[21:10:42] 1 tRNA-Leu c[1257,1342] 35 (caa)
[21:10:42] 1 tRNA-Asp [2067,2144] 36 (gtc)
[21:10:42] 1 tRNA-Ala c[261,336] 34 (ggc)
[21:10:42] 1 tRNA-Leu c[2378,2462] 35 (tag)
[21:10:42] 1 tRNA-Asn c[1642,1717] 34 (gtt)
[21:10:42] Found 18 tRNAs
[21:10:42] Predicting Ribosomal RNAs
[21:10:42] Running Barrnap with 8 threads
[21:10:43] 1 SaanichInlet_120m_191_31 9631 5S ribosomal RNA
[21:10:43] Found 1 rRNAs
[21:10:43] Skipping ncRNA search, enable with --rfam if desired.
[21:10:43] Total of 19 tRNA + rRNA features
[21:10:43] Searching for CRISPR repeats
[21:10:43] Found 0 CRISPRs
[21:10:43] Predicting coding sequences
[21:10:43] Contigs total 1252258 bp, so using single mode
[21:10:43] Running: prodigal -i \/projects\/micb405\/project1\/Team10\/project2\/Prokka_output\/MAG191\.fna -c -m -g 11 -p single -f sco -q
[21:10:44] Excluding CDS which overlaps existing RNA (tRNA) at SaanichInlet_120m_191_12:4974..6158 on - strand
[21:10:44] Excluding CDS which overlaps existing RNA (tRNA) at SaanichInlet_120m_191_58:692..2647 on - strand
[21:10:45] Found 1194 CDS
[21:10:45] Connecting features back to sequences
[21:10:45] Not using genus-specific database. Try --usegenus to enable it.
[21:10:45] Annotating CDS, please be patient.
[21:10:45] Will use 8 CPUs for similarity searching.
[21:10:45] There are still 1194 unannotated CDS left (started with 1194)
[21:10:45] Will use blast to search against /home/linuxbrew/.linuxbrew/Cellar/prokka/1.13/bin/../db/kingdom/Bacteria/sprot with 8 CPUs
[21:10:45] Running: cat \/projects\/micb405\/project1\/Team10\/project2\/Prokka_output\/sprot\.faa | parallel --gnu --plain -j 8 --block 21898 --recstart '>' --pipe blastp -query - -db /home/linuxbrew/.linuxbrew/Cellar/prokka/1.13/bin/../db/kingdom/Bacteria/sprot -evalue 1e-06 -num_threads 1 -num_descriptions 1 -num_alignments 1 -seg no > \/projects\/micb405\/project1\/Team10\/project2\/Prokka_output\/sprot\.blast 2> /dev/null
[21:10:59] Modify product: Uncharacterized protein YqeY => putative protein YqeY
[21:10:59] Modify product: Uncharacterized oxidoreductase Rv1350 => putative oxidoreductase
[21:10:59] Modify product: Putative trans-acting enoyl reductase Rv2449c => Putative trans-acting enoyl reductase
[21:10:59] Modify product: Putative cystathionine beta-synthase Rv1077 => Putative cystathionine beta-synthase
[21:10:59] Modify product: Uncharacterized N-acetyltransferase YjcF => putative N-acetyltransferase YjcF
[21:10:59] Modify product: Glutathione peroxidase homolog BsaA => Glutathione peroxidase BsaA
[21:10:59] Modify product: UPF0039 protein Rv2851c => hypothetical protein
[21:10:59] Modify product: Probable lipid II flippase MurJ => putative lipid II flippase MurJ
[21:10:59] Modify product: Uncharacterized protein Rv1367c => putative protein
[21:10:59] Modify product: Probable dolichyl-phosphate-mannose--protein mannosyltransferase => putative dolichyl-phosphate-mannose--protein mannosyltransferase
[21:10:59] Modify product: Probable GTP-binding protein EngB => putative GTP-binding protein EngB
[21:10:59] Modify product: Uncharacterized ABC transporter ATP-binding protein YknY => putative ABC transporter ATP-binding protein YknY
[21:10:59] Modify product: Probable cyclic di-GMP phosphodiesterase PdeK => putative cyclic di-GMP phosphodiesterase PdeK
[21:10:59] Modify product: Probable peptidoglycan glycosyltransferase FtsW => putative peptidoglycan glycosyltransferase FtsW
[21:10:59] Modify product: Putative short-chain type dehydrogenase/reductase Rv0148 => Putative short-chain type dehydrogenase/reductase
[21:10:59] Modify product: UPF0070 protein HI_0370 => hypothetical protein
[21:10:59] Modify product: Uncharacterized ABC transporter ATP-binding protein Rv0986 => putative ABC transporter ATP-binding protein
[21:10:59] Modify product: UPF0324 inner membrane protein YeiH => hypothetical protein
[21:10:59] Modify product: Uncharacterized protein Rv0906 => putative protein
[21:10:59] Modify product: Probable nicotinate-nucleotide adenylyltransferase => putative nicotinate-nucleotide adenylyltransferase
[21:10:59] Modify product: Uncharacterized ABC transporter ATP-binding protein YejF => putative ABC transporter ATP-binding protein YejF
[21:10:59] Modify product: Probable enoyl-CoA hydratase echA8 => putative enoyl-CoA hydratase echA8
[21:10:59] Modify product: Probable propionyl-CoA carboxylase beta chain 5 => putative propionyl-CoA carboxylase beta chain 5
[21:10:59] Modify product: UPF0246 protein YaaA => hypothetical protein
[21:10:59] Modify product: Monocarboxylate 2-oxoacid-binding periplasmic protein all3028 => Monocarboxylate 2-oxoacid-binding periplasmic protein
[21:10:59] Modify product: Uncharacterized protein YisK => putative protein YisK
[21:10:59] Modify product: Probable multidrug ABC transporter permease YbhR => putative multidrug ABC transporter permease YbhR
[21:10:59] Modify product: Uncharacterized protein YccU => putative protein YccU
[21:10:59] Modify product: Probable FMN/FAD exporter YeeO => putative FMN/FAD exporter YeeO
[21:10:59] Modify product: UPF0394 membrane protein XF_0765 => hypothetical protein
[21:10:59] Modify product: Uncharacterized protein YfhP => putative protein YfhP
[21:10:59] Modify product: UPF0301 protein SO_3346 => hypothetical protein
[21:10:59] Modify product: Probable acyltransferase YihG => putative acyltransferase YihG
[21:10:59] Modify product: Uncharacterized protein YjbR => putative protein YjbR
[21:10:59] Modify product: Bifunctional protein FolD => Bifunctional protein FolD protein
[21:10:59] Modify product: Uncharacterized protein YfgD => putative protein YfgD
[21:10:59] Modify product: Uncharacterized oxidoreductase Rv1144 => putative oxidoreductase
[21:10:59] Modify product: Probable protease SohB => putative protease SohB
[21:10:59] Modify product: Putative trans-acting enoyl reductase Rv2449c => Putative trans-acting enoyl reductase
[21:10:59] Modify product: UPF0176 protein lpg2838 => hypothetical protein
[21:10:59] Modify product: Uncharacterized protein Rv2715 => putative protein
[21:11:00] Modify product: Uncharacterized FAD-linked oxidoreductase Rv2280 => putative FAD-linked oxidoreductase
[21:11:00] Modify product: Putative short-chain type dehydrogenase/reductase Rv0148 => Putative short-chain type dehydrogenase/reductase
[21:11:00] Modify product: Uncharacterized protein Rv2910c => putative protein
[21:11:00] Modify product: Probable L-galactonate transporter => putative L-galactonate transporter
[21:11:00] Modify product: Uncharacterized FAD-linked oxidoreductase Rv2280 => putative FAD-linked oxidoreductase
[21:11:00] Modify product: UPF0434 protein PFL_1779 => hypothetical protein
[21:11:00] Modify product: Putative aminotransferase MSMEG_6286/MSMEI_6121 => Putative aminotransferase/MSMEI_6121
[21:11:00] Modify product: Putative monooxygenase Rv1533 => Putative monooxygenase
[21:11:00] Modify product: Uncharacterized lipoprotein GfcB => putative lipoprotein GfcB
[21:11:00] Modify product: Probable protein kinase UbiB => putative protein kinase UbiB
[21:11:00] Modify product: Uncharacterized sugar transferase EpsL => putative sugar transferase EpsL
[21:11:00] Modify product: Probable phospholipid-binding protein MlaC => putative phospholipid-binding protein MlaC
[21:11:00] Modify product: Uncharacterized protein Rv2913c => putative protein
[21:11:00] Modify product: Aldo/keto reductase slr0942 => Aldo/keto reductase
[21:11:00] Modify product: Uncharacterized ABC transporter ATP-binding protein YadG => putative ABC transporter ATP-binding protein YadG
[21:11:00] Modify product: Probable tRNA-dihydrouridine synthase => putative tRNA-dihydrouridine synthase
[21:11:00] Modify product: UPF0246 protein YaaA => hypothetical protein
[21:11:00] Modify product: UPF0301 protein SO_3346 => hypothetical protein
[21:11:00] Modify product: Uncharacterized protein NMB0928 => putative protein
[21:11:00] Modify product: Uncharacterized protein Rv3633 => putative protein
[21:11:00] Modify product: Uncharacterized protein Rv3633 => putative protein
[21:11:00] Modify product: UPF0111 protein HI_1603 => hypothetical protein
[21:11:00] Modify product: Uncharacterized zinc-type alcohol dehydrogenase-like protein YjmD => putative zinc-type alcohol dehydrogenase-like protein YjmD
[21:11:00] Modify product: Zinc-type alcohol dehydrogenase-like protein SA1988 => Zinc-type alcohol dehydrogenase-like protein
[21:11:00] Modify product: Uncharacterized peptidase Lmo0363 => putative peptidase
[21:11:00] Modify product: Uncharacterized protein Rv1367c => putative protein
[21:11:00] Modify product: Uncharacterized oxidoreductase Rv1350 => putative oxidoreductase
[21:11:00] Modify product: Putative trans-acting enoyl reductase Rv2449c => Putative trans-acting enoyl reductase
[21:11:00] Modify product: Probable membrane transporter protein YfcA => putative membrane transporter protein YfcA
[21:11:00] Modify product: Uncharacterized protein Rv3633 => putative protein
[21:11:00] Modify product: Uncharacterized protein Rv2715 => putative protein
[21:11:00] Cleaned 72 /product names
[21:11:00] Deleting unwanted file: /projects/micb405/project1/Team10/project2/Prokka_output/sprot.faa
[21:11:00] Deleting unwanted file: /projects/micb405/project1/Team10/project2/Prokka_output/sprot.blast
[21:11:00] There are still 372 unannotated CDS left (started with 1194)
[21:11:00] Will use hmmer3 to search against /home/linuxbrew/.linuxbrew/Cellar/prokka/1.13/bin/../db/hmm/HAMAP.hmm with 8 CPUs
[21:11:00] Running: cat \/projects\/micb405\/project1\/Team10\/project2\/Prokka_output\/HAMAP\.hmm\.faa | parallel --gnu --plain -j 8 --block 4948 --recstart '>' --pipe hmmscan --noali --notextw --acc -E 1e-06 --cpu 1 /home/linuxbrew/.linuxbrew/Cellar/prokka/1.13/bin/../db/hmm/HAMAP.hmm /dev/stdin > \/projects\/micb405\/project1\/Team10\/project2\/Prokka_output\/HAMAP\.hmm\.hmmer3 2> /dev/null
[21:11:05] Deleting unwanted file: /projects/micb405/project1/Team10/project2/Prokka_output/HAMAP.hmm.faa
[21:11:05] Deleting unwanted file: /projects/micb405/project1/Team10/project2/Prokka_output/HAMAP.hmm.hmmer3
[21:11:05] Labelling remaining 346 proteins as 'hypothetical protein'
[21:11:05] Possible /pseudo 'Aclacinomycin methylesterase RdmC' at SaanichInlet_120m_191_2 position 6338
[21:11:05] Possible /pseudo 'Putative oxidoreductase SadH' at SaanichInlet_120m_191_4 position 1030
[21:11:05] Possible /pseudo 'Cell division protein FtsZ' at SaanichInlet_120m_191_47 position 12800
[21:11:05] Possible /pseudo 'putative protein' at SaanichInlet_120m_191_149 position 2136
[21:11:05] Possible /pseudo 'Methionine--tRNA ligase' at SaanichInlet_120m_191_155 position 18716
[21:11:05] Found 681 unique /gene codes.
[21:11:05] Fixed 2 duplicate /gene - dnaK_1 dnaK_2
[21:11:05] Fixed 2 duplicate /gene - yfmJ_1 yfmJ_2
[21:11:05] Fixed 2 duplicate /gene - def_1 def_2
[21:11:05] Fixed 3 duplicate /gene - gltX_1 gltX_2 gltX_3
[21:11:05] Fixed 2 duplicate /gene - macB_1 macB_2
[21:11:05] Fixed 2 duplicate /gene - exbD_1 exbD_2
[21:11:05] Fixed 3 duplicate /gene - bcp_1 bcp_2 bcp_3
[21:11:05] Fixed 2 duplicate /gene - dhmA_1 dhmA_2
[21:11:05] Fixed 2 duplicate /gene - dadA_1 dadA_2
[21:11:05] Fixed 2 duplicate /gene - rpsS_1 rpsS_2
[21:11:05] Fixed 2 duplicate /gene - ectD_1 ectD_2
[21:11:05] Fixed 2 duplicate /gene - serB1_1 serB1_2
[21:11:05] Fixed 2 duplicate /gene - nlhH_1 nlhH_2
[21:11:05] Fixed 2 duplicate /gene - mdtA_1 mdtA_2
[21:11:05] Fixed 2 duplicate /gene - paaG_1 paaG_2
[21:11:05] Fixed 2 duplicate /gene - pdxJ_1 pdxJ_2
[21:11:05] Fixed 2 duplicate /gene - menH_1 menH_2
[21:11:05] Fixed 2 duplicate /gene - surA_1 surA_2
[21:11:05] Fixed 2 duplicate /gene - hutI_1 hutI_2
[21:11:05] Fixed 2 duplicate /gene - mepM_1 mepM_2
[21:11:05] Fixed 2 duplicate /gene - cobS_1 cobS_2
[21:11:05] Fixed 2 duplicate /gene - gst_1 gst_2
[21:11:05] Fixed 2 duplicate /gene - ubiG_1 ubiG_2
[21:11:05] Fixed 2 duplicate /gene - rdmC_1 rdmC_2
[21:11:05] Fixed 2 duplicate /gene - rpsC_1 rpsC_2
[21:11:05] Fixed 2 duplicate /gene - dsbD_1 dsbD_2
[21:11:05] Fixed 2 duplicate /gene - xerC_1 xerC_2
[21:11:05] Fixed 2 duplicate /gene - hipO_1 hipO_2
[21:11:05] Fixed 2 duplicate /gene - rplB_1 rplB_2
[21:11:05] Fixed 2 duplicate /gene - rplV_1 rplV_2
[21:11:05] Fixed 2 duplicate /gene - pseB_1 pseB_2
[21:11:05] Fixed 2 duplicate /gene - truA_1 truA_2
[21:11:05] Fixed 3 duplicate /gene - guaB_1 guaB_2 guaB_3
[21:11:05] Fixed 2 duplicate /gene - sadH_1 sadH_2
[21:11:05] Fixed 2 duplicate /gene - caiD_1 caiD_2
[21:11:05] Fixed 2 duplicate /gene - act_1 act_2
[21:11:05] Fixed 2 duplicate /gene - hemL_1 hemL_2
[21:11:05] Fixed 2 duplicate /gene - metG_1 metG_2
[21:11:05] Fixed 2 duplicate /gene - rplW_1 rplW_2
[21:11:05] Fixed 2 duplicate /gene - fadA_1 fadA_2
[21:11:05] Fixed 2 duplicate /gene - hflC_1 hflC_2
[21:11:05] Fixed 2 duplicate /gene - dnaG_1 dnaG_2
[21:11:05] Fixed 2 duplicate /gene - dctM_1 dctM_2
[21:11:05] Fixed 2 duplicate /gene - mgl_1 mgl_2
[21:11:05] Fixed 2 duplicate /gene - apbC_1 apbC_2
[21:11:05] Fixed 2 duplicate /gene - dmdA_1 dmdA_2
[21:11:05] Fixed 2 duplicate /gene - tusA_1 tusA_2
[21:11:05] Fixed 2 duplicate /gene - grpE_1 grpE_2
[21:11:05] Fixed 2 duplicate /gene - accC_1 accC_2
[21:11:05] Fixed 2 duplicate /gene - phrB_1 phrB_2
[21:11:05] Fixed 2 duplicate /gene - argH_1 argH_2
[21:11:05] Fixed 2 duplicate /gene - ywaD_1 ywaD_2
[21:11:05] Fixed 2 duplicate /gene - ybeY_1 ybeY_2
[21:11:05] Fixed 2 duplicate /gene - rnz_1 rnz_2
[21:11:05] Fixed 2 duplicate /gene - folB_1 folB_2
[21:11:05] Fixed 3 duplicate /gene - crt_1 crt_2 crt_3
[21:11:05] Fixed 2 duplicate /gene - purA_1 purA_2
[21:11:05] Fixed 2 duplicate /gene - lcfB_1 lcfB_2
[21:11:05] Fixed 2 duplicate /gene - nahD_1 nahD_2
[21:11:05] Fixed 2 duplicate /gene - ald_1 ald_2
[21:11:05] Fixed 2 duplicate /gene - aam_1 aam_2
[21:11:05] Fixed 2 duplicate /gene - ftsZ_1 ftsZ_2
[21:11:05] Fixed 4 duplicate /gene - btuB_1 btuB_2 btuB_3 btuB_4
[21:11:05] Fixed 2 duplicate /gene - fabG2_1 fabG2_2
[21:11:05] Fixed 3 duplicate /gene - bepA_1 bepA_2 bepA_3
[21:11:05] Fixed 4 duplicate /gene - fyuA_1 fyuA_2 fyuA_3 fyuA_4
[21:11:05] Fixed 3 duplicate /gene - yabI_1 yabI_2 yabI_3
[21:11:05] Fixed 5 duplicate /gene - acrC_1 acrC_2 acrC_3 acrC_4 acrC_5
[21:11:05] Fixed 4 duplicate /gene - fabG_1 fabG_2 fabG_3 fabG_4
[21:11:05] Fixed 3 duplicate /gene - tauD_1 tauD_2 tauD_3
[21:11:05] Fixed 2 duplicate /gene - bacC_1 bacC_2
[21:11:05] Fixed 2 duplicate /gene - cobT_1 cobT_2
[21:11:05] Fixed 2 duplicate /gene - acdA_1 acdA_2
[21:11:05] Fixed 73 colliding /gene names.
[21:11:05] Adding /locus_tag identifiers
[21:11:05] Assigned 1213 locus_tags to CDS and RNA features.
[21:11:05] Writing outputs to /projects/micb405/project1/Team10/project2/Prokka_output/
[21:11:06] Generating annotation statistics file
[21:11:06] Generating Genbank and Sequin files
[21:11:06] Running: tbl2asn -V b -a r10k -l paired-ends -M n -N 1 -y 'Annotated using prokka 1.13 from https://github.com/tseemann/prokka' -Z \/projects\/micb405\/project1\/Team10\/project2\/Prokka_output\/MAG191\.err -i \/projects\/micb405\/project1\/Team10\/project2\/Prokka_output\/MAG191\.fsa 2> /dev/null
[21:11:09] Could not run command: tbl2asn -V b -a r10k -l paired-ends -M n -N 1 -y 'Annotated using prokka 1.13 from https://github.com/tseemann/prokka' -Z \/projects\/micb405\/project1\/Team10\/project2\/Prokka_output\/MAG191\.err -i \/projects\/micb405\/project1\/Team10\/project2\/Prokka_output\/MAG191\.fsa 2> /dev/null
