[20:56:39] This is prokka 1.13
[20:56:39] Written by Torsten Seemann <torsten.seemann@gmail.com>
[20:56:39] Homepage is https://github.com/tseemann/prokka
[20:56:39] Local time is Wed Nov 20 20:56:39 2019
[20:56:39] You are linuxbrew
[20:56:39] Operating system is linux
[20:56:39] You have BioPerl 1.007002
[20:56:39] System has 40 cores.
[20:56:39] Will use maximum of 8 cores.
[20:56:39] Annotating as >>> Bacteria <<<
[20:56:39] Re-using existing --outdir /projects/micb405/project1/Team10/project2/Prokka_output
[20:56:39] Using filename prefix: MAG124.XXX
[20:56:39] Setting HMMER_NCPU=1
[20:56:39] Writing log to: /projects/micb405/project1/Team10/project2/Prokka_output/MAG124.log
[20:56:39] Command: /home/linuxbrew/.linuxbrew/bin/prokka --outdir /projects/micb405/project1/Team10/project2/Prokka_output --force --prefix MAG124 --kingdom Bacteria --cpus 8 --locustag MAG124 /projects/micb405/resources/project_2/2019/SaanichInlet_120m/MetaBAT2_SaanichInlet_120m/MedQPlus_MAGs/SaanichInlet_120m.124.fa
[20:56:39] Appending to PATH: /home/linuxbrew/.linuxbrew/Cellar/prokka/1.13/bin
[20:56:39] Looking for 'aragorn' - found /home/linuxbrew/.linuxbrew/bin/aragorn
[20:56:39] Determined aragorn version is 1.2
[20:56:39] Looking for 'barrnap' - found /home/linuxbrew/.linuxbrew/bin/barrnap
[20:56:39] Determined barrnap version is 0.9
[20:56:39] Looking for 'blastp' - found /home/linuxbrew/.linuxbrew/bin/blastp
[20:56:39] Determined blastp version is 2.7
[20:56:39] Looking for 'cmpress' - found /home/linuxbrew/.linuxbrew/bin/cmpress
[20:56:39] Determined cmpress version is 1.1
[20:56:39] Looking for 'cmscan' - found /home/linuxbrew/.linuxbrew/bin/cmscan
[20:56:39] Determined cmscan version is 1.1
[20:56:39] Looking for 'egrep' - found /bin/egrep
[20:56:39] Looking for 'find' - found /usr/bin/find
[20:56:39] Looking for 'grep' - found /bin/grep
[20:56:39] Looking for 'hmmpress' - found /home/linuxbrew/.linuxbrew/bin/hmmpress
[20:56:39] Determined hmmpress version is 3.1
[20:56:39] Looking for 'hmmscan' - found /home/linuxbrew/.linuxbrew/bin/hmmscan
[20:56:39] Determined hmmscan version is 3.1
[20:56:39] Looking for 'java' - found /home/linuxbrew/.linuxbrew/bin/java
[20:56:39] Looking for 'less' - found /home/linuxbrew/.linuxbrew/bin/less
[20:56:39] Looking for 'makeblastdb' - found /home/linuxbrew/.linuxbrew/bin/makeblastdb
[20:56:39] Determined makeblastdb version is 2.7
[20:56:39] Looking for 'minced' - found /home/linuxbrew/.linuxbrew/bin/minced
[20:56:39] Determined minced version is 3.0
[20:56:39] Looking for 'parallel' - found /home/linuxbrew/.linuxbrew/bin/parallel
[20:56:40] Determined parallel version is 20180822
[20:56:40] Looking for 'prodigal' - found /home/linuxbrew/.linuxbrew/bin/prodigal
[20:56:40] Determined prodigal version is 2.6
[20:56:40] Looking for 'prokka-genbank_to_fasta_db' - found /home/linuxbrew/.linuxbrew/bin/prokka-genbank_to_fasta_db
[20:56:40] Looking for 'rnammer' - found /home/linuxbrew/.linuxbrew/bin/rnammer
[20:56:40] Determined rnammer version is 1.2
[20:56:40] Looking for 'sed' - found /bin/sed
[20:56:40] Looking for 'tbl2asn' - found /home/linuxbrew/.linuxbrew/bin/tbl2asn
[20:56:40] Determined tbl2asn version is 25.6
[20:56:40] Using genetic code table 11.
[20:56:40] Loading and checking input file: /projects/micb405/resources/project_2/2019/SaanichInlet_120m/MetaBAT2_SaanichInlet_120m/MedQPlus_MAGs/SaanichInlet_120m.124.fa
[20:56:40] Wrote 153 contigs totalling 896801 bp.
[20:56:40] Predicting tRNAs and tmRNAs
[20:56:40] Running: aragorn -l -gc11  -w \/projects\/micb405\/project1\/Team10\/project2\/Prokka_output\/MAG124\.fna
[20:56:40] 1 tRNA-Thr c[344,417] 33 (ggt)
[20:56:40] 2 tRNA-Phe [4538,4613] 34 (gaa)
[20:56:40] 3 tRNA-His [5135,5209] 34 (gtg)
[20:56:40] 1 tRNA-Trp c[2552,2627] 34 (cca)
[20:56:40] 1 tRNA-Leu c[6022,6106] 35 (tag)
[20:56:40] 1 tRNA-Phe [2099,2174] 34 (gaa)
[20:56:40] 1 tRNA-Met c[6057,6134] 36 (cat)
[20:56:40] 1 tRNA-Arg c[2351,2427] 35 (acg)
[20:56:41] 1 tRNA-Met c[115,191] 35 (cat)
[20:56:41] 1 tRNA-Asn [53,128] 34 (gtt)
[20:56:41] 1 tRNA-Lys [683,758] 34 (ttt)
[20:56:41] 1 tRNA-Leu [117,202] 35 (gag)
[20:56:41] Found 12 tRNAs
[20:56:41] Predicting Ribosomal RNAs
[20:56:41] Running Barrnap with 8 threads
[20:56:41] Found 0 rRNAs
[20:56:41] Skipping ncRNA search, enable with --rfam if desired.
[20:56:41] Total of 12 tRNA + rRNA features
[20:56:41] Searching for CRISPR repeats
[20:56:42] Found 0 CRISPRs
[20:56:42] Predicting coding sequences
[20:56:42] Contigs total 896801 bp, so using single mode
[20:56:42] Running: prodigal -i \/projects\/micb405\/project1\/Team10\/project2\/Prokka_output\/MAG124\.fna -c -m -g 11 -p single -f sco -q
[20:56:42] Found 989 CDS
[20:56:42] Connecting features back to sequences
[20:56:42] Not using genus-specific database. Try --usegenus to enable it.
[20:56:42] Annotating CDS, please be patient.
[20:56:42] Will use 8 CPUs for similarity searching.
[20:56:43] There are still 989 unannotated CDS left (started with 989)
[20:56:43] Will use blast to search against /home/linuxbrew/.linuxbrew/Cellar/prokka/1.13/bin/../db/kingdom/Bacteria/sprot with 8 CPUs
[20:56:43] Running: cat \/projects\/micb405\/project1\/Team10\/project2\/Prokka_output\/sprot\.faa | parallel --gnu --plain -j 8 --block 16569 --recstart '>' --pipe blastp -query - -db /home/linuxbrew/.linuxbrew/Cellar/prokka/1.13/bin/../db/kingdom/Bacteria/sprot -evalue 1e-06 -num_threads 1 -num_descriptions 1 -num_alignments 1 -seg no > \/projects\/micb405\/project1\/Team10\/project2\/Prokka_output\/sprot\.blast 2> /dev/null
[20:56:53] Modify product: Uncharacterized tRNA/rRNA methyltransferase HI_0380 => putative tRNA/rRNA methyltransferase
[20:56:53] Modify product: Uncharacterized protein RP812 => putative protein RP812
[20:56:53] Modify product: Probable chaperone CsaA => putative chaperone CsaA
[20:56:53] Modify product: UPF0434 protein NMA0874 => hypothetical protein
[20:56:53] Modify product: Probable allantoin permease => putative allantoin permease
[20:56:54] Modify product: Uncharacterized HIT-like protein HP_0404 => putative HIT-like protein
[20:56:54] Modify product: Uncharacterized HTH-type transcriptional regulator YybR => putative HTH-type transcriptional regulator YybR
[20:56:54] Modify product: Uncharacterized protein YccU => putative protein YccU
[20:56:54] Modify product: Uncharacterized glycosyltransferase Rv0539 => putative glycosyltransferase
[20:56:54] Modify product: UPF0176 protein YceA => hypothetical protein
[20:56:54] Modify product: Probable adenylyl-sulfate kinase => putative adenylyl-sulfate kinase
[20:56:54] Modify product: Uncharacterized inner membrane transporter YedA => putative inner membrane transporter YedA
[20:56:54] Modify product: UPF0053 inner membrane protein YgdQ => hypothetical protein
[20:56:54] Modify product: UPF0213 protein BH0048 => hypothetical protein
[20:56:54] Modify product: Probable nicotinate-nucleotide pyrophosphorylase [carboxylating] => putative nicotinate-nucleotide pyrophosphorylase [carboxylating]
[20:56:54] Modify product: SCO1 protein homolog => SCO1 protein 
[20:56:54] Modify product: Bifunctional protein FolD => Bifunctional protein FolD protein
[20:56:54] Modify product: Probable acrylyl-CoA reductase AcuI => putative acrylyl-CoA reductase AcuI
[20:56:54] Modify product: Uncharacterized protein YcbX => putative protein YcbX
[20:56:54] Modify product: Uncharacterized sugar kinase YdjH => putative sugar kinase YdjH
[20:56:54] Modify product: Uncharacterized FAD-linked oxidoreductase Rv2280 => putative FAD-linked oxidoreductase
[20:56:54] Modify product: Probable intracellular septation protein A => putative intracellular septation protein A
[20:56:54] Modify product: Uncharacterized MFS-type transporter YcaD => putative MFS-type transporter YcaD
[20:56:54] Modify product: Uncharacterized protein YcbX => putative protein YcbX
[20:56:54] Modify product: Probable glutamine ABC transporter permease protein GlnM => putative glutamine ABC transporter permease protein GlnM
[20:56:54] Modify product: Uncharacterized MFS-type transporter YhjX => putative MFS-type transporter YhjX
[20:56:54] Modify product: Probable sulfite/organosulfonate exporter TauE => putative sulfite/organosulfonate exporter TauE
[20:56:54] Modify product: Probable cysteine desulfurase => putative cysteine desulfurase
[20:56:54] Modify product: Probable ATP-dependent transporter SufC => putative ATP-dependent transporter SufC
[20:56:54] Modify product: Uncharacterized protein YbgK => putative protein YbgK
[20:56:54] Modify product: UPF0271 protein YbgL => hypothetical protein
[20:56:54] Modify product: Solute-binding protein Rfer_1840 => Solute-binding protein
[20:56:54] Modify product: Segregation and condensation protein B homolog => Segregation and condensation protein B 
[20:56:54] Modify product: Uncharacterized ABC transporter ATP-binding protein YadG => putative ABC transporter ATP-binding protein YadG
[20:56:54] Modify product: Probable chaperone CsaA => putative chaperone CsaA
[20:56:54] Modify product: Uncharacterized sugar transferase EpsL => putative sugar transferase EpsL
[20:56:54] Modify product: Probable amino-acid metabolite efflux pump => putative amino-acid metabolite efflux pump
[20:56:54] Modify product: Probable 3-hydroxyacyl-CoA dehydrogenase => putative 3-hydroxyacyl-CoA dehydrogenase
[20:56:54] Modify product: Putative monooxygenase Rv0793 => Putative monooxygenase
[20:56:54] Cleaned 39 /product names
[20:56:54] Deleting unwanted file: /projects/micb405/project1/Team10/project2/Prokka_output/sprot.faa
[20:56:54] Deleting unwanted file: /projects/micb405/project1/Team10/project2/Prokka_output/sprot.blast
[20:56:54] There are still 344 unannotated CDS left (started with 989)
[20:56:54] Will use hmmer3 to search against /home/linuxbrew/.linuxbrew/Cellar/prokka/1.13/bin/../db/hmm/HAMAP.hmm with 8 CPUs
[20:56:54] Running: cat \/projects\/micb405\/project1\/Team10\/project2\/Prokka_output\/HAMAP\.hmm\.faa | parallel --gnu --plain -j 8 --block 3849 --recstart '>' --pipe hmmscan --noali --notextw --acc -E 1e-06 --cpu 1 /home/linuxbrew/.linuxbrew/Cellar/prokka/1.13/bin/../db/hmm/HAMAP.hmm /dev/stdin > \/projects\/micb405\/project1\/Team10\/project2\/Prokka_output\/HAMAP\.hmm\.hmmer3 2> /dev/null
[20:57:00] Deleting unwanted file: /projects/micb405/project1/Team10/project2/Prokka_output/HAMAP.hmm.faa
[20:57:00] Deleting unwanted file: /projects/micb405/project1/Team10/project2/Prokka_output/HAMAP.hmm.hmmer3
[20:57:00] Labelling remaining 308 proteins as 'hypothetical protein'
[20:57:00] Possible /pseudo 'Glutamate synthase [NADPH] small chain' at SaanichInlet_120m_124_5 position 3251
[20:57:00] Possible /pseudo 'Fimbrial protein' at SaanichInlet_120m_124_18 position 3750
[20:57:00] Possible /pseudo 'Fimbrial protein' at SaanichInlet_120m_124_18 position 4762
[20:57:00] Possible /pseudo 'Fimbrial protein' at SaanichInlet_120m_124_18 position 5297
[20:57:00] Possible /pseudo 'Fimbrial protein' at SaanichInlet_120m_124_18 position 5779
[20:57:00] Possible /pseudo 'Deoxyhypusine synthase-like protein' at SaanichInlet_120m_124_40 position 911
[20:57:00] Possible /pseudo 'Cytochrome b/c1' at SaanichInlet_120m_124_71 position 4951
[20:57:00] Possible /pseudo 'Fimbrial protein' at SaanichInlet_120m_124_114 position 3026
[20:57:00] Possible /pseudo 'Fimbrial protein' at SaanichInlet_120m_124_114 position 3545
[20:57:00] Possible /pseudo 'Fimbrial protein' at SaanichInlet_120m_124_114 position 4056
[20:57:00] Possible /pseudo 'L-lactate dehydrogenase' at SaanichInlet_120m_124_117 position 4718
[20:57:00] Found 542 unique /gene codes.
[20:57:00] Fixed 2 duplicate /gene - yliI_1 yliI_2
[20:57:00] Fixed 3 duplicate /gene - gph_1 gph_2 gph_3
[20:57:00] Fixed 4 duplicate /gene - plsY_1 plsY_2 plsY_3 plsY_4
[20:57:00] Fixed 2 duplicate /gene - rpsN_1 rpsN_2
[20:57:00] Fixed 2 duplicate /gene - mepM_1 mepM_2
[20:57:00] Fixed 2 duplicate /gene - msrA_1 msrA_2
[20:57:00] Fixed 2 duplicate /gene - nsaD_1 nsaD_2
[20:57:00] Fixed 2 duplicate /gene - hupA_1 hupA_2
[20:57:00] Fixed 3 duplicate /gene - mtnA_1 mtnA_2 mtnA_3
[20:57:00] Fixed 3 duplicate /gene - LRA5_1 LRA5_2 LRA5_3
[20:57:00] Fixed 3 duplicate /gene - ald_1 ald_2 ald_3
[20:57:00] Fixed 3 duplicate /gene - topA_1 topA_2 topA_3
[20:57:00] Fixed 2 duplicate /gene - rplA_1 rplA_2
[20:57:00] Fixed 2 duplicate /gene - rplE_1 rplE_2
[20:57:00] Fixed 3 duplicate /gene - lldD_1 lldD_2 lldD_3
[20:57:00] Fixed 2 duplicate /gene - csaA_1 csaA_2
[20:57:00] Fixed 2 duplicate /gene - sbcB_1 sbcB_2
[20:57:00] Fixed 2 duplicate /gene - prfA_1 prfA_2
[20:57:00] Fixed 2 duplicate /gene - bacC_1 bacC_2
[20:57:00] Fixed 2 duplicate /gene - gcvT_1 gcvT_2
[20:57:00] Fixed 2 duplicate /gene - nuoL_1 nuoL_2
[20:57:00] Fixed 2 duplicate /gene - ygfZ_1 ygfZ_2
[20:57:00] Fixed 3 duplicate /gene - lptB_1 lptB_2 lptB_3
[20:57:00] Fixed 2 duplicate /gene - azoR_1 azoR_2
[20:57:00] Fixed 3 duplicate /gene - rplP_1 rplP_2 rplP_3
[20:57:00] Fixed 2 duplicate /gene - ppdK_1 ppdK_2
[20:57:00] Fixed 3 duplicate /gene - rpsQ_1 rpsQ_2 rpsQ_3
[20:57:00] Fixed 2 duplicate /gene - radD_1 radD_2
[20:57:00] Fixed 2 duplicate /gene - livF_1 livF_2
[20:57:00] Fixed 2 duplicate /gene - yidC_1 yidC_2
[20:57:00] Fixed 2 duplicate /gene - mrcA_1 mrcA_2
[20:57:00] Fixed 2 duplicate /gene - gltD_1 gltD_2
[20:57:00] Fixed 4 duplicate /gene - pyrC_1 pyrC_2 pyrC_3 pyrC_4
[20:57:00] Fixed 2 duplicate /gene - allB_1 allB_2
[20:57:00] Fixed 2 duplicate /gene - ycbX_1 ycbX_2
[20:57:00] Fixed 3 duplicate /gene - glmU_1 glmU_2 glmU_3
[20:57:00] Fixed 2 duplicate /gene - pilE_1 pilE_2
[20:57:00] Fixed 3 duplicate /gene - prpB_1 prpB_2 prpB_3
[20:57:00] Fixed 2 duplicate /gene - ftsH_1 ftsH_2
[20:57:00] Fixed 2 duplicate /gene - cbbZC_1 cbbZC_2
[20:57:00] Fixed 2 duplicate /gene - dnaJ_1 dnaJ_2
[20:57:00] Fixed 2 duplicate /gene - qacC_1 qacC_2
[20:57:00] Fixed 3 duplicate /gene - rplN_1 rplN_2 rplN_3
[20:57:00] Fixed 2 duplicate /gene - fdhD_1 fdhD_2
[20:57:00] Fixed 2 duplicate /gene - guaA_1 guaA_2
[20:57:00] Fixed 2 duplicate /gene - ddl_1 ddl_2
[20:57:00] Fixed 2 duplicate /gene - msrB_1 msrB_2
[20:57:00] Fixed 2 duplicate /gene - yidD_1 yidD_2
[20:57:00] Fixed 2 duplicate /gene - livH_1 livH_2
[20:57:00] Fixed 2 duplicate /gene - cysC_1 cysC_2
[20:57:00] Fixed 2 duplicate /gene - xsc_1 xsc_2
[20:57:00] Fixed 3 duplicate /gene - hslV_1 hslV_2 hslV_3
[20:57:00] Fixed 2 duplicate /gene - lpd3_1 lpd3_2
[20:57:00] Fixed 2 duplicate /gene - rpsC_1 rpsC_2
[20:57:00] Fixed 2 duplicate /gene - rnpA_1 rnpA_2
[20:57:00] Fixed 3 duplicate /gene - rpmC_1 rpmC_2 rpmC_3
[20:57:00] Fixed 2 duplicate /gene - pimB_1 pimB_2
[20:57:00] Fixed 2 duplicate /gene - fbcH_1 fbcH_2
[20:57:00] Fixed 2 duplicate /gene - rplX_1 rplX_2
[20:57:00] Fixed 2 duplicate /gene - folP_1 folP_2
[20:57:00] Fixed 2 duplicate /gene - exbD_1 exbD_2
[20:57:00] Fixed 2 duplicate /gene - rplJ_1 rplJ_2
[20:57:00] Fixed 3 duplicate /gene - acsA_1 acsA_2 acsA_3
[20:57:00] Fixed 2 duplicate /gene - prmC_1 prmC_2
[20:57:00] Fixed 2 duplicate /gene - dmdA_1 dmdA_2
[20:57:00] Fixed 2 duplicate /gene - eamB_1 eamB_2
[20:57:00] Fixed 2 duplicate /gene - nrdB_1 nrdB_2
[20:57:00] Fixed 3 duplicate /gene - hslU_1 hslU_2 hslU_3
[20:57:00] Fixed 2 duplicate /gene - speH_1 speH_2
[20:57:00] Fixed 6 duplicate /gene - pilE1_1 pilE1_2 pilE1_3 pilE1_4 pilE1_5 pilE1_6
[20:57:00] Fixed 2 duplicate /gene - fabG_1 fabG_2
[20:57:00] Fixed 2 duplicate /gene - dctM_1 dctM_2
[20:57:00] Fixed 3 duplicate /gene - prpD_1 prpD_2 prpD_3
[20:57:00] Fixed 2 duplicate /gene - fimA_1 fimA_2
[20:57:00] Fixed 2 duplicate /gene - gltA1_1 gltA1_2
[20:57:00] Fixed 75 colliding /gene names.
[20:57:00] Adding /locus_tag identifiers
[20:57:00] Assigned 1001 locus_tags to CDS and RNA features.
[20:57:00] Writing outputs to /projects/micb405/project1/Team10/project2/Prokka_output/
[20:57:00] Generating annotation statistics file
[20:57:00] Generating Genbank and Sequin files
[20:57:00] Running: tbl2asn -V b -a r10k -l paired-ends -M n -N 1 -y 'Annotated using prokka 1.13 from https://github.com/tseemann/prokka' -Z \/projects\/micb405\/project1\/Team10\/project2\/Prokka_output\/MAG124\.err -i \/projects\/micb405\/project1\/Team10\/project2\/Prokka_output\/MAG124\.fsa 2> /dev/null
[20:57:03] Could not run command: tbl2asn -V b -a r10k -l paired-ends -M n -N 1 -y 'Annotated using prokka 1.13 from https://github.com/tseemann/prokka' -Z \/projects\/micb405\/project1\/Team10\/project2\/Prokka_output\/MAG124\.err -i \/projects\/micb405\/project1\/Team10\/project2\/Prokka_output\/MAG124\.fsa 2> /dev/null
