[21:03:04] This is prokka 1.13
[21:03:04] Written by Torsten Seemann <torsten.seemann@gmail.com>
[21:03:04] Homepage is https://github.com/tseemann/prokka
[21:03:04] Local time is Wed Nov 20 21:03:04 2019
[21:03:04] You are linuxbrew
[21:03:04] Operating system is linux
[21:03:04] You have BioPerl 1.007002
[21:03:04] System has 40 cores.
[21:03:04] Will use maximum of 8 cores.
[21:03:04] Annotating as >>> Bacteria <<<
[21:03:04] Re-using existing --outdir /projects/micb405/project1/Team10/project2/Prokka_output
[21:03:04] Using filename prefix: MAG12.XXX
[21:03:04] Setting HMMER_NCPU=1
[21:03:04] Writing log to: /projects/micb405/project1/Team10/project2/Prokka_output/MAG12.log
[21:03:04] Command: /home/linuxbrew/.linuxbrew/bin/prokka --outdir /projects/micb405/project1/Team10/project2/Prokka_output --force --prefix MAG12 --kingdom Bacteria --cpus 8 --locustag MAG12 /projects/micb405/resources/project_2/2019/SaanichInlet_120m/MetaBAT2_SaanichInlet_120m/MedQPlus_MAGs/SaanichInlet_120m.12.fa
[21:03:04] Appending to PATH: /home/linuxbrew/.linuxbrew/Cellar/prokka/1.13/bin
[21:03:04] Looking for 'aragorn' - found /home/linuxbrew/.linuxbrew/bin/aragorn
[21:03:04] Determined aragorn version is 1.2
[21:03:04] Looking for 'barrnap' - found /home/linuxbrew/.linuxbrew/bin/barrnap
[21:03:04] Determined barrnap version is 0.9
[21:03:04] Looking for 'blastp' - found /home/linuxbrew/.linuxbrew/bin/blastp
[21:03:04] Determined blastp version is 2.7
[21:03:04] Looking for 'cmpress' - found /home/linuxbrew/.linuxbrew/bin/cmpress
[21:03:04] Determined cmpress version is 1.1
[21:03:04] Looking for 'cmscan' - found /home/linuxbrew/.linuxbrew/bin/cmscan
[21:03:04] Determined cmscan version is 1.1
[21:03:04] Looking for 'egrep' - found /bin/egrep
[21:03:04] Looking for 'find' - found /usr/bin/find
[21:03:04] Looking for 'grep' - found /bin/grep
[21:03:04] Looking for 'hmmpress' - found /home/linuxbrew/.linuxbrew/bin/hmmpress
[21:03:04] Determined hmmpress version is 3.1
[21:03:04] Looking for 'hmmscan' - found /home/linuxbrew/.linuxbrew/bin/hmmscan
[21:03:04] Determined hmmscan version is 3.1
[21:03:04] Looking for 'java' - found /home/linuxbrew/.linuxbrew/bin/java
[21:03:04] Looking for 'less' - found /home/linuxbrew/.linuxbrew/bin/less
[21:03:04] Looking for 'makeblastdb' - found /home/linuxbrew/.linuxbrew/bin/makeblastdb
[21:03:04] Determined makeblastdb version is 2.7
[21:03:04] Looking for 'minced' - found /home/linuxbrew/.linuxbrew/bin/minced
[21:03:04] Determined minced version is 3.0
[21:03:04] Looking for 'parallel' - found /home/linuxbrew/.linuxbrew/bin/parallel
[21:03:04] Determined parallel version is 20180822
[21:03:04] Looking for 'prodigal' - found /home/linuxbrew/.linuxbrew/bin/prodigal
[21:03:04] Determined prodigal version is 2.6
[21:03:04] Looking for 'prokka-genbank_to_fasta_db' - found /home/linuxbrew/.linuxbrew/bin/prokka-genbank_to_fasta_db
[21:03:04] Looking for 'rnammer' - found /home/linuxbrew/.linuxbrew/bin/rnammer
[21:03:04] Determined rnammer version is 1.2
[21:03:04] Looking for 'sed' - found /bin/sed
[21:03:04] Looking for 'tbl2asn' - found /home/linuxbrew/.linuxbrew/bin/tbl2asn
[21:03:04] Determined tbl2asn version is 25.6
[21:03:04] Using genetic code table 11.
[21:03:04] Loading and checking input file: /projects/micb405/resources/project_2/2019/SaanichInlet_120m/MetaBAT2_SaanichInlet_120m/MedQPlus_MAGs/SaanichInlet_120m.12.fa
[21:03:04] Wrote 343 contigs totalling 2104604 bp.
[21:03:04] Predicting tRNAs and tmRNAs
[21:03:04] Running: aragorn -l -gc11  -w \/projects\/micb405\/project1\/Team10\/project2\/Prokka_output\/MAG12\.fna
[21:03:05] 1 tRNA-Leu [2375,2461] 35 (gag)
[21:03:05] 1 tRNA-Trp c[2278,2353] 34 (cca)
[21:03:05] 1 tRNA-Gln c[578,652] 33 (ttg)
[21:03:05] 1 tRNA-Gly c[2382,2456] 33 (gcc)
[21:03:05] 1 tRNA-Ser c[1552,1641] 35 (tga)
[21:03:06] 1 tRNA-Thr c[169,244] 34 (tgt)
[21:03:06] 1 tRNA-Asp c[6269,6361] 36 (atc)
[21:03:06] 1 tRNA-Met [2786,2862] 35 (cat)
[21:03:06] 1 tRNA-His c[84,160] 35 (gtg)
[21:03:06] 1 tRNA-Val c[4670,4745] 34 (tac)
[21:03:06] 1 tRNA-Pro [498,574] 35 (tgg)
[21:03:06] 1 tRNA-Leu c[1285,1370] 34 (taa)
[21:03:07] 1 tRNA-Met c[20,96] 35 (cat)
[21:03:07] 1 tRNA-Gly c[11968,12041] 33 (tcc)
[21:03:07] 1 tRNA-Thr c[8633,8707] 33 (ggt)
[21:03:07] 1 tRNA-Arg [5279,5355] 35 (acg)
[21:03:07] 1 tRNA-Leu [9839,9924] 34 (cag)
[21:03:07] 1 tRNA-Asp [6304,6380] 35 (gtc)
[21:03:07] 1 tRNA-Gly [25,98] 33 (ccc)
[21:03:07] 1 tRNA-Arg [10232,10308] 35 (ccg)
[21:03:07] 1 tRNA-Cys c[94,167] 33 (gca)
[21:03:07] 1 tRNA-Gly c[3153,3227] 33 (gcc)
[21:03:07] 1 tRNA-Glu c[9432,9506] 34 (ttc)
[21:03:07] 1 tRNA-Gly c[7,81] 33 (gcc)
[21:03:07] 1 tRNA-Pro c[6970,7046] 35 (ggg)
[21:03:07] 1 tRNA-Tyr [7329,7412] 33 (gta)
[21:03:07] 1 tRNA-Asn [3587,3661] 33 (gtt)
[21:03:07] 1 tRNA-Ser c[14,103] 35 (gct)
[21:03:07] Found 28 tRNAs
[21:03:07] Predicting Ribosomal RNAs
[21:03:07] Running Barrnap with 8 threads
[21:03:08] Found 0 rRNAs
[21:03:08] Skipping ncRNA search, enable with --rfam if desired.
[21:03:08] Total of 28 tRNA + rRNA features
[21:03:08] Searching for CRISPR repeats
[21:03:08] Found 0 CRISPRs
[21:03:08] Predicting coding sequences
[21:03:08] Contigs total 2104604 bp, so using single mode
[21:03:08] Running: prodigal -i \/projects\/micb405\/project1\/Team10\/project2\/Prokka_output\/MAG12\.fna -c -m -g 11 -p single -f sco -q
[21:03:11] Excluding CDS which overlaps existing RNA (tRNA) at SaanichInlet_120m_12_67:640..756 on + strand
[21:03:11] Excluding CDS which overlaps existing RNA (tRNA) at SaanichInlet_120m_12_116:5037..6851 on - strand
[21:03:12] Excluding CDS which overlaps existing RNA (tRNA) at SaanichInlet_120m_12_272:155..328 on - strand
[21:03:12] Found 2113 CDS
[21:03:12] Connecting features back to sequences
[21:03:12] Not using genus-specific database. Try --usegenus to enable it.
[21:03:12] Annotating CDS, please be patient.
[21:03:12] Will use 8 CPUs for similarity searching.
[21:03:13] There are still 2113 unannotated CDS left (started with 2113)
[21:03:13] Will use blast to search against /home/linuxbrew/.linuxbrew/Cellar/prokka/1.13/bin/../db/kingdom/Bacteria/sprot with 8 CPUs
[21:03:13] Running: cat \/projects\/micb405\/project1\/Team10\/project2\/Prokka_output\/sprot\.faa | parallel --gnu --plain -j 8 --block 38699 --recstart '>' --pipe blastp -query - -db /home/linuxbrew/.linuxbrew/Cellar/prokka/1.13/bin/../db/kingdom/Bacteria/sprot -evalue 1e-06 -num_threads 1 -num_descriptions 1 -num_alignments 1 -seg no > \/projects\/micb405\/project1\/Team10\/project2\/Prokka_output\/sprot\.blast 2> /dev/null
[21:03:38] Modify product: Probable transcriptional regulatory protein TcrX => putative transcriptional regulatory protein TcrX
[21:03:38] Modify product: Uncharacterized signaling protein PA1727 => putative signaling protein
[21:03:38] Modify product: Probable chaperone CsaA => putative chaperone CsaA
[21:03:38] Modify product: GTP-binding protein TypA/BipA homolog => GTP-binding protein TypA/BipA 
[21:03:38] Modify product: Uncharacterized signaling protein PA1727 => putative signaling protein
[21:03:38] Modify product: Probable L,D-transpeptidase ErfK/SrfK => putative L,D-transpeptidase ErfK/SrfK
[21:03:38] Modify product: Probable ABC transporter-binding protein DR_1438 => putative ABC transporter-binding protein
[21:03:38] Modify product: Solute-binding protein Dde_0634 => Solute-binding protein
[21:03:38] Modify product: Uncharacterized hydrolase YxeP => putative hydrolase YxeP
[21:03:38] Modify product: Putative acyltransferase Rv0859 => Putative acyltransferase
[21:03:38] Modify product: Uncharacterized protein RP812 => putative protein RP812
[21:03:38] Modify product: Uncharacterized protein YccU => putative protein YccU
[21:03:38] Modify product: Multifunctional alkaline phosphatase superfamily protein pRL90232 => Multifunctional alkaline phosphatase superfamily protein
[21:03:38] Modify product: UPF0434 protein CV_3345 => hypothetical protein
[21:03:38] Modify product: Uncharacterized protein YbbN => putative protein YbbN
[21:03:38] Modify product: Uncharacterized FAD-linked oxidoreductase Rv2280 => putative FAD-linked oxidoreductase
[21:03:38] Modify product: Uncharacterized protein YaeQ => putative protein YaeQ
[21:03:38] Modify product: UPF0176 protein lpg2838 => hypothetical protein
[21:03:38] Modify product: UPF0394 membrane protein XF_0766 => hypothetical protein
[21:03:38] Modify product: UPF0394 membrane protein XF_0765 => hypothetical protein
[21:03:38] Modify product: Probable metallo-hydrolase BURPS1710b_2304 => putative metallo-hydrolase
[21:03:38] Modify product: Uncharacterized inner membrane transporter YedA => putative inner membrane transporter YedA
[21:03:38] Modify product: Probable dipeptidase PepE => putative dipeptidase PepE
[21:03:38] Modify product: Probable xanthine dehydrogenase subunit A => putative xanthine dehydrogenase subunit A
[21:03:38] Modify product: Probable phosphoadenosine phosphosulfate reductase => putative phosphoadenosine phosphosulfate reductase
[21:03:38] Modify product: UPF0299 membrane protein YohJ => hypothetical protein
[21:03:38] Modify product: Probable D,D-dipeptide transport system permease protein DdpC => putative D,D-dipeptide transport system permease protein DdpC
[21:03:38] Modify product: Uncharacterized oxidoreductase Rv1144 => putative oxidoreductase
[21:03:38] Modify product: Probable enoyl-CoA hydratase echA8 => putative enoyl-CoA hydratase echA8
[21:03:38] Modify product: Uncharacterized epimerase/dehydratase SA0511 => putative epimerase/dehydratase
[21:03:38] Modify product: Uncharacterized metal-dependent hydrolase YcfH => putative metal-dependent hydrolase YcfH
[21:03:38] Modify product: Probable cytosol aminopeptidase => putative cytosol aminopeptidase
[21:03:38] Modify product: Uncharacterized oxidoreductase Rv1350 => putative oxidoreductase
[21:03:38] Modify product: Monocarboxylate 2-oxoacid-binding periplasmic protein all3028 => Monocarboxylate 2-oxoacid-binding periplasmic protein
[21:03:38] Modify product: Uncharacterized protein YqeY => putative protein YqeY
[21:03:38] Modify product: Probable D,D-dipeptide-binding periplasmic protein DdpA => putative D,D-dipeptide-binding periplasmic protein DdpA
[21:03:38] Modify product: UPF0394 inner membrane protein YeeE => hypothetical protein
[21:03:38] Modify product: UPF0394 inner membrane protein YeeE => hypothetical protein
[21:03:38] Modify product: Probable lipoprotein YiaD => putative lipoprotein YiaD
[21:03:38] Modify product: Probable sulfate transporter Rv1739c => putative sulfate transporter
[21:03:38] Modify product: Probable metallo-hydrolase BURPS1710b_2304 => putative metallo-hydrolase
[21:03:38] Modify product: UPF0394 membrane protein XF_0765 => hypothetical protein
[21:03:38] Modify product: Probable dipeptidase PepE => putative dipeptidase PepE
[21:03:38] Modify product: Probable phospholipid-binding lipoprotein MlaA => putative phospholipid-binding lipoprotein MlaA
[21:03:38] Modify product: Probable phospholipid-binding protein MlaC => putative phospholipid-binding protein MlaC
[21:03:38] Modify product: Uncharacterized oxidoreductase Rv0927c => putative oxidoreductase
[21:03:38] Modify product: Probable 2-dehydro-3-deoxygalactonokinase DgoK1 => putative 2-dehydro-3-deoxygalactonokinase DgoK1
[21:03:38] Modify product: Probable peptidoglycan glycosyltransferase FtsW => putative peptidoglycan glycosyltransferase FtsW
[21:03:38] Modify product: Virulence protein STM3117 => Virulence protein
[21:03:38] Modify product: Probable D,D-dipeptide transport ATP-binding protein DdpF => putative D,D-dipeptide transport ATP-binding protein DdpF
[21:03:38] Modify product: Solute-binding protein Bpro_4736 => Solute-binding protein
[21:03:38] Modify product: UPF0056 inner membrane protein YhgN => hypothetical protein
[21:03:38] Modify product: Uncharacterized ABC transporter ATP-binding protein YheS => putative ABC transporter ATP-binding protein YheS
[21:03:38] Modify product: Probable D-xylose utilization operon transcriptional repressor => putative D-xylose utilization operon transcriptional repressor
[21:03:38] Modify product: UPF0246 protein YaaA => hypothetical protein
[21:03:38] Modify product: Probable lipoprotein YiaD => putative lipoprotein YiaD
[21:03:38] Modify product: Probable phospholipid ABC transporter permease protein MlaE => putative phospholipid ABC transporter permease protein MlaE
[21:03:38] Modify product: Probable ribonucleotide transport ATP-binding protein mkl => putative ribonucleotide transport ATP-binding protein mkl
[21:03:39] Modify product: UPF0102 protein RPA0323 => hypothetical protein
[21:03:39] Modify product: Probable bifunctional transcriptional activator/DNA repair enzyme AlkA => putative bifunctional transcriptional activator/DNA repair enzyme AlkA
[21:03:39] Modify product: Probable peptidoglycan D,D-transpeptidase FtsI => putative peptidoglycan D,D-transpeptidase FtsI
[21:03:39] Modify product: Probable protease SohB => putative protease SohB
[21:03:39] Modify product: UPF0394 inner membrane protein YeeE => hypothetical protein
[21:03:39] Modify product: UPF0394 inner membrane protein YeeE => hypothetical protein
[21:03:39] Modify product: Uncharacterized protein HI_0933 => putative protein
[21:03:39] Modify product: Uncharacterized protein Rv1276c => putative protein
[21:03:39] Modify product: Probable lipoprotein YiaD => putative lipoprotein YiaD
[21:03:39] Modify product: Stringent starvation protein A homolog => Stringent starvation protein A 
[21:03:39] Modify product: Probable metallo-hydrolase BURPS1710b_2304 => putative metallo-hydrolase
[21:03:39] Modify product: Probable ATP-dependent transporter SufC => putative ATP-dependent transporter SufC
[21:03:39] Modify product: UPF0053 inner membrane protein YfjD => hypothetical protein
[21:03:39] Modify product: Uncharacterized protein YcjX => putative protein YcjX
[21:03:39] Modify product: Uncharacterized N-acetyltransferase YjaB => putative N-acetyltransferase YjaB
[21:03:39] Modify product: UPF0283 membrane protein YcjF => hypothetical protein
[21:03:39] Modify product: Uncharacterized signaling protein PA1727 => putative signaling protein
[21:03:39] Modify product: Probable enoyl-CoA hydratase echA8 => putative enoyl-CoA hydratase echA8
[21:03:39] Modify product: Uncharacterized HTH-type transcriptional regulator Rv3095 => putative HTH-type transcriptional regulator
[21:03:39] Modify product: Uncharacterized signaling protein CC_0091 => putative signaling protein
[21:03:39] Modify product: Probable D,D-dipeptide transport system permease protein DdpC => putative D,D-dipeptide transport system permease protein DdpC
[21:03:39] Modify product: Uncharacterized FAD-linked oxidoreductase Rv2280 => putative FAD-linked oxidoreductase
[21:03:39] Modify product: Uncharacterized ABC transporter ATP-binding protein YejF => putative ABC transporter ATP-binding protein YejF
[21:03:39] Modify product: Probable enoyl-CoA hydratase echA8 => putative enoyl-CoA hydratase echA8
[21:03:39] Modify product: Uncharacterized FAD-linked oxidoreductase Rv2280 => putative FAD-linked oxidoreductase
[21:03:39] Modify product: Uncharacterized tRNA/rRNA methyltransferase HI_0380 => putative tRNA/rRNA methyltransferase
[21:03:39] Modify product: Probable 3-hydroxyacyl-CoA dehydrogenase => putative 3-hydroxyacyl-CoA dehydrogenase
[21:03:39] Modify product: Uncharacterized protein Rv2715 => putative protein
[21:03:39] Modify product: UPF0065 protein in clcB-clcD intergenic region => hypothetical protein
[21:03:39] Modify product: Uncharacterized zinc protease Rv2782c => putative zinc protease
[21:03:39] Modify product: Uncharacterized zinc protease Rv2782c => putative zinc protease
[21:03:39] Modify product: Probable GTPase Rv1496 => putative GTPase
[21:03:39] Modify product: Probable lipoprotein YiaD => putative lipoprotein YiaD
[21:03:39] Modify product: Uncharacterized ABC transporter ATP-binding protein YadG => putative ABC transporter ATP-binding protein YadG
[21:03:39] Modify product: Probable GTP-binding protein EngB => putative GTP-binding protein EngB
[21:03:39] Modify product: Uncharacterized protein YcbX => putative protein YcbX
[21:03:39] Modify product: Probable adenylyl-sulfate kinase => putative adenylyl-sulfate kinase
[21:03:39] Modify product: Probable CtpA-like serine protease => putative CtpA-like serine protease
[21:03:39] Modify product: Uncharacterized protein HI_0103 => putative protein
[21:03:39] Modify product: Uncharacterized N-acetyltransferase YsnE => putative N-acetyltransferase YsnE
[21:03:39] Modify product: Purine-binding protein BAB2_0673 => Purine-binding protein
[21:03:39] Modify product: Phosphate-specific transport system accessory protein PhoU homolog => Phosphate-specific transport system accessory protein PhoU 
[21:03:39] Modify product: Probable tRNA-dihydrouridine synthase => putative tRNA-dihydrouridine synthase
[21:03:39] Modify product: Uncharacterized oxidoreductase SA2266 => putative oxidoreductase
[21:03:39] Modify product: UPF0701 protein HI_0467 => hypothetical protein
[21:03:39] Modify product: Bifunctional protein FolD => Bifunctional protein FolD protein
[21:03:39] Modify product: Virulence protein STM3117 => Virulence protein
[21:03:39] Modify product: Solute-binding protein Dde_0634 => Solute-binding protein
[21:03:39] Modify product: Probable manganese-dependent inorganic pyrophosphatase => putative manganese-dependent inorganic pyrophosphatase
[21:03:39] Modify product: Uncharacterized HTH-type transcriptional regulator SAR2349 => putative HTH-type transcriptional regulator
[21:03:39] Modify product: Peroxiredoxin sll1621 => Peroxiredoxin
[21:03:39] Modify product: Uncharacterized HTH-type transcriptional regulator YybR => putative HTH-type transcriptional regulator YybR
[21:03:39] Modify product: Putative multidrug export ATP-binding/permease protein SA1683 => Putative multidrug export ATP-binding/permease protein
[21:03:39] Modify product: Uncharacterized MFS-type transporter YcaD => putative MFS-type transporter YcaD
[21:03:39] Modify product: Probable soluble pyridine nucleotide transhydrogenase => putative soluble pyridine nucleotide transhydrogenase
[21:03:39] Modify product: UPF0178 protein YaiI => hypothetical protein
[21:03:39] Modify product: Uncharacterized FAD-linked oxidoreductase Rv2280 => putative FAD-linked oxidoreductase
[21:03:39] Modify product: Uncharacterized FAD-linked oxidoreductase Rv2280 => putative FAD-linked oxidoreductase
[21:03:39] Modify product: Uncharacterized protein Rv1480 => putative protein
[21:03:39] Modify product: Uncharacterized ABC transporter ATP-binding protein YadG => putative ABC transporter ATP-binding protein YadG
[21:03:39] Modify product: Probable lipoprotein YiaD => putative lipoprotein YiaD
[21:03:39] Modify product: Probable quorum-quenching lactonase YtnP => putative quorum-quenching lactonase YtnP
[21:03:39] Modify product: Putative multidrug export ATP-binding/permease protein SA1683 => Putative multidrug export ATP-binding/permease protein
[21:03:39] Modify product: UPF0301 protein AlgH => hypothetical protein
[21:03:39] Modify product: Uncharacterized protein YisK => putative protein YisK
[21:03:39] Modify product: Uncharacterized transporter Rv2685 => putative transporter
[21:03:39] Modify product: Probable protein kinase UbiB => putative protein kinase UbiB
[21:03:39] Modify product: Segregation and condensation protein B homolog => Segregation and condensation protein B 
[21:03:39] Modify product: Probable lipoprotein YiaD => putative lipoprotein YiaD
[21:03:39] Modify product: Probable enoyl-CoA hydratase => putative enoyl-CoA hydratase
[21:03:39] Modify product: Uncharacterized zinc protease Rv2782c => putative zinc protease
[21:03:39] Modify product: Probable HTH-type transcriptional repressor ExuR => putative HTH-type transcriptional repressor ExuR
[21:03:39] Modify product: UPF0065 protein in clcB-clcD intergenic region => hypothetical protein
[21:03:39] Modify product: Probable sulfoacetate--CoA ligase => putative sulfoacetate--CoA ligase
[21:03:40] Modify product: Probable phospholipid ABC transporter-binding protein MlaD => putative phospholipid ABC transporter-binding protein MlaD
[21:03:40] Modify product: Uncharacterized MFS-type transporter YcaD => putative MFS-type transporter YcaD
[21:03:40] Modify product: Sulfurtransferase Alvin_2599 => Sulfurtransferase
[21:03:40] Modify product: Uncharacterized protein YgaU => putative protein YgaU
[21:03:40] Cleaned 136 /product names
[21:03:40] Deleting unwanted file: /projects/micb405/project1/Team10/project2/Prokka_output/sprot.faa
[21:03:40] Deleting unwanted file: /projects/micb405/project1/Team10/project2/Prokka_output/sprot.blast
[21:03:40] There are still 745 unannotated CDS left (started with 2113)
[21:03:40] Will use hmmer3 to search against /home/linuxbrew/.linuxbrew/Cellar/prokka/1.13/bin/../db/hmm/HAMAP.hmm with 8 CPUs
[21:03:40] Running: cat \/projects\/micb405\/project1\/Team10\/project2\/Prokka_output\/HAMAP\.hmm\.faa | parallel --gnu --plain -j 8 --block 9659 --recstart '>' --pipe hmmscan --noali --notextw --acc -E 1e-06 --cpu 1 /home/linuxbrew/.linuxbrew/Cellar/prokka/1.13/bin/../db/hmm/HAMAP.hmm /dev/stdin > \/projects\/micb405\/project1\/Team10\/project2\/Prokka_output\/HAMAP\.hmm\.hmmer3 2> /dev/null
[21:03:49] Modify product: Uncharacterized Nudix hydrolase NudL => putative Nudix hydrolase NudL
[21:03:49] Cleaned 1 /product names
[21:03:49] Deleting unwanted file: /projects/micb405/project1/Team10/project2/Prokka_output/HAMAP.hmm.faa
[21:03:49] Deleting unwanted file: /projects/micb405/project1/Team10/project2/Prokka_output/HAMAP.hmm.hmmer3
[21:03:49] Labelling remaining 709 proteins as 'hypothetical protein'
[21:03:49] Possible /pseudo '3-deoxy-D-manno-octulosonic acid transferase' at SaanichInlet_120m_12_20 position 10699
[21:03:49] Possible /pseudo 'HTH-type transcriptional regulator ZntR' at SaanichInlet_120m_12_60 position 3094
[21:03:49] Possible /pseudo 'Sulfite reductase [ferredoxin]' at SaanichInlet_120m_12_76 position 695
[21:03:49] Possible /pseudo 'Glutamine-dependent NAD(+) synthetase' at SaanichInlet_120m_12_98 position 482
[21:03:49] Possible /pseudo 'DNA-binding transcriptional activator DecR' at SaanichInlet_120m_12_148 position 1274
[21:03:49] Possible /pseudo 'Ribonuclease E' at SaanichInlet_120m_12_203 position 607
[21:03:49] Possible /pseudo 'putative FAD-linked oxidoreductase' at SaanichInlet_120m_12_205 position 6883
[21:03:49] Possible /pseudo 'Phosphoribosylamine--glycine ligase' at SaanichInlet_120m_12_209 position 3539
[21:03:49] Possible /pseudo 'Alpha-galactosidase' at SaanichInlet_120m_12_232 position 1678
[21:03:49] Possible /pseudo 'Peptide deformylase' at SaanichInlet_120m_12_265 position 6595
[21:03:49] Possible /pseudo 'Gamma-glutamylputrescine oxidoreductase' at SaanichInlet_120m_12_312 position 13957
[21:03:49] Possible /pseudo 'putative zinc protease' at SaanichInlet_120m_12_314 position 7771
[21:03:49] Found 1059 unique /gene codes.
[21:03:49] Fixed 2 duplicate /gene - leuE_1 leuE_2
[21:03:49] Fixed 2 duplicate /gene - cobO_1 cobO_2
[21:03:49] Fixed 2 duplicate /gene - alaS_1 alaS_2
[21:03:49] Fixed 2 duplicate /gene - paaG_1 paaG_2
[21:03:49] Fixed 2 duplicate /gene - rsgA_1 rsgA_2
[21:03:49] Fixed 2 duplicate /gene - comM_1 comM_2
[21:03:49] Fixed 2 duplicate /gene - fdxA_1 fdxA_2
[21:03:49] Fixed 3 duplicate /gene - sir_1 sir_2 sir_3
[21:03:49] Fixed 2 duplicate /gene - hslR_1 hslR_2
[21:03:49] Fixed 2 duplicate /gene - hisH_1 hisH_2
[21:03:49] Fixed 2 duplicate /gene - nth_1 nth_2
[21:03:49] Fixed 2 duplicate /gene - gsiC_1 gsiC_2
[21:03:49] Fixed 3 duplicate /gene - blh_1 blh_2 blh_3
[21:03:49] Fixed 8 duplicate /gene - ribN_1 ribN_2 ribN_3 ribN_4 ribN_5 ribN_6 ribN_7 ribN_8
[21:03:49] Fixed 2 duplicate /gene - rsmB_1 rsmB_2
[21:03:49] Fixed 2 duplicate /gene - bepA_1 bepA_2
[21:03:49] Fixed 2 duplicate /gene - purA_1 purA_2
[21:03:49] Fixed 2 duplicate /gene - nadE_1 nadE_2
[21:03:49] Fixed 2 duplicate /gene - arsC_1 arsC_2
[21:03:49] Fixed 2 duplicate /gene - cysH_1 cysH_2
[21:03:49] Fixed 2 duplicate /gene - pyrF_1 pyrF_2
[21:03:49] Fixed 2 duplicate /gene - boxA_1 boxA_2
[21:03:49] Fixed 7 duplicate /gene - fabG_1 fabG_2 fabG_3 fabG_4 fabG_5 fabG_6 fabG_7
[21:03:49] Fixed 2 duplicate /gene - bigR_1 bigR_2
[21:03:49] Fixed 2 duplicate /gene - atpF_1 atpF_2
[21:03:49] Fixed 2 duplicate /gene - ald_1 ald_2
[21:03:49] Fixed 2 duplicate /gene - modB_1 modB_2
[21:03:49] Fixed 3 duplicate /gene - iolC_1 iolC_2 iolC_3
[21:03:49] Fixed 6 duplicate /gene - yiaD_1 yiaD_2 yiaD_3 yiaD_4 yiaD_5 yiaD_6
[21:03:49] Fixed 2 duplicate /gene - occP_1 occP_2
[21:03:49] Fixed 2 duplicate /gene - boxC_1 boxC_2
[21:03:49] Fixed 2 duplicate /gene - prsE_1 prsE_2
[21:03:49] Fixed 2 duplicate /gene - accA1_1 accA1_2
[21:03:49] Fixed 2 duplicate /gene - sutR_1 sutR_2
[21:03:49] Fixed 2 duplicate /gene - panC_1 panC_2
[21:03:49] Fixed 4 duplicate /gene - abo_1 abo_2 abo_3 abo_4
[21:03:49] Fixed 2 duplicate /gene - slt_1 slt_2
[21:03:49] Fixed 2 duplicate /gene - queG_1 queG_2
[21:03:49] Fixed 2 duplicate /gene - nocT_1 nocT_2
[21:03:49] Fixed 2 duplicate /gene - hisB_1 hisB_2
[21:03:49] Fixed 2 duplicate /gene - catD_1 catD_2
[21:03:49] Fixed 3 duplicate /gene - rbsA_1 rbsA_2 rbsA_3
[21:03:49] Fixed 3 duplicate /gene - rafA_1 rafA_2 rafA_3
[21:03:49] Fixed 2 duplicate /gene - cobU_1 cobU_2
[21:03:49] Fixed 2 duplicate /gene - coxS_1 coxS_2
[21:03:49] Fixed 2 duplicate /gene - leuC_1 leuC_2
[21:03:49] Fixed 3 duplicate /gene - flhA_1 flhA_2 flhA_3
[21:03:49] Fixed 2 duplicate /gene - rpoN2_1 rpoN2_2
[21:03:49] Fixed 2 duplicate /gene - rhtB_1 rhtB_2
[21:03:49] Fixed 2 duplicate /gene - panB_1 panB_2
[21:03:49] Fixed 2 duplicate /gene - dnaX_1 dnaX_2
[21:03:49] Fixed 2 duplicate /gene - idi_1 idi_2
[21:03:49] Fixed 3 duplicate /gene - iolB_1 iolB_2 iolB_3
[21:03:49] Fixed 2 duplicate /gene - boxB_1 boxB_2
[21:03:49] Fixed 2 duplicate /gene - loiP_1 loiP_2
[21:03:49] Fixed 2 duplicate /gene - mcbR_1 mcbR_2
[21:03:49] Fixed 2 duplicate /gene - guaA_1 guaA_2
[21:03:49] Fixed 2 duplicate /gene - xthA_1 xthA_2
[21:03:49] Fixed 2 duplicate /gene - hisM_1 hisM_2
[21:03:49] Fixed 2 duplicate /gene - rnd_1 rnd_2
[21:03:49] Fixed 2 duplicate /gene - mglA_1 mglA_2
[21:03:49] Fixed 2 duplicate /gene - ycaD_1 ycaD_2
[21:03:49] Fixed 2 duplicate /gene - hisC_1 hisC_2
[21:03:49] Fixed 2 duplicate /gene - qorA_1 qorA_2
[21:03:49] Fixed 2 duplicate /gene - glpK_1 glpK_2
[21:03:49] Fixed 2 duplicate /gene - ubiG_1 ubiG_2
[21:03:49] Fixed 2 duplicate /gene - pcs_1 pcs_2
[21:03:49] Fixed 3 duplicate /gene - thiO_1 thiO_2 thiO_3
[21:03:49] Fixed 2 duplicate /gene - allA_1 allA_2
[21:03:49] Fixed 2 duplicate /gene - hisA_1 hisA_2
[21:03:49] Fixed 2 duplicate /gene - dmdC_1 dmdC_2
[21:03:49] Fixed 2 duplicate /gene - gloB_1 gloB_2
[21:03:49] Fixed 2 duplicate /gene - ibpA_1 ibpA_2
[21:03:49] Fixed 2 duplicate /gene - pepF1_1 pepF1_2
[21:03:49] Fixed 2 duplicate /gene - mro_1 mro_2
[21:03:49] Fixed 2 duplicate /gene - nfdA_1 nfdA_2
[21:03:49] Fixed 2 duplicate /gene - rpiA_1 rpiA_2
[21:03:49] Fixed 2 duplicate /gene - yjiB_1 yjiB_2
[21:03:49] Fixed 2 duplicate /gene - dapA_1 dapA_2
[21:03:49] Fixed 2 duplicate /gene - pepA_1 pepA_2
[21:03:49] Fixed 2 duplicate /gene - pepE_1 pepE_2
[21:03:49] Fixed 2 duplicate /gene - rluA_1 rluA_2
[21:03:49] Fixed 2 duplicate /gene - pncC_1 pncC_2
[21:03:49] Fixed 2 duplicate /gene - zntR_1 zntR_2
[21:03:49] Fixed 2 duplicate /gene - frcA_1 frcA_2
[21:03:49] Fixed 5 duplicate /gene - spuC_1 spuC_2 spuC_3 spuC_4 spuC_5
[21:03:49] Fixed 2 duplicate /gene - ilvI_1 ilvI_2
[21:03:49] Fixed 3 duplicate /gene - lcfB_1 lcfB_2 lcfB_3
[21:03:49] Fixed 2 duplicate /gene - cckA_1 cckA_2
[21:03:49] Fixed 2 duplicate /gene - betB_1 betB_2
[21:03:49] Fixed 2 duplicate /gene - def_1 def_2
[21:03:49] Fixed 2 duplicate /gene - alkJ_1 alkJ_2
[21:03:49] Fixed 2 duplicate /gene - hipO_1 hipO_2
[21:03:49] Fixed 2 duplicate /gene - dauA_1 dauA_2
[21:03:49] Fixed 2 duplicate /gene - lldD_1 lldD_2
[21:03:49] Fixed 2 duplicate /gene - rlmE_1 rlmE_2
[21:03:49] Fixed 2 duplicate /gene - gcvT_1 gcvT_2
[21:03:49] Fixed 2 duplicate /gene - udg_1 udg_2
[21:03:49] Fixed 2 duplicate /gene - lcdH_1 lcdH_2
[21:03:49] Fixed 5 duplicate /gene - dctM_1 dctM_2 dctM_3 dctM_4 dctM_5
[21:03:49] Fixed 4 duplicate /gene - acsA_1 acsA_2 acsA_3 acsA_4
[21:03:49] Fixed 2 duplicate /gene - dxs_1 dxs_2
[21:03:49] Fixed 2 duplicate /gene - yciI_1 yciI_2
[21:03:49] Fixed 2 duplicate /gene - rluD_1 rluD_2
[21:03:49] Fixed 2 duplicate /gene - cobV_1 cobV_2
[21:03:49] Fixed 3 duplicate /gene - potA_1 potA_2 potA_3
[21:03:49] Fixed 2 duplicate /gene - pcm_1 pcm_2
[21:03:49] Fixed 2 duplicate /gene - soxA_1 soxA_2
[21:03:49] Fixed 2 duplicate /gene - rpe_1 rpe_2
[21:03:49] Fixed 2 duplicate /gene - xerC_1 xerC_2
[21:03:49] Fixed 2 duplicate /gene - lolD_1 lolD_2
[21:03:49] Fixed 2 duplicate /gene - proC_1 proC_2
[21:03:49] Fixed 2 duplicate /gene - mmuM_1 mmuM_2
[21:03:49] Fixed 2 duplicate /gene - scpA_1 scpA_2
[21:03:49] Fixed 2 duplicate /gene - walK_1 walK_2
[21:03:49] Fixed 2 duplicate /gene - hpsN_1 hpsN_2
[21:03:49] Fixed 2 duplicate /gene - aroK_1 aroK_2
[21:03:49] Fixed 5 duplicate /gene - puuB_1 puuB_2 puuB_3 puuB_4 puuB_5
[21:03:49] Fixed 2 duplicate /gene - artQ_1 artQ_2
[21:03:49] Fixed 2 duplicate /gene - pdhR_1 pdhR_2
[21:03:49] Fixed 6 duplicate /gene - mtgB_1 mtgB_2 mtgB_3 mtgB_4 mtgB_5 mtgB_6
[21:03:49] Fixed 2 duplicate /gene - suhB_1 suhB_2
[21:03:49] Fixed 2 duplicate /gene - bcp_1 bcp_2
[21:03:49] Fixed 3 duplicate /gene - yciC_1 yciC_2 yciC_3
[21:03:49] Fixed 2 duplicate /gene - yadG_1 yadG_2
[21:03:49] Fixed 3 duplicate /gene - waaA_1 waaA_2 waaA_3
[21:03:49] Fixed 2 duplicate /gene - argB_1 argB_2
[21:03:49] Fixed 2 duplicate /gene - hemC_1 hemC_2
[21:03:49] Fixed 2 duplicate /gene - gltX_1 gltX_2
[21:03:49] Fixed 2 duplicate /gene - garR_1 garR_2
[21:03:49] Fixed 2 duplicate /gene - rne_1 rne_2
[21:03:49] Fixed 2 duplicate /gene - gbuA_1 gbuA_2
[21:03:49] Fixed 2 duplicate /gene - puuC_1 puuC_2
[21:03:49] Fixed 3 duplicate /gene - doeA_1 doeA_2 doeA_3
[21:03:49] Fixed 2 duplicate /gene - apc3_1 apc3_2
[21:03:49] Fixed 3 duplicate /gene - rpoH_1 rpoH_2 rpoH_3
[21:03:49] Fixed 2 duplicate /gene - afr_1 afr_2
[21:03:49] Fixed 3 duplicate /gene - fadB_1 fadB_2 fadB_3
[21:03:49] Fixed 3 duplicate /gene - cdhR_1 cdhR_2 cdhR_3
[21:03:49] Fixed 3 duplicate /gene - kstR2_1 kstR2_2 kstR2_3
[21:03:49] Fixed 3 duplicate /gene - opuAA_1 opuAA_2 opuAA_3
[21:03:49] Fixed 2 duplicate /gene - cfiA_1 cfiA_2
[21:03:49] Fixed 3 duplicate /gene - ilvE_1 ilvE_2 ilvE_3
[21:03:49] Fixed 3 duplicate /gene - echA8_1 echA8_2 echA8_3
[21:03:49] Fixed 7 duplicate /gene - puuA_1 puuA_2 puuA_3 puuA_4 puuA_5 puuA_6 puuA_7
[21:03:49] Fixed 3 duplicate /gene - decR_1 decR_2 decR_3
[21:03:49] Fixed 2 duplicate /gene - moeA_1 moeA_2
[21:03:49] Fixed 2 duplicate /gene - cpdA_1 cpdA_2
[21:03:49] Fixed 2 duplicate /gene - qmcA_1 qmcA_2
[21:03:49] Fixed 2 duplicate /gene - potH_1 potH_2
[21:03:49] Fixed 3 duplicate /gene - ydcV_1 ydcV_2 ydcV_3
[21:03:49] Fixed 2 duplicate /gene - ruvB_1 ruvB_2
[21:03:49] Fixed 2 duplicate /gene - ubiE_1 ubiE_2
[21:03:49] Fixed 2 duplicate /gene - dsbD_1 dsbD_2
[21:03:49] Fixed 3 duplicate /gene - gno_1 gno_2 gno_3
[21:03:49] Fixed 4 duplicate /gene - hemA_1 hemA_2 hemA_3 hemA_4
[21:03:49] Fixed 3 duplicate /gene - mnmC_1 mnmC_2 mnmC_3
[21:03:49] Fixed 2 duplicate /gene - ddpC_1 ddpC_2
[21:03:49] Fixed 2 duplicate /gene - gpsA_1 gpsA_2
[21:03:49] Fixed 3 duplicate /gene - purD_1 purD_2 purD_3
[21:03:49] Fixed 3 duplicate /gene - phrB_1 phrB_2 phrB_3
[21:03:49] Fixed 161 colliding /gene names.
[21:03:49] Adding /locus_tag identifiers
[21:03:49] Assigned 2141 locus_tags to CDS and RNA features.
[21:03:49] Writing outputs to /projects/micb405/project1/Team10/project2/Prokka_output/
[21:03:51] Generating annotation statistics file
[21:03:51] Generating Genbank and Sequin files
[21:03:51] Running: tbl2asn -V b -a r10k -l paired-ends -M n -N 1 -y 'Annotated using prokka 1.13 from https://github.com/tseemann/prokka' -Z \/projects\/micb405\/project1\/Team10\/project2\/Prokka_output\/MAG12\.err -i \/projects\/micb405\/project1\/Team10\/project2\/Prokka_output\/MAG12\.fsa 2> /dev/null
[21:03:55] Could not run command: tbl2asn -V b -a r10k -l paired-ends -M n -N 1 -y 'Annotated using prokka 1.13 from https://github.com/tseemann/prokka' -Z \/projects\/micb405\/project1\/Team10\/project2\/Prokka_output\/MAG12\.err -i \/projects\/micb405\/project1\/Team10\/project2\/Prokka_output\/MAG12\.fsa 2> /dev/null
