[21:12:23] This is prokka 1.13
[21:12:23] Written by Torsten Seemann <torsten.seemann@gmail.com>
[21:12:23] Homepage is https://github.com/tseemann/prokka
[21:12:23] Local time is Wed Nov 20 21:12:23 2019
[21:12:23] You are linuxbrew
[21:12:23] Operating system is linux
[21:12:23] You have BioPerl 1.007002
[21:12:23] System has 40 cores.
[21:12:23] Will use maximum of 8 cores.
[21:12:23] Annotating as >>> Bacteria <<<
[21:12:23] Re-using existing --outdir /projects/micb405/project1/Team10/project2/Prokka_output
[21:12:23] Using filename prefix: MAG235.XXX
[21:12:23] Setting HMMER_NCPU=1
[21:12:23] Writing log to: /projects/micb405/project1/Team10/project2/Prokka_output/MAG235.log
[21:12:23] Command: /home/linuxbrew/.linuxbrew/bin/prokka --outdir /projects/micb405/project1/Team10/project2/Prokka_output --force --prefix MAG235 --kingdom Bacteria --cpus 8 --locustag MAG235 /projects/micb405/resources/project_2/2019/SaanichInlet_120m/MetaBAT2_SaanichInlet_120m/MedQPlus_MAGs/SaanichInlet_120m.235.fa
[21:12:23] Appending to PATH: /home/linuxbrew/.linuxbrew/Cellar/prokka/1.13/bin
[21:12:23] Looking for 'aragorn' - found /home/linuxbrew/.linuxbrew/bin/aragorn
[21:12:23] Determined aragorn version is 1.2
[21:12:23] Looking for 'barrnap' - found /home/linuxbrew/.linuxbrew/bin/barrnap
[21:12:23] Determined barrnap version is 0.9
[21:12:23] Looking for 'blastp' - found /home/linuxbrew/.linuxbrew/bin/blastp
[21:12:23] Determined blastp version is 2.7
[21:12:23] Looking for 'cmpress' - found /home/linuxbrew/.linuxbrew/bin/cmpress
[21:12:23] Determined cmpress version is 1.1
[21:12:23] Looking for 'cmscan' - found /home/linuxbrew/.linuxbrew/bin/cmscan
[21:12:23] Determined cmscan version is 1.1
[21:12:23] Looking for 'egrep' - found /bin/egrep
[21:12:23] Looking for 'find' - found /usr/bin/find
[21:12:23] Looking for 'grep' - found /bin/grep
[21:12:23] Looking for 'hmmpress' - found /home/linuxbrew/.linuxbrew/bin/hmmpress
[21:12:23] Determined hmmpress version is 3.1
[21:12:23] Looking for 'hmmscan' - found /home/linuxbrew/.linuxbrew/bin/hmmscan
[21:12:23] Determined hmmscan version is 3.1
[21:12:23] Looking for 'java' - found /home/linuxbrew/.linuxbrew/bin/java
[21:12:23] Looking for 'less' - found /home/linuxbrew/.linuxbrew/bin/less
[21:12:23] Looking for 'makeblastdb' - found /home/linuxbrew/.linuxbrew/bin/makeblastdb
[21:12:23] Determined makeblastdb version is 2.7
[21:12:23] Looking for 'minced' - found /home/linuxbrew/.linuxbrew/bin/minced
[21:12:24] Determined minced version is 3.0
[21:12:24] Looking for 'parallel' - found /home/linuxbrew/.linuxbrew/bin/parallel
[21:12:24] Determined parallel version is 20180822
[21:12:24] Looking for 'prodigal' - found /home/linuxbrew/.linuxbrew/bin/prodigal
[21:12:24] Determined prodigal version is 2.6
[21:12:24] Looking for 'prokka-genbank_to_fasta_db' - found /home/linuxbrew/.linuxbrew/bin/prokka-genbank_to_fasta_db
[21:12:24] Looking for 'rnammer' - found /home/linuxbrew/.linuxbrew/bin/rnammer
[21:12:24] Determined rnammer version is 1.2
[21:12:24] Looking for 'sed' - found /bin/sed
[21:12:24] Looking for 'tbl2asn' - found /home/linuxbrew/.linuxbrew/bin/tbl2asn
[21:12:24] Determined tbl2asn version is 25.6
[21:12:24] Using genetic code table 11.
[21:12:24] Loading and checking input file: /projects/micb405/resources/project_2/2019/SaanichInlet_120m/MetaBAT2_SaanichInlet_120m/MedQPlus_MAGs/SaanichInlet_120m.235.fa
[21:12:24] Wrote 50 contigs totalling 849275 bp.
[21:12:24] Predicting tRNAs and tmRNAs
[21:12:24] Running: aragorn -l -gc11  -w \/projects\/micb405\/project1\/Team10\/project2\/Prokka_output\/MAG235\.fna
[21:12:25] 1 tRNA-Arg [7915,7991] 35 (acg)
[21:12:25] 2 tRNA-Gly [8655,8730] 34 (gcc)
[21:12:25] 3 tRNA-Cys [8784,8857] 33 (gca)
[21:12:25] 4 tmRNA [35174,35519] 92,124 ANENNYALAA*
[21:12:25] 1 tRNA-Phe c[1695,1770] 34 (gaa)
[21:12:25] 1 tRNA-Leu [25,110] 35 (gag)
[21:12:25] 1 tRNA-Tyr [6414,6498] 35 (gta)
[21:12:25] 2 tRNA-Gly [6519,6592] 33 (tcc)
[21:12:25] 3 tRNA-Thr [6608,6683] 34 (ggt)
[21:12:25] 1 tRNA-Leu c[8793,8879] 35 (taa)
[21:12:25] 1 tRNA-Thr c[10032,10125] 33 (tgt)
[21:12:25] 1 tRNA-Ser c[36495,36582] 35 (gga)
[21:12:25] 1 tRNA-Met c[10100,10176] 35 (cat)
[21:12:25] 2 tRNA-Phe c[19006,19081] 34 (gaa)
[21:12:25] 1 tRNA-Ser [9038,9129] 35 (gct)
[21:12:25] 1 tRNA-Gln [22773,22847] 33 (ttg)
[21:12:25] 2 tRNA-Met [28569,28645] 35 (cat)
[21:12:25] 1 tRNA-Val c[41034,41110] 35 (gac)
[21:12:25] 2 tRNA-Arg [43392,43468] 35 (cct)
[21:12:25] 1 tRNA-Ser c[1027,1116] 35 (tga)
[21:12:25] 1 tRNA-Pro [6857,6933] 35 (tgg)
[21:12:25] 2 tRNA-Arg [6990,7066] 35 (tct)
[21:12:25] 3 tRNA-His [7079,7154] 34 (gtg)
[21:12:25] 1 tRNA-Leu c[3732,3816] 35 (tag)
[21:12:25] Found 24 tRNAs
[21:12:25] Predicting Ribosomal RNAs
[21:12:25] Running Barrnap with 8 threads
[21:12:25] Found 0 rRNAs
[21:12:25] Skipping ncRNA search, enable with --rfam if desired.
[21:12:25] Total of 23 tRNA + rRNA features
[21:12:25] Searching for CRISPR repeats
[21:12:26] Found 0 CRISPRs
[21:12:26] Predicting coding sequences
[21:12:26] Contigs total 849275 bp, so using single mode
[21:12:26] Running: prodigal -i \/projects\/micb405\/project1\/Team10\/project2\/Prokka_output\/MAG235\.fna -c -m -g 11 -p single -f sco -q
[21:12:27] Excluding CDS which overlaps existing RNA (tRNA) at SaanichInlet_120m_235_19:9778..10881 on - strand
[21:12:27] Found 931 CDS
[21:12:27] Connecting features back to sequences
[21:12:27] Not using genus-specific database. Try --usegenus to enable it.
[21:12:27] Annotating CDS, please be patient.
[21:12:27] Will use 8 CPUs for similarity searching.
[21:12:27] There are still 931 unannotated CDS left (started with 931)
[21:12:27] Will use blast to search against /home/linuxbrew/.linuxbrew/Cellar/prokka/1.13/bin/../db/kingdom/Bacteria/sprot with 8 CPUs
[21:12:27] Running: cat \/projects\/micb405\/project1\/Team10\/project2\/Prokka_output\/sprot\.faa | parallel --gnu --plain -j 8 --block 16466 --recstart '>' --pipe blastp -query - -db /home/linuxbrew/.linuxbrew/Cellar/prokka/1.13/bin/../db/kingdom/Bacteria/sprot -evalue 1e-06 -num_threads 1 -num_descriptions 1 -num_alignments 1 -seg no > \/projects\/micb405\/project1\/Team10\/project2\/Prokka_output\/sprot\.blast 2> /dev/null
[21:12:38] Modify product: Sulfurtransferase Alvin_2599 => Sulfurtransferase
[21:12:38] Modify product: UPF0246 protein YaaA => hypothetical protein
[21:12:38] Modify product: Uncharacterized protein NMB0459 => putative protein
[21:12:38] Modify product: UPF0213 protein BH0048 => hypothetical protein
[21:12:38] Modify product: Sulfurtransferase Alvin_2599 => Sulfurtransferase
[21:12:38] Modify product: UPF0271 protein PA4511 => hypothetical protein
[21:12:39] Modify product: Uncharacterized NAD-dependent oxidoreductase MAP_4146 => putative NAD-dependent oxidoreductase
[21:12:39] Modify product: UPF0178 protein YaiI => hypothetical protein
[21:12:39] Modify product: Probable copper-transporting ATPase PacS => putative copper-transporting ATPase PacS
[21:12:39] Modify product: Probable glutamine ABC transporter permease protein GlnP => putative glutamine ABC transporter permease protein GlnP
[21:12:39] Modify product: Uncharacterized protein NMB0459 => putative protein
[21:12:39] Modify product: UPF0053 inner membrane protein YfjD => hypothetical protein
[21:12:39] Modify product: Probable lipid II flippase MurJ => putative lipid II flippase MurJ
[21:12:39] Modify product: Probable Fe(2+)-trafficking protein => putative Fe(2+)-trafficking protein
[21:12:39] Modify product: Uncharacterized RNA pseudouridine synthase HP_0347 => putative RNA pseudouridine synthase
[21:12:39] Modify product: Probable transcriptional regulatory protein YebC => putative transcriptional regulatory protein YebC
[21:12:39] Modify product: Uncharacterized protease YhbU => putative protease YhbU
[21:12:39] Modify product: Sulfurtransferase Alvin_2599 => Sulfurtransferase
[21:12:39] Modify product: Probable intracellular septation protein A => putative intracellular septation protein A
[21:12:39] Modify product: Uncharacterized protein YqeY => putative protein YqeY
[21:12:39] Modify product: Probable GTP-binding protein EngB => putative GTP-binding protein EngB
[21:12:39] Modify product: Probable 3-hydroxyacyl-CoA dehydrogenase => putative 3-hydroxyacyl-CoA dehydrogenase
[21:12:39] Modify product: Probable peptidyl-prolyl cis-trans isomerase => putative peptidyl-prolyl cis-trans isomerase
[21:12:39] Modify product: Uncharacterized FAD-linked oxidoreductase Rv2280 => putative FAD-linked oxidoreductase
[21:12:39] Modify product: Uncharacterized FAD-linked oxidoreductase Rv2280 => putative FAD-linked oxidoreductase
[21:12:39] Modify product: Uncharacterized protein YfgD => putative protein YfgD
[21:12:39] Modify product: Probable nicotinate-nucleotide adenylyltransferase => putative nicotinate-nucleotide adenylyltransferase
[21:12:39] Modify product: Probable polyketide biosynthesis zinc-dependent hydrolase PksB => putative polyketide biosynthesis zinc-dependent hydrolase PksB
[21:12:39] Modify product: UPF0250 protein YbeD => hypothetical protein
[21:12:39] Modify product: Uncharacterized protein HI_0933 => putative protein
[21:12:39] Modify product: Probable metallo-hydrolase BURPS1710b_2304 => putative metallo-hydrolase
[21:12:39] Modify product: Probable cation efflux system protein Rv2025c => putative cation efflux system protein
[21:12:39] Modify product: Zinc-type alcohol dehydrogenase-like protein SA1988 => Zinc-type alcohol dehydrogenase-like protein
[21:12:39] Modify product: Uncharacterized zinc protease Rv2782c => putative zinc protease
[21:12:39] Modify product: Uncharacterized zinc protease Rv2782c => putative zinc protease
[21:12:39] Modify product: Uncharacterized ABC transporter ATP-binding protein YejF => putative ABC transporter ATP-binding protein YejF
[21:12:39] Modify product: UPF0102 protein RPA0323 => hypothetical protein
[21:12:39] Modify product: Uncharacterized protein NMB0928 => putative protein
[21:12:39] Modify product: Probable tRNA-dihydrouridine synthase => putative tRNA-dihydrouridine synthase
[21:12:39] Modify product: Uncharacterized ABC transporter ATP-binding protein YadG => putative ABC transporter ATP-binding protein YadG
[21:12:39] Modify product: Probable glycerol-3-phosphate acyltransferase => putative glycerol-3-phosphate acyltransferase
[21:12:39] Modify product: GTP cyclohydrolase 1 type 2 homolog => GTP cyclohydrolase 1 type 2 
[21:12:39] Modify product: Uncharacterized protease YhbU => putative protease YhbU
[21:12:39] Modify product: Probable protein kinase UbiB => putative protein kinase UbiB
[21:12:39] Modify product: Probable binding protein component of ABC iron transporter PA5217 => putative binding protein component of ABC iron transporter
[21:12:39] Modify product: UPF0111 protein HI_1603 => hypothetical protein
[21:12:39] Modify product: RNA-binding protein HI_1333 => RNA-binding protein
[21:12:39] Modify product: UPF0126 inner membrane protein YicG => hypothetical protein
[21:12:39] Modify product: Probable nitrate transporter NarT => putative nitrate transporter NarT
[21:12:39] Modify product: Uncharacterized inner membrane transporter YedA => putative inner membrane transporter YedA
[21:12:39] Modify product: Uncharacterized RNA pseudouridine synthase HP_0347 => putative RNA pseudouridine synthase
[21:12:39] Modify product: UPF0413 protein YjbH => hypothetical protein
[21:12:39] Modify product: Probable sulfate transporter Rv1739c => putative sulfate transporter
[21:12:39] Modify product: Probable ATP-dependent helicase DinG => putative ATP-dependent helicase DinG
[21:12:39] Modify product: UPF0761 membrane protein YihY => hypothetical protein
[21:12:39] Modify product: Uncharacterized ABC transporter ATP-binding protein YbiT => putative ABC transporter ATP-binding protein YbiT
[21:12:39] Modify product: Probable peptidoglycan glycosyltransferase FtsW => putative peptidoglycan glycosyltransferase FtsW
[21:12:39] Modify product: Uncharacterized oxidoreductase YciK => putative oxidoreductase YciK
[21:12:39] Modify product: Probable phospholipid-binding protein MlaC => putative phospholipid-binding protein MlaC
[21:12:39] Cleaned 59 /product names
[21:12:39] Deleting unwanted file: /projects/micb405/project1/Team10/project2/Prokka_output/sprot.faa
[21:12:39] Deleting unwanted file: /projects/micb405/project1/Team10/project2/Prokka_output/sprot.blast
[21:12:39] There are still 261 unannotated CDS left (started with 931)
[21:12:39] Will use hmmer3 to search against /home/linuxbrew/.linuxbrew/Cellar/prokka/1.13/bin/../db/hmm/HAMAP.hmm with 8 CPUs
[21:12:39] Running: cat \/projects\/micb405\/project1\/Team10\/project2\/Prokka_output\/HAMAP\.hmm\.faa | parallel --gnu --plain -j 8 --block 2922 --recstart '>' --pipe hmmscan --noali --notextw --acc -E 1e-06 --cpu 1 /home/linuxbrew/.linuxbrew/Cellar/prokka/1.13/bin/../db/hmm/HAMAP.hmm /dev/stdin > \/projects\/micb405\/project1\/Team10\/project2\/Prokka_output\/HAMAP\.hmm\.hmmer3 2> /dev/null
[21:12:43] Deleting unwanted file: /projects/micb405/project1/Team10/project2/Prokka_output/HAMAP.hmm.faa
[21:12:43] Deleting unwanted file: /projects/micb405/project1/Team10/project2/Prokka_output/HAMAP.hmm.hmmer3
[21:12:43] Labelling remaining 244 proteins as 'hypothetical protein'
[21:12:43] Possible /pseudo 'Secretory immunoglobulin A-binding protein EsiB' at SaanichInlet_120m_235_12 position 10868
[21:12:43] Possible /pseudo 'putative FAD-linked oxidoreductase' at SaanichInlet_120m_235_23 position 11057
[21:12:43] Possible /pseudo 'Bacterioferritin' at SaanichInlet_120m_235_35 position 7382
[21:12:43] Possible /pseudo 'putative zinc protease' at SaanichInlet_120m_235_37 position 2357
[21:12:43] Found 616 unique /gene codes.
[21:12:43] Fixed 2 duplicate /gene - fabG_1 fabG_2
[21:12:43] Fixed 2 duplicate /gene - ybeT_1 ybeT_2
[21:12:43] Fixed 2 duplicate /gene - mdtC_1 mdtC_2
[21:12:43] Fixed 2 duplicate /gene - ligA_1 ligA_2
[21:12:43] Fixed 3 duplicate /gene - trxA_1 trxA_2 trxA_3
[21:12:43] Fixed 4 duplicate /gene - resA_1 resA_2 resA_3 resA_4
[21:12:43] Fixed 2 duplicate /gene - yhbU_1 yhbU_2
[21:12:43] Fixed 2 duplicate /gene - ppiB_1 ppiB_2
[21:12:43] Fixed 2 duplicate /gene - bicA_1 bicA_2
[21:12:43] Fixed 2 duplicate /gene - tadA_1 tadA_2
[21:12:43] Fixed 2 duplicate /gene - fdx_1 fdx_2
[21:12:43] Fixed 4 duplicate /gene - dsbD_1 dsbD_2 dsbD_3 dsbD_4
[21:12:43] Fixed 4 duplicate /gene - esiB_1 esiB_2 esiB_3 esiB_4
[21:12:43] Fixed 2 duplicate /gene - bfr_1 bfr_2
[21:12:43] Fixed 2 duplicate /gene - cysS_1 cysS_2
[21:12:43] Fixed 3 duplicate /gene - parD4_1 parD4_2 parD4_3
[21:12:43] Fixed 2 duplicate /gene - mltB_1 mltB_2
[21:12:43] Fixed 2 duplicate /gene - folK_1 folK_2
[21:12:43] Fixed 2 duplicate /gene - ubiI_1 ubiI_2
[21:12:43] Fixed 19 colliding /gene names.
[21:12:43] Adding /locus_tag identifiers
[21:12:43] Assigned 955 locus_tags to CDS and RNA features.
[21:12:43] Writing outputs to /projects/micb405/project1/Team10/project2/Prokka_output/
[21:12:44] Generating annotation statistics file
[21:12:44] Generating Genbank and Sequin files
[21:12:44] Running: tbl2asn -V b -a r10k -l paired-ends -M n -N 1 -y 'Annotated using prokka 1.13 from https://github.com/tseemann/prokka' -Z \/projects\/micb405\/project1\/Team10\/project2\/Prokka_output\/MAG235\.err -i \/projects\/micb405\/project1\/Team10\/project2\/Prokka_output\/MAG235\.fsa 2> /dev/null
[21:12:46] Could not run command: tbl2asn -V b -a r10k -l paired-ends -M n -N 1 -y 'Annotated using prokka 1.13 from https://github.com/tseemann/prokka' -Z \/projects\/micb405\/project1\/Team10\/project2\/Prokka_output\/MAG235\.err -i \/projects\/micb405\/project1\/Team10\/project2\/Prokka_output\/MAG235\.fsa 2> /dev/null
