[20:39:21] This is prokka 1.13
[20:39:21] Written by Torsten Seemann <torsten.seemann@gmail.com>
[20:39:21] Homepage is https://github.com/tseemann/prokka
[20:39:21] Local time is Wed Nov 20 20:39:21 2019
[20:39:21] You are linuxbrew
[20:39:21] Operating system is linux
[20:39:21] You have BioPerl 1.007002
[20:39:21] System has 40 cores.
[20:39:21] Will use maximum of 8 cores.
[20:39:21] Annotating as >>> Bacteria <<<
[20:39:21] Re-using existing --outdir /projects/micb405/project1/Team10/project2/Prokka_output
[20:39:21] Using filename prefix: MAG230.XXX
[20:39:22] Setting HMMER_NCPU=1
[20:39:22] Writing log to: /projects/micb405/project1/Team10/project2/Prokka_output/MAG230.log
[20:39:22] Command: /home/linuxbrew/.linuxbrew/bin/prokka --outdir /projects/micb405/project1/Team10/project2/Prokka_output --force --prefix MAG230 --kingdom Bacteria --cpus 8 --locustag MAG230 /projects/micb405/resources/project_2/2019/SaanichInlet_120m/MetaBAT2_SaanichInlet_120m/MedQPlus_MAGs/SaanichInlet_120m.230.fa
[20:39:22] Appending to PATH: /home/linuxbrew/.linuxbrew/Cellar/prokka/1.13/bin
[20:39:22] Looking for 'aragorn' - found /home/linuxbrew/.linuxbrew/bin/aragorn
[20:39:22] Determined aragorn version is 1.2
[20:39:22] Looking for 'barrnap' - found /home/linuxbrew/.linuxbrew/bin/barrnap
[20:39:22] Determined barrnap version is 0.9
[20:39:22] Looking for 'blastp' - found /home/linuxbrew/.linuxbrew/bin/blastp
[20:39:22] Determined blastp version is 2.7
[20:39:22] Looking for 'cmpress' - found /home/linuxbrew/.linuxbrew/bin/cmpress
[20:39:22] Determined cmpress version is 1.1
[20:39:22] Looking for 'cmscan' - found /home/linuxbrew/.linuxbrew/bin/cmscan
[20:39:22] Determined cmscan version is 1.1
[20:39:22] Looking for 'egrep' - found /bin/egrep
[20:39:22] Looking for 'find' - found /usr/bin/find
[20:39:22] Looking for 'grep' - found /bin/grep
[20:39:22] Looking for 'hmmpress' - found /home/linuxbrew/.linuxbrew/bin/hmmpress
[20:39:22] Determined hmmpress version is 3.1
[20:39:22] Looking for 'hmmscan' - found /home/linuxbrew/.linuxbrew/bin/hmmscan
[20:39:22] Determined hmmscan version is 3.1
[20:39:22] Looking for 'java' - found /home/linuxbrew/.linuxbrew/bin/java
[20:39:22] Looking for 'less' - found /home/linuxbrew/.linuxbrew/bin/less
[20:39:22] Looking for 'makeblastdb' - found /home/linuxbrew/.linuxbrew/bin/makeblastdb
[20:39:22] Determined makeblastdb version is 2.7
[20:39:22] Looking for 'minced' - found /home/linuxbrew/.linuxbrew/bin/minced
[20:39:22] Determined minced version is 3.0
[20:39:22] Looking for 'parallel' - found /home/linuxbrew/.linuxbrew/bin/parallel
[20:39:22] Determined parallel version is 20180822
[20:39:22] Looking for 'prodigal' - found /home/linuxbrew/.linuxbrew/bin/prodigal
[20:39:22] Determined prodigal version is 2.6
[20:39:22] Looking for 'prokka-genbank_to_fasta_db' - found /home/linuxbrew/.linuxbrew/bin/prokka-genbank_to_fasta_db
[20:39:22] Looking for 'rnammer' - found /home/linuxbrew/.linuxbrew/bin/rnammer
[20:39:22] Determined rnammer version is 1.2
[20:39:22] Looking for 'sed' - found /bin/sed
[20:39:22] Looking for 'tbl2asn' - found /home/linuxbrew/.linuxbrew/bin/tbl2asn
[20:39:22] Determined tbl2asn version is 25.6
[20:39:22] Using genetic code table 11.
[20:39:22] Loading and checking input file: /projects/micb405/resources/project_2/2019/SaanichInlet_120m/MetaBAT2_SaanichInlet_120m/MedQPlus_MAGs/SaanichInlet_120m.230.fa
[20:39:22] Wrote 153 contigs totalling 1429870 bp.
[20:39:22] Predicting tRNAs and tmRNAs
[20:39:22] Running: aragorn -l -gc11  -w \/projects\/micb405\/project1\/Team10\/project2\/Prokka_output\/MAG230\.fna
[20:39:23] 1 tRNA-Asp [27844,27920] 35 (gtc)
[20:39:23] 1 tRNA-Gln [8864,8935] 33 (ttg)
[20:39:23] 1 tRNA-Gly [15630,15703] 34 (tcc)
[20:39:23] 1 tRNA-His c[8327,8401] 35 (gtg)
[20:39:23] 1 tRNA-Met c[29254,29328] 35 (cat)
[20:39:23] 1 tRNA-Val c[2871,2946] 36 (tac)
[20:39:23] 2 tRNA-Leu c[4568,4652] 35 (gag)
[20:39:23] 3 tRNA-Lys c[4726,4799] 34 (ttt)
[20:39:23] 1 tRNA-Leu c[2061,2147] 35 (taa)
[20:39:23] 2 tRNA-Gly c[2183,2256] 34 (gcc)
[20:39:23] 1 tRNA-Ser c[1504,1591] 35 (tga)
[20:39:23] 1 tRNA-Met c[3052,3126] 35 (cat)
[20:39:23] 1 tRNA-Met [6730,6803] 34 (cat)
[20:39:23] 1 tRNA-Phe c[12728,12803] 34 (gaa)
[20:39:23] 1 tRNA-Ala [1235,1312] 36 (ggc)
[20:39:24] 1 tRNA-Arg [5372,5446] 35 (acg)
[20:39:24] 1 tmRNA c[8600,8998] 173,265 AEHLAGAPVLRRLITRCGKFRNAVSLRFAG*
[20:39:24] 1 tRNA-Met c[-1,72] 34 (cat)
[20:39:24] 1 tRNA-Leu c[7483,7569] 35 (taa)
[20:39:24] 2 tRNA-Gly c[7605,7678] 34 (gcc)
[20:39:24] 1 tRNA-Ala c[4415,4489] 35 (ggc)
[20:39:24] 1 tRNA-Met c[7661,7734] 34 (cat)
[20:39:24] 1 tRNA-Lys c[37,110] 34 (ttt)
[20:39:24] 1 tRNA-Leu c[141,225] 35 (gag)
[20:39:24] 2 tRNA-Lys c[307,380] 34 (ttt)
[20:39:24] 1 tRNA-Val [1508,1583] 36 (gac)
[20:39:24] Found 26 tRNAs
[20:39:24] Predicting Ribosomal RNAs
[20:39:24] Running Barrnap with 8 threads
[20:39:24] Found 0 rRNAs
[20:39:24] Skipping ncRNA search, enable with --rfam if desired.
[20:39:24] Total of 25 tRNA + rRNA features
[20:39:24] Searching for CRISPR repeats
[20:39:25] Found 0 CRISPRs
[20:39:25] Predicting coding sequences
[20:39:25] Contigs total 1429870 bp, so using single mode
[20:39:25] Running: prodigal -i \/projects\/micb405\/project1\/Team10\/project2\/Prokka_output\/MAG230\.fna -c -m -g 11 -p single -f sco -q
[20:39:29] Excluding CDS which overlaps existing RNA (tRNA) at SaanichInlet_120m_230_72:6762..7142 on - strand
[20:39:29] Excluding CDS which overlaps existing RNA (tRNA) at SaanichInlet_120m_230_139:6071..7702 on + strand
[20:39:29] Found 1280 CDS
[20:39:29] Connecting features back to sequences
[20:39:29] Not using genus-specific database. Try --usegenus to enable it.
[20:39:29] Annotating CDS, please be patient.
[20:39:29] Will use 8 CPUs for similarity searching.
[20:39:30] There are still 1280 unannotated CDS left (started with 1280)
[20:39:30] Will use blast to search against /home/linuxbrew/.linuxbrew/Cellar/prokka/1.13/bin/../db/kingdom/Bacteria/sprot with 8 CPUs
[20:39:30] Running: cat \/projects\/micb405\/project1\/Team10\/project2\/Prokka_output\/sprot\.faa | parallel --gnu --plain -j 8 --block 26959 --recstart '>' --pipe blastp -query - -db /home/linuxbrew/.linuxbrew/Cellar/prokka/1.13/bin/../db/kingdom/Bacteria/sprot -evalue 1e-06 -num_threads 1 -num_descriptions 1 -num_alignments 1 -seg no > \/projects\/micb405\/project1\/Team10\/project2\/Prokka_output\/sprot\.blast 2> /dev/null
[20:39:47] Modify product: Uncharacterized protein MRA_2757 => putative protein
[20:39:47] Modify product: Probable transcriptional regulatory protein HP_0162 => putative transcriptional regulatory protein
[20:39:47] Modify product: DNA-binding protein VF_0530 => DNA-binding protein
[20:39:47] Modify product: Probable tRNA-dihydrouridine synthase => putative tRNA-dihydrouridine synthase
[20:39:47] Modify product: Uncharacterized metal-dependent hydrolase YjjV => putative metal-dependent hydrolase YjjV
[20:39:47] Modify product: UPF0176 protein YceA => hypothetical protein
[20:39:47] Modify product: Uncharacterized epimerase/dehydratase SA0511 => putative epimerase/dehydratase
[20:39:47] Modify product: Uncharacterized protein YhaP => putative protein YhaP
[20:39:47] Modify product: Uncharacterized protein Rv1276c => putative protein
[20:39:47] Modify product: Cyclic nucleotide-gated potassium channel mll3241 => Cyclic nucleotide-gated potassium channel
[20:39:47] Modify product: Uncharacterized protein HI_0933 => putative protein
[20:39:48] Modify product: Probable 3-hydroxybutyryl-CoA dehydrogenase => putative 3-hydroxybutyryl-CoA dehydrogenase
[20:39:48] Modify product: Putative bifunctional exonuclease/endonuclease protein Rv2191 => Putative bifunctional exonuclease/endonuclease protein
[20:39:48] Modify product: Uncharacterized zinc protease Rv2782c => putative zinc protease
[20:39:48] Modify product: Putative O-methyltransferase Rv1220c => Putative O-methyltransferase
[20:39:48] Modify product: Probable phospholipid ABC transporter permease protein MlaE => putative phospholipid ABC transporter permease protein MlaE
[20:39:48] Modify product: Probable FKBP-type peptidyl-prolyl cis-trans isomerase FkpA => putative FKBP-type peptidyl-prolyl cis-trans isomerase FkpA
[20:39:48] Modify product: Uncharacterized ABC transporter ATP-binding protein TM_0288 => putative ABC transporter ATP-binding protein
[20:39:48] Modify product: Epimerase family protein SA0724 => Epimerase family protein
[20:39:48] Modify product: Probable branched-chain-amino-acid aminotransferase => putative branched-chain-amino-acid aminotransferase
[20:39:48] Modify product: Bifunctional protein FolD => Bifunctional protein FolD protein
[20:39:48] Modify product: UPF0301 protein SO_3346 => hypothetical protein
[20:39:48] Modify product: Probable lipoprotein YiaD => putative lipoprotein YiaD
[20:39:48] Modify product: Uncharacterized AAA domain-containing protein Rv2559c => putative AAA domain-containing protein
[20:39:48] Modify product: UPF0394 membrane protein XF_0766 => hypothetical protein
[20:39:48] Modify product: UPF0394 membrane protein XF_0765 => hypothetical protein
[20:39:48] Modify product: Uncharacterized ABC transporter ATP-binding protein YejF => putative ABC transporter ATP-binding protein YejF
[20:39:48] Modify product: UPF0145 protein BC_1012 => hypothetical protein
[20:39:48] Modify product: Probable multidrug resistance ABC transporter ATP-binding/permease protein YheI => putative multidrug resistance ABC transporter ATP-binding/permease protein YheI
[20:39:48] Modify product: Uncharacterized protein YyaP => putative protein YyaP
[20:39:48] Modify product: UPF0382 membrane protein YwdK => hypothetical protein
[20:39:48] Modify product: Probable peptidyl-prolyl cis-trans isomerase => putative peptidyl-prolyl cis-trans isomerase
[20:39:48] Modify product: Probable peptidyl-prolyl cis-trans isomerase => putative peptidyl-prolyl cis-trans isomerase
[20:39:48] Modify product: Probable ATP-dependent helicase DinG homolog => putative ATP-dependent helicase DinG 
[20:39:48] Modify product: Uncharacterized protein YedJ => putative protein YedJ
[20:39:48] Modify product: SCO1 protein homolog => SCO1 protein 
[20:39:48] Modify product: UPF0056 inner membrane protein YhgN => hypothetical protein
[20:39:48] Modify product: DNA-binding protein VF_0530 => DNA-binding protein
[20:39:48] Modify product: Uncharacterized HIT-like protein Rv0759c => putative HIT-like protein
[20:39:48] Modify product: Probable CtpA-like serine protease => putative CtpA-like serine protease
[20:39:48] Modify product: Uncharacterized protein YbbA => putative protein YbbA
[20:39:48] Modify product: Uncharacterized ABC transporter ATP-binding protein YheS => putative ABC transporter ATP-binding protein YheS
[20:39:48] Modify product: Uncharacterized protein YqeN => putative protein YqeN
[20:39:48] Modify product: UPF0053 protein Rv2366c => hypothetical protein
[20:39:48] Modify product: UPF0758 protein CT0611 => hypothetical protein
[20:39:48] Modify product: Probable GTPase Rv1496 => putative GTPase
[20:39:48] Modify product: UPF0053 inner membrane protein YoaE => hypothetical protein
[20:39:48] Modify product: Glucuronide carrier protein homolog => Glucuronide carrier protein 
[20:39:48] Modify product: Sulfurtransferase Alvin_2599 => Sulfurtransferase
[20:39:48] Modify product: Sulfurtransferase Alvin_2599 => Sulfurtransferase
[20:39:48] Modify product: UPF0039 protein Rv2851c => hypothetical protein
[20:39:48] Modify product: Uncharacterized protein YfgD => putative protein YfgD
[20:39:48] Modify product: Uncharacterized zinc protease Rv2782c => putative zinc protease
[20:39:48] Modify product: Oxygen-independent coproporphyrinogen-III oxidase-like protein sll1917 => Oxygen-independent coproporphyrinogen-III oxidase-like protein
[20:39:48] Modify product: Uncharacterized ABC transporter ATP-binding protein YbiT => putative ABC transporter ATP-binding protein YbiT
[20:39:48] Modify product: Uncharacterized protein YjbR => putative protein YjbR
[20:39:48] Modify product: Uncharacterized protein BHWA1_00569 => putative protein
[20:39:48] Cleaned 57 /product names
[20:39:48] Deleting unwanted file: /projects/micb405/project1/Team10/project2/Prokka_output/sprot.faa
[20:39:48] Deleting unwanted file: /projects/micb405/project1/Team10/project2/Prokka_output/sprot.blast
[20:39:49] There are still 625 unannotated CDS left (started with 1280)
[20:39:49] Will use hmmer3 to search against /home/linuxbrew/.linuxbrew/Cellar/prokka/1.13/bin/../db/hmm/HAMAP.hmm with 8 CPUs
[20:39:49] Running: cat \/projects\/micb405\/project1\/Team10\/project2\/Prokka_output\/HAMAP\.hmm\.faa | parallel --gnu --plain -j 8 --block 11812 --recstart '>' --pipe hmmscan --noali --notextw --acc -E 1e-06 --cpu 1 /home/linuxbrew/.linuxbrew/Cellar/prokka/1.13/bin/../db/hmm/HAMAP.hmm /dev/stdin > \/projects\/micb405\/project1\/Team10\/project2\/Prokka_output\/HAMAP\.hmm\.hmmer3 2> /dev/null
[20:39:57] Modify product: Uncharacterized Nudix hydrolase NudL => putative Nudix hydrolase NudL
[20:39:57] Cleaned 1 /product names
[20:39:57] Deleting unwanted file: /projects/micb405/project1/Team10/project2/Prokka_output/HAMAP.hmm.faa
[20:39:57] Deleting unwanted file: /projects/micb405/project1/Team10/project2/Prokka_output/HAMAP.hmm.hmmer3
[20:39:57] Labelling remaining 581 proteins as 'hypothetical protein'
[20:39:57] Possible /pseudo 'putative peptidyl-prolyl cis-trans isomerase' at SaanichInlet_120m_230_12 position 3452
[20:39:57] Possible /pseudo 'Sulfurtransferase' at SaanichInlet_120m_230_118 position 3628
[20:39:57] Possible /pseudo 'Cytochrome c oxidase subunit 3' at SaanichInlet_120m_230_126 position 9505
[20:39:57] Found 558 unique /gene codes.
[20:39:57] Fixed 2 duplicate /gene - prsA1_1 prsA1_2
[20:39:57] Fixed 2 duplicate /gene - thcC_1 thcC_2
[20:39:57] Fixed 2 duplicate /gene - queA_1 queA_2
[20:39:57] Fixed 2 duplicate /gene - atpH_1 atpH_2
[20:39:57] Fixed 2 duplicate /gene - troA_1 troA_2
[20:39:57] Fixed 2 duplicate /gene - fbp_1 fbp_2
[20:39:57] Fixed 2 duplicate /gene - mntB_1 mntB_2
[20:39:57] Fixed 5 duplicate /gene - ccp_1 ccp_2 ccp_3 ccp_4 ccp_5
[20:39:57] Fixed 2 duplicate /gene - rlmCD_1 rlmCD_2
[20:39:57] Fixed 3 duplicate /gene - pyrR_1 pyrR_2 pyrR_3
[20:39:57] Fixed 3 duplicate /gene - fabH_1 fabH_2 fabH_3
[20:39:57] Fixed 2 duplicate /gene - yceI_1 yceI_2
[20:39:57] Fixed 2 duplicate /gene - yhhW_1 yhhW_2
[20:39:57] Fixed 2 duplicate /gene - lpxH_1 lpxH_2
[20:39:57] Fixed 2 duplicate /gene - dap4_1 dap4_2
[20:39:57] Fixed 2 duplicate /gene - mutS_1 mutS_2
[20:39:57] Fixed 2 duplicate /gene - rhlE_1 rhlE_2
[20:39:57] Fixed 4 duplicate /gene - resA_1 resA_2 resA_3 resA_4
[20:39:57] Fixed 2 duplicate /gene - hutG_1 hutG_2
[20:39:57] Fixed 2 duplicate /gene - ilvE_1 ilvE_2
[20:39:57] Fixed 2 duplicate /gene - lysC_1 lysC_2
[20:39:57] Fixed 2 duplicate /gene - ppiB_1 ppiB_2
[20:39:57] Fixed 2 duplicate /gene - ybeZ_1 ybeZ_2
[20:39:57] Fixed 2 duplicate /gene - nfuA_1 nfuA_2
[20:39:57] Fixed 2 duplicate /gene - queD_1 queD_2
[20:39:57] Fixed 2 duplicate /gene - gyrB_1 gyrB_2
[20:39:57] Fixed 3 duplicate /gene - lysA_1 lysA_2 lysA_3
[20:39:57] Fixed 3 duplicate /gene - betS_1 betS_2 betS_3
[20:39:57] Fixed 4 duplicate /gene - mepM_1 mepM_2 mepM_3 mepM_4
[20:39:57] Fixed 3 duplicate /gene - btuB_1 btuB_2 btuB_3
[20:39:57] Fixed 2 duplicate /gene - fabG_1 fabG_2
[20:39:57] Fixed 2 duplicate /gene - xerD_1 xerD_2
[20:39:57] Fixed 2 duplicate /gene - dnaE_1 dnaE_2
[20:39:57] Fixed 2 duplicate /gene - lolE_1 lolE_2
[20:39:57] Fixed 3 duplicate /gene - sglT_1 sglT_2 sglT_3
[20:39:57] Fixed 3 duplicate /gene - trmB_1 trmB_2 trmB_3
[20:39:57] Fixed 5 duplicate /gene - susC_1 susC_2 susC_3 susC_4 susC_5
[20:39:57] Fixed 2 duplicate /gene - ctaE_1 ctaE_2
[20:39:57] Fixed 2 duplicate /gene - fecE_1 fecE_2
[20:39:57] Fixed 2 duplicate /gene - ssb_1 ssb_2
[20:39:57] Fixed 2 duplicate /gene - pdhC_1 pdhC_2
[20:39:57] Fixed 2 duplicate /gene - rlmF_1 rlmF_2
[20:39:57] Fixed 2 duplicate /gene - patA_1 patA_2
[20:39:57] Fixed 4 duplicate /gene - oprF_1 oprF_2 oprF_3 oprF_4
[20:39:57] Fixed 2 duplicate /gene - gyrA_1 gyrA_2
[20:39:57] Fixed 4 duplicate /gene - natA_1 natA_2 natA_3 natA_4
[20:39:57] Fixed 2 duplicate /gene - thyA_1 thyA_2
[20:39:57] Fixed 2 duplicate /gene - glyA_1 glyA_2
[20:39:57] Fixed 2 duplicate /gene - dsbD_1 dsbD_2
[20:39:57] Fixed 2 duplicate /gene - aroK_1 aroK_2
[20:39:57] Fixed 2 duplicate /gene - wbbL_1 wbbL_2
[20:39:57] Fixed 2 duplicate /gene - bepA_1 bepA_2
[20:39:57] Fixed 2 duplicate /gene - acsA_1 acsA_2
[20:39:57] Fixed 2 duplicate /gene - rsmA_1 rsmA_2
[20:39:57] Fixed 2 duplicate /gene - acdA_1 acdA_2
[20:39:57] Fixed 55 colliding /gene names.
[20:39:57] Adding /locus_tag identifiers
[20:39:58] Assigned 1306 locus_tags to CDS and RNA features.
[20:39:58] Writing outputs to /projects/micb405/project1/Team10/project2/Prokka_output/
[20:39:58] Generating annotation statistics file
[20:39:58] Generating Genbank and Sequin files
[20:39:58] Running: tbl2asn -V b -a r10k -l paired-ends -M n -N 1 -y 'Annotated using prokka 1.13 from https://github.com/tseemann/prokka' -Z \/projects\/micb405\/project1\/Team10\/project2\/Prokka_output\/MAG230\.err -i \/projects\/micb405\/project1\/Team10\/project2\/Prokka_output\/MAG230\.fsa 2> /dev/null
[20:40:01] Could not run command: tbl2asn -V b -a r10k -l paired-ends -M n -N 1 -y 'Annotated using prokka 1.13 from https://github.com/tseemann/prokka' -Z \/projects\/micb405\/project1\/Team10\/project2\/Prokka_output\/MAG230\.err -i \/projects\/micb405\/project1\/Team10\/project2\/Prokka_output\/MAG230\.fsa 2> /dev/null
