[21:00:17] This is prokka 1.13
[21:00:17] Written by Torsten Seemann <torsten.seemann@gmail.com>
[21:00:17] Homepage is https://github.com/tseemann/prokka
[21:00:17] Local time is Wed Nov 20 21:00:17 2019
[21:00:17] You are linuxbrew
[21:00:17] Operating system is linux
[21:00:17] You have BioPerl 1.007002
[21:00:17] System has 40 cores.
[21:00:17] Will use maximum of 8 cores.
[21:00:17] Annotating as >>> Bacteria <<<
[21:00:17] Re-using existing --outdir /projects/micb405/project1/Team10/project2/Prokka_output
[21:00:17] Using filename prefix: MAG209.XXX
[21:00:17] Setting HMMER_NCPU=1
[21:00:17] Writing log to: /projects/micb405/project1/Team10/project2/Prokka_output/MAG209.log
[21:00:17] Command: /home/linuxbrew/.linuxbrew/bin/prokka --outdir /projects/micb405/project1/Team10/project2/Prokka_output --force --prefix MAG209 --kingdom Bacteria --cpus 8 --locustag MAG209 /projects/micb405/resources/project_2/2019/SaanichInlet_120m/MetaBAT2_SaanichInlet_120m/MedQPlus_MAGs/SaanichInlet_120m.209.fa
[21:00:17] Appending to PATH: /home/linuxbrew/.linuxbrew/Cellar/prokka/1.13/bin
[21:00:17] Looking for 'aragorn' - found /home/linuxbrew/.linuxbrew/bin/aragorn
[21:00:17] Determined aragorn version is 1.2
[21:00:17] Looking for 'barrnap' - found /home/linuxbrew/.linuxbrew/bin/barrnap
[21:00:18] Determined barrnap version is 0.9
[21:00:18] Looking for 'blastp' - found /home/linuxbrew/.linuxbrew/bin/blastp
[21:00:18] Determined blastp version is 2.7
[21:00:18] Looking for 'cmpress' - found /home/linuxbrew/.linuxbrew/bin/cmpress
[21:00:18] Determined cmpress version is 1.1
[21:00:18] Looking for 'cmscan' - found /home/linuxbrew/.linuxbrew/bin/cmscan
[21:00:18] Determined cmscan version is 1.1
[21:00:18] Looking for 'egrep' - found /bin/egrep
[21:00:18] Looking for 'find' - found /usr/bin/find
[21:00:18] Looking for 'grep' - found /bin/grep
[21:00:18] Looking for 'hmmpress' - found /home/linuxbrew/.linuxbrew/bin/hmmpress
[21:00:18] Determined hmmpress version is 3.1
[21:00:18] Looking for 'hmmscan' - found /home/linuxbrew/.linuxbrew/bin/hmmscan
[21:00:18] Determined hmmscan version is 3.1
[21:00:18] Looking for 'java' - found /home/linuxbrew/.linuxbrew/bin/java
[21:00:18] Looking for 'less' - found /home/linuxbrew/.linuxbrew/bin/less
[21:00:18] Looking for 'makeblastdb' - found /home/linuxbrew/.linuxbrew/bin/makeblastdb
[21:00:18] Determined makeblastdb version is 2.7
[21:00:18] Looking for 'minced' - found /home/linuxbrew/.linuxbrew/bin/minced
[21:00:18] Determined minced version is 3.0
[21:00:18] Looking for 'parallel' - found /home/linuxbrew/.linuxbrew/bin/parallel
[21:00:18] Determined parallel version is 20180822
[21:00:18] Looking for 'prodigal' - found /home/linuxbrew/.linuxbrew/bin/prodigal
[21:00:18] Determined prodigal version is 2.6
[21:00:18] Looking for 'prokka-genbank_to_fasta_db' - found /home/linuxbrew/.linuxbrew/bin/prokka-genbank_to_fasta_db
[21:00:18] Looking for 'rnammer' - found /home/linuxbrew/.linuxbrew/bin/rnammer
[21:00:18] Determined rnammer version is 1.2
[21:00:18] Looking for 'sed' - found /bin/sed
[21:00:18] Looking for 'tbl2asn' - found /home/linuxbrew/.linuxbrew/bin/tbl2asn
[21:00:18] Determined tbl2asn version is 25.6
[21:00:18] Using genetic code table 11.
[21:00:18] Loading and checking input file: /projects/micb405/resources/project_2/2019/SaanichInlet_120m/MetaBAT2_SaanichInlet_120m/MedQPlus_MAGs/SaanichInlet_120m.209.fa
[21:00:18] Wrote 177 contigs totalling 1541731 bp.
[21:00:18] Predicting tRNAs and tmRNAs
[21:00:18] Running: aragorn -l -gc11  -w \/projects\/micb405\/project1\/Team10\/project2\/Prokka_output\/MAG209\.fna
[21:00:19] 1 tRNA-Met [3518,3594] 35 (cat)
[21:00:19] 1 tmRNA* c[5442,5772] 202,240 ANDNRAPMAMAA*
[21:00:19] 1 tRNA-Leu [3682,3772] 39 (taa)
[21:00:19] 1 tRNA-Lys [37955,38030] 34 (ttt)
[21:00:19] 1 tRNA-Arg c[3772,3848] 35 (cct)
[21:00:19] 1 tRNA-Phe c[400,474] 33 (gaa)
[21:00:19] 1 tRNA-Met [6211,6287] 35 (cat)
[21:00:20] 1 tRNA-Ala [4566,4641] 34 (ggc)
[21:00:20] 1 tRNA-Arg [4318,4394] 35 (tct)
[21:00:20] 1 tRNA-Val [1455,1529] 33 (gac)
[21:00:20] 1 tRNA-Ser c[5964,6062] 39 (tga)
[21:00:20] Found 11 tRNAs
[21:00:20] Predicting Ribosomal RNAs
[21:00:20] Running Barrnap with 8 threads
[21:00:21] 1 SaanichInlet_120m_209_162 423 5S ribosomal RNA
[21:00:21] Found 1 rRNAs
[21:00:21] Skipping ncRNA search, enable with --rfam if desired.
[21:00:21] Total of 11 tRNA + rRNA features
[21:00:21] Searching for CRISPR repeats
[21:00:21] Found 0 CRISPRs
[21:00:21] Predicting coding sequences
[21:00:21] Contigs total 1541731 bp, so using single mode
[21:00:21] Running: prodigal -i \/projects\/micb405\/project1\/Team10\/project2\/Prokka_output\/MAG209\.fna -c -m -g 11 -p single -f sco -q
[21:00:23] Excluding CDS which overlaps existing RNA (tRNA) at SaanichInlet_120m_209_14:3175..3813 on + strand
[21:00:24] Excluding CDS which overlaps existing RNA (tRNA) at SaanichInlet_120m_209_153:3815..6232 on - strand
[21:00:24] Found 1466 CDS
[21:00:24] Connecting features back to sequences
[21:00:24] Not using genus-specific database. Try --usegenus to enable it.
[21:00:24] Annotating CDS, please be patient.
[21:00:24] Will use 8 CPUs for similarity searching.
[21:00:24] There are still 1466 unannotated CDS left (started with 1466)
[21:00:24] Will use blast to search against /home/linuxbrew/.linuxbrew/Cellar/prokka/1.13/bin/../db/kingdom/Bacteria/sprot with 8 CPUs
[21:00:24] Running: cat \/projects\/micb405\/project1\/Team10\/project2\/Prokka_output\/sprot\.faa | parallel --gnu --plain -j 8 --block 27641 --recstart '>' --pipe blastp -query - -db /home/linuxbrew/.linuxbrew/Cellar/prokka/1.13/bin/../db/kingdom/Bacteria/sprot -evalue 1e-06 -num_threads 1 -num_descriptions 1 -num_alignments 1 -seg no > \/projects\/micb405\/project1\/Team10\/project2\/Prokka_output\/sprot\.blast 2> /dev/null
[21:00:42] Modify product: Uncharacterized protein YccU => putative protein YccU
[21:00:42] Modify product: UPF0758 protein => hypothetical protein
[21:00:42] Modify product: Probable chromate transport protein => putative chromate transport protein
[21:00:42] Modify product: Uncharacterized oxidoreductase Rv1144 => putative oxidoreductase
[21:00:42] Modify product: Probable lipid II flippase MurJ => putative lipid II flippase MurJ
[21:00:42] Modify product: UPF0102 protein RPA0323 => hypothetical protein
[21:00:42] Modify product: Uncharacterized protein YgaU => putative protein YgaU
[21:00:42] Modify product: Probable enoyl-CoA hydratase 1 => putative enoyl-CoA hydratase 1
[21:00:42] Modify product: UPF0716 protein FxsA => hypothetical protein
[21:00:42] Modify product: Probable xanthine dehydrogenase subunit A => putative xanthine dehydrogenase subunit A
[21:00:42] Modify product: GTP-binding protein TypA/BipA homolog => GTP-binding protein TypA/BipA 
[21:00:42] Modify product: Bifunctional protein FolD => Bifunctional protein FolD protein
[21:00:42] Modify product: Probable CtpA-like serine protease => putative CtpA-like serine protease
[21:00:42] Modify product: UPF0246 protein YaaA => hypothetical protein
[21:00:42] Modify product: Probable manganese-dependent inorganic pyrophosphatase => putative manganese-dependent inorganic pyrophosphatase
[21:00:42] Modify product: Uncharacterized signaling protein PA1727 => putative signaling protein
[21:00:42] Modify product: Uncharacterized protein YisK => putative protein YisK
[21:00:42] Modify product: Probable ATP-dependent transporter SufC => putative ATP-dependent transporter SufC
[21:00:42] Modify product: Uncharacterized protein Rv0647c => putative protein
[21:00:42] Modify product: UPF0276 protein CCNA_03364 => hypothetical protein
[21:00:42] Modify product: Probable amino-acid permease protein YxeN => putative amino-acid permease protein YxeN
[21:00:42] Modify product: Probable 2-dehydro-3-deoxygalactonokinase DgoK1 => putative 2-dehydro-3-deoxygalactonokinase DgoK1
[21:00:42] Modify product: Uncharacterized GST-like protein YibF => putative GST-like protein YibF
[21:00:42] Modify product: Purine-binding protein BAB2_0673 => Purine-binding protein
[21:00:42] Modify product: Uncharacterized oxidoreductase YjmC => putative oxidoreductase YjmC
[21:00:42] Modify product: Probable cystine transporter YijE => putative cystine transporter YijE
[21:00:43] Modify product: Uncharacterized N-acetyltransferase YsnE => putative N-acetyltransferase YsnE
[21:00:43] Modify product: Putative cystathionine beta-synthase Rv1077 => Putative cystathionine beta-synthase
[21:00:43] Modify product: Uncharacterized MFS-type transporter YhjX => putative MFS-type transporter YhjX
[21:00:43] Modify product: Probable 2-dehydro-3-deoxy-D-pentonate aldolase YjhH => putative 2-dehydro-3-deoxy-D-pentonate aldolase YjhH
[21:00:43] Modify product: Probable phosphite transport system-binding protein PtxB => putative phosphite transport system-binding protein PtxB
[21:00:43] Modify product: Uncharacterized protein Rv0036c => putative protein
[21:00:43] Modify product: Solute-binding protein RD1_1052 => Solute-binding protein
[21:00:43] Modify product: Uncharacterized FAD-linked oxidoreductase Rv2280 => putative FAD-linked oxidoreductase
[21:00:43] Modify product: UPF0065 protein in clcB-clcD intergenic region => hypothetical protein
[21:00:43] Modify product: Probable sulfoacetate--CoA ligase => putative sulfoacetate--CoA ligase
[21:00:43] Modify product: Uncharacterized protein HI_1163 => putative protein
[21:00:43] Modify product: UPF0056 inner membrane protein YhgN => hypothetical protein
[21:00:43] Modify product: Uncharacterized ABC transporter ATP-binding protein YheS => putative ABC transporter ATP-binding protein YheS
[21:00:43] Modify product: Probable glutamine ABC transporter permease protein GlnM => putative glutamine ABC transporter permease protein GlnM
[21:00:43] Modify product: Probable parvulin-type peptidyl-prolyl cis-trans isomerase => putative parvulin-type peptidyl-prolyl cis-trans isomerase
[21:00:43] Modify product: Uncharacterized FAD-linked oxidoreductase Rv2280 => putative FAD-linked oxidoreductase
[21:00:43] Modify product: Uncharacterized FAD-linked oxidoreductase Rv2280 => putative FAD-linked oxidoreductase
[21:00:43] Modify product: Lactate-binding periplasmic protein TTHA0766 => Lactate-binding periplasmic protein
[21:00:43] Modify product: Probable GTP-binding protein EngB => putative GTP-binding protein EngB
[21:00:43] Modify product: Uncharacterized protein YcbX => putative protein YcbX
[21:00:43] Modify product: Probable L,D-transpeptidase ErfK/SrfK => putative L,D-transpeptidase ErfK/SrfK
[21:00:43] Modify product: Uncharacterized acyl--CoA ligase YhfT => putative acyl--CoA ligase YhfT
[21:00:43] Modify product: Probable succinyl-CoA:3-ketoacid coenzyme A transferase subunit A => putative succinyl-CoA:3-ketoacid coenzyme A transferase subunit A
[21:00:43] Modify product: Probable succinyl-CoA:3-ketoacid coenzyme A transferase subunit B => putative succinyl-CoA:3-ketoacid coenzyme A transferase subunit B
[21:00:43] Modify product: Probable cysteine desulfurase => putative cysteine desulfurase
[21:00:43] Modify product: Nucleotide-binding protein Rv1421 => Nucleotide-binding protein
[21:00:43] Modify product: Probable 3-hydroxybutyryl-CoA dehydrogenase => putative 3-hydroxybutyryl-CoA dehydrogenase
[21:00:43] Modify product: Probable intracellular septation protein A => putative intracellular septation protein A
[21:00:43] Modify product: Uncharacterized FAD-linked oxidoreductase Rv2280 => putative FAD-linked oxidoreductase
[21:00:43] Modify product: Multifunctional alkaline phosphatase superfamily protein pRL90232 => Multifunctional alkaline phosphatase superfamily protein
[21:00:43] Modify product: Probable bifunctional transcriptional activator/DNA repair enzyme AlkA => putative bifunctional transcriptional activator/DNA repair enzyme AlkA
[21:00:43] Modify product: Probable ABC transporter-binding protein DR_1571 => putative ABC transporter-binding protein
[21:00:43] Modify product: NADH dehydrogenase-like protein SA0802 => NADH dehydrogenase-like protein
[21:00:43] Modify product: Probable undecaprenyl-phosphate N-acetylglucosaminyl 1-phosphate transferase => putative undecaprenyl-phosphate N-acetylglucosaminyl 1-phosphate transferase
[21:00:43] Modify product: Probable HTH-type transcriptional repressor ExuR => putative HTH-type transcriptional repressor ExuR
[21:00:43] Modify product: Probable ribonucleotide transport ATP-binding protein mkl => putative ribonucleotide transport ATP-binding protein mkl
[21:00:43] Modify product: Probable phospholipid ABC transporter permease protein MlaE => putative phospholipid ABC transporter permease protein MlaE
[21:00:43] Modify product: Putative acyltransferase Rv0859 => Putative acyltransferase
[21:00:43] Modify product: Probable D,D-dipeptide transport ATP-binding protein DdpF => putative D,D-dipeptide transport ATP-binding protein DdpF
[21:00:43] Modify product: Purine-binding protein BAB2_0673 => Purine-binding protein
[21:00:43] Modify product: Probable methylxanthine N7-demethylase NdmC => putative methylxanthine N7-demethylase NdmC
[21:00:43] Modify product: Putative multidrug export ATP-binding/permease protein SA1683 => Putative multidrug export ATP-binding/permease protein
[21:00:43] Modify product: Uncharacterized signaling protein PA1727 => putative signaling protein
[21:00:43] Modify product: Solute-binding protein Veis_3954 => Solute-binding protein
[21:00:43] Modify product: Uncharacterized metal-dependent hydrolase YcfH => putative metal-dependent hydrolase YcfH
[21:00:43] Modify product: Uncharacterized FAD-linked oxidoreductase Rv2280 => putative FAD-linked oxidoreductase
[21:00:43] Modify product: Probable enoyl-CoA hydratase echA6 => putative enoyl-CoA hydratase echA6
[21:00:43] Modify product: Uncharacterized oxidoreductase SA2266 => putative oxidoreductase
[21:00:43] Modify product: Uncharacterized MFS-type transporter YhjX => putative MFS-type transporter YhjX
[21:00:43] Modify product: Probable sugar-binding periplasmic protein => putative sugar-binding periplasmic protein
[21:00:43] Modify product: Uncharacterized MFS-type transporter YcaD => putative MFS-type transporter YcaD
[21:00:43] Modify product: Probable intracellular septation protein A => putative intracellular septation protein A
[21:00:43] Modify product: Probable transcriptional activator protein TraR => putative transcriptional activator protein TraR
[21:00:43] Modify product: Uncharacterized oxidoreductase SA2266 => putative oxidoreductase
[21:00:43] Modify product: Probable 3-hydroxyisobutyrate dehydrogenase => putative 3-hydroxyisobutyrate dehydrogenase
[21:00:43] Modify product: Uncharacterized protein RP812 => putative protein RP812
[21:00:43] Modify product: Probable amino-acid permease protein YxeN => putative amino-acid permease protein YxeN
[21:00:43] Modify product: Uncharacterized MFS-type transporter YcaD => putative MFS-type transporter YcaD
[21:00:43] Modify product: Uncharacterized protein Rv1367c => putative protein
[21:00:43] Modify product: Uncharacterized ABC transporter ATP-binding protein YejF => putative ABC transporter ATP-binding protein YejF
[21:00:43] Modify product: Peroxiredoxin sll1621 => Peroxiredoxin
[21:00:43] Modify product: Probable phospholipid-binding lipoprotein MlaA => putative phospholipid-binding lipoprotein MlaA
[21:00:43] Modify product: Putative anti-sigma factor antagonist TM_1442 => Putative anti-sigma factor antagonist
[21:00:43] Cleaned 89 /product names
[21:00:43] Deleting unwanted file: /projects/micb405/project1/Team10/project2/Prokka_output/sprot.faa
[21:00:43] Deleting unwanted file: /projects/micb405/project1/Team10/project2/Prokka_output/sprot.blast
[21:00:44] There are still 469 unannotated CDS left (started with 1466)
[21:00:44] Will use hmmer3 to search against /home/linuxbrew/.linuxbrew/Cellar/prokka/1.13/bin/../db/hmm/HAMAP.hmm with 8 CPUs
[21:00:44] Running: cat \/projects\/micb405\/project1\/Team10\/project2\/Prokka_output\/HAMAP\.hmm\.faa | parallel --gnu --plain -j 8 --block 6002 --recstart '>' --pipe hmmscan --noali --notextw --acc -E 1e-06 --cpu 1 /home/linuxbrew/.linuxbrew/Cellar/prokka/1.13/bin/../db/hmm/HAMAP.hmm /dev/stdin > \/projects\/micb405\/project1\/Team10\/project2\/Prokka_output\/HAMAP\.hmm\.hmmer3 2> /dev/null
[21:00:50] Deleting unwanted file: /projects/micb405/project1/Team10/project2/Prokka_output/HAMAP.hmm.faa
[21:00:50] Deleting unwanted file: /projects/micb405/project1/Team10/project2/Prokka_output/HAMAP.hmm.hmmer3
[21:00:50] Labelling remaining 443 proteins as 'hypothetical protein'
[21:00:50] Possible /pseudo 'Peptide deformylase' at SaanichInlet_120m_209_9 position 26764
[21:00:50] Possible /pseudo 'DNA-directed RNA polymerase subunit beta'' at SaanichInlet_120m_209_61 position 5137
[21:00:50] Possible /pseudo 'Glutamine transport ATP-binding protein GlnQ' at SaanichInlet_120m_209_63 position 8127
[21:00:50] Possible /pseudo 'Methionine synthase' at SaanichInlet_120m_209_66 position 1318
[21:00:50] Possible /pseudo 'putative FAD-linked oxidoreductase' at SaanichInlet_120m_209_110 position 2731
[21:00:50] Possible /pseudo 'HTH-type transcriptional regulator RutR' at SaanichInlet_120m_209_146 position 3785
[21:00:50] Possible /pseudo 'Riboflavin transport system permease protein RibX' at SaanichInlet_120m_209_146 position 9175
[21:00:50] Found 832 unique /gene codes.
[21:00:50] Fixed 2 duplicate /gene - gpmA_1 gpmA_2
[21:00:50] Fixed 4 duplicate /gene - gno_1 gno_2 gno_3 gno_4
[21:00:50] Fixed 2 duplicate /gene - pcm_1 pcm_2
[21:00:50] Fixed 2 duplicate /gene - alkJ_1 alkJ_2
[21:00:50] Fixed 2 duplicate /gene - rnhA_1 rnhA_2
[21:00:50] Fixed 3 duplicate /gene - gltA_1 gltA_2 gltA_3
[21:00:50] Fixed 3 duplicate /gene - fabG_1 fabG_2 fabG_3
[21:00:50] Fixed 2 duplicate /gene - def_1 def_2
[21:00:50] Fixed 2 duplicate /gene - garR_1 garR_2
[21:00:50] Fixed 2 duplicate /gene - crt_1 crt_2
[21:00:50] Fixed 2 duplicate /gene - yxeN_1 yxeN_2
[21:00:50] Fixed 2 duplicate /gene - xthA_1 xthA_2
[21:00:50] Fixed 2 duplicate /gene - lldD_1 lldD_2
[21:00:50] Fixed 2 duplicate /gene - sufS_1 sufS_2
[21:00:50] Fixed 2 duplicate /gene - guaB_1 guaB_2
[21:00:50] Fixed 3 duplicate /gene - hipO_1 hipO_2 hipO_3
[21:00:50] Fixed 2 duplicate /gene - cutL_1 cutL_2
[21:00:50] Fixed 2 duplicate /gene - metH_1 metH_2
[21:00:50] Fixed 2 duplicate /gene - nqo1_1 nqo1_2
[21:00:50] Fixed 3 duplicate /gene - lcdH_1 lcdH_2 lcdH_3
[21:00:50] Fixed 2 duplicate /gene - pucM_1 pucM_2
[21:00:50] Fixed 2 duplicate /gene - ribX_1 ribX_2
[21:00:50] Fixed 3 duplicate /gene - soxA_1 soxA_2 soxA_3
[21:00:50] Fixed 2 duplicate /gene - rbsA_1 rbsA_2
[21:00:50] Fixed 2 duplicate /gene - hisC_1 hisC_2
[21:00:50] Fixed 2 duplicate /gene - tpa_1 tpa_2
[21:00:50] Fixed 2 duplicate /gene - tauB_1 tauB_2
[21:00:50] Fixed 3 duplicate /gene - mcl1_1 mcl1_2 mcl1_3
[21:00:50] Fixed 2 duplicate /gene - cobD_1 cobD_2
[21:00:50] Fixed 2 duplicate /gene - rpsB_1 rpsB_2
[21:00:50] Fixed 3 duplicate /gene - bdhA_1 bdhA_2 bdhA_3
[21:00:50] Fixed 3 duplicate /gene - soxB_1 soxB_2 soxB_3
[21:00:50] Fixed 2 duplicate /gene - rpsU_1 rpsU_2
[21:00:50] Fixed 3 duplicate /gene - mtgB_1 mtgB_2 mtgB_3
[21:00:50] Fixed 2 duplicate /gene - rpoC_1 rpoC_2
[21:00:50] Fixed 2 duplicate /gene - gntR_1 gntR_2
[21:00:50] Fixed 2 duplicate /gene - gfo_1 gfo_2
[21:00:50] Fixed 2 duplicate /gene - phoB_1 phoB_2
[21:00:50] Fixed 2 duplicate /gene - gsiA_1 gsiA_2
[21:00:50] Fixed 2 duplicate /gene - purF_1 purF_2
[21:00:50] Fixed 2 duplicate /gene - sgaA_1 sgaA_2
[21:00:50] Fixed 2 duplicate /gene - yhjX_1 yhjX_2
[21:00:50] Fixed 2 duplicate /gene - yciB_1 yciB_2
[21:00:50] Fixed 2 duplicate /gene - betB_1 betB_2
[21:00:50] Fixed 3 duplicate /gene - araQ_1 araQ_2 araQ_3
[21:00:50] Fixed 2 duplicate /gene - ilvE_1 ilvE_2
[21:00:50] Fixed 2 duplicate /gene - occR_1 occR_2
[21:00:50] Fixed 2 duplicate /gene - ydaF_1 ydaF_2
[21:00:50] Fixed 7 duplicate /gene - ribN_1 ribN_2 ribN_3 ribN_4 ribN_5 ribN_6 ribN_7
[21:00:50] Fixed 2 duplicate /gene - accA1_1 accA1_2
[21:00:50] Fixed 2 duplicate /gene - ald_1 ald_2
[21:00:50] Fixed 3 duplicate /gene - soxD_1 soxD_2 soxD_3
[21:00:50] Fixed 2 duplicate /gene - malK_1 malK_2
[21:00:50] Fixed 3 duplicate /gene - atm1_1 atm1_2 atm1_3
[21:00:50] Fixed 3 duplicate /gene - dctM_1 dctM_2 dctM_3
[21:00:50] Fixed 2 duplicate /gene - comC_1 comC_2
[21:00:50] Fixed 2 duplicate /gene - ugpB_1 ugpB_2
[21:00:50] Fixed 2 duplicate /gene - znuA_1 znuA_2
[21:00:50] Fixed 2 duplicate /gene - ugpC_1 ugpC_2
[21:00:50] Fixed 2 duplicate /gene - oxyR_1 oxyR_2
[21:00:50] Fixed 2 duplicate /gene - ugpA_1 ugpA_2
[21:00:50] Fixed 2 duplicate /gene - rspR_1 rspR_2
[21:00:50] Fixed 3 duplicate /gene - gsiD_1 gsiD_2 gsiD_3
[21:00:50] Fixed 2 duplicate /gene - rutR_1 rutR_2
[21:00:50] Fixed 2 duplicate /gene - ftsY_1 ftsY_2
[21:00:50] Fixed 2 duplicate /gene - decR_1 decR_2
[21:00:50] Fixed 2 duplicate /gene - livF_1 livF_2
[21:00:50] Fixed 5 duplicate /gene - glnQ_1 glnQ_2 glnQ_3 glnQ_4 glnQ_5
[21:00:50] Fixed 2 duplicate /gene - scpA_1 scpA_2
[21:00:50] Fixed 2 duplicate /gene - uctC_1 uctC_2
[21:00:50] Fixed 3 duplicate /gene - dmdA_1 dmdA_2 dmdA_3
[21:00:50] Fixed 3 duplicate /gene - kce_1 kce_2 kce_3
[21:00:50] Fixed 3 duplicate /gene - lacF_1 lacF_2 lacF_3
[21:00:50] Fixed 2 duplicate /gene - rsmB_1 rsmB_2
[21:00:50] Fixed 2 duplicate /gene - dppA_1 dppA_2
[21:00:50] Fixed 2 duplicate /gene - apc3_1 apc3_2
[21:00:50] Fixed 2 duplicate /gene - mmgC_1 mmgC_2
[21:00:50] Fixed 2 duplicate /gene - ilvG_1 ilvG_2
[21:00:50] Fixed 2 duplicate /gene - suhB_1 suhB_2
[21:00:50] Fixed 2 duplicate /gene - coxM_1 coxM_2
[21:00:50] Fixed 2 duplicate /gene - hpsN_1 hpsN_2
[21:00:50] Fixed 2 duplicate /gene - ycaD_1 ycaD_2
[21:00:50] Fixed 2 duplicate /gene - walK_1 walK_2
[21:00:50] Fixed 4 duplicate /gene - yfcG_1 yfcG_2 yfcG_3 yfcG_4
[21:00:50] Fixed 2 duplicate /gene - coxS_1 coxS_2
[21:00:50] Fixed 2 duplicate /gene - dppB_1 dppB_2
[21:00:50] Fixed 2 duplicate /gene - rnd_1 rnd_2
[21:00:50] Fixed 87 colliding /gene names.
[21:00:50] Adding /locus_tag identifiers
[21:00:50] Assigned 1478 locus_tags to CDS and RNA features.
[21:00:50] Writing outputs to /projects/micb405/project1/Team10/project2/Prokka_output/
[21:00:51] Generating annotation statistics file
[21:00:51] Generating Genbank and Sequin files
[21:00:51] Running: tbl2asn -V b -a r10k -l paired-ends -M n -N 1 -y 'Annotated using prokka 1.13 from https://github.com/tseemann/prokka' -Z \/projects\/micb405\/project1\/Team10\/project2\/Prokka_output\/MAG209\.err -i \/projects\/micb405\/project1\/Team10\/project2\/Prokka_output\/MAG209\.fsa 2> /dev/null
[21:00:54] Could not run command: tbl2asn -V b -a r10k -l paired-ends -M n -N 1 -y 'Annotated using prokka 1.13 from https://github.com/tseemann/prokka' -Z \/projects\/micb405\/project1\/Team10\/project2\/Prokka_output\/MAG209\.err -i \/projects\/micb405\/project1\/Team10\/project2\/Prokka_output\/MAG209\.fsa 2> /dev/null
