[20:43:17] This is prokka 1.13
[20:43:17] Written by Torsten Seemann <torsten.seemann@gmail.com>
[20:43:17] Homepage is https://github.com/tseemann/prokka
[20:43:17] Local time is Wed Nov 20 20:43:17 2019
[20:43:17] You are linuxbrew
[20:43:17] Operating system is linux
[20:43:17] You have BioPerl 1.007002
[20:43:17] System has 40 cores.
[20:43:17] Will use maximum of 8 cores.
[20:43:17] Annotating as >>> Bacteria <<<
[20:43:17] Re-using existing --outdir /projects/micb405/project1/Team10/project2/Prokka_output
[20:43:17] Using filename prefix: MAG264.XXX
[20:43:17] Setting HMMER_NCPU=1
[20:43:17] Writing log to: /projects/micb405/project1/Team10/project2/Prokka_output/MAG264.log
[20:43:17] Command: /home/linuxbrew/.linuxbrew/bin/prokka --outdir /projects/micb405/project1/Team10/project2/Prokka_output --force --prefix MAG264 --kingdom Bacteria --cpus 8 --locustag MAG264 /projects/micb405/resources/project_2/2019/SaanichInlet_120m/MetaBAT2_SaanichInlet_120m/MedQPlus_MAGs/SaanichInlet_120m.264.fa
[20:43:17] Appending to PATH: /home/linuxbrew/.linuxbrew/Cellar/prokka/1.13/bin
[20:43:17] Looking for 'aragorn' - found /home/linuxbrew/.linuxbrew/bin/aragorn
[20:43:17] Determined aragorn version is 1.2
[20:43:17] Looking for 'barrnap' - found /home/linuxbrew/.linuxbrew/bin/barrnap
[20:43:17] Determined barrnap version is 0.9
[20:43:17] Looking for 'blastp' - found /home/linuxbrew/.linuxbrew/bin/blastp
[20:43:17] Determined blastp version is 2.7
[20:43:17] Looking for 'cmpress' - found /home/linuxbrew/.linuxbrew/bin/cmpress
[20:43:18] Determined cmpress version is 1.1
[20:43:18] Looking for 'cmscan' - found /home/linuxbrew/.linuxbrew/bin/cmscan
[20:43:18] Determined cmscan version is 1.1
[20:43:18] Looking for 'egrep' - found /bin/egrep
[20:43:18] Looking for 'find' - found /usr/bin/find
[20:43:18] Looking for 'grep' - found /bin/grep
[20:43:18] Looking for 'hmmpress' - found /home/linuxbrew/.linuxbrew/bin/hmmpress
[20:43:18] Determined hmmpress version is 3.1
[20:43:18] Looking for 'hmmscan' - found /home/linuxbrew/.linuxbrew/bin/hmmscan
[20:43:18] Determined hmmscan version is 3.1
[20:43:18] Looking for 'java' - found /home/linuxbrew/.linuxbrew/bin/java
[20:43:18] Looking for 'less' - found /home/linuxbrew/.linuxbrew/bin/less
[20:43:18] Looking for 'makeblastdb' - found /home/linuxbrew/.linuxbrew/bin/makeblastdb
[20:43:18] Determined makeblastdb version is 2.7
[20:43:18] Looking for 'minced' - found /home/linuxbrew/.linuxbrew/bin/minced
[20:43:18] Determined minced version is 3.0
[20:43:18] Looking for 'parallel' - found /home/linuxbrew/.linuxbrew/bin/parallel
[20:43:18] Determined parallel version is 20180822
[20:43:18] Looking for 'prodigal' - found /home/linuxbrew/.linuxbrew/bin/prodigal
[20:43:18] Determined prodigal version is 2.6
[20:43:18] Looking for 'prokka-genbank_to_fasta_db' - found /home/linuxbrew/.linuxbrew/bin/prokka-genbank_to_fasta_db
[20:43:18] Looking for 'rnammer' - found /home/linuxbrew/.linuxbrew/bin/rnammer
[20:43:18] Determined rnammer version is 1.2
[20:43:18] Looking for 'sed' - found /bin/sed
[20:43:18] Looking for 'tbl2asn' - found /home/linuxbrew/.linuxbrew/bin/tbl2asn
[20:43:18] Determined tbl2asn version is 25.6
[20:43:18] Using genetic code table 11.
[20:43:18] Loading and checking input file: /projects/micb405/resources/project_2/2019/SaanichInlet_120m/MetaBAT2_SaanichInlet_120m/MedQPlus_MAGs/SaanichInlet_120m.264.fa
[20:43:18] Wrote 229 contigs totalling 1259197 bp.
[20:43:18] Predicting tRNAs and tmRNAs
[20:43:18] Running: aragorn -l -gc11  -w \/projects\/micb405\/project1\/Team10\/project2\/Prokka_output\/MAG264\.fna
[20:43:19] 1 tRNA-Pro c[1050,1124] 35 (ggg)
[20:43:19] 2 tRNA-Pro [1274,1351] 36 (tgg)
[20:43:19] 1 tRNA-Leu c[3296,3379] 35 (gag)
[20:43:19] 2 tRNA-Lys c[3447,3520] 34 (ttt)
[20:43:19] 1 tRNA-Thr [3589,3663] 35 (tgt)
[20:43:19] 2 tRNA-Tyr [3789,3871] 35 (gta)
[20:43:19] 3 tRNA-Gly [3977,4050] 34 (tcc)
[20:43:19] 4 tRNA-Thr [4178,4250] 33 (ggt)
[20:43:19] 5 tRNA-Trp [5593,5666] 34 (cca)
[20:43:19] 1 tRNA-His [4062,4136] 35 (gtg)
[20:43:19] 1 tRNA-Ser [3671,3756] 35 (gga)
[20:43:19] 1 tRNA-Ser [2291,2376] 35 (tga)
[20:43:19] 1 tRNA-Val [1318,1395] 36 (tac)
[20:43:19] 1 tRNA-Phe [2070,2145] 34 (gaa)
[20:43:19] 1 tRNA-Arg c[2717,2791] 35 (acg)
[20:43:19] Found 15 tRNAs
[20:43:19] Predicting Ribosomal RNAs
[20:43:19] Running Barrnap with 8 threads
[20:43:20] 1 SaanichInlet_120m_264_102 584 5S ribosomal RNA
[20:43:20] Found 1 rRNAs
[20:43:20] Skipping ncRNA search, enable with --rfam if desired.
[20:43:20] Total of 16 tRNA + rRNA features
[20:43:20] Searching for CRISPR repeats
[20:43:20] Found 0 CRISPRs
[20:43:20] Predicting coding sequences
[20:43:20] Contigs total 1259197 bp, so using single mode
[20:43:20] Running: prodigal -i \/projects\/micb405\/project1\/Team10\/project2\/Prokka_output\/MAG264\.fna -c -m -g 11 -p single -f sco -q
[20:43:23] Found 1129 CDS
[20:43:23] Connecting features back to sequences
[20:43:23] Not using genus-specific database. Try --usegenus to enable it.
[20:43:23] Annotating CDS, please be patient.
[20:43:23] Will use 8 CPUs for similarity searching.
[20:43:24] There are still 1129 unannotated CDS left (started with 1129)
[20:43:24] Will use blast to search against /home/linuxbrew/.linuxbrew/Cellar/prokka/1.13/bin/../db/kingdom/Bacteria/sprot with 8 CPUs
[20:43:24] Running: cat \/projects\/micb405\/project1\/Team10\/project2\/Prokka_output\/sprot\.faa | parallel --gnu --plain -j 8 --block 20911 --recstart '>' --pipe blastp -query - -db /home/linuxbrew/.linuxbrew/Cellar/prokka/1.13/bin/../db/kingdom/Bacteria/sprot -evalue 1e-06 -num_threads 1 -num_descriptions 1 -num_alignments 1 -seg no > \/projects\/micb405\/project1\/Team10\/project2\/Prokka_output\/sprot\.blast 2> /dev/null
[20:43:37] Modify product: Uncharacterized metal-dependent hydrolase YcfH => putative metal-dependent hydrolase YcfH
[20:43:37] Modify product: Uncharacterized protein Rv0959 => putative protein
[20:43:37] Modify product: Putative cystathionine beta-synthase Rv1077 => Putative cystathionine beta-synthase
[20:43:37] Modify product: UPF0382 membrane protein YwdK => hypothetical protein
[20:43:37] Modify product: Probable peptidyl-prolyl cis-trans isomerase => putative peptidyl-prolyl cis-trans isomerase
[20:43:37] Modify product: Uncharacterized acyl-CoA thioester hydrolase HI_0827 => putative acyl-CoA thioester hydrolase
[20:43:37] Modify product: Probable multidrug resistance ABC transporter ATP-binding/permease protein YheI => putative multidrug resistance ABC transporter ATP-binding/permease protein YheI
[20:43:37] Modify product: Probable 3-hydroxyacyl-CoA dehydrogenase => putative 3-hydroxyacyl-CoA dehydrogenase
[20:43:37] Modify product: Uncharacterized hydrolase YxeP => putative hydrolase YxeP
[20:43:37] Modify product: Uncharacterized protein YciO => putative protein YciO
[20:43:37] Modify product: Probable peptidyl-prolyl cis-trans isomerase => putative peptidyl-prolyl cis-trans isomerase
[20:43:37] Modify product: UPF0403 protein YphP => hypothetical protein
[20:43:37] Modify product: SCO1 protein homolog => SCO1 protein 
[20:43:37] Modify product: Uncharacterized protein MRA_2757 => putative protein
[20:43:37] Modify product: Probable nicotinate-nucleotide pyrophosphorylase [carboxylating] => putative nicotinate-nucleotide pyrophosphorylase [carboxylating]
[20:43:37] Modify product: Uncharacterized protein YciH => putative protein YciH
[20:43:37] Modify product: UPF0053 inner membrane protein YgdQ => hypothetical protein
[20:43:37] Modify product: Uncharacterized protein YqeN => putative protein YqeN
[20:43:37] Modify product: Tricorn protease homolog 1 => Tricorn protease 
[20:43:37] Modify product: Putative esterase PA1618 => Putative esterase
[20:43:37] Modify product: Probable chromosome-partitioning protein ParB => putative chromosome-partitioning protein ParB
[20:43:37] Modify product: Uncharacterized HIT-like protein Rv0759c => putative HIT-like protein
[20:43:37] Modify product: Uncharacterized protein HI_0933 => putative protein
[20:43:37] Modify product: Uncharacterized protein HI_1163 => putative protein
[20:43:37] Modify product: Uncharacterized epimerase/dehydratase SA0511 => putative epimerase/dehydratase
[20:43:37] Modify product: Probable peptidoglycan glycosyltransferase FtsW => putative peptidoglycan glycosyltransferase FtsW
[20:43:37] Modify product: Probable membrane transporter protein YfcA => putative membrane transporter protein YfcA
[20:43:37] Modify product: Uncharacterized protein HP_1423 => putative protein
[20:43:37] Modify product: Oxygen-independent coproporphyrinogen-III oxidase-like protein LL1139 => Oxygen-independent coproporphyrinogen-III oxidase-like protein
[20:43:37] Modify product: Uncharacterized protein YhaP => putative protein YhaP
[20:43:37] Modify product: Epimerase family protein SA0724 => Epimerase family protein
[20:43:37] Modify product: Uncharacterized ABC transporter ATP-binding protein YknY => putative ABC transporter ATP-binding protein YknY
[20:43:37] Modify product: UPF0301 protein SO_3346 => hypothetical protein
[20:43:37] Modify product: DNA-binding protein VF_0530 => DNA-binding protein
[20:43:37] Modify product: Uncharacterized protein Rv2915c => putative protein
[20:43:37] Modify product: UPF0056 inner membrane protein YhgN => hypothetical protein
[20:43:37] Modify product: UPF0073 inner membrane protein YqfA => hypothetical protein
[20:43:37] Modify product: Putative acetyltransferase SACOL2570 => Putative acetyltransferase
[20:43:37] Modify product: Probable deoxycholate-binding periplasmic protein YgiS => putative deoxycholate-binding periplasmic protein YgiS
[20:43:37] Modify product: Uncharacterized protein YfgD => putative protein YfgD
[20:43:37] Modify product: Uncharacterized protein Rv1480 => putative protein
[20:43:37] Modify product: UPF0353 protein Rv1481 => hypothetical protein
[20:43:37] Modify product: Probable succinyl-CoA:3-ketoacid coenzyme A transferase subunit B => putative succinyl-CoA:3-ketoacid coenzyme A transferase subunit B
[20:43:37] Modify product: Probable transcriptional regulatory protein HP_0162 => putative transcriptional regulatory protein
[20:43:37] Modify product: Probable chromate transport protein => putative chromate transport protein
[20:43:37] Modify product: UPF0394 membrane protein XF_0765 => hypothetical protein
[20:43:37] Modify product: Uncharacterized protein Rv2715 => putative protein
[20:43:37] Modify product: Sulfurtransferase Alvin_2599 => Sulfurtransferase
[20:43:37] Modify product: Probable phospholipid ABC transporter-binding protein MlaD => putative phospholipid ABC transporter-binding protein MlaD
[20:43:37] Modify product: Uncharacterized ABC transporter ATP-binding protein YknY => putative ABC transporter ATP-binding protein YknY
[20:43:37] Modify product: Uncharacterized protein Atu1656 => putative protein
[20:43:37] Modify product: UPF0053 inner membrane protein YfjD => hypothetical protein
[20:43:37] Modify product: GTP-binding protein TypA/BipA homolog => GTP-binding protein TypA/BipA 
[20:43:37] Modify product: Uncharacterized oxidoreductase SA2266 => putative oxidoreductase
[20:43:37] Cleaned 54 /product names
[20:43:37] Deleting unwanted file: /projects/micb405/project1/Team10/project2/Prokka_output/sprot.faa
[20:43:37] Deleting unwanted file: /projects/micb405/project1/Team10/project2/Prokka_output/sprot.blast
[20:43:38] There are still 509 unannotated CDS left (started with 1129)
[20:43:38] Will use hmmer3 to search against /home/linuxbrew/.linuxbrew/Cellar/prokka/1.13/bin/../db/hmm/HAMAP.hmm with 8 CPUs
[20:43:38] Running: cat \/projects\/micb405\/project1\/Team10\/project2\/Prokka_output\/HAMAP\.hmm\.faa | parallel --gnu --plain -j 8 --block 7834 --recstart '>' --pipe hmmscan --noali --notextw --acc -E 1e-06 --cpu 1 /home/linuxbrew/.linuxbrew/Cellar/prokka/1.13/bin/../db/hmm/HAMAP.hmm /dev/stdin > \/projects\/micb405\/project1\/Team10\/project2\/Prokka_output\/HAMAP\.hmm\.hmmer3 2> /dev/null
[20:43:45] Modify product: Uncharacterized Nudix hydrolase NudL => putative Nudix hydrolase NudL
[20:43:45] Cleaned 1 /product names
[20:43:45] Deleting unwanted file: /projects/micb405/project1/Team10/project2/Prokka_output/HAMAP.hmm.faa
[20:43:45] Deleting unwanted file: /projects/micb405/project1/Team10/project2/Prokka_output/HAMAP.hmm.hmmer3
[20:43:45] Labelling remaining 476 proteins as 'hypothetical protein'
[20:43:45] Possible /pseudo 'Cytochrome c oxidase subunit 3' at SaanichInlet_120m_264_18 position 4519
[20:43:45] Possible /pseudo 'SPBc2 prophage-derived glycosyltransferase SunS' at SaanichInlet_120m_264_46 position 7363
[20:43:45] Possible /pseudo 'Macrolide export ATP-binding/permease protein MacB' at SaanichInlet_120m_264_49 position 518
[20:43:45] Possible /pseudo 'Di-/tripeptide transporter' at SaanichInlet_120m_264_87 position 1739
[20:43:45] Possible /pseudo 'N-acetylglucosaminyldiphosphoundecaprenol N-acetyl-beta-D-mannosaminyltransferase' at SaanichInlet_120m_264_220 position 2440
[20:43:45] Found 546 unique /gene codes.
[20:43:45] Fixed 4 duplicate /gene - macB_1 macB_2 macB_3 macB_4
[20:43:45] Fixed 4 duplicate /gene - susC_1 susC_2 susC_3 susC_4
[20:43:45] Fixed 2 duplicate /gene - odhB_1 odhB_2
[20:43:45] Fixed 3 duplicate /gene - mepM_1 mepM_2 mepM_3
[20:43:45] Fixed 2 duplicate /gene - yrbG_1 yrbG_2
[20:43:45] Fixed 2 duplicate /gene - pyrR_1 pyrR_2
[20:43:45] Fixed 2 duplicate /gene - yknY_1 yknY_2
[20:43:45] Fixed 2 duplicate /gene - fabI_1 fabI_2
[20:43:45] Fixed 2 duplicate /gene - sunS_1 sunS_2
[20:43:45] Fixed 3 duplicate /gene - xerD_1 xerD_2 xerD_3
[20:43:45] Fixed 2 duplicate /gene - ppiB_1 ppiB_2
[20:43:45] Fixed 2 duplicate /gene - apbE_1 apbE_2
[20:43:45] Fixed 3 duplicate /gene - sigE_1 sigE_2 sigE_3
[20:43:45] Fixed 2 duplicate /gene - deaD_1 deaD_2
[20:43:45] Fixed 3 duplicate /gene - btuB_1 btuB_2 btuB_3
[20:43:45] Fixed 2 duplicate /gene - gyrB_1 gyrB_2
[20:43:45] Fixed 2 duplicate /gene - macA_1 macA_2
[20:43:45] Fixed 2 duplicate /gene - zraR_1 zraR_2
[20:43:45] Fixed 2 duplicate /gene - pth_1 pth_2
[20:43:45] Fixed 3 duplicate /gene - wbbL_1 wbbL_2 wbbL_3
[20:43:45] Fixed 2 duplicate /gene - cph1_1 cph1_2
[20:43:45] Fixed 2 duplicate /gene - dtpT_1 dtpT_2
[20:43:45] Fixed 2 duplicate /gene - gloC_1 gloC_2
[20:43:45] Fixed 3 duplicate /gene - bfmBAB_1 bfmBAB_2 bfmBAB_3
[20:43:45] Fixed 2 duplicate /gene - asnC_1 asnC_2
[20:43:45] Fixed 2 duplicate /gene - ssb_1 ssb_2
[20:43:45] Fixed 2 duplicate /gene - nfuA_1 nfuA_2
[20:43:45] Fixed 2 duplicate /gene - clpP_1 clpP_2
[20:43:45] Fixed 2 duplicate /gene - sigW_1 sigW_2
[20:43:45] Fixed 2 duplicate /gene - paaE_1 paaE_2
[20:43:45] Fixed 2 duplicate /gene - fabH_1 fabH_2
[20:43:45] Fixed 2 duplicate /gene - ctaE_1 ctaE_2
[20:43:45] Fixed 2 duplicate /gene - bepA_1 bepA_2
[20:43:45] Fixed 2 duplicate /gene - rgtE_1 rgtE_2
[20:43:45] Fixed 2 duplicate /gene - dnaJ_1 dnaJ_2
[20:43:45] Fixed 2 duplicate /gene - bamA_1 bamA_2
[20:43:45] Fixed 2 duplicate /gene - mmgC_1 mmgC_2
[20:43:45] Fixed 2 duplicate /gene - gldH_1 gldH_2
[20:43:45] Fixed 2 duplicate /gene - f1pep1_1 f1pep1_2
[20:43:45] Fixed 2 duplicate /gene - aviRb_1 aviRb_2
[20:43:45] Fixed 2 duplicate /gene - frr_1 frr_2
[20:43:45] Fixed 5 duplicate /gene - recQ_1 recQ_2 recQ_3 recQ_4 recQ_5
[20:43:45] Fixed 2 duplicate /gene - surA_1 surA_2
[20:43:45] Fixed 2 duplicate /gene - tagA_1 tagA_2
[20:43:45] Fixed 2 duplicate /gene - rpoE_1 rpoE_2
[20:43:45] Fixed 2 duplicate /gene - mrcA_1 mrcA_2
[20:43:45] Fixed 2 duplicate /gene - dxs_1 dxs_2
[20:43:45] Fixed 2 duplicate /gene - ribF_1 ribF_2
[20:43:45] Fixed 48 colliding /gene names.
[20:43:45] Adding /locus_tag identifiers
[20:43:45] Assigned 1145 locus_tags to CDS and RNA features.
[20:43:45] Writing outputs to /projects/micb405/project1/Team10/project2/Prokka_output/
[20:43:45] Generating annotation statistics file
[20:43:45] Generating Genbank and Sequin files
[20:43:45] Running: tbl2asn -V b -a r10k -l paired-ends -M n -N 1 -y 'Annotated using prokka 1.13 from https://github.com/tseemann/prokka' -Z \/projects\/micb405\/project1\/Team10\/project2\/Prokka_output\/MAG264\.err -i \/projects\/micb405\/project1\/Team10\/project2\/Prokka_output\/MAG264\.fsa 2> /dev/null
[20:43:48] Could not run command: tbl2asn -V b -a r10k -l paired-ends -M n -N 1 -y 'Annotated using prokka 1.13 from https://github.com/tseemann/prokka' -Z \/projects\/micb405\/project1\/Team10\/project2\/Prokka_output\/MAG264\.err -i \/projects\/micb405\/project1\/Team10\/project2\/Prokka_output\/MAG264\.fsa 2> /dev/null
