[21:24:53] This is prokka 1.13
[21:24:53] Written by Torsten Seemann <torsten.seemann@gmail.com>
[21:24:53] Homepage is https://github.com/tseemann/prokka
[21:24:53] Local time is Wed Nov 20 21:24:53 2019
[21:24:53] You are linuxbrew
[21:24:53] Operating system is linux
[21:24:53] You have BioPerl 1.007002
[21:24:53] System has 40 cores.
[21:24:53] Will use maximum of 8 cores.
[21:24:53] Annotating as >>> Bacteria <<<
[21:24:53] Re-using existing --outdir /projects/micb405/project1/Team10/project2/Prokka_output
[21:24:53] Using filename prefix: MAG283.XXX
[21:24:53] Setting HMMER_NCPU=1
[21:24:53] Writing log to: /projects/micb405/project1/Team10/project2/Prokka_output/MAG283.log
[21:24:53] Command: /home/linuxbrew/.linuxbrew/bin/prokka --outdir /projects/micb405/project1/Team10/project2/Prokka_output --force --prefix MAG283 --kingdom Bacteria --cpus 8 --locustag MAG283 /projects/micb405/resources/project_2/2019/SaanichInlet_120m/MetaBAT2_SaanichInlet_120m/MedQPlus_MAGs/SaanichInlet_120m.283.fa
[21:24:53] Appending to PATH: /home/linuxbrew/.linuxbrew/Cellar/prokka/1.13/bin
[21:24:53] Looking for 'aragorn' - found /home/linuxbrew/.linuxbrew/bin/aragorn
[21:24:53] Determined aragorn version is 1.2
[21:24:53] Looking for 'barrnap' - found /home/linuxbrew/.linuxbrew/bin/barrnap
[21:24:53] Determined barrnap version is 0.9
[21:24:53] Looking for 'blastp' - found /home/linuxbrew/.linuxbrew/bin/blastp
[21:24:53] Determined blastp version is 2.7
[21:24:53] Looking for 'cmpress' - found /home/linuxbrew/.linuxbrew/bin/cmpress
[21:24:53] Determined cmpress version is 1.1
[21:24:53] Looking for 'cmscan' - found /home/linuxbrew/.linuxbrew/bin/cmscan
[21:24:53] Determined cmscan version is 1.1
[21:24:53] Looking for 'egrep' - found /bin/egrep
[21:24:53] Looking for 'find' - found /usr/bin/find
[21:24:53] Looking for 'grep' - found /bin/grep
[21:24:53] Looking for 'hmmpress' - found /home/linuxbrew/.linuxbrew/bin/hmmpress
[21:24:53] Determined hmmpress version is 3.1
[21:24:53] Looking for 'hmmscan' - found /home/linuxbrew/.linuxbrew/bin/hmmscan
[21:24:53] Determined hmmscan version is 3.1
[21:24:53] Looking for 'java' - found /home/linuxbrew/.linuxbrew/bin/java
[21:24:53] Looking for 'less' - found /home/linuxbrew/.linuxbrew/bin/less
[21:24:53] Looking for 'makeblastdb' - found /home/linuxbrew/.linuxbrew/bin/makeblastdb
[21:24:53] Determined makeblastdb version is 2.7
[21:24:53] Looking for 'minced' - found /home/linuxbrew/.linuxbrew/bin/minced
[21:24:53] Determined minced version is 3.0
[21:24:53] Looking for 'parallel' - found /home/linuxbrew/.linuxbrew/bin/parallel
[21:24:54] Determined parallel version is 20180822
[21:24:54] Looking for 'prodigal' - found /home/linuxbrew/.linuxbrew/bin/prodigal
[21:24:54] Determined prodigal version is 2.6
[21:24:54] Looking for 'prokka-genbank_to_fasta_db' - found /home/linuxbrew/.linuxbrew/bin/prokka-genbank_to_fasta_db
[21:24:54] Looking for 'rnammer' - found /home/linuxbrew/.linuxbrew/bin/rnammer
[21:24:54] Determined rnammer version is 1.2
[21:24:54] Looking for 'sed' - found /bin/sed
[21:24:54] Looking for 'tbl2asn' - found /home/linuxbrew/.linuxbrew/bin/tbl2asn
[21:24:54] Determined tbl2asn version is 25.6
[21:24:54] Using genetic code table 11.
[21:24:54] Loading and checking input file: /projects/micb405/resources/project_2/2019/SaanichInlet_120m/MetaBAT2_SaanichInlet_120m/MedQPlus_MAGs/SaanichInlet_120m.283.fa
[21:24:54] Wrote 337 contigs totalling 3052392 bp.
[21:24:54] Predicting tRNAs and tmRNAs
[21:24:54] Running: aragorn -l -gc11  -w \/projects\/micb405\/project1\/Team10\/project2\/Prokka_output\/MAG283\.fna
[21:24:55] 1 tRNA-Gly c[30259,30334] 34 (gcc)
[21:24:55] 1 tRNA-Leu [60,147] 35 (taa)
[21:24:55] 1 tRNA-Arg [23500,23576] 35 (tct)
[21:24:55] 1 tRNA-Leu c[17,102] 35 (gag)
[21:24:55] 1 tRNA-His c[2369,2444] 34 (gtg)
[21:24:55] 2 tRNA-Pro c[2453,2529] 35 (tgg)
[21:24:55] 1 tRNA-Gly c[44,119] 34 (gcc)
[21:24:55] 2 tRNA-Glu c[127,202] 35 (ttc)
[21:24:55] 3 tRNA-Ser [6531,6618] 35 (gga)
[21:24:55] 1 tRNA-Leu [28713,28799] 35 (caa)
[21:24:55] 1 tRNA-Ser [20469,20559] 35 (gct)
[21:24:55] 1 tRNA-Arg [25175,25251] 35 (tcg)
[21:24:55] 1 tRNA-SeC c[17712,17805] 36 (tca)
[21:24:55] 1 tRNA-Asn [121,196] 34 (gtt)
[21:24:55] 2 tRNA-Gly c[370,443] 33 (ccc)
[21:24:55] 1 tRNA-Trp [268,343] 34 (cca)
[21:24:56] 1 tRNA-Gln [32980,33054] 33 (ttg)
[21:24:56] 1 tRNA-Thr c[6824,6899] 34 (cgt)
[21:24:56] 1 tRNA-Cys c[3874,3947] 33 (gca)
[21:24:56] 1 tRNA-Leu c[9279,9363] 35 (tag)
[21:24:56] 1 tRNA-Arg c[5966,6042] 35 (acg)
[21:24:56] 1 tRNA-Met [3045,3121] 35 (cat)
[21:24:56] 1 tRNA-Phe [6227,6302] 34 (gaa)
[21:24:56] 1 tRNA-Arg [21505,21581] 35 (cct)
[21:24:57] 1 tRNA-Met [9620,9696] 35 (cat)
[21:24:57] 1 tRNA-Lys [5656,5731] 34 (ttt)
[21:24:57] 1 tRNA-Ala c[5500,5575] 34 (ggc)
[21:24:57] 1 tRNA-Met c[48,124] 35 (cat)
[21:24:57] 1 tRNA-Gly [689,762] 33 (ccc)
[21:24:57] 1 tRNA-Asp c[299,375] 35 (gtc)
[21:24:57] 2 tRNA-Val c[429,504] 34 (tac)
[21:24:57] 1 tRNA-Pro c[784,860] 35 (ggg)
[21:24:57] 1 tRNA-Val [104,180] 35 (gac)
[21:24:57] 1 tRNA-Leu c[1435,1521] 35 (cag)
[21:24:57] Found 34 tRNAs
[21:24:57] Predicting Ribosomal RNAs
[21:24:57] Running Barrnap with 8 threads
[21:24:58] 1 SaanichInlet_120m_283_15 2 16S ribosomal RNA (partial)
[21:24:58] 2 SaanichInlet_120m_283_25 420 5S ribosomal RNA
[21:24:58] Found 2 rRNAs
[21:24:58] Skipping ncRNA search, enable with --rfam if desired.
[21:24:58] Total of 36 tRNA + rRNA features
[21:24:58] Searching for CRISPR repeats
[21:24:59] Found 0 CRISPRs
[21:24:59] Predicting coding sequences
[21:24:59] Contigs total 3052392 bp, so using single mode
[21:24:59] Running: prodigal -i \/projects\/micb405\/project1\/Team10\/project2\/Prokka_output\/MAG283\.fna -c -m -g 11 -p single -f sco -q
[21:25:02] Excluding CDS which overlaps existing RNA (rRNA) at SaanichInlet_120m_283_15:67..174 on - strand
[21:25:02] Excluding CDS which overlaps existing RNA (tRNA) at SaanichInlet_120m_283_56:17710..17889 on + strand
[21:25:03] Excluding CDS which overlaps existing RNA (tRNA) at SaanichInlet_120m_283_310:401..751 on - strand
[21:25:03] Excluding CDS which overlaps existing RNA (tRNA) at SaanichInlet_120m_283_319:217..381 on + strand
[21:25:03] Found 2678 CDS
[21:25:03] Connecting features back to sequences
[21:25:03] Not using genus-specific database. Try --usegenus to enable it.
[21:25:03] Annotating CDS, please be patient.
[21:25:03] Will use 8 CPUs for similarity searching.
[21:25:04] There are still 2678 unannotated CDS left (started with 2678)
[21:25:04] Will use blast to search against /home/linuxbrew/.linuxbrew/Cellar/prokka/1.13/bin/../db/kingdom/Bacteria/sprot with 8 CPUs
[21:25:04] Running: cat \/projects\/micb405\/project1\/Team10\/project2\/Prokka_output\/sprot\.faa | parallel --gnu --plain -j 8 --block 54459 --recstart '>' --pipe blastp -query - -db /home/linuxbrew/.linuxbrew/Cellar/prokka/1.13/bin/../db/kingdom/Bacteria/sprot -evalue 1e-06 -num_threads 1 -num_descriptions 1 -num_alignments 1 -seg no > \/projects\/micb405\/project1\/Team10\/project2\/Prokka_output\/sprot\.blast 2> /dev/null
[21:25:39] Modify product: Sulfurtransferase Alvin_2599 => Sulfurtransferase
[21:25:39] Modify product: Uncharacterized protein HI_0755 => putative protein
[21:25:39] Modify product: GTP cyclohydrolase 1 type 2 homolog => GTP cyclohydrolase 1 type 2 
[21:25:39] Modify product: Aldo/keto reductase slr0942 => Aldo/keto reductase
[21:25:39] Modify product: Uncharacterized oxidoreductase YjhC => putative oxidoreductase YjhC
[21:25:39] Modify product: Uncharacterized symporter YidK => putative symporter YidK
[21:25:39] Modify product: Putative NAD(P)H nitroreductase Spy0809 => Putative NAD(P)H nitroreductase
[21:25:39] Modify product: UPF0307 protein YjgA => hypothetical protein
[21:25:39] Modify product: Probable DNA endonuclease SmrA => putative DNA endonuclease SmrA
[21:25:39] Modify product: Co-chaperone protein HscB homolog => Co-chaperone protein HscB 
[21:25:39] Modify product: UPF0070 protein HI_0370 => hypothetical protein
[21:25:39] Modify product: Probable peptidoglycan glycosyltransferase FtsW => putative peptidoglycan glycosyltransferase FtsW
[21:25:39] Modify product: UPF0102 protein RPA0323 => hypothetical protein
[21:25:39] Modify product: Probable transcriptional regulatory protein YeeN => putative transcriptional regulatory protein YeeN
[21:25:39] Modify product: Uncharacterized acyl-CoA thioester hydrolase HI_0827 => putative acyl-CoA thioester hydrolase
[21:25:39] Modify product: Universal stress protein A homolog 2 => Universal stress protein A 
[21:25:39] Modify product: UPF0311 protein RPA1785 => hypothetical protein
[21:25:39] Modify product: UPF0039 protein Rv2851c => hypothetical protein
[21:25:39] Modify product: Putative acyltransferase Rv0859 => Putative acyltransferase
[21:25:39] Modify product: UPF0111 protein HI_1603 => hypothetical protein
[21:25:39] Modify product: UPF0353 protein Rv1481 => hypothetical protein
[21:25:39] Modify product: Uncharacterized protein Rv1480 => putative protein
[21:25:39] Modify product: Uncharacterized protein YcgM => putative protein YcgM
[21:25:39] Modify product: Uncharacterized protein Rv3633 => putative protein
[21:25:39] Modify product: Putative trans-acting enoyl reductase Rv2449c => Putative trans-acting enoyl reductase
[21:25:39] Modify product: RNA-binding protein HI_1333 => RNA-binding protein
[21:25:39] Modify product: UPF0213 protein BH0048 => hypothetical protein
[21:25:39] Modify product: SCO1 protein homolog => SCO1 protein 
[21:25:39] Modify product: Bifunctional protein FolD => Bifunctional protein FolD protein
[21:25:39] Modify product: Probable sulfoacetate transporter SauU => putative sulfoacetate transporter SauU
[21:25:40] Modify product: Uncharacterized ABC transporter ATP-binding protein YadG => putative ABC transporter ATP-binding protein YadG
[21:25:40] Modify product: Uncharacterized protein Rv1367c => putative protein
[21:25:40] Modify product: Probable L-galactonate transporter => putative L-galactonate transporter
[21:25:40] Modify product: Uncharacterized protein HI_1008 => putative protein
[21:25:40] Modify product: Probable enoyl-CoA hydratase => putative enoyl-CoA hydratase
[21:25:40] Modify product: Uncharacterized protein Rv0036c => putative protein
[21:25:40] Modify product: Uncharacterized oxidoreductase SA2266 => putative oxidoreductase
[21:25:40] Modify product: Probable chromosome-partitioning protein ParB => putative chromosome-partitioning protein ParB
[21:25:40] Modify product: Probable M18 family aminopeptidase 2 => putative M18 family aminopeptidase 2
[21:25:40] Modify product: Probable protein kinase UbiB => putative protein kinase UbiB
[21:25:40] Modify product: Uncharacterized ABC transporter ATP-binding protein YheS => putative ABC transporter ATP-binding protein YheS
[21:25:40] Modify product: Probable transporter SCO4007 => putative transporter
[21:25:40] Modify product: UPF0178 protein YaiI => hypothetical protein
[21:25:40] Modify product: UPF0053 inner membrane protein YfjD => hypothetical protein
[21:25:40] Modify product: UPF0434 protein PFL_1779 => hypothetical protein
[21:25:40] Modify product: Uncharacterized protein Rv2715 => putative protein
[21:25:40] Modify product: Cyclic di-GMP phosphodiesterase TM_0186 => Cyclic di-GMP phosphodiesterase
[21:25:40] Modify product: Putative formate dehydrogenase SA2102 => Putative formate dehydrogenase
[21:25:40] Modify product: Uncharacterized oxidoreductase Rv0769 => putative oxidoreductase
[21:25:40] Modify product: Putative trans-acting enoyl reductase Rv2449c => Putative trans-acting enoyl reductase
[21:25:40] Modify product: UPF0301 protein SO_3346 => hypothetical protein
[21:25:40] Modify product: Oxygen-independent coproporphyrinogen-III oxidase-like protein LL1139 => Oxygen-independent coproporphyrinogen-III oxidase-like protein
[21:25:40] Modify product: UPF0382 membrane protein YwdK => hypothetical protein
[21:25:40] Modify product: UPF0758 protein => hypothetical protein
[21:25:40] Modify product: UPF0701 protein YicC => hypothetical protein
[21:25:40] Modify product: Uncharacterized protein Rv3633 => putative protein
[21:25:40] Modify product: Uncharacterized protein YcbX => putative protein YcbX
[21:25:40] Modify product: Uncharacterized protein Rv1367c => putative protein
[21:25:40] Modify product: Probable glucarate transporter => putative glucarate transporter
[21:25:40] Modify product: Probable L-galactonate transporter => putative L-galactonate transporter
[21:25:40] Modify product: Probable tRNA-dihydrouridine synthase => putative tRNA-dihydrouridine synthase
[21:25:40] Modify product: Probable phospholipid-binding lipoprotein MlaA => putative phospholipid-binding lipoprotein MlaA
[21:25:40] Modify product: UPF0153 protein YeiW => hypothetical protein
[21:25:40] Modify product: Uncharacterized protein Rv2913c => putative protein
[21:25:40] Modify product: Putative acyltransferase Rv0859 => Putative acyltransferase
[21:25:40] Modify product: Probable enoyl-CoA hydratase => putative enoyl-CoA hydratase
[21:25:40] Modify product: UPF0176 protein lpg2838 => hypothetical protein
[21:25:40] Modify product: Uncharacterized protein Rv1367c => putative protein
[21:25:40] Modify product: UPF0271 protein PA4511 => hypothetical protein
[21:25:40] Modify product: Putative hydro-lyase Atu3911 => Putative hydro-lyase
[21:25:40] Modify product: Probable Fe(2+)-trafficking protein => putative Fe(2+)-trafficking protein
[21:25:40] Modify product: Uncharacterized ABC transporter ATP-binding protein YlmA => putative ABC transporter ATP-binding protein YlmA
[21:25:40] Modify product: Probable sulfoacetate transporter SauU => putative sulfoacetate transporter SauU
[21:25:40] Modify product: Probable succinyl-diaminopimelate desuccinylase => putative succinyl-diaminopimelate desuccinylase
[21:25:40] Modify product: Uncharacterized MFS-type transporter YcaD => putative MFS-type transporter YcaD
[21:25:40] Modify product: Uncharacterized symporter YidK => putative symporter YidK
[21:25:40] Modify product: Peroxiredoxin sll1621 => Peroxiredoxin
[21:25:40] Modify product: Probable TonB-dependent receptor NMB0964 => putative TonB-dependent receptor
[21:25:40] Modify product: Probable membrane transporter protein YfcA => putative membrane transporter protein YfcA
[21:25:40] Modify product: Uncharacterized protein Rv2913c => putative protein
[21:25:40] Modify product: Uncharacterized protein YfgD => putative protein YfgD
[21:25:40] Modify product: Peroxiredoxin sll1621 => Peroxiredoxin
[21:25:40] Modify product: Uncharacterized ABC transporter ATP-binding protein TM_0288 => putative ABC transporter ATP-binding protein
[21:25:40] Modify product: Uncharacterized ABC transporter ATP-binding protein YknY => putative ABC transporter ATP-binding protein YknY
[21:25:40] Modify product: Uncharacterized hydrolase YxeP => putative hydrolase YxeP
[21:25:40] Modify product: Probable formate transporter 1 => putative formate transporter 1
[21:25:41] Modify product: Uncharacterized signaling protein PA1727 => putative signaling protein
[21:25:41] Modify product: Uncharacterized NTE family protein Rv1063c => putative NTE family protein
[21:25:41] Modify product: Probable cysteine desulfurase => putative cysteine desulfurase
[21:25:41] Modify product: Cyclic nucleotide-gated potassium channel mll3241 => Cyclic nucleotide-gated potassium channel
[21:25:41] Modify product: Uncharacterized protein YtfJ => putative protein YtfJ
[21:25:41] Modify product: Probable enoyl-CoA hydratase echA8 => putative enoyl-CoA hydratase echA8
[21:25:41] Modify product: DNA-binding protein VF_0530 => DNA-binding protein
[21:25:41] Modify product: Solute-binding protein Bpro_3107 => Solute-binding protein
[21:25:41] Modify product: Uncharacterized protein Rv0647c => putative protein
[21:25:41] Modify product: Probable protein kinase UbiB => putative protein kinase UbiB
[21:25:41] Modify product: Putative short-chain type dehydrogenase/reductase Rv0148 => Putative short-chain type dehydrogenase/reductase
[21:25:41] Modify product: Probable enoyl-CoA hydratase 1 => putative enoyl-CoA hydratase 1
[21:25:41] Modify product: Uncharacterized protein YqgN => putative protein YqgN
[21:25:41] Modify product: Sulfurtransferase Alvin_2599 => Sulfurtransferase
[21:25:41] Modify product: Uncharacterized protein YciH => putative protein YciH
[21:25:41] Modify product: Uncharacterized epimerase/dehydratase SA0511 => putative epimerase/dehydratase
[21:25:41] Modify product: Uncharacterized protein YaeQ => putative protein YaeQ
[21:25:41] Modify product: Probable L-galactonate transporter => putative L-galactonate transporter
[21:25:41] Modify product: Uncharacterized oxidoreductase SA2266 => putative oxidoreductase
[21:25:41] Modify product: Uncharacterized HTH-type transcriptional regulator YybR => putative HTH-type transcriptional regulator YybR
[21:25:41] Modify product: Zinc-type alcohol dehydrogenase-like protein SA1988 => Zinc-type alcohol dehydrogenase-like protein
[21:25:41] Modify product: UPF0324 inner membrane protein YeiH => hypothetical protein
[21:25:41] Modify product: Probable enoyl-CoA hydratase echA12 => putative enoyl-CoA hydratase echA12
[21:25:41] Modify product: Probable GTPase Rv1496 => putative GTPase
[21:25:41] Modify product: Probable methylmalonyl-CoA mutase large subunit => putative methylmalonyl-CoA mutase large subunit
[21:25:41] Modify product: Uncharacterized HTH-type transcriptional regulator Rv1395 => putative HTH-type transcriptional regulator
[21:25:41] Modify product: Putative trans-acting enoyl reductase Rv2449c => Putative trans-acting enoyl reductase
[21:25:41] Modify product: Cyclic di-GMP phosphodiesterase TM_0186 => Cyclic di-GMP phosphodiesterase
[21:25:41] Modify product: Uncharacterized protein Rv1480 => putative protein
[21:25:41] Modify product: Uncharacterized HTH-type transcriptional regulator Rv3095 => putative HTH-type transcriptional regulator
[21:25:41] Modify product: Putative short-chain type dehydrogenase/reductase Rv0148 => Putative short-chain type dehydrogenase/reductase
[21:25:41] Modify product: Putative CoA-transferase subunit beta Rv3552 => Putative CoA-transferase subunit beta
[21:25:41] Modify product: Putative CoA-transferase subunit alpha Rv3551 => Putative CoA-transferase subunit alpha
[21:25:41] Modify product: Probable enoyl-CoA hydratase echA8 => putative enoyl-CoA hydratase echA8
[21:25:41] Modify product: Uncharacterized oxidoreductase Rv0927c => putative oxidoreductase
[21:25:41] Modify product: Probable enoyl-CoA hydratase 1 => putative enoyl-CoA hydratase 1
[21:25:41] Modify product: Putative acyltransferase Rv0859 => Putative acyltransferase
[21:25:41] Modify product: Probable xanthine dehydrogenase subunit A => putative xanthine dehydrogenase subunit A
[21:25:41] Modify product: Probable glycerol-3-phosphate dehydrogenase 2 [NAD(P)+] => putative glycerol-3-phosphate dehydrogenase 2 [NAD(P)+]
[21:25:41] Modify product: Probable dipeptidase PepE => putative dipeptidase PepE
[21:25:41] Modify product: Uncharacterized protein Rv2915c => putative protein
[21:25:41] Modify product: Probable sulfoacetate transporter SauU => putative sulfoacetate transporter SauU
[21:25:41] Modify product: Uncharacterized protein Rv3633 => putative protein
[21:25:41] Modify product: Uncharacterized HTH-type transcriptional regulator Rv1395 => putative HTH-type transcriptional regulator
[21:25:41] Modify product: Uncharacterized isomerase YddE => putative isomerase YddE
[21:25:41] Modify product: Uncharacterized protein YisK => putative protein YisK
[21:25:41] Modify product: Uncharacterized MFS-type transporter YcaD => putative MFS-type transporter YcaD
[21:25:41] Modify product: Probable succinyl-diaminopimelate desuccinylase => putative succinyl-diaminopimelate desuccinylase
[21:25:41] Modify product: Uncharacterized methyltransferase YcgJ => putative methyltransferase YcgJ
[21:25:41] Modify product: Probable inactive lipase Rv1592c => putative inactive lipase
[21:25:41] Modify product: Uncharacterized oxidoreductase YgfF => putative oxidoreductase YgfF
[21:25:41] Modify product: Putative acyltransferase Rv0859 => Putative acyltransferase
[21:25:41] Modify product: Uncharacterized protein Rv2915c => putative protein
[21:25:41] Modify product: Uncharacterized acyl-CoA thioester hydrolase HI_0827 => putative acyl-CoA thioester hydrolase
[21:25:41] Modify product: Monocarboxylate 2-oxoacid-binding periplasmic protein all3028 => Monocarboxylate 2-oxoacid-binding periplasmic protein
[21:25:41] Modify product: Probable GTP-binding protein EngB => putative GTP-binding protein EngB
[21:25:41] Modify product: SCO1 protein homolog => SCO1 protein 
[21:25:41] Modify product: Probable enoyl-CoA hydratase echA8 => putative enoyl-CoA hydratase echA8
[21:25:41] Modify product: Uncharacterized protein YccU => putative protein YccU
[21:25:41] Modify product: Uncharacterized oxidoreductase Rv1350 => putative oxidoreductase
[21:25:41] Modify product: Probable acyl-CoA dehydrogenase fadE25 => putative acyl-CoA dehydrogenase fadE25
[21:25:41] Modify product: Uncharacterized oxidoreductase YciK => putative oxidoreductase YciK
[21:25:41] Modify product: Uncharacterized protein HI_0103 => putative protein
[21:25:41] Modify product: UPF0761 membrane protein YihY => hypothetical protein
[21:25:41] Modify product: Uncharacterized oxidoreductase Rv0484c => putative oxidoreductase
[21:25:41] Modify product: Putative transport protein Rv0205 => Putative transport protein
[21:25:41] Modify product: Uncharacterized protein YqeY => putative protein YqeY
[21:25:41] Modify product: Probable adenylyl-sulfate kinase => putative adenylyl-sulfate kinase
[21:25:41] Modify product: Probable TonB-dependent receptor NMB0964 => putative TonB-dependent receptor
[21:25:41] Modify product: Probable 3-ketosteroid-9-alpha-monooxygenase, oxygenase component => putative 3-ketosteroid-9-alpha-monooxygenase, oxygenase component
[21:25:42] Modify product: Uncharacterized protein YbbN => putative protein YbbN
[21:25:42] Modify product: Glucuronide carrier protein homolog => Glucuronide carrier protein 
[21:25:42] Modify product: Probable protease SohB => putative protease SohB
[21:25:42] Modify product: Probable sulfate transporter Rv1739c => putative sulfate transporter
[21:25:42] Modify product: Probable metallo-hydrolase BURPS1710b_2304 => putative metallo-hydrolase
[21:25:42] Modify product: Probable intracellular septation protein A => putative intracellular septation protein A
[21:25:42] Modify product: Uncharacterized protein YciO => putative protein YciO
[21:25:42] Modify product: Probable succinyl-diaminopimelate desuccinylase => putative succinyl-diaminopimelate desuccinylase
[21:25:42] Modify product: Uncharacterized ABC transporter ATP-binding protein Rv0986 => putative ABC transporter ATP-binding protein
[21:25:42] Modify product: Uncharacterized HTH-type transcriptional regulator Rv1395 => putative HTH-type transcriptional regulator
[21:25:42] Modify product: Uncharacterized HTH-type transcriptional regulator Rv1395 => putative HTH-type transcriptional regulator
[21:25:42] Modify product: Probable nicotinate-nucleotide adenylyltransferase => putative nicotinate-nucleotide adenylyltransferase
[21:25:42] Modify product: UPF0250 protein YbeD => hypothetical protein
[21:25:42] Modify product: Probable siderophore biosynthesis protein SbnA => putative siderophore biosynthesis protein SbnA
[21:25:42] Modify product: Putative transport protein Rv0205 => Putative transport protein
[21:25:42] Modify product: Uncharacterized protein Rv0906 => putative protein
[21:25:42] Modify product: Epimerase family protein SA0724 => Epimerase family protein
[21:25:42] Cleaned 173 /product names
[21:25:42] Deleting unwanted file: /projects/micb405/project1/Team10/project2/Prokka_output/sprot.faa
[21:25:42] Deleting unwanted file: /projects/micb405/project1/Team10/project2/Prokka_output/sprot.blast
[21:25:42] There are still 888 unannotated CDS left (started with 2678)
[21:25:42] Will use hmmer3 to search against /home/linuxbrew/.linuxbrew/Cellar/prokka/1.13/bin/../db/hmm/HAMAP.hmm with 8 CPUs
[21:25:42] Running: cat \/projects\/micb405\/project1\/Team10\/project2\/Prokka_output\/HAMAP\.hmm\.faa | parallel --gnu --plain -j 8 --block 13334 --recstart '>' --pipe hmmscan --noali --notextw --acc -E 1e-06 --cpu 1 /home/linuxbrew/.linuxbrew/Cellar/prokka/1.13/bin/../db/hmm/HAMAP.hmm /dev/stdin > \/projects\/micb405\/project1\/Team10\/project2\/Prokka_output\/HAMAP\.hmm\.hmmer3 2> /dev/null
[21:25:54] Modify product: Uncharacterized Nudix hydrolase NudL => putative Nudix hydrolase NudL
[21:25:55] Cleaned 1 /product names
[21:25:55] Deleting unwanted file: /projects/micb405/project1/Team10/project2/Prokka_output/HAMAP.hmm.faa
[21:25:55] Deleting unwanted file: /projects/micb405/project1/Team10/project2/Prokka_output/HAMAP.hmm.hmmer3
[21:25:55] Labelling remaining 823 proteins as 'hypothetical protein'
[21:25:55] Possible /pseudo 'tRNA dimethylallyltransferase' at SaanichInlet_120m_283_44 position 2025
[21:25:55] Possible /pseudo 'Twitching mobility protein' at SaanichInlet_120m_283_49 position 2322
[21:25:55] Possible /pseudo '4-methylaminobutanoate oxidase (formaldehyde-forming)' at SaanichInlet_120m_283_149 position 5954
[21:25:55] Possible /pseudo 'Short-chain-enoyl-CoA hydratase' at SaanichInlet_120m_283_260 position 3909
[21:25:55] Possible /pseudo 'putative HTH-type transcriptional regulator' at SaanichInlet_120m_283_327 position 1467
[21:25:55] Found 1371 unique /gene codes.
[21:25:55] Fixed 2 duplicate /gene - uctC_1 uctC_2
[21:25:55] Fixed 2 duplicate /gene - ygfZ_1 ygfZ_2
[21:25:55] Fixed 3 duplicate /gene - yihN_1 yihN_2 yihN_3
[21:25:55] Fixed 5 duplicate /gene - mmgC_1 mmgC_2 mmgC_3 mmgC_4 mmgC_5
[21:25:55] Fixed 2 duplicate /gene - ynaI_1 ynaI_2
[21:25:55] Fixed 4 duplicate /gene - fadD3_1 fadD3_2 fadD3_3 fadD3_4
[21:25:55] Fixed 3 duplicate /gene - speE_1 speE_2 speE_3
[21:25:55] Fixed 8 duplicate /gene - lcfB_1 lcfB_2 lcfB_3 lcfB_4 lcfB_5 lcfB_6 lcfB_7 lcfB_8
[21:25:55] Fixed 2 duplicate /gene - mnmC_1 mnmC_2
[21:25:55] Fixed 2 duplicate /gene - bluF_1 bluF_2
[21:25:55] Fixed 2 duplicate /gene - murF_1 murF_2
[21:25:55] Fixed 2 duplicate /gene - nylB_1 nylB_2
[21:25:55] Fixed 2 duplicate /gene - yidK_1 yidK_2
[21:25:55] Fixed 3 duplicate /gene - clsC_1 clsC_2 clsC_3
[21:25:55] Fixed 12 duplicate /gene - atsA_1 atsA_2 atsA_3 atsA_4 atsA_5 atsA_6 atsA_7 atsA_8 atsA_9 atsA_10 atsA_11 atsA_12
[21:25:55] Fixed 2 duplicate /gene - coq7_1 coq7_2
[21:25:55] Fixed 2 duplicate /gene - glnK_1 glnK_2
[21:25:55] Fixed 2 duplicate /gene - pucC_1 pucC_2
[21:25:55] Fixed 2 duplicate /gene - glmU_1 glmU_2
[21:25:55] Fixed 3 duplicate /gene - sauU_1 sauU_2 sauU_3
[21:25:55] Fixed 2 duplicate /gene - novR_1 novR_2
[21:25:55] Fixed 2 duplicate /gene - miaA_1 miaA_2
[21:25:55] Fixed 2 duplicate /gene - kduD_1 kduD_2
[21:25:55] Fixed 3 duplicate /gene - scpA_1 scpA_2 scpA_3
[21:25:55] Fixed 2 duplicate /gene - tauD_1 tauD_2
[21:25:55] Fixed 2 duplicate /gene - caiT_1 caiT_2
[21:25:55] Fixed 4 duplicate /gene - abo_1 abo_2 abo_3 abo_4
[21:25:55] Fixed 2 duplicate /gene - sdhE_1 sdhE_2
[21:25:55] Fixed 3 duplicate /gene - alsT_1 alsT_2 alsT_3
[21:25:55] Fixed 2 duplicate /gene - fixL_1 fixL_2
[21:25:55] Fixed 2 duplicate /gene - ccpA_1 ccpA_2
[21:25:55] Fixed 2 duplicate /gene - gap2_1 gap2_2
[21:25:55] Fixed 2 duplicate /gene - efe_1 efe_2
[21:25:55] Fixed 4 duplicate /gene - cpnA_1 cpnA_2 cpnA_3 cpnA_4
[21:25:55] Fixed 2 duplicate /gene - puuB_1 puuB_2
[21:25:55] Fixed 2 duplicate /gene - flhA_1 flhA_2
[21:25:55] Fixed 2 duplicate /gene - rpoE_1 rpoE_2
[21:25:55] Fixed 3 duplicate /gene - cntA_1 cntA_2 cntA_3
[21:25:55] Fixed 15 duplicate /gene - fyuA_1 fyuA_2 fyuA_3 fyuA_4 fyuA_5 fyuA_6 fyuA_7 fyuA_8 fyuA_9 fyuA_10 fyuA_11 fyuA_12 fyuA_13 fyuA_14 fyuA_15
[21:25:55] Fixed 3 duplicate /gene - pvaA_1 pvaA_2 pvaA_3
[21:25:55] Fixed 3 duplicate /gene - intA_1 intA_2 intA_3
[21:25:55] Fixed 2 duplicate /gene - purN_1 purN_2
[21:25:55] Fixed 3 duplicate /gene - yabJ_1 yabJ_2 yabJ_3
[21:25:55] Fixed 2 duplicate /gene - plsC_1 plsC_2
[21:25:55] Fixed 2 duplicate /gene - tolQ_1 tolQ_2
[21:25:55] Fixed 2 duplicate /gene - atoC_1 atoC_2
[21:25:55] Fixed 2 duplicate /gene - pilE1_1 pilE1_2
[21:25:55] Fixed 2 duplicate /gene - smc_1 smc_2
[21:25:55] Fixed 2 duplicate /gene - xecD_1 xecD_2
[21:25:55] Fixed 2 duplicate /gene - acs_1 acs_2
[21:25:55] Fixed 2 duplicate /gene - atpC_1 atpC_2
[21:25:55] Fixed 2 duplicate /gene - exoA_1 exoA_2
[21:25:55] Fixed 2 duplicate /gene - mas_1 mas_2
[21:25:55] Fixed 3 duplicate /gene - dmdC_1 dmdC_2 dmdC_3
[21:25:55] Fixed 5 duplicate /gene - acdA_1 acdA_2 acdA_3 acdA_4 acdA_5
[21:25:55] Fixed 3 duplicate /gene - fadB_1 fadB_2 fadB_3
[21:25:55] Fixed 2 duplicate /gene - atoS_1 atoS_2
[21:25:55] Fixed 3 duplicate /gene - gltB_1 gltB_2 gltB_3
[21:25:55] Fixed 2 duplicate /gene - alkA_1 alkA_2
[21:25:55] Fixed 2 duplicate /gene - ychF_1 ychF_2
[21:25:55] Fixed 2 duplicate /gene - betA_1 betA_2
[21:25:55] Fixed 2 duplicate /gene - atpF_1 atpF_2
[21:25:55] Fixed 2 duplicate /gene - gltS_1 gltS_2
[21:25:55] Fixed 2 duplicate /gene - bacC_1 bacC_2
[21:25:55] Fixed 13 duplicate /gene - fabG_1 fabG_2 fabG_3 fabG_4 fabG_5 fabG_6 fabG_7 fabG_8 fabG_9 fabG_10 fabG_11 fabG_12 fabG_13
[21:25:55] Fixed 2 duplicate /gene - atpB_1 atpB_2
[21:25:55] Fixed 4 duplicate /gene - dhmA_1 dhmA_2 dhmA_3 dhmA_4
[21:25:55] Fixed 2 duplicate /gene - caiD_1 caiD_2
[21:25:55] Fixed 2 duplicate /gene - gpx1_1 gpx1_2
[21:25:55] Fixed 2 duplicate /gene - yciI_1 yciI_2
[21:25:55] Fixed 5 duplicate /gene - yeaW_1 yeaW_2 yeaW_3 yeaW_4 yeaW_5
[21:25:55] Fixed 2 duplicate /gene - mepM_1 mepM_2
[21:25:55] Fixed 3 duplicate /gene - fabY_1 fabY_2 fabY_3
[21:25:55] Fixed 2 duplicate /gene - atpE_1 atpE_2
[21:25:55] Fixed 2 duplicate /gene - ribBA_1 ribBA_2
[21:25:55] Fixed 2 duplicate /gene - ypmQ_1 ypmQ_2
[21:25:55] Fixed 2 duplicate /gene - slmA_1 slmA_2
[21:25:55] Fixed 6 duplicate /gene - cirA_1 cirA_2 cirA_3 cirA_4 cirA_5 cirA_6
[21:25:55] Fixed 3 duplicate /gene - echA8_1 echA8_2 echA8_3
[21:25:55] Fixed 2 duplicate /gene - bdhA_1 bdhA_2
[21:25:55] Fixed 2 duplicate /gene - sadH_1 sadH_2
[21:25:55] Fixed 2 duplicate /gene - actP_1 actP_2
[21:25:55] Fixed 4 duplicate /gene - mltF_1 mltF_2 mltF_3 mltF_4
[21:25:55] Fixed 2 duplicate /gene - yrdA_1 yrdA_2
[21:25:55] Fixed 3 duplicate /gene - virS_1 virS_2 virS_3
[21:25:55] Fixed 2 duplicate /gene - ybfF_1 ybfF_2
[21:25:55] Fixed 2 duplicate /gene - fadK_1 fadK_2
[21:25:55] Fixed 2 duplicate /gene - ubiB_1 ubiB_2
[21:25:55] Fixed 2 duplicate /gene - amiC_1 amiC_2
[21:25:55] Fixed 3 duplicate /gene - puuA_1 puuA_2 puuA_3
[21:25:55] Fixed 2 duplicate /gene - amtB_1 amtB_2
[21:25:55] Fixed 2 duplicate /gene - flhB_1 flhB_2
[21:25:55] Fixed 3 duplicate /gene - paaG_1 paaG_2 paaG_3
[21:25:55] Fixed 2 duplicate /gene - cc4_1 cc4_2
[21:25:55] Fixed 4 duplicate /gene - betI_1 betI_2 betI_3 betI_4
[21:25:55] Fixed 2 duplicate /gene - epsF_1 epsF_2
[21:25:55] Fixed 2 duplicate /gene - fieF_1 fieF_2
[21:25:55] Fixed 2 duplicate /gene - adc_1 adc_2
[21:25:55] Fixed 2 duplicate /gene - ycaD_1 ycaD_2
[21:25:55] Fixed 2 duplicate /gene - phoB_1 phoB_2
[21:25:55] Fixed 4 duplicate /gene - bepA_1 bepA_2 bepA_3 bepA_4
[21:25:55] Fixed 2 duplicate /gene - barA_1 barA_2
[21:25:55] Fixed 2 duplicate /gene - epsE_1 epsE_2
[21:25:55] Fixed 3 duplicate /gene - acsA_1 acsA_2 acsA_3
[21:25:55] Fixed 2 duplicate /gene - ubiE_1 ubiE_2
[21:25:55] Fixed 2 duplicate /gene - gloC_1 gloC_2
[21:25:55] Fixed 3 duplicate /gene - pnbA_1 pnbA_2 pnbA_3
[21:25:55] Fixed 2 duplicate /gene - yitJ_1 yitJ_2
[21:25:55] Fixed 2 duplicate /gene - cph2_1 cph2_2
[21:25:55] Fixed 2 duplicate /gene - ethA_1 ethA_2
[21:25:55] Fixed 2 duplicate /gene - baiE_1 baiE_2
[21:25:55] Fixed 2 duplicate /gene - msbA_1 msbA_2
[21:25:55] Fixed 2 duplicate /gene - decR_1 decR_2
[21:25:55] Fixed 2 duplicate /gene - htpX_1 htpX_2
[21:25:55] Fixed 2 duplicate /gene - kce_1 kce_2
[21:25:55] Fixed 5 duplicate /gene - linC_1 linC_2 linC_3 linC_4 linC_5
[21:25:55] Fixed 2 duplicate /gene - aam_1 aam_2
[21:25:55] Fixed 2 duplicate /gene - exbD_1 exbD_2
[21:25:55] Fixed 2 duplicate /gene - tadA_1 tadA_2
[21:25:55] Fixed 2 duplicate /gene - rnz_1 rnz_2
[21:25:55] Fixed 4 duplicate /gene - gcvT_1 gcvT_2 gcvT_3 gcvT_4
[21:25:55] Fixed 2 duplicate /gene - yjcS_1 yjcS_2
[21:25:55] Fixed 3 duplicate /gene - rutA_1 rutA_2 rutA_3
[21:25:55] Fixed 3 duplicate /gene - kshA_1 kshA_2 kshA_3
[21:25:55] Fixed 2 duplicate /gene - kynB_1 kynB_2
[21:25:55] Fixed 2 duplicate /gene - calB_1 calB_2
[21:25:55] Fixed 5 duplicate /gene - mdtA_1 mdtA_2 mdtA_3 mdtA_4 mdtA_5
[21:25:55] Fixed 2 duplicate /gene - gloB_1 gloB_2
[21:25:55] Fixed 6 duplicate /gene - nfdA_1 nfdA_2 nfdA_3 nfdA_4 nfdA_5 nfdA_6
[21:25:55] Fixed 2 duplicate /gene - epsG_1 epsG_2
[21:25:55] Fixed 2 duplicate /gene - lpxL_1 lpxL_2
[21:25:55] Fixed 2 duplicate /gene - rimO_1 rimO_2
[21:25:55] Fixed 2 duplicate /gene - tolB_1 tolB_2
[21:25:55] Fixed 5 duplicate /gene - crtI_1 crtI_2 crtI_3 crtI_4 crtI_5
[21:25:55] Fixed 2 duplicate /gene - rmlD_1 rmlD_2
[21:25:55] Fixed 2 duplicate /gene - gpmI_1 gpmI_2
[21:25:55] Fixed 2 duplicate /gene - icd_1 icd_2
[21:25:55] Fixed 2 duplicate /gene - spuC_1 spuC_2
[21:25:55] Fixed 2 duplicate /gene - ald_1 ald_2
[21:25:55] Fixed 3 duplicate /gene - lgoT_1 lgoT_2 lgoT_3
[21:25:55] Fixed 2 duplicate /gene - accC_1 accC_2
[21:25:55] Fixed 2 duplicate /gene - fis_1 fis_2
[21:25:55] Fixed 6 duplicate /gene - btuB_1 btuB_2 btuB_3 btuB_4 btuB_5 btuB_6
[21:25:55] Fixed 2 duplicate /gene - tmd_1 tmd_2
[21:25:55] Fixed 2 duplicate /gene - nreC_1 nreC_2
[21:25:55] Fixed 2 duplicate /gene - tusA_1 tusA_2
[21:25:55] Fixed 2 duplicate /gene - oxyR_1 oxyR_2
[21:25:55] Fixed 3 duplicate /gene - prmA_1 prmA_2 prmA_3
[21:25:55] Fixed 3 duplicate /gene - carC_1 carC_2 carC_3
[21:25:55] Fixed 2 duplicate /gene - dmdA_1 dmdA_2
[21:25:55] Fixed 4 duplicate /gene - yfmJ_1 yfmJ_2 yfmJ_3 yfmJ_4
[21:25:55] Fixed 2 duplicate /gene - apbE_1 apbE_2
[21:25:55] Fixed 2 duplicate /gene - nudJ_1 nudJ_2
[21:25:55] Fixed 2 duplicate /gene - rpfC_1 rpfC_2
[21:25:55] Fixed 2 duplicate /gene - nylB'_1 nylB'_2
[21:25:55] Fixed 2 duplicate /gene - btuR_1 btuR_2
[21:25:55] Fixed 4 duplicate /gene - nlhH_1 nlhH_2 nlhH_3 nlhH_4
[21:25:55] Fixed 8 duplicate /gene - crt_1 crt_2 crt_3 crt_4 crt_5 crt_6 crt_7 crt_8
[21:25:55] Fixed 2 duplicate /gene - hisC_1 hisC_2
[21:25:55] Fixed 2 duplicate /gene - atpA_1 atpA_2
[21:25:55] Fixed 2 duplicate /gene - fdhF_1 fdhF_2
[21:25:55] Fixed 4 duplicate /gene - dapE_1 dapE_2 dapE_3 dapE_4
[21:25:55] Fixed 2 duplicate /gene - nadB_1 nadB_2
[21:25:55] Fixed 2 duplicate /gene - aroK_1 aroK_2
[21:25:55] Fixed 5 duplicate /gene - fadA_1 fadA_2 fadA_3 fadA_4 fadA_5
[21:25:55] Fixed 2 duplicate /gene - pdxH_1 pdxH_2
[21:25:55] Fixed 3 duplicate /gene - pilT_1 pilT_2 pilT_3
[21:25:55] Fixed 2 duplicate /gene - tdh_1 tdh_2
[21:25:55] Fixed 2 duplicate /gene - mobA_1 mobA_2
[21:25:55] Fixed 2 duplicate /gene - dan_1 dan_2
[21:25:55] Fixed 170 colliding /gene names.
[21:25:55] Adding /locus_tag identifiers
[21:25:55] Assigned 2714 locus_tags to CDS and RNA features.
[21:25:55] Writing outputs to /projects/micb405/project1/Team10/project2/Prokka_output/
[21:25:56] Generating annotation statistics file
[21:25:56] Generating Genbank and Sequin files
[21:25:56] Running: tbl2asn -V b -a r10k -l paired-ends -M n -N 1 -y 'Annotated using prokka 1.13 from https://github.com/tseemann/prokka' -Z \/projects\/micb405\/project1\/Team10\/project2\/Prokka_output\/MAG283\.err -i \/projects\/micb405\/project1\/Team10\/project2\/Prokka_output\/MAG283\.fsa 2> /dev/null
[21:26:02] Could not run command: tbl2asn -V b -a r10k -l paired-ends -M n -N 1 -y 'Annotated using prokka 1.13 from https://github.com/tseemann/prokka' -Z \/projects\/micb405\/project1\/Team10\/project2\/Prokka_output\/MAG283\.err -i \/projects\/micb405\/project1\/Team10\/project2\/Prokka_output\/MAG283\.fsa 2> /dev/null
