[20:46:39] This is prokka 1.13
[20:46:39] Written by Torsten Seemann <torsten.seemann@gmail.com>
[20:46:39] Homepage is https://github.com/tseemann/prokka
[20:46:39] Local time is Wed Nov 20 20:46:39 2019
[20:46:39] You are linuxbrew
[20:46:39] Operating system is linux
[20:46:39] You have BioPerl 1.007002
[20:46:39] System has 40 cores.
[20:46:39] Will use maximum of 8 cores.
[20:46:39] Annotating as >>> Bacteria <<<
[20:46:39] Re-using existing --outdir /projects/micb405/project1/Team10/project2/Prokka_output
[20:46:39] Using filename prefix: MAG44.XXX
[20:46:39] Setting HMMER_NCPU=1
[20:46:39] Writing log to: /projects/micb405/project1/Team10/project2/Prokka_output/MAG44.log
[20:46:39] Command: /home/linuxbrew/.linuxbrew/bin/prokka --outdir /projects/micb405/project1/Team10/project2/Prokka_output --force --prefix MAG44 --kingdom Bacteria --cpus 8 --locustag MAG44 /projects/micb405/resources/project_2/2019/SaanichInlet_120m/MetaBAT2_SaanichInlet_120m/MedQPlus_MAGs/SaanichInlet_120m.44.fa
[20:46:39] Appending to PATH: /home/linuxbrew/.linuxbrew/Cellar/prokka/1.13/bin
[20:46:39] Looking for 'aragorn' - found /home/linuxbrew/.linuxbrew/bin/aragorn
[20:46:39] Determined aragorn version is 1.2
[20:46:39] Looking for 'barrnap' - found /home/linuxbrew/.linuxbrew/bin/barrnap
[20:46:39] Determined barrnap version is 0.9
[20:46:39] Looking for 'blastp' - found /home/linuxbrew/.linuxbrew/bin/blastp
[20:46:39] Determined blastp version is 2.7
[20:46:39] Looking for 'cmpress' - found /home/linuxbrew/.linuxbrew/bin/cmpress
[20:46:39] Determined cmpress version is 1.1
[20:46:39] Looking for 'cmscan' - found /home/linuxbrew/.linuxbrew/bin/cmscan
[20:46:39] Determined cmscan version is 1.1
[20:46:39] Looking for 'egrep' - found /bin/egrep
[20:46:39] Looking for 'find' - found /usr/bin/find
[20:46:39] Looking for 'grep' - found /bin/grep
[20:46:39] Looking for 'hmmpress' - found /home/linuxbrew/.linuxbrew/bin/hmmpress
[20:46:39] Determined hmmpress version is 3.1
[20:46:39] Looking for 'hmmscan' - found /home/linuxbrew/.linuxbrew/bin/hmmscan
[20:46:39] Determined hmmscan version is 3.1
[20:46:39] Looking for 'java' - found /home/linuxbrew/.linuxbrew/bin/java
[20:46:39] Looking for 'less' - found /home/linuxbrew/.linuxbrew/bin/less
[20:46:39] Looking for 'makeblastdb' - found /home/linuxbrew/.linuxbrew/bin/makeblastdb
[20:46:39] Determined makeblastdb version is 2.7
[20:46:39] Looking for 'minced' - found /home/linuxbrew/.linuxbrew/bin/minced
[20:46:39] Determined minced version is 3.0
[20:46:39] Looking for 'parallel' - found /home/linuxbrew/.linuxbrew/bin/parallel
[20:46:39] Determined parallel version is 20180822
[20:46:39] Looking for 'prodigal' - found /home/linuxbrew/.linuxbrew/bin/prodigal
[20:46:39] Determined prodigal version is 2.6
[20:46:39] Looking for 'prokka-genbank_to_fasta_db' - found /home/linuxbrew/.linuxbrew/bin/prokka-genbank_to_fasta_db
[20:46:39] Looking for 'rnammer' - found /home/linuxbrew/.linuxbrew/bin/rnammer
[20:46:39] Determined rnammer version is 1.2
[20:46:39] Looking for 'sed' - found /bin/sed
[20:46:39] Looking for 'tbl2asn' - found /home/linuxbrew/.linuxbrew/bin/tbl2asn
[20:46:39] Determined tbl2asn version is 25.6
[20:46:39] Using genetic code table 11.
[20:46:39] Loading and checking input file: /projects/micb405/resources/project_2/2019/SaanichInlet_120m/MetaBAT2_SaanichInlet_120m/MedQPlus_MAGs/SaanichInlet_120m.44.fa
[20:46:40] Wrote 16 contigs totalling 2107180 bp.
[20:46:40] Predicting tRNAs and tmRNAs
[20:46:40] Running: aragorn -l -gc11  -w \/projects\/micb405\/project1\/Team10\/project2\/Prokka_output\/MAG44\.fna
[20:46:42] 1 tRNA-Pro c[6792,6867] 36 (tgg)
[20:46:42] 2 tmRNA [8624,8980] 96,125 GESNYALAA*
[20:46:42] 3 tRNA-Leu c[123066,123150] 35 (gag)
[20:46:42] 4 tRNA-Gly c[139344,139415] 33 (ccc)
[20:46:42] 1 tRNA-Met c[16736,16810] 35 (cat)
[20:46:42] 2 tRNA-His [152669,152744] 34 (gtg)
[20:46:42] 3 tRNA-Glu [152785,152857] 34 (ttc)
[20:46:42] 4 tRNA-Val c[271821,271897] 35 (cac)
[20:46:42] 1 tRNA-Leu [18583,18666] 35 (tag)
[20:46:42] 1 tRNA-Arg [24974,25048] 35 (tct)
[20:46:42] 1 tRNA-Arg [12308,12382] 35 (cct)
[20:46:42] 2 tRNA-Ser c[25499,25584] 35 (gga)
[20:46:42] 3 tRNA-Gly c[53682,53755] 34 (gcc)
[20:46:42] 4 tRNA-Pro c[112088,112163] 36 (ggg)
[20:46:42] 5 tRNA-Ser [140083,140170] 35 (gct)
[20:46:42] 6 tRNA-Ser [140217,140300] 34 (tga)
[20:46:42] 7 tRNA-Arg c[175700,175774] 35 (acg)
[20:46:42] 8 tRNA-Glu c[175806,175879] 35 (ctc)
[20:46:42] 9 tRNA-Gln c[176112,176185] 33 (ctg)
[20:46:42] 10 tRNA-Pro c[179268,179342] 35 (cgg)
[20:46:42] 11 tRNA-Leu [219760,219844] 35 (caa)
[20:46:42] 12 tRNA-Leu c[287505,287591] 35 (cag)
[20:46:42] 13 tRNA-Cys [359353,359428] 36 (gca)
[20:46:42] 14 tRNA-Leu [359957,360042] 35 (taa)
[20:46:42] 1 tRNA-Thr c[1215,1288] 34 (cgt)
[20:46:42] 1 tRNA-Asn c[31948,32020] 33 (gtt)
[20:46:42] 2 tRNA-Lys [137822,137895] 34 (ttt)
[20:46:42] 1 tRNA-Gln c[14818,14889] 33 (ttg)
[20:46:42] 1 tRNA-Phe c[27027,27102] 34 (gaa)
[20:46:42] 1 tRNA-Ser c[69924,70011] 37 (cga)
[20:46:42] 2 tRNA-SeC [85936,86028] 35 (tca)
[20:46:42] 1 tRNA-Thr [56612,56685] 34 (tgt)
[20:46:42] 2 tRNA-Tyr [56707,56790] 35 (gta)
[20:46:42] 3 tRNA-Gly [56843,56914] 33 (tcc)
[20:46:42] 4 tRNA-Thr [56962,57035] 34 (ggt)
[20:46:42] Found 35 tRNAs
[20:46:42] Predicting Ribosomal RNAs
[20:46:42] Running Barrnap with 8 threads
[20:46:42] 1 SaanichInlet_120m_44_15 1 23S ribosomal RNA (partial)
[20:46:42] 2 SaanichInlet_120m_44_15 1123 5S ribosomal RNA
[20:46:42] 3 SaanichInlet_120m_44_8 70 16S ribosomal RNA
[20:46:42] Found 3 rRNAs
[20:46:42] Skipping ncRNA search, enable with --rfam if desired.
[20:46:42] Total of 37 tRNA + rRNA features
[20:46:42] Searching for CRISPR repeats
[20:46:43] Found 0 CRISPRs
[20:46:43] Predicting coding sequences
[20:46:43] Contigs total 2107180 bp, so using single mode
[20:46:43] Running: prodigal -i \/projects\/micb405\/project1\/Team10\/project2\/Prokka_output\/MAG44\.fna -c -m -g 11 -p single -f sco -q
[20:46:46] Excluding CDS which overlaps existing RNA (rRNA) at SaanichInlet_120m_44_8:701..904 on - strand
[20:46:46] Found 1739 CDS
[20:46:46] Connecting features back to sequences
[20:46:46] Not using genus-specific database. Try --usegenus to enable it.
[20:46:46] Annotating CDS, please be patient.
[20:46:46] Will use 8 CPUs for similarity searching.
[20:46:47] There are still 1739 unannotated CDS left (started with 1739)
[20:46:47] Will use blast to search against /home/linuxbrew/.linuxbrew/Cellar/prokka/1.13/bin/../db/kingdom/Bacteria/sprot with 8 CPUs
[20:46:47] Running: cat \/projects\/micb405\/project1\/Team10\/project2\/Prokka_output\/sprot\.faa | parallel --gnu --plain -j 8 --block 41078 --recstart '>' --pipe blastp -query - -db /home/linuxbrew/.linuxbrew/Cellar/prokka/1.13/bin/../db/kingdom/Bacteria/sprot -evalue 1e-06 -num_threads 1 -num_descriptions 1 -num_alignments 1 -seg no > \/projects\/micb405\/project1\/Team10\/project2\/Prokka_output\/sprot\.blast 2> /dev/null
[20:47:14] Modify product: Uncharacterized protein Rv1480 => putative protein
[20:47:14] Modify product: Uncharacterized ABC transporter ATP-binding protein YxlF => putative ABC transporter ATP-binding protein YxlF
[20:47:14] Modify product: Nucleoid-associated protein Cthe_2143 => Nucleoid-associated protein
[20:47:14] Modify product: Probable M18 family aminopeptidase 2 => putative M18 family aminopeptidase 2
[20:47:14] Modify product: Probable ATP-dependent helicase DinG homolog => putative ATP-dependent helicase DinG 
[20:47:14] Modify product: Probable glycine dehydrogenase (decarboxylating) subunit 2 => putative glycine dehydrogenase (decarboxylating) subunit 2
[20:47:14] Modify product: Uncharacterized protein Rv2307c => putative protein
[20:47:14] Modify product: Uncharacterized oxidoreductase Rv1350 => putative oxidoreductase
[20:47:14] Modify product: Uncharacterized protein YtfJ => putative protein YtfJ
[20:47:14] Modify product: Uncharacterized HTH-type transcriptional regulator HI_0893 => putative HTH-type transcriptional regulator
[20:47:14] Modify product: Uncharacterized protein Rv0906 => putative protein
[20:47:14] Modify product: UPF0056 inner membrane protein YhgN => hypothetical protein
[20:47:14] Modify product: Probable xanthine dehydrogenase subunit A => putative xanthine dehydrogenase subunit A
[20:47:14] Modify product: Probable bifunctional transcriptional activator/DNA repair enzyme AlkA => putative bifunctional transcriptional activator/DNA repair enzyme AlkA
[20:47:14] Modify product: Putative glutamine amidotransferase Rv2859c => Putative glutamine amidotransferase
[20:47:14] Modify product: UPF0178 protein YaiI => hypothetical protein
[20:47:14] Modify product: Uncharacterized tRNA/rRNA methyltransferase Rv3579c => putative tRNA/rRNA methyltransferase
[20:47:14] Modify product: Uncharacterized NTE family protein Rv1063c => putative NTE family protein
[20:47:14] Modify product: Probable peptidyl-prolyl cis-trans isomerase => putative peptidyl-prolyl cis-trans isomerase
[20:47:14] Modify product: Uncharacterized protein YccU => putative protein YccU
[20:47:14] Modify product: Uncharacterized protein YcgM => putative protein YcgM
[20:47:14] Modify product: Uncharacterized protein Rv1502 => putative protein
[20:47:14] Modify product: UPF0758 protein CT0611 => hypothetical protein
[20:47:14] Modify product: Uncharacterized protein YqeY => putative protein YqeY
[20:47:14] Modify product: Uncharacterized protein YcbX => putative protein YcbX
[20:47:14] Modify product: Uncharacterized HTH-type transcriptional regulator YfiR => putative HTH-type transcriptional regulator YfiR
[20:47:14] Modify product: Probable acyl-CoA dehydrogenase => putative acyl-CoA dehydrogenase
[20:47:14] Modify product: Probable 3-hydroxyacyl-CoA dehydrogenase => putative 3-hydroxyacyl-CoA dehydrogenase
[20:47:14] Modify product: Probable adenylyltransferase/sulfurtransferase MoeZ => putative adenylyltransferase/sulfurtransferase MoeZ
[20:47:14] Modify product: Probable cystine transporter YijE => putative cystine transporter YijE
[20:47:14] Modify product: Uncharacterized zinc protease Rv2782c => putative zinc protease
[20:47:14] Modify product: Uncharacterized HTH-type transcriptional regulator Rv0474 => putative HTH-type transcriptional regulator
[20:47:14] Modify product: Probable ribonucleotide transport ATP-binding protein mkl => putative ribonucleotide transport ATP-binding protein mkl
[20:47:14] Modify product: Uncharacterized MFS-type transporter YhjX => putative MFS-type transporter YhjX
[20:47:14] Modify product: Uncharacterized protein YhaP => putative protein YhaP
[20:47:14] Modify product: Probable transcriptional regulatory protein pdtaR => putative transcriptional regulatory protein pdtaR
[20:47:15] Modify product: Uncharacterized ABC transporter ATP-binding protein YknY => putative ABC transporter ATP-binding protein YknY
[20:47:15] Modify product: Acetyltransferase SACOL1063 => Acetyltransferase
[20:47:15] Modify product: Probable sphingosine-1-phosphate lyase => putative sphingosine-1-phosphate lyase
[20:47:15] Modify product: Uncharacterized protein Rv1502 => putative protein
[20:47:15] Modify product: Probable murein peptide carboxypeptidase => putative murein peptide carboxypeptidase
[20:47:15] Modify product: UPF0301 protein YqgE => hypothetical protein
[20:47:15] Modify product: Uncharacterized protein Rv2581c => putative protein
[20:47:15] Modify product: Probable 2,4-dienoyl-CoA reductase => putative 2,4-dienoyl-CoA reductase
[20:47:15] Modify product: Probable glycine dehydrogenase (decarboxylating) subunit 1 => putative glycine dehydrogenase (decarboxylating) subunit 1
[20:47:15] Modify product: Probable copper-transporting ATPase PacS => putative copper-transporting ATPase PacS
[20:47:15] Modify product: Putative peptidyl-prolyl cis-trans isomerase HP_0175 => Putative peptidyl-prolyl cis-trans isomerase
[20:47:15] Modify product: Uncharacterized protein YbbA => putative protein YbbA
[20:47:15] Modify product: Probable murein peptide carboxypeptidase => putative murein peptide carboxypeptidase
[20:47:15] Modify product: Uncharacterized protein SA1069 => putative protein
[20:47:15] Modify product: Nucleotide-binding protein SA0720 => Nucleotide-binding protein
[20:47:15] Modify product: Uncharacterized transporter Rv2685 => putative transporter
[20:47:15] Modify product: Uncharacterized protein BHWA1_00569 => putative protein
[20:47:15] Modify product: Probable transcriptional regulatory protein pdtaR => putative transcriptional regulatory protein pdtaR
[20:47:15] Modify product: Probable sensor histidine kinase pdtaS => putative sensor histidine kinase pdtaS
[20:47:15] Modify product: Uncharacterized protein YjbR => putative protein YjbR
[20:47:15] Modify product: Uncharacterized zinc protease Rv2782c => putative zinc protease
[20:47:15] Modify product: Uncharacterized HTH-type transcriptional regulator YfiR => putative HTH-type transcriptional regulator YfiR
[20:47:15] Modify product: Protein aq_1857 => Protein
[20:47:15] Modify product: Uncharacterized protein YibN => putative protein YibN
[20:47:15] Modify product: Uncharacterized HTH-type transcriptional regulator HI_0186 => putative HTH-type transcriptional regulator
[20:47:15] Modify product: Probable sensor histidine kinase pdtaS => putative sensor histidine kinase pdtaS
[20:47:15] Modify product: Probable butyrate kinase 2 => putative butyrate kinase 2
[20:47:15] Modify product: Probable multidrug-efflux transporter Rv1258c => putative multidrug-efflux transporter
[20:47:15] Modify product: Probable membrane transporter protein YfcA => putative membrane transporter protein YfcA
[20:47:15] Modify product: UPF0109 protein Rv2908c => hypothetical protein
[20:47:15] Modify product: Probable lipoprotein YiaD => putative lipoprotein YiaD
[20:47:15] Modify product: Probable iron-sulfur-binding oxidoreductase FadF => putative iron-sulfur-binding oxidoreductase FadF
[20:47:15] Modify product: Probable ABC transporter permease protein NosY => putative ABC transporter permease protein NosY
[20:47:15] Modify product: Probable ABC transporter binding protein NosD => putative ABC transporter binding protein NosD
[20:47:15] Modify product: Uncharacterized membrane protein Rv2637 => putative membrane protein
[20:47:15] Modify product: Uncharacterized ABC transporter ATP-binding protein YxlF => putative ABC transporter ATP-binding protein YxlF
[20:47:15] Modify product: Uncharacterized protein YhaP => putative protein YhaP
[20:47:15] Modify product: Uncharacterized protein Rv0560c => putative protein
[20:47:15] Modify product: Uncharacterized FAD-linked oxidoreductase Rv2280 => putative FAD-linked oxidoreductase
[20:47:15] Modify product: UPF0758 protein => hypothetical protein
[20:47:15] Modify product: Probable dual-specificity RNA methyltransferase RlmN => putative dual-specificity RNA methyltransferase RlmN
[20:47:15] Modify product: Dihydroorotate dehydrogenase B (NAD(+)), electron transfer subunit homolog => Dihydroorotate dehydrogenase B (NAD(+)), electron transfer subunit 
[20:47:15] Modify product: Putative transport protein Rv0205 => Putative transport protein
[20:47:15] Modify product: UPF0246 protein YaaA => hypothetical protein
[20:47:15] Modify product: UPF0053 protein HI_0107 => hypothetical protein
[20:47:15] Modify product: Uncharacterized protein Rv1829 => putative protein
[20:47:15] Modify product: Uncharacterized sugar kinase YdjH => putative sugar kinase YdjH
[20:47:15] Modify product: Uncharacterized NTE family protein Rv1063c => putative NTE family protein
[20:47:15] Modify product: Probable S-adenosylmethionine-dependent methyltransferase MSMEG_2350/MSMEI_2290 => putative S-adenosylmethionine-dependent methyltransferase/MSMEI_2290
[20:47:15] Modify product: Uncharacterized epimerase/dehydratase SA0511 => putative epimerase/dehydratase
[20:47:15] Modify product: Uncharacterized protein Rv1276c => putative protein
[20:47:15] Modify product: Uncharacterized protein HI_1163 => putative protein
[20:47:15] Modify product: Fluoroquinolones export ATP-binding protein Rv2688c => Fluoroquinolones export ATP-binding protein
[20:47:15] Modify product: Fluoroquinolones export permease protein Rv2687c => Fluoroquinolones export permease protein
[20:47:15] Modify product: Fluoroquinolones export permease protein Rv2686c => Fluoroquinolones export permease protein
[20:47:15] Modify product: Probable copper-transporting ATPase PacS => putative copper-transporting ATPase PacS
[20:47:15] Modify product: Uncharacterized HTH-type transcriptional regulator YvdT => putative HTH-type transcriptional regulator YvdT
[20:47:15] Modify product: Probable transport protein MmpL1 => putative transport protein MmpL1
[20:47:15] Modify product: Probable peptidyl-prolyl cis-trans isomerase => putative peptidyl-prolyl cis-trans isomerase
[20:47:15] Modify product: UPF0213 protein BH0048 => hypothetical protein
[20:47:15] Modify product: Uncharacterized ABC transporter ATP-binding protein YxlF => putative ABC transporter ATP-binding protein YxlF
[20:47:15] Modify product: Probable phosphite transport system-binding protein PtxB => putative phosphite transport system-binding protein PtxB
[20:47:15] Modify product: Uncharacterized protein Atu1656 => putative protein
[20:47:15] Modify product: UPF0758 protein CT0611 => hypothetical protein
[20:47:15] Modify product: Putative HTH-type transcriptional regulator Rv1287 => Putative HTH-type transcriptional regulator
[20:47:15] Modify product: Solute-binding protein Bamb_6123 => Solute-binding protein
[20:47:15] Modify product: Uncharacterized protein TP_0956 => putative protein
[20:47:15] Modify product: Uncharacterized protein Rv1502 => putative protein
[20:47:15] Modify product: Probable phospholipid ABC transporter permease protein MlaE => putative phospholipid ABC transporter permease protein MlaE
[20:47:15] Modify product: Uncharacterized ABC transporter ATP-binding protein YbiT => putative ABC transporter ATP-binding protein YbiT
[20:47:15] Modify product: Probable ATP-dependent transporter SufC => putative ATP-dependent transporter SufC
[20:47:15] Modify product: Probable cysteine desulfurase => putative cysteine desulfurase
[20:47:15] Cleaned 108 /product names
[20:47:15] Deleting unwanted file: /projects/micb405/project1/Team10/project2/Prokka_output/sprot.faa
[20:47:15] Deleting unwanted file: /projects/micb405/project1/Team10/project2/Prokka_output/sprot.blast
[20:47:16] There are still 765 unannotated CDS left (started with 1739)
[20:47:16] Will use hmmer3 to search against /home/linuxbrew/.linuxbrew/Cellar/prokka/1.13/bin/../db/hmm/HAMAP.hmm with 8 CPUs
[20:47:16] Running: cat \/projects\/micb405\/project1\/Team10\/project2\/Prokka_output\/HAMAP\.hmm\.faa | parallel --gnu --plain -j 8 --block 15850 --recstart '>' --pipe hmmscan --noali --notextw --acc -E 1e-06 --cpu 1 /home/linuxbrew/.linuxbrew/Cellar/prokka/1.13/bin/../db/hmm/HAMAP.hmm /dev/stdin > \/projects\/micb405\/project1\/Team10\/project2\/Prokka_output\/HAMAP\.hmm\.hmmer3 2> /dev/null
[20:47:26] Modify product: Uncharacterized Nudix hydrolase NudL => putative Nudix hydrolase NudL
[20:47:27] Cleaned 1 /product names
[20:47:27] Deleting unwanted file: /projects/micb405/project1/Team10/project2/Prokka_output/HAMAP.hmm.faa
[20:47:27] Deleting unwanted file: /projects/micb405/project1/Team10/project2/Prokka_output/HAMAP.hmm.hmmer3
[20:47:27] Labelling remaining 722 proteins as 'hypothetical protein'
[20:47:27] Possible /pseudo 'Bifunctional PGK/TIM' at SaanichInlet_120m_44_1 position 124319
[20:47:27] Possible /pseudo 'Macrolide export ATP-binding/permease protein MacB' at SaanichInlet_120m_44_2 position 126724
[20:47:27] Possible /pseudo 'Lipoprotein-releasing system transmembrane protein LolC' at SaanichInlet_120m_44_5 position 185018
[20:47:27] Possible /pseudo 'Imidazolonepropionase' at SaanichInlet_120m_44_5 position 283182
[20:47:27] Possible /pseudo 'Fluoroquinolones export permease protein' at SaanichInlet_120m_44_12 position 79279
[20:47:27] Possible /pseudo 'Outer membrane lipoprotein Blc' at SaanichInlet_120m_44_12 position 195179
[20:47:27] Possible /pseudo 'Endonuclease YhcR' at SaanichInlet_120m_44_13 position 52715
[20:47:27] Possible /pseudo 'Sensor protein ZraS' at SaanichInlet_120m_44_14 position 65838
[20:47:27] Found 781 unique /gene codes.
[20:47:27] Fixed 3 duplicate /gene - cymR_1 cymR_2 cymR_3
[20:47:27] Fixed 2 duplicate /gene - cpt_1 cpt_2
[20:47:27] Fixed 3 duplicate /gene - bamD_1 bamD_2 bamD_3
[20:47:27] Fixed 2 duplicate /gene - pacS_1 pacS_2
[20:47:27] Fixed 2 duplicate /gene - lolC_1 lolC_2
[20:47:27] Fixed 2 duplicate /gene - epsG_1 epsG_2
[20:47:27] Fixed 4 duplicate /gene - atoS_1 atoS_2 atoS_3 atoS_4
[20:47:27] Fixed 3 duplicate /gene - blc_1 blc_2 blc_3
[20:47:27] Fixed 2 duplicate /gene - smc_1 smc_2
[20:47:27] Fixed 2 duplicate /gene - drrA_1 drrA_2
[20:47:27] Fixed 3 duplicate /gene - glmU_1 glmU_2 glmU_3
[20:47:27] Fixed 2 duplicate /gene - pepP_1 pepP_2
[20:47:27] Fixed 2 duplicate /gene - divK_1 divK_2
[20:47:27] Fixed 2 duplicate /gene - soj_1 soj_2
[20:47:27] Fixed 2 duplicate /gene - ybgC_1 ybgC_2
[20:47:27] Fixed 2 duplicate /gene - atpH_1 atpH_2
[20:47:27] Fixed 2 duplicate /gene - udk_1 udk_2
[20:47:27] Fixed 2 duplicate /gene - pepN_1 pepN_2
[20:47:27] Fixed 12 duplicate /gene - oar_1 oar_2 oar_3 oar_4 oar_5 oar_6 oar_7 oar_8 oar_9 oar_10 oar_11 oar_12
[20:47:27] Fixed 2 duplicate /gene - swrC_1 swrC_2
[20:47:27] Fixed 3 duplicate /gene - xerD_1 xerD_2 xerD_3
[20:47:27] Fixed 5 duplicate /gene - tolB_1 tolB_2 tolB_3 tolB_4 tolB_5
[20:47:27] Fixed 2 duplicate /gene - glgA_1 glgA_2
[20:47:27] Fixed 2 duplicate /gene - tycC_1 tycC_2
[20:47:27] Fixed 2 duplicate /gene - capA_1 capA_2
[20:47:27] Fixed 2 duplicate /gene - yceI_1 yceI_2
[20:47:27] Fixed 2 duplicate /gene - mdtA_1 mdtA_2
[20:47:27] Fixed 2 duplicate /gene - bamA_1 bamA_2
[20:47:27] Fixed 5 duplicate /gene - atoC_1 atoC_2 atoC_3 atoC_4 atoC_5
[20:47:27] Fixed 2 duplicate /gene - yhaP_1 yhaP_2
[20:47:27] Fixed 2 duplicate /gene - spmA_1 spmA_2
[20:47:27] Fixed 2 duplicate /gene - pilE_1 pilE_2
[20:47:27] Fixed 2 duplicate /gene - hutI_1 hutI_2
[20:47:27] Fixed 2 duplicate /gene - ttrB_1 ttrB_2
[20:47:27] Fixed 4 duplicate /gene - sdcS_1 sdcS_2 sdcS_3 sdcS_4
[20:47:27] Fixed 2 duplicate /gene - oatA_1 oatA_2
[20:47:27] Fixed 2 duplicate /gene - acr1_1 acr1_2
[20:47:27] Fixed 2 duplicate /gene - senX3_1 senX3_2
[20:47:27] Fixed 2 duplicate /gene - pta_1 pta_2
[20:47:27] Fixed 4 duplicate /gene - phoP_1 phoP_2 phoP_3 phoP_4
[20:47:27] Fixed 3 duplicate /gene - ykfC_1 ykfC_2 ykfC_3
[20:47:27] Fixed 2 duplicate /gene - pepF1_1 pepF1_2
[20:47:27] Fixed 3 duplicate /gene - zraS_1 zraS_2 zraS_3
[20:47:27] Fixed 3 duplicate /gene - fabG_1 fabG_2 fabG_3
[20:47:27] Fixed 2 duplicate /gene - lytC_1 lytC_2
[20:47:27] Fixed 2 duplicate /gene - macB_1 macB_2
[20:47:27] Fixed 2 duplicate /gene - pdtaS_1 pdtaS_2
[20:47:27] Fixed 3 duplicate /gene - yhcR_1 yhcR_2 yhcR_3
[20:47:27] Fixed 2 duplicate /gene - sigW_1 sigW_2
[20:47:27] Fixed 2 duplicate /gene - phsA_1 phsA_2
[20:47:27] Fixed 2 duplicate /gene - dsbD_1 dsbD_2
[20:47:27] Fixed 2 duplicate /gene - tgt_1 tgt_2
[20:47:27] Fixed 2 duplicate /gene - spmB_1 spmB_2
[20:47:27] Fixed 3 duplicate /gene - phoR_1 phoR_2 phoR_3
[20:47:27] Fixed 3 duplicate /gene - bepA_1 bepA_2 bepA_3
[20:47:27] Fixed 2 duplicate /gene - sufT_1 sufT_2
[20:47:27] Fixed 2 duplicate /gene - ppiB_1 ppiB_2
[20:47:27] Fixed 4 duplicate /gene - trxA_1 trxA_2 trxA_3 trxA_4
[20:47:27] Fixed 2 duplicate /gene - zraR_1 zraR_2
[20:47:27] Fixed 2 duplicate /gene - bcp_1 bcp_2
[20:47:27] Fixed 4 duplicate /gene - resA_1 resA_2 resA_3 resA_4
[20:47:27] Fixed 2 duplicate /gene - murI_1 murI_2
[20:47:27] Fixed 2 duplicate /gene - ushA_1 ushA_2
[20:47:27] Fixed 2 duplicate /gene - kch_1 kch_2
[20:47:27] Fixed 2 duplicate /gene - ykfA_1 ykfA_2
[20:47:27] Fixed 2 duplicate /gene - metH_1 metH_2
[20:47:27] Fixed 2 duplicate /gene - scpA_1 scpA_2
[20:47:27] Fixed 2 duplicate /gene - yfiR_1 yfiR_2
[20:47:27] Fixed 3 duplicate /gene - menG_1 menG_2 menG_3
[20:47:27] Fixed 2 duplicate /gene - tpl_1 tpl_2
[20:47:27] Fixed 2 duplicate /gene - wbbL_1 wbbL_2
[20:47:27] Fixed 3 duplicate /gene - rgpB_1 rgpB_2 rgpB_3
[20:47:27] Fixed 6 duplicate /gene - xerC_1 xerC_2 xerC_3 xerC_4 xerC_5 xerC_6
[20:47:27] Fixed 3 duplicate /gene - dnaJ_1 dnaJ_2 dnaJ_3
[20:47:27] Fixed 2 duplicate /gene - dnaE_1 dnaE_2
[20:47:27] Fixed 2 duplicate /gene - pgk/tpi_1 pgk/tpi_2
[20:47:27] Fixed 3 duplicate /gene - todS_1 todS_2 todS_3
[20:47:27] Fixed 3 duplicate /gene - yxlF_1 yxlF_2 yxlF_3
[20:47:27] Fixed 2 duplicate /gene - lgrD_1 lgrD_2
[20:47:27] Fixed 2 duplicate /gene - quiP_1 quiP_2
[20:47:27] Fixed 2 duplicate /gene - lgt_1 lgt_2
[20:47:27] Fixed 3 duplicate /gene - lapB_1 lapB_2 lapB_3
[20:47:27] Fixed 2 duplicate /gene - lysDH_1 lysDH_2
[20:47:27] Fixed 2 duplicate /gene - groS_1 groS_2
[20:47:27] Fixed 3 duplicate /gene - btuB_1 btuB_2 btuB_3
[20:47:27] Fixed 2 duplicate /gene - pdtaR_1 pdtaR_2
[20:47:27] Fixed 3 duplicate /gene - sglT_1 sglT_2 sglT_3
[20:47:27] Fixed 2 duplicate /gene - fabH_1 fabH_2
[20:47:27] Fixed 88 colliding /gene names.
[20:47:27] Adding /locus_tag identifiers
[20:47:27] Assigned 1777 locus_tags to CDS and RNA features.
[20:47:27] Writing outputs to /projects/micb405/project1/Team10/project2/Prokka_output/
[20:47:28] Generating annotation statistics file
[20:47:28] Generating Genbank and Sequin files
[20:47:28] Running: tbl2asn -V b -a r10k -l paired-ends -M n -N 1 -y 'Annotated using prokka 1.13 from https://github.com/tseemann/prokka' -Z \/projects\/micb405\/project1\/Team10\/project2\/Prokka_output\/MAG44\.err -i \/projects\/micb405\/project1\/Team10\/project2\/Prokka_output\/MAG44\.fsa 2> /dev/null
[20:47:31] Could not run command: tbl2asn -V b -a r10k -l paired-ends -M n -N 1 -y 'Annotated using prokka 1.13 from https://github.com/tseemann/prokka' -Z \/projects\/micb405\/project1\/Team10\/project2\/Prokka_output\/MAG44\.err -i \/projects\/micb405\/project1\/Team10\/project2\/Prokka_output\/MAG44\.fsa 2> /dev/null
