[21:24:11] This is prokka 1.13
[21:24:11] Written by Torsten Seemann <torsten.seemann@gmail.com>
[21:24:11] Homepage is https://github.com/tseemann/prokka
[21:24:11] Local time is Wed Nov 20 21:24:11 2019
[21:24:11] You are linuxbrew
[21:24:11] Operating system is linux
[21:24:11] You have BioPerl 1.007002
[21:24:11] System has 40 cores.
[21:24:11] Will use maximum of 8 cores.
[21:24:11] Annotating as >>> Bacteria <<<
[21:24:11] Re-using existing --outdir /projects/micb405/project1/Team10/project2/Prokka_output
[21:24:11] Using filename prefix: MAG59.XXX
[21:24:11] Setting HMMER_NCPU=1
[21:24:11] Writing log to: /projects/micb405/project1/Team10/project2/Prokka_output/MAG59.log
[21:24:11] Command: /home/linuxbrew/.linuxbrew/bin/prokka --outdir /projects/micb405/project1/Team10/project2/Prokka_output --force --prefix MAG59 --kingdom Bacteria --cpus 8 --locustag MAG59 /projects/micb405/resources/project_2/2019/SaanichInlet_120m/MetaBAT2_SaanichInlet_120m/MedQPlus_MAGs/SaanichInlet_120m.59.fa
[21:24:11] Appending to PATH: /home/linuxbrew/.linuxbrew/Cellar/prokka/1.13/bin
[21:24:11] Looking for 'aragorn' - found /home/linuxbrew/.linuxbrew/bin/aragorn
[21:24:11] Determined aragorn version is 1.2
[21:24:11] Looking for 'barrnap' - found /home/linuxbrew/.linuxbrew/bin/barrnap
[21:24:11] Determined barrnap version is 0.9
[21:24:11] Looking for 'blastp' - found /home/linuxbrew/.linuxbrew/bin/blastp
[21:24:11] Determined blastp version is 2.7
[21:24:11] Looking for 'cmpress' - found /home/linuxbrew/.linuxbrew/bin/cmpress
[21:24:11] Determined cmpress version is 1.1
[21:24:11] Looking for 'cmscan' - found /home/linuxbrew/.linuxbrew/bin/cmscan
[21:24:11] Determined cmscan version is 1.1
[21:24:11] Looking for 'egrep' - found /bin/egrep
[21:24:11] Looking for 'find' - found /usr/bin/find
[21:24:11] Looking for 'grep' - found /bin/grep
[21:24:11] Looking for 'hmmpress' - found /home/linuxbrew/.linuxbrew/bin/hmmpress
[21:24:11] Determined hmmpress version is 3.1
[21:24:11] Looking for 'hmmscan' - found /home/linuxbrew/.linuxbrew/bin/hmmscan
[21:24:11] Determined hmmscan version is 3.1
[21:24:11] Looking for 'java' - found /home/linuxbrew/.linuxbrew/bin/java
[21:24:11] Looking for 'less' - found /home/linuxbrew/.linuxbrew/bin/less
[21:24:11] Looking for 'makeblastdb' - found /home/linuxbrew/.linuxbrew/bin/makeblastdb
[21:24:11] Determined makeblastdb version is 2.7
[21:24:11] Looking for 'minced' - found /home/linuxbrew/.linuxbrew/bin/minced
[21:24:12] Determined minced version is 3.0
[21:24:12] Looking for 'parallel' - found /home/linuxbrew/.linuxbrew/bin/parallel
[21:24:12] Determined parallel version is 20180822
[21:24:12] Looking for 'prodigal' - found /home/linuxbrew/.linuxbrew/bin/prodigal
[21:24:12] Determined prodigal version is 2.6
[21:24:12] Looking for 'prokka-genbank_to_fasta_db' - found /home/linuxbrew/.linuxbrew/bin/prokka-genbank_to_fasta_db
[21:24:12] Looking for 'rnammer' - found /home/linuxbrew/.linuxbrew/bin/rnammer
[21:24:12] Determined rnammer version is 1.2
[21:24:12] Looking for 'sed' - found /bin/sed
[21:24:12] Looking for 'tbl2asn' - found /home/linuxbrew/.linuxbrew/bin/tbl2asn
[21:24:12] Determined tbl2asn version is 25.6
[21:24:12] Using genetic code table 11.
[21:24:12] Loading and checking input file: /projects/micb405/resources/project_2/2019/SaanichInlet_120m/MetaBAT2_SaanichInlet_120m/MedQPlus_MAGs/SaanichInlet_120m.59.fa
[21:24:12] Wrote 222 contigs totalling 2032727 bp.
[21:24:12] Predicting tRNAs and tmRNAs
[21:24:12] Running: aragorn -l -gc11  -w \/projects\/micb405\/project1\/Team10\/project2\/Prokka_output\/MAG59\.fna
[21:24:13] 1 tRNA-Leu c[3862,3946] 35 (tag)
[21:24:13] 1 tRNA-Leu [8682,8767] 35 (gag)
[21:24:13] 1 tRNA-Arg c[1106,1182] 35 (cct)
[21:24:13] 1 tRNA-Met c[8516,8592] 35 (cat)
[21:24:13] 1 tRNA-Ala c[2437,2512] 34 (ggc)
[21:24:13] 1 tRNA-Met c[80,156] 35 (cat)
[21:24:13] 1 tRNA-Arg [9416,9492] 35 (tcg)
[21:24:13] 1 tRNA-Ser [4187,4276] 35 (tga)
[21:24:13] 1 tRNA-Arg c[2751,2827] 35 (acg)
[21:24:13] 1 tRNA-Leu [6483,6567] 35 (caa)
[21:24:13] 1 tRNA-Pro c[584,660] 35 (ggg)
[21:24:13] 1 tRNA-Glu c[4140,4215] 35 (ttc)
[21:24:13] 1 tRNA-Trp c[14819,14894] 34 (cca)
[21:24:13] 1 tmRNA [7373,7728] 95,127 ANDENYALAA*
[21:24:13] 1 tRNA-Lys [4669,4744] 34 (ttt)
[21:24:13] 1 tRNA-Val [2485,2560] 34 (tac)
[21:24:13] 2 tRNA-Asp [2597,2671] 35 (gtc)
[21:24:13] 1 tRNA-Phe [1082,1157] 34 (gaa)
[21:24:13] 1 tRNA-Ser [939,1026] 35 (gga)
[21:24:14] 1 tRNA-Gln c[3854,3928] 33 (ttg)
[21:24:14] 1 tRNA-Ser c[2,92] 35 (gct)
[21:24:14] 1 tRNA-Arg [9683,9759] 35 (tct)
[21:24:14] 2 tRNA-His c[9998,10073] 34 (gtg)
[21:24:14] 3 tRNA-Pro c[10175,10251] 35 (tgg)
[21:24:14] Found 24 tRNAs
[21:24:14] Predicting Ribosomal RNAs
[21:24:14] Running Barrnap with 8 threads
[21:24:14] 1 SaanichInlet_120m_59_9 1 16S ribosomal RNA (partial)
[21:24:14] Found 1 rRNAs
[21:24:14] Skipping ncRNA search, enable with --rfam if desired.
[21:24:14] Total of 24 tRNA + rRNA features
[21:24:14] Searching for CRISPR repeats
[21:24:15] Found 0 CRISPRs
[21:24:15] Predicting coding sequences
[21:24:15] Contigs total 2032727 bp, so using single mode
[21:24:15] Running: prodigal -i \/projects\/micb405\/project1\/Team10\/project2\/Prokka_output\/MAG59\.fna -c -m -g 11 -p single -f sco -q
[21:24:17] Found 1722 CDS
[21:24:17] Connecting features back to sequences
[21:24:17] Not using genus-specific database. Try --usegenus to enable it.
[21:24:17] Annotating CDS, please be patient.
[21:24:17] Will use 8 CPUs for similarity searching.
[21:24:18] There are still 1722 unannotated CDS left (started with 1722)
[21:24:18] Will use blast to search against /home/linuxbrew/.linuxbrew/Cellar/prokka/1.13/bin/../db/kingdom/Bacteria/sprot with 8 CPUs
[21:24:18] Running: cat \/projects\/micb405\/project1\/Team10\/project2\/Prokka_output\/sprot\.faa | parallel --gnu --plain -j 8 --block 34790 --recstart '>' --pipe blastp -query - -db /home/linuxbrew/.linuxbrew/Cellar/prokka/1.13/bin/../db/kingdom/Bacteria/sprot -evalue 1e-06 -num_threads 1 -num_descriptions 1 -num_alignments 1 -seg no > \/projects\/micb405\/project1\/Team10\/project2\/Prokka_output\/sprot\.blast 2> /dev/null
[21:24:39] Modify product: Probable protein kinase UbiB => putative protein kinase UbiB
[21:24:39] Modify product: UPF0225 protein YchJ => hypothetical protein
[21:24:39] Modify product: UPF0250 protein YbeD => hypothetical protein
[21:24:39] Modify product: Uncharacterized ABC transporter ATP-binding protein YadG => putative ABC transporter ATP-binding protein YadG
[21:24:39] Modify product: Glycine betaine/proline/choline/ectoine transporter VP1456 => Glycine betaine/proline/choline/ectoine transporter
[21:24:39] Modify product: Uncharacterized SURF1-like protein Rv2235 => putative SURF1-like protein
[21:24:39] Modify product: SCO1 protein homolog => SCO1 protein 
[21:24:39] Modify product: Epimerase family protein Rv2216 => Epimerase family protein
[21:24:39] Modify product: UPF0178 protein YaiI => hypothetical protein
[21:24:39] Modify product: GTP cyclohydrolase 1 type 2 homolog => GTP cyclohydrolase 1 type 2 
[21:24:39] Modify product: Uncharacterized protein HI_1008 => putative protein
[21:24:39] Modify product: Probable lipoprotein YiaD => putative lipoprotein YiaD
[21:24:39] Modify product: Probable GTP-binding protein EngB => putative GTP-binding protein EngB
[21:24:39] Modify product: Probable phosphatase Rv3661 => putative phosphatase
[21:24:39] Modify product: Probable type II secretion system protein HxcR => putative type II secretion system protein HxcR
[21:24:39] Modify product: UPF0102 protein RPA0323 => hypothetical protein
[21:24:39] Modify product: Monocarboxylate 2-oxoacid-binding periplasmic protein all3028 => Monocarboxylate 2-oxoacid-binding periplasmic protein
[21:24:39] Modify product: Uncharacterized acyl-CoA thioester hydrolase HI_0827 => putative acyl-CoA thioester hydrolase
[21:24:39] Modify product: Probable DNA endonuclease SmrA => putative DNA endonuclease SmrA
[21:24:39] Modify product: Riboflavin biosynthesis protein VVA0006 => Riboflavin biosynthesis protein
[21:24:39] Modify product: Probable binding protein component of ABC iron transporter PA5217 => putative binding protein component of ABC iron transporter
[21:24:39] Modify product: Uncharacterized protein YfgD => putative protein YfgD
[21:24:39] Modify product: Uncharacterized ABC transporter ATP-binding protein YheS => putative ABC transporter ATP-binding protein YheS
[21:24:39] Modify product: Putative trans-acting enoyl reductase Rv2449c => Putative trans-acting enoyl reductase
[21:24:39] Modify product: UPF0053 inner membrane protein YfjD => hypothetical protein
[21:24:39] Modify product: GTP cyclohydrolase 1 type 2 homolog => GTP cyclohydrolase 1 type 2 
[21:24:39] Modify product: UPF0246 protein YaaA => hypothetical protein
[21:24:39] Modify product: UPF0301 protein SO_3346 => hypothetical protein
[21:24:39] Modify product: Uncharacterized signaling protein PA1727 => putative signaling protein
[21:24:39] Modify product: Uncharacterized protein YaeQ => putative protein YaeQ
[21:24:40] Modify product: Probable lipid II flippase MurJ => putative lipid II flippase MurJ
[21:24:40] Modify product: Uncharacterized HTH-type transcriptional regulator YddM => putative HTH-type transcriptional regulator YddM
[21:24:40] Modify product: UPF0382 membrane protein YwdK => hypothetical protein
[21:24:40] Modify product: UPF0758 protein YsxA => hypothetical protein
[21:24:40] Modify product: UPF0716 protein FxsA => hypothetical protein
[21:24:40] Modify product: Uncharacterized protein YqeY => putative protein YqeY
[21:24:40] Modify product: UPF0353 protein Rv1481 => hypothetical protein
[21:24:40] Modify product: Uncharacterized protein Rv1480 => putative protein
[21:24:40] Modify product: Uncharacterized metal-dependent hydrolase YcfH => putative metal-dependent hydrolase YcfH
[21:24:40] Modify product: Probable phospholipid-binding lipoprotein MlaA => putative phospholipid-binding lipoprotein MlaA
[21:24:40] Modify product: UPF0276 protein CCNA_03364 => hypothetical protein
[21:24:40] Modify product: Probable peptidoglycan glycosyltransferase FtsW => putative peptidoglycan glycosyltransferase FtsW
[21:24:40] Modify product: UPF0307 protein PSPTO_4464 => hypothetical protein
[21:24:40] Modify product: UPF0070 protein HI_0370 => hypothetical protein
[21:24:40] Modify product: Uncharacterized protein YbcJ => putative protein YbcJ
[21:24:40] Modify product: Uncharacterized signaling protein PA1727 => putative signaling protein
[21:24:40] Modify product: UPF0434 protein NMA0874 => hypothetical protein
[21:24:40] Modify product: Probable M18 family aminopeptidase 2 => putative M18 family aminopeptidase 2
[21:24:40] Modify product: Probable protease SohB => putative protease SohB
[21:24:40] Modify product: Uncharacterized signaling protein PA1727 => putative signaling protein
[21:24:40] Modify product: Uncharacterized protein YisK => putative protein YisK
[21:24:40] Modify product: Uncharacterized oxidoreductase YciK => putative oxidoreductase YciK
[21:24:40] Modify product: Probable nicotinate-nucleotide adenylyltransferase => putative nicotinate-nucleotide adenylyltransferase
[21:24:40] Modify product: Probable acrylyl-CoA reductase AcuI => putative acrylyl-CoA reductase AcuI
[21:24:40] Modify product: Segregation and condensation protein B homolog => Segregation and condensation protein B 
[21:24:40] Modify product: Uncharacterized protein YciO => putative protein YciO
[21:24:40] Modify product: Probable nitrate transporter NarT => putative nitrate transporter NarT
[21:24:40] Modify product: Uncharacterized signaling protein PA1727 => putative signaling protein
[21:24:40] Modify product: Probable RNA polymerase sigma factor FecI => putative RNA polymerase sigma factor FecI
[21:24:40] Modify product: Cyclic di-GMP phosphodiesterase PA4108 => Cyclic di-GMP phosphodiesterase
[21:24:40] Modify product: Uncharacterized protein HI_0755 => putative protein
[21:24:40] Modify product: Uncharacterized protein YibN => putative protein YibN
[21:24:40] Modify product: Probable oxidoreductase EphD => putative oxidoreductase EphD
[21:24:40] Modify product: Probable RNA polymerase sigma factor FecI => putative RNA polymerase sigma factor FecI
[21:24:40] Modify product: Uncharacterized oxidoreductase Rv2900c => putative oxidoreductase
[21:24:40] Modify product: Bifunctional protein FolD => Bifunctional protein FolD protein
[21:24:40] Modify product: DNA-binding protein VF_0530 => DNA-binding protein
[21:24:40] Modify product: Uncharacterized signaling protein PA1727 => putative signaling protein
[21:24:40] Modify product: Probable chromosome-partitioning protein ParB => putative chromosome-partitioning protein ParB
[21:24:40] Modify product: Uncharacterized protein YfhP => putative protein YfhP
[21:24:40] Modify product: UPF0761 membrane protein YihY => hypothetical protein
[21:24:40] Modify product: Probable tRNA-dihydrouridine synthase => putative tRNA-dihydrouridine synthase
[21:24:40] Modify product: Probable transcriptional regulatory protein YeeN => putative transcriptional regulatory protein YeeN
[21:24:40] Modify product: Probable L-asparaginase => putative L-asparaginase
[21:24:40] Modify product: UPF0153 protein YeiW => hypothetical protein
[21:24:40] Modify product: Peroxiredoxin sll1621 => Peroxiredoxin
[21:24:40] Modify product: Probable cyclic di-GMP phosphodiesterase PdeK => putative cyclic di-GMP phosphodiesterase PdeK
[21:24:40] Modify product: Probable RNA polymerase sigma factor FecI => putative RNA polymerase sigma factor FecI
[21:24:40] Modify product: Putative transport protein Rv0205 => Putative transport protein
[21:24:40] Modify product: UPF0176 protein lpg2838 => hypothetical protein
[21:24:40] Modify product: Uncharacterized protein Rv1367c => putative protein
[21:24:40] Modify product: Uncharacterized acyl-CoA thioester hydrolase HI_0827 => putative acyl-CoA thioester hydrolase
[21:24:40] Modify product: UPF0213 protein BH0048 => hypothetical protein
[21:24:40] Modify product: Probable Fe(2+)-trafficking protein => putative Fe(2+)-trafficking protein
[21:24:40] Modify product: UPF0234 protein XC_3703 => hypothetical protein
[21:24:40] Modify product: Uncharacterized oxidoreductase SA2266 => putative oxidoreductase
[21:24:40] Modify product: Putative esterase PA1618 => Putative esterase
[21:24:40] Modify product: UPF0270 protein PA3463 => hypothetical protein
[21:24:41] Modify product: Uncharacterized zinc protease Rv2782c => putative zinc protease
[21:24:41] Modify product: Uncharacterized protein YbiB => putative protein YbiB
[21:24:41] Modify product: UPF0111 protein HI_1603 => hypothetical protein
[21:24:41] Modify product: Phosphate-specific transport system accessory protein PhoU homolog => Phosphate-specific transport system accessory protein PhoU 
[21:24:41] Modify product: Uncharacterized ABC transporter ATP-binding protein YbiT => putative ABC transporter ATP-binding protein YbiT
[21:24:41] Modify product: UPF0701 protein YicC => hypothetical protein
[21:24:41] Modify product: Cyclic nucleotide-gated potassium channel mll3241 => Cyclic nucleotide-gated potassium channel
[21:24:41] Modify product: Uncharacterized MFS-type transporter YcaD => putative MFS-type transporter YcaD
[21:24:41] Cleaned 96 /product names
[21:24:41] Deleting unwanted file: /projects/micb405/project1/Team10/project2/Prokka_output/sprot.faa
[21:24:41] Deleting unwanted file: /projects/micb405/project1/Team10/project2/Prokka_output/sprot.blast
[21:24:41] There are still 496 unannotated CDS left (started with 1722)
[21:24:41] Will use hmmer3 to search against /home/linuxbrew/.linuxbrew/Cellar/prokka/1.13/bin/../db/hmm/HAMAP.hmm with 8 CPUs
[21:24:41] Running: cat \/projects\/micb405\/project1\/Team10\/project2\/Prokka_output\/HAMAP\.hmm\.faa | parallel --gnu --plain -j 8 --block 7423 --recstart '>' --pipe hmmscan --noali --notextw --acc -E 1e-06 --cpu 1 /home/linuxbrew/.linuxbrew/Cellar/prokka/1.13/bin/../db/hmm/HAMAP.hmm /dev/stdin > \/projects\/micb405\/project1\/Team10\/project2\/Prokka_output\/HAMAP\.hmm\.hmmer3 2> /dev/null
[21:24:48] Modify product: Uncharacterized Nudix hydrolase NudL => putative Nudix hydrolase NudL
[21:24:48] Modify product: Uncharacterized MFS-type transporter YcaD => putative MFS-type transporter YcaD
[21:24:48] Cleaned 2 /product names
[21:24:48] Deleting unwanted file: /projects/micb405/project1/Team10/project2/Prokka_output/HAMAP.hmm.faa
[21:24:48] Deleting unwanted file: /projects/micb405/project1/Team10/project2/Prokka_output/HAMAP.hmm.hmmer3
[21:24:48] Labelling remaining 453 proteins as 'hypothetical protein'
[21:24:48] Possible /pseudo 'Hydrogenase transcriptional regulatory protein hupR1' at SaanichInlet_120m_59_16 position 3227
[21:24:48] Possible /pseudo 'Twitching mobility protein' at SaanichInlet_120m_59_24 position 18150
[21:24:48] Possible /pseudo '3-methylmercaptopropionyl-CoA dehydrogenase' at SaanichInlet_120m_59_47 position 2338
[21:24:48] Possible /pseudo 'putative MFS-type transporter YcaD' at SaanichInlet_120m_59_220 position 2415
[21:24:48] Found 1075 unique /gene codes.
[21:24:48] Fixed 2 duplicate /gene - gacA_1 gacA_2
[21:24:48] Fixed 2 duplicate /gene - exoA_1 exoA_2
[21:24:48] Fixed 2 duplicate /gene - gltA_1 gltA_2
[21:24:48] Fixed 2 duplicate /gene - trmB_1 trmB_2
[21:24:48] Fixed 2 duplicate /gene - fadA_1 fadA_2
[21:24:48] Fixed 2 duplicate /gene - rpfC_1 rpfC_2
[21:24:48] Fixed 2 duplicate /gene - ftsA_1 ftsA_2
[21:24:48] Fixed 2 duplicate /gene - pleD_1 pleD_2
[21:24:48] Fixed 2 duplicate /gene - rluA_1 rluA_2
[21:24:48] Fixed 5 duplicate /gene - fabG_1 fabG_2 fabG_3 fabG_4 fabG_5
[21:24:48] Fixed 2 duplicate /gene - cirA_1 cirA_2
[21:24:48] Fixed 2 duplicate /gene - divK_1 divK_2
[21:24:48] Fixed 2 duplicate /gene - scpA_1 scpA_2
[21:24:48] Fixed 2 duplicate /gene - rimO_1 rimO_2
[21:24:48] Fixed 2 duplicate /gene - pilT_1 pilT_2
[21:24:48] Fixed 2 duplicate /gene - sdcS_1 sdcS_2
[21:24:48] Fixed 2 duplicate /gene - resA_1 resA_2
[21:24:48] Fixed 2 duplicate /gene - flhB_1 flhB_2
[21:24:48] Fixed 2 duplicate /gene - gpx1_1 gpx1_2
[21:24:48] Fixed 2 duplicate /gene - tal_1 tal_2
[21:24:48] Fixed 2 duplicate /gene - motB_1 motB_2
[21:24:48] Fixed 3 duplicate /gene - btuB_1 btuB_2 btuB_3
[21:24:48] Fixed 2 duplicate /gene - zur_1 zur_2
[21:24:48] Fixed 2 duplicate /gene - hmuV_1 hmuV_2
[21:24:48] Fixed 2 duplicate /gene - amiC_1 amiC_2
[21:24:48] Fixed 3 duplicate /gene - barA_1 barA_2 barA_3
[21:24:48] Fixed 2 duplicate /gene - fecR_1 fecR_2
[21:24:48] Fixed 2 duplicate /gene - fliS_1 fliS_2
[21:24:48] Fixed 2 duplicate /gene - purF_1 purF_2
[21:24:48] Fixed 2 duplicate /gene - guaB_1 guaB_2
[21:24:48] Fixed 3 duplicate /gene - bepA_1 bepA_2 bepA_3
[21:24:48] Fixed 2 duplicate /gene - pal_1 pal_2
[21:24:48] Fixed 2 duplicate /gene - tdh_1 tdh_2
[21:24:48] Fixed 2 duplicate /gene - fpr_1 fpr_2
[21:24:48] Fixed 2 duplicate /gene - hemN_1 hemN_2
[21:24:48] Fixed 2 duplicate /gene - mutY_1 mutY_2
[21:24:48] Fixed 2 duplicate /gene - zraS_1 zraS_2
[21:24:48] Fixed 2 duplicate /gene - cysK_1 cysK_2
[21:24:48] Fixed 2 duplicate /gene - nlhH_1 nlhH_2
[21:24:48] Fixed 2 duplicate /gene - fmt_1 fmt_2
[21:24:48] Fixed 2 duplicate /gene - aroK_1 aroK_2
[21:24:48] Fixed 2 duplicate /gene - hisC_1 hisC_2
[21:24:48] Fixed 2 duplicate /gene - lrp_1 lrp_2
[21:24:48] Fixed 3 duplicate /gene - rsgI6_1 rsgI6_2 rsgI6_3
[21:24:48] Fixed 3 duplicate /gene - mepM_1 mepM_2 mepM_3
[21:24:48] Fixed 2 duplicate /gene - crt_1 crt_2
[21:24:48] Fixed 3 duplicate /gene - fecI_1 fecI_2 fecI_3
[21:24:48] Fixed 2 duplicate /gene - cmoA_1 cmoA_2
[21:24:48] Fixed 2 duplicate /gene - dnaJ_1 dnaJ_2
[21:24:48] Fixed 3 duplicate /gene - epsE_1 epsE_2 epsE_3
[21:24:48] Fixed 3 duplicate /gene - epsF_1 epsF_2 epsF_3
[21:24:48] Fixed 2 duplicate /gene - hupR1_1 hupR1_2
[21:24:48] Fixed 3 duplicate /gene - atoC_1 atoC_2 atoC_3
[21:24:48] Fixed 2 duplicate /gene - yrdA_1 yrdA_2
[21:24:48] Fixed 2 duplicate /gene - fusA_1 fusA_2
[21:24:48] Fixed 2 duplicate /gene - ycaD_1 ycaD_2
[21:24:48] Fixed 2 duplicate /gene - yeiR_1 yeiR_2
[21:24:48] Fixed 2 duplicate /gene - dusC_1 dusC_2
[21:24:48] Fixed 3 duplicate /gene - fosB_1 fosB_2 fosB_3
[21:24:48] Fixed 2 duplicate /gene - prlC_1 prlC_2
[21:24:48] Fixed 2 duplicate /gene - leuA_1 leuA_2
[21:24:48] Fixed 2 duplicate /gene - algC_1 algC_2
[21:24:48] Fixed 2 duplicate /gene - purU_1 purU_2
[21:24:48] Fixed 2 duplicate /gene - atsA_1 atsA_2
[21:24:48] Fixed 3 duplicate /gene - tolC_1 tolC_2 tolC_3
[21:24:48] Fixed 2 duplicate /gene - rpoE_1 rpoE_2
[21:24:48] Fixed 2 duplicate /gene - pomA_1 pomA_2
[21:24:48] Fixed 2 duplicate /gene - glnK_1 glnK_2
[21:24:48] Fixed 2 duplicate /gene - lon_1 lon_2
[21:24:48] Fixed 2 duplicate /gene - ogt_1 ogt_2
[21:24:48] Fixed 2 duplicate /gene - acpP_1 acpP_2
[21:24:48] Fixed 2 duplicate /gene - suhB_1 suhB_2
[21:24:48] Fixed 2 duplicate /gene - prmA_1 prmA_2
[21:24:48] Fixed 2 duplicate /gene - atoS_1 atoS_2
[21:24:48] Fixed 2 duplicate /gene - cysE_1 cysE_2
[21:24:48] Fixed 2 duplicate /gene - rng_1 rng_2
[21:24:48] Fixed 2 duplicate /gene - cyaB_1 cyaB_2
[21:24:48] Fixed 2 duplicate /gene - lolE_1 lolE_2
[21:24:48] Fixed 4 duplicate /gene - dmdC_1 dmdC_2 dmdC_3 dmdC_4
[21:24:48] Fixed 3 duplicate /gene - mdtA_1 mdtA_2 mdtA_3
[21:24:48] Fixed 2 duplicate /gene - rffG_1 rffG_2
[21:24:48] Fixed 2 duplicate /gene - oprF_1 oprF_2
[21:24:48] Fixed 2 duplicate /gene - secA_1 secA_2
[21:24:48] Fixed 3 duplicate /gene - cmpR_1 cmpR_2 cmpR_3
[21:24:48] Fixed 84 colliding /gene names.
[21:24:48] Adding /locus_tag identifiers
[21:24:48] Assigned 1747 locus_tags to CDS and RNA features.
[21:24:48] Writing outputs to /projects/micb405/project1/Team10/project2/Prokka_output/
[21:24:49] Generating annotation statistics file
[21:24:49] Generating Genbank and Sequin files
[21:24:49] Running: tbl2asn -V b -a r10k -l paired-ends -M n -N 1 -y 'Annotated using prokka 1.13 from https://github.com/tseemann/prokka' -Z \/projects\/micb405\/project1\/Team10\/project2\/Prokka_output\/MAG59\.err -i \/projects\/micb405\/project1\/Team10\/project2\/Prokka_output\/MAG59\.fsa 2> /dev/null
[21:24:53] Could not run command: tbl2asn -V b -a r10k -l paired-ends -M n -N 1 -y 'Annotated using prokka 1.13 from https://github.com/tseemann/prokka' -Z \/projects\/micb405\/project1\/Team10\/project2\/Prokka_output\/MAG59\.err -i \/projects\/micb405\/project1\/Team10\/project2\/Prokka_output\/MAG59\.fsa 2> /dev/null
