[21:33:18] This is prokka 1.13
[21:33:18] Written by Torsten Seemann <torsten.seemann@gmail.com>
[21:33:18] Homepage is https://github.com/tseemann/prokka
[21:33:18] Local time is Wed Nov 20 21:33:18 2019
[21:33:18] You are linuxbrew
[21:33:18] Operating system is linux
[21:33:18] You have BioPerl 1.007002
[21:33:18] System has 40 cores.
[21:33:18] Will use maximum of 8 cores.
[21:33:18] Annotating as >>> Archaea <<<
[21:33:18] Re-using existing --outdir /projects/micb405/project1/Team10/project2/Prokka_output
[21:33:18] Using filename prefix: MAG55.XXX
[21:33:18] Setting HMMER_NCPU=1
[21:33:18] Writing log to: /projects/micb405/project1/Team10/project2/Prokka_output/MAG55.log
[21:33:18] Command: /home/linuxbrew/.linuxbrew/bin/prokka --outdir /projects/micb405/project1/Team10/project2/Prokka_output --force --prefix MAG55 --kingdom Archaea --cpus 8 --locustag MAG55 /projects/micb405/resources/project_2/2019/SaanichInlet_120m/MetaBAT2_SaanichInlet_120m/MedQPlus_MAGs/SaanichInlet_120m.55.fa
[21:33:18] Appending to PATH: /home/linuxbrew/.linuxbrew/Cellar/prokka/1.13/bin
[21:33:18] Looking for 'aragorn' - found /home/linuxbrew/.linuxbrew/bin/aragorn
[21:33:18] Determined aragorn version is 1.2
[21:33:18] Looking for 'barrnap' - found /home/linuxbrew/.linuxbrew/bin/barrnap
[21:33:18] Determined barrnap version is 0.9
[21:33:18] Looking for 'blastp' - found /home/linuxbrew/.linuxbrew/bin/blastp
[21:33:18] Determined blastp version is 2.7
[21:33:18] Looking for 'cmpress' - found /home/linuxbrew/.linuxbrew/bin/cmpress
[21:33:18] Determined cmpress version is 1.1
[21:33:18] Looking for 'cmscan' - found /home/linuxbrew/.linuxbrew/bin/cmscan
[21:33:18] Determined cmscan version is 1.1
[21:33:18] Looking for 'egrep' - found /bin/egrep
[21:33:18] Looking for 'find' - found /usr/bin/find
[21:33:18] Looking for 'grep' - found /bin/grep
[21:33:18] Looking for 'hmmpress' - found /home/linuxbrew/.linuxbrew/bin/hmmpress
[21:33:18] Determined hmmpress version is 3.1
[21:33:18] Looking for 'hmmscan' - found /home/linuxbrew/.linuxbrew/bin/hmmscan
[21:33:18] Determined hmmscan version is 3.1
[21:33:18] Looking for 'java' - found /home/linuxbrew/.linuxbrew/bin/java
[21:33:18] Looking for 'less' - found /home/linuxbrew/.linuxbrew/bin/less
[21:33:18] Looking for 'makeblastdb' - found /home/linuxbrew/.linuxbrew/bin/makeblastdb
[21:33:18] Determined makeblastdb version is 2.7
[21:33:18] Looking for 'minced' - found /home/linuxbrew/.linuxbrew/bin/minced
[21:33:18] Determined minced version is 3.0
[21:33:18] Looking for 'parallel' - found /home/linuxbrew/.linuxbrew/bin/parallel
[21:33:18] Determined parallel version is 20180822
[21:33:18] Looking for 'prodigal' - found /home/linuxbrew/.linuxbrew/bin/prodigal
[21:33:18] Determined prodigal version is 2.6
[21:33:18] Looking for 'prokka-genbank_to_fasta_db' - found /home/linuxbrew/.linuxbrew/bin/prokka-genbank_to_fasta_db
[21:33:18] Looking for 'rnammer' - found /home/linuxbrew/.linuxbrew/bin/rnammer
[21:33:18] Determined rnammer version is 1.2
[21:33:18] Looking for 'sed' - found /bin/sed
[21:33:18] Looking for 'tbl2asn' - found /home/linuxbrew/.linuxbrew/bin/tbl2asn
[21:33:18] Determined tbl2asn version is 25.6
[21:33:18] Using genetic code table 11.
[21:33:18] Loading and checking input file: /projects/micb405/resources/project_2/2019/SaanichInlet_120m/MetaBAT2_SaanichInlet_120m/MedQPlus_MAGs/SaanichInlet_120m.55.fa
[21:33:18] Wrote 21 contigs totalling 1356018 bp.
[21:33:18] Predicting tRNAs and tmRNAs
[21:33:18] Running: aragorn -l -gc11  -w \/projects\/micb405\/project1\/Team10\/project2\/Prokka_output\/MAG55\.fna
[21:33:20] 1 tRNA-Arg c[66933,67009] 36 (ccg)
[21:33:20] 2 tRNA-Arg c[67126,67202] 36 (gcg)
[21:33:20] 3 tRNA-Pro c[74068,74145] 37 (ggg)
[21:33:20] 4 tRNA-Arg [127921,127998] 36 (cct)
[21:33:20] 5 tRNA-Asp [130257,130332] 35 (gtc)
[21:33:20] 6 tRNA-Leu c[192740,192824] 35 (gag)
[21:33:20] 7 tRNA-Cys [215638,215711] 33 (gca)
[21:33:20] 1 tRNA-Leu c[63108,63192] 35 (taa)
[21:33:20] 1 tRNA-Gln [6090,6165] 35 (ttg)
[21:33:20] 2 tRNA-Lys c[10572,10648] 35 (ctt)
[21:33:20] 3 tRNA-His c[30735,30809] 34 (gtg)
[21:33:20] 4 tRNA-Glu [42304,42381] 37 (ctc)
[21:33:20] 5 tRNA-Thr c[62194,62268] 33 (ggt)
[21:33:20] 6 tRNA-Ser [62564,62649] 35 (gga)
[21:33:20] 1 tRNA-Met [10464,10541] 36 (cat)
[21:33:20] 1 tRNA-Ala [53,129] 35 (ggc)
[21:33:20] 1 tRNA-Ser c[3546,3631] 35 (tga)
[21:33:20] 1 tRNA-Phe [9595,9670] 34 (gaa)
[21:33:20] 1 tRNA-Ser c[40453,40539] 36 (gct)
[21:33:20] 2 tRNA-Ser [118639,118724] 35 (cga)
[21:33:20] 3 tRNA-Val [145303,145378] 34 (tac)
[21:33:20] 4 tRNA-Glu [156525,156602] 37 (ttc)
[21:33:20] 5 tRNA-Thr c[161304,161380] 35 (tgt)
[21:33:20] 6 tRNA-Ala [172252,172328] 35 (tgc)
[21:33:20] 1 tRNA-Thr c[19028,19104] 35 (cgt)
[21:33:20] 1 tRNA-Arg [16,92] 36 (tct)
[21:33:20] 2 tRNA-Leu c[118924,119008] 35 (tag)
[21:33:20] 3 tRNA-Gln [142686,142759] 35 (ctg)
[21:33:20] 1 tRNA-Asn [10854,10929] 34 (gtt)
[21:33:20] 2 tRNA-Met [29778,29854] 35 (cat)
[21:33:20] 1 tRNA-Ile [7024,7101] 36 (gat)
[21:33:20] 1 tRNA-Gly c[109868,109942] 34 (gcc)
[21:33:20] 1 tRNA-Gly [33177,33251] 34 (tcc)
[21:33:20] 1 tRNA-Leu c[2440,2524] 35 (caa)
[21:33:20] Found 34 tRNAs
[21:33:20] Predicting Ribosomal RNAs
[21:33:20] Running Barrnap with 8 threads
[21:33:20] 1 SaanichInlet_120m_55_13 91136 5.8S ribosomal RNA (partial)
[21:33:20] Found 1 rRNAs
[21:33:20] Skipping ncRNA search, enable with --rfam if desired.
[21:33:20] Total of 35 tRNA + rRNA features
[21:33:20] Searching for CRISPR repeats
[21:33:21] Found 0 CRISPRs
[21:33:21] Predicting coding sequences
[21:33:21] Contigs total 1356018 bp, so using single mode
[21:33:21] Running: prodigal -i \/projects\/micb405\/project1\/Team10\/project2\/Prokka_output\/MAG55\.fna -c -m -g 11 -p single -f sco -q
[21:33:22] Excluding CDS which overlaps existing RNA (tRNA) at SaanichInlet_120m_55_1:127859..128077 on - strand
[21:33:23] Excluding CDS which overlaps existing RNA (tRNA) at SaanichInlet_120m_55_10:118384..118725 on - strand
[21:33:23] Excluding CDS which overlaps existing RNA (tRNA) at SaanichInlet_120m_55_10:172258..173433 on - strand
[21:33:23] Found 1138 CDS
[21:33:23] Connecting features back to sequences
[21:33:23] Not using genus-specific database. Try --usegenus to enable it.
[21:33:23] Annotating CDS, please be patient.
[21:33:23] Will use 8 CPUs for similarity searching.
[21:33:24] There are still 1138 unannotated CDS left (started with 1138)
[21:33:24] Will use blast to search against /home/linuxbrew/.linuxbrew/Cellar/prokka/1.13/bin/../db/kingdom/Archaea/sprot with 8 CPUs
[21:33:24] Running: cat \/projects\/micb405\/project1\/Team10\/project2\/Prokka_output\/sprot\.faa | parallel --gnu --plain -j 8 --block 26631 --recstart '>' --pipe blastp -query - -db /home/linuxbrew/.linuxbrew/Cellar/prokka/1.13/bin/../db/kingdom/Archaea/sprot -evalue 1e-06 -num_threads 1 -num_descriptions 1 -num_alignments 1 -seg no > \/projects\/micb405\/project1\/Team10\/project2\/Prokka_output\/sprot\.blast 2> /dev/null
[21:33:26] Modify product: Probable branched-chain amino acid transport ATP-binding protein LivG => putative branched-chain amino acid transport ATP-binding protein LivG
[21:33:26] Modify product: Probable branched-chain amino acid transport ATP-binding protein LivG => putative branched-chain amino acid transport ATP-binding protein LivG
[21:33:26] Modify product: Probable branched-chain amino acid transport ATP-binding protein LivG => putative branched-chain amino acid transport ATP-binding protein LivG
[21:33:26] Modify product: Probable branched-chain amino acid transport ATP-binding protein LivG => putative branched-chain amino acid transport ATP-binding protein LivG
[21:33:26] Modify product: Probable ATP-dependent RNA helicase MJ0669 => putative ATP-dependent RNA helicase
[21:33:26] Modify product: Uncharacterized HTH-type transcriptional regulator PH1519 => putative HTH-type transcriptional regulator
[21:33:26] Modify product: Probable branched-chain amino acid transport ATP-binding protein LivG => putative branched-chain amino acid transport ATP-binding protein LivG
[21:33:26] Modify product: Probable tRNA pseudouridine synthase D => putative tRNA pseudouridine synthase D
[21:33:26] Modify product: Probable ATP-dependent RNA helicase MJ0669 => putative ATP-dependent RNA helicase
[21:33:26] Modify product: Probable tRNA pseudouridine synthase B => putative tRNA pseudouridine synthase B
[21:33:26] Modify product: GPN-loop GTPase PAB0955 => GPN-loop GTPase
[21:33:26] Modify product: Probable adenylyl-sulfate kinase => putative adenylyl-sulfate kinase
[21:33:26] Modify product: Probable ATP-dependent RNA helicase MJ0669 => putative ATP-dependent RNA helicase
[21:33:26] Modify product: Uncharacterized HTH-type transcriptional regulator PH1519 => putative HTH-type transcriptional regulator
[21:33:26] Modify product: Probable deoxyhypusine synthase => putative deoxyhypusine synthase
[21:33:26] Modify product: Probable copper-exporting P-type ATPase => putative copper-exporting P-type ATPase
[21:33:26] Modify product: Probable translation initiation factor IF-2 => putative translation initiation factor IF-2
[21:33:26] Modify product: Uncharacterized ABC transporter ATP-binding protein MJ0796 => putative ABC transporter ATP-binding protein
[21:33:26] Modify product: Metallo-beta-lactamase fold-containing protein ST1585 => Metallo-beta-lactamase fold-containing protein
[21:33:26] Modify product: Uncharacterized ABC transporter ATP-binding protein MJ0796 => putative ABC transporter ATP-binding protein
[21:33:26] Modify product: Protein translation factor SUI1 homolog => Protein translation factor SUI1 
[21:33:26] Modify product: UPF0235 protein MTH_637 => hypothetical protein
[21:33:26] Modify product: Uncharacterized HTH-type transcriptional regulator PH1519 => putative HTH-type transcriptional regulator
[21:33:26] Modify product: Protein pelota homolog => Protein pelota 
[21:33:26] Modify product: Putative sulfur carrier protein Ta1170/Ta1414 => Putative sulfur carrier protein/Ta1414
[21:33:26] Modify product: ATP-dependent DNA helicase Ta0057 => ATP-dependent DNA helicase
[21:33:26] Modify product: Uncharacterized ABC transporter ATP-binding protein MJ0796 => putative ABC transporter ATP-binding protein
[21:33:26] Modify product: Probable thymidylate kinase => putative thymidylate kinase
[21:33:26] Modify product: Probable branched-chain amino acid transport ATP-binding protein LivG => putative branched-chain amino acid transport ATP-binding protein LivG
[21:33:26] Modify product: Probable branched-chain amino acid transport ATP-binding protein LivG => putative branched-chain amino acid transport ATP-binding protein LivG
[21:33:27] Modify product: UPF0147 protein Ta0600 => hypothetical protein
[21:33:27] Modify product: UPF0201 protein MJ1564 => hypothetical protein
[21:33:27] Modify product: Probable deoxyhypusine synthase => putative deoxyhypusine synthase
[21:33:27] Modify product: Putative FKBP-type peptidyl-prolyl cis-trans isomerase MJ0825 => Putative FKBP-type peptidyl-prolyl cis-trans isomerase
[21:33:27] Modify product: Uncharacterized ABC transporter ATP-binding protein MJ0796 => putative ABC transporter ATP-binding protein
[21:33:27] Modify product: Uncharacterized ABC transporter ATP-binding protein MJ0796 => putative ABC transporter ATP-binding protein
[21:33:27] Modify product: Probable aminomethyltransferase => putative aminomethyltransferase
[21:33:27] Modify product: Probable branched-chain amino acid transport ATP-binding protein LivG => putative branched-chain amino acid transport ATP-binding protein LivG
[21:33:27] Modify product: Uncharacterized ABC transporter ATP-binding protein MJ0796 => putative ABC transporter ATP-binding protein
[21:33:27] Modify product: UPF0107 protein AF_0055 => hypothetical protein
[21:33:27] Modify product: Probable phosphoenolpyruvate synthase => putative phosphoenolpyruvate synthase
[21:33:27] Modify product: Uncharacterized ABC transporter ATP-binding protein MJ0796 => putative ABC transporter ATP-binding protein
[21:33:27] Modify product: Uncharacterized ABC transporter ATP-binding protein MJ0796 => putative ABC transporter ATP-binding protein
[21:33:27] Modify product: Uncharacterized HTH-type transcriptional regulator PH0140 => putative HTH-type transcriptional regulator
[21:33:27] Modify product: Putative sulfur carrier protein Ta1170/Ta1414 => Putative sulfur carrier protein/Ta1414
[21:33:27] Modify product: Bifunctional protein FolD => Bifunctional protein FolD protein
[21:33:27] Modify product: Probable ribosomal RNA small subunit methyltransferase A => putative ribosomal RNA small subunit methyltransferase A
[21:33:27] Modify product: UPF0200/UPF0201 protein AF_1395 => hypothetical protein
[21:33:27] Modify product: Probable bifunctional tRNA threonylcarbamoyladenosine biosynthesis protein => putative bifunctional tRNA threonylcarbamoyladenosine biosynthesis protein
[21:33:27] Modify product: Probable molybdopterin synthase => putative molybdopterin synthase
[21:33:27] Modify product: Probable cyclic pyranopterin monophosphate synthase => putative cyclic pyranopterin monophosphate synthase
[21:33:27] Modify product: Uncharacterized NOP5 family protein MJ0694 => putative NOP5 family protein
[21:33:27] Cleaned 52 /product names
[21:33:27] Deleting unwanted file: /projects/micb405/project1/Team10/project2/Prokka_output/sprot.faa
[21:33:27] Deleting unwanted file: /projects/micb405/project1/Team10/project2/Prokka_output/sprot.blast
[21:33:27] There are still 732 unannotated CDS left (started with 1138)
[21:33:27] Will use hmmer3 to search against /home/linuxbrew/.linuxbrew/Cellar/prokka/1.13/bin/../db/hmm/HAMAP.hmm with 8 CPUs
[21:33:27] Running: cat \/projects\/micb405\/project1\/Team10\/project2\/Prokka_output\/HAMAP\.hmm\.faa | parallel --gnu --plain -j 8 --block 17073 --recstart '>' --pipe hmmscan --noali --notextw --acc -E 1e-06 --cpu 1 /home/linuxbrew/.linuxbrew/Cellar/prokka/1.13/bin/../db/hmm/HAMAP.hmm /dev/stdin > \/projects\/micb405\/project1\/Team10\/project2\/Prokka_output\/HAMAP\.hmm\.hmmer3 2> /dev/null
[21:33:38] Deleting unwanted file: /projects/micb405/project1/Team10/project2/Prokka_output/HAMAP.hmm.faa
[21:33:38] Deleting unwanted file: /projects/micb405/project1/Team10/project2/Prokka_output/HAMAP.hmm.hmmer3
[21:33:38] Labelling remaining 583 proteins as 'hypothetical protein'
[21:33:38] Possible /pseudo 'putative branched-chain amino acid transport ATP-binding protein LivG' at SaanichInlet_120m_55_1 position 39165
[21:33:38] Possible /pseudo 'putative branched-chain amino acid transport ATP-binding protein LivG' at SaanichInlet_120m_55_1 position 52456
[21:33:38] Possible /pseudo 'CTP synthase' at SaanichInlet_120m_55_12 position 51747
[21:33:38] Possible /pseudo 'D-inositol-3-phosphate glycosyltransferase' at SaanichInlet_120m_55_14 position 37575
[21:33:39] Found 372 unique /gene codes.
[21:33:39] Fixed 2 duplicate /gene - ytfE_1 ytfE_2
[21:33:39] Fixed 2 duplicate /gene - tnaA_1 tnaA_2
[21:33:39] Fixed 3 duplicate /gene - hdrD_1 hdrD_2 hdrD_3
[21:33:39] Fixed 2 duplicate /gene - fixA_1 fixA_2
[21:33:39] Fixed 2 duplicate /gene - dys_1 dys_2
[21:33:39] Fixed 2 duplicate /gene - tfb_1 tfb_2
[21:33:39] Fixed 2 duplicate /gene - rfcS_1 rfcS_2
[21:33:39] Fixed 2 duplicate /gene - dxs_1 dxs_2
[21:33:39] Fixed 2 duplicate /gene - dnaJ_1 dnaJ_2
[21:33:39] Fixed 3 duplicate /gene - pyrG_1 pyrG_2 pyrG_3
[21:33:39] Fixed 2 duplicate /gene - thrC_1 thrC_2
[21:33:39] Fixed 3 duplicate /gene - tfrA_1 tfrA_2 tfrA_3
[21:33:39] Fixed 2 duplicate /gene - ilvE_1 ilvE_2
[21:33:39] Fixed 3 duplicate /gene - wtpC_1 wtpC_2 wtpC_3
[21:33:39] Fixed 2 duplicate /gene - polC_1 polC_2
[21:33:39] Fixed 2 duplicate /gene - guaB_1 guaB_2
[21:33:39] Fixed 2 duplicate /gene - tdh_1 tdh_2
[21:33:39] Fixed 5 duplicate /gene - rhaD_1 rhaD_2 rhaD_3 rhaD_4 rhaD_5
[21:33:39] Fixed 2 duplicate /gene - mobA_1 mobA_2
[21:33:39] Fixed 3 duplicate /gene - guaAA_1 guaAA_2 guaAA_3
[21:33:39] Fixed 5 duplicate /gene - caiA_1 caiA_2 caiA_3 caiA_4 caiA_5
[21:33:39] Fixed 2 duplicate /gene - ths_1 ths_2
[21:33:39] Fixed 2 duplicate /gene - dadD_1 dadD_2
[21:33:39] Fixed 2 duplicate /gene - obg_1 obg_2
[21:33:39] Fixed 3 duplicate /gene - pycA_1 pycA_2 pycA_3
[21:33:39] Fixed 2 duplicate /gene - yjgF_1 yjgF_2
[21:33:39] Fixed 2 duplicate /gene - glpE_1 glpE_2
[21:33:39] Fixed 3 duplicate /gene - fadA_1 fadA_2 fadA_3
[21:33:39] Fixed 2 duplicate /gene - malK_1 malK_2
[21:33:39] Fixed 2 duplicate /gene - smc_1 smc_2
[21:33:39] Fixed 2 duplicate /gene - treT_1 treT_2
[21:33:39] Fixed 2 duplicate /gene - pccB_1 pccB_2
[21:33:39] Fixed 2 duplicate /gene - coxA2_1 coxA2_2
[21:33:39] Fixed 3 duplicate /gene - gcvH_1 gcvH_2 gcvH_3
[21:33:39] Fixed 2 duplicate /gene - glmS_1 glmS_2
[21:33:39] Fixed 8 duplicate /gene - livG_1 livG_2 livG_3 livG_4 livG_5 livG_6 livG_7 livG_8
[21:33:39] Fixed 2 duplicate /gene - ileS_1 ileS_2
[21:33:39] Fixed 2 duplicate /gene - mshA_1 mshA_2
[21:33:39] Fixed 2 duplicate /gene - fixB_1 fixB_2
[21:33:39] Fixed 3 duplicate /gene - hpt_1 hpt_2 hpt_3
[21:33:39] Fixed 40 colliding /gene names.
[21:33:39] Adding /locus_tag identifiers
[21:33:39] Assigned 1173 locus_tags to CDS and RNA features.
[21:33:39] Writing outputs to /projects/micb405/project1/Team10/project2/Prokka_output/
[21:33:39] Generating annotation statistics file
[21:33:39] Generating Genbank and Sequin files
[21:33:39] Running: tbl2asn -V b -a r10k -l paired-ends -M n -N 1 -y 'Annotated using prokka 1.13 from https://github.com/tseemann/prokka' -Z \/projects\/micb405\/project1\/Team10\/project2\/Prokka_output\/MAG55\.err -i \/projects\/micb405\/project1\/Team10\/project2\/Prokka_output\/MAG55\.fsa 2> /dev/null
[21:33:41] Could not run command: tbl2asn -V b -a r10k -l paired-ends -M n -N 1 -y 'Annotated using prokka 1.13 from https://github.com/tseemann/prokka' -Z \/projects\/micb405\/project1\/Team10\/project2\/Prokka_output\/MAG55\.err -i \/projects\/micb405\/project1\/Team10\/project2\/Prokka_output\/MAG55\.fsa 2> /dev/null
