[21:22:03] This is prokka 1.13
[21:22:03] Written by Torsten Seemann <torsten.seemann@gmail.com>
[21:22:03] Homepage is https://github.com/tseemann/prokka
[21:22:03] Local time is Wed Nov 20 21:22:03 2019
[21:22:03] You are linuxbrew
[21:22:03] Operating system is linux
[21:22:03] You have BioPerl 1.007002
[21:22:03] System has 40 cores.
[21:22:03] Will use maximum of 8 cores.
[21:22:03] Annotating as >>> Bacteria <<<
[21:22:03] Re-using existing --outdir /projects/micb405/project1/Team10/project2/Prokka_output
[21:22:03] Using filename prefix: MAG7.XXX
[21:22:03] Setting HMMER_NCPU=1
[21:22:03] Writing log to: /projects/micb405/project1/Team10/project2/Prokka_output/MAG7.log
[21:22:03] Command: /home/linuxbrew/.linuxbrew/bin/prokka --outdir /projects/micb405/project1/Team10/project2/Prokka_output --force --prefix MAG7 --kingdom Bacteria --cpus 8 --locustag MAG7 /projects/micb405/resources/project_2/2019/SaanichInlet_120m/MetaBAT2_SaanichInlet_120m/MedQPlus_MAGs/SaanichInlet_120m.7.fa
[21:22:03] Appending to PATH: /home/linuxbrew/.linuxbrew/Cellar/prokka/1.13/bin
[21:22:03] Looking for 'aragorn' - found /home/linuxbrew/.linuxbrew/bin/aragorn
[21:22:03] Determined aragorn version is 1.2
[21:22:03] Looking for 'barrnap' - found /home/linuxbrew/.linuxbrew/bin/barrnap
[21:22:04] Determined barrnap version is 0.9
[21:22:04] Looking for 'blastp' - found /home/linuxbrew/.linuxbrew/bin/blastp
[21:22:04] Determined blastp version is 2.7
[21:22:04] Looking for 'cmpress' - found /home/linuxbrew/.linuxbrew/bin/cmpress
[21:22:04] Determined cmpress version is 1.1
[21:22:04] Looking for 'cmscan' - found /home/linuxbrew/.linuxbrew/bin/cmscan
[21:22:04] Determined cmscan version is 1.1
[21:22:04] Looking for 'egrep' - found /bin/egrep
[21:22:04] Looking for 'find' - found /usr/bin/find
[21:22:04] Looking for 'grep' - found /bin/grep
[21:22:04] Looking for 'hmmpress' - found /home/linuxbrew/.linuxbrew/bin/hmmpress
[21:22:04] Determined hmmpress version is 3.1
[21:22:04] Looking for 'hmmscan' - found /home/linuxbrew/.linuxbrew/bin/hmmscan
[21:22:04] Determined hmmscan version is 3.1
[21:22:04] Looking for 'java' - found /home/linuxbrew/.linuxbrew/bin/java
[21:22:04] Looking for 'less' - found /home/linuxbrew/.linuxbrew/bin/less
[21:22:04] Looking for 'makeblastdb' - found /home/linuxbrew/.linuxbrew/bin/makeblastdb
[21:22:04] Determined makeblastdb version is 2.7
[21:22:04] Looking for 'minced' - found /home/linuxbrew/.linuxbrew/bin/minced
[21:22:04] Determined minced version is 3.0
[21:22:04] Looking for 'parallel' - found /home/linuxbrew/.linuxbrew/bin/parallel
[21:22:04] Determined parallel version is 20180822
[21:22:04] Looking for 'prodigal' - found /home/linuxbrew/.linuxbrew/bin/prodigal
[21:22:04] Determined prodigal version is 2.6
[21:22:04] Looking for 'prokka-genbank_to_fasta_db' - found /home/linuxbrew/.linuxbrew/bin/prokka-genbank_to_fasta_db
[21:22:04] Looking for 'rnammer' - found /home/linuxbrew/.linuxbrew/bin/rnammer
[21:22:04] Determined rnammer version is 1.2
[21:22:04] Looking for 'sed' - found /bin/sed
[21:22:04] Looking for 'tbl2asn' - found /home/linuxbrew/.linuxbrew/bin/tbl2asn
[21:22:04] Determined tbl2asn version is 25.6
[21:22:04] Using genetic code table 11.
[21:22:04] Loading and checking input file: /projects/micb405/resources/project_2/2019/SaanichInlet_120m/MetaBAT2_SaanichInlet_120m/MedQPlus_MAGs/SaanichInlet_120m.7.fa
[21:22:04] Wrote 34 contigs totalling 1437930 bp.
[21:22:04] Predicting tRNAs and tmRNAs
[21:22:04] Running: aragorn -l -gc11  -w \/projects\/micb405\/project1\/Team10\/project2\/Prokka_output\/MAG7\.fna
[21:22:06] 1 tRNA-Ser [48903,48993] 35 (tga)
[21:22:06] 2 tRNA-Arg c[51365,51438] 35 (cct)
[21:22:06] 3 tRNA-Gly c[72149,72224] 34 (gcc)
[21:22:06] 4 tRNA-Glu c[72252,72327] 35 (ttc)
[21:22:06] 1 tRNA-Met c[2016,2092] 35 (cat)
[21:22:06] 1 tRNA-Val [14270,14345] 34 (tac)
[21:22:06] 2 tRNA-Asp [14364,14440] 35 (gtc)
[21:22:06] 1 tRNA-Arg c[20162,20238] 35 (tcg)
[21:22:06] 2 tRNA-Ser [34677,34767] 35 (gct)
[21:22:06] 1 tRNA-Lys [21666,21741] 34 (ttt)
[21:22:06] 2 tRNA-Ala [29039,29114] 34 (ggc)
[21:22:06] 3 tRNA-Cys [86861,86934] 33 (gca)
[21:22:06] 4 tRNA-Leu [87109,87195] 35 (taa)
[21:22:06] 1 tRNA-Ser c[41127,41217] 35 (gga)
[21:22:06] 1 tRNA-Phe [12584,12659] 34 (gaa)
[21:22:06] 1 tRNA-His c[59956,60031] 34 (gtg)
[21:22:06] 2 tRNA-Arg c[60075,60151] 35 (tct)
[21:22:06] 3 tRNA-Pro c[60170,60246] 35 (tgg)
[21:22:06] 1 tRNA-Asn c[118,193] 34 (gtt)
[21:22:06] 2 tRNA-Val [5364,5440] 35 (gac)
[21:22:06] 1 tRNA-Met [1839,1915] 35 (cat)
[21:22:06] 1 tRNA-Leu c[61579,61665] 35 (caa)
[21:22:06] 1 tRNA-Arg [15199,15275] 35 (acg)
[21:22:06] 1 tRNA-Leu [26211,26295] 35 (tag)
[21:22:06] 1 tRNA-Pro [4,80] 35 (ggg)
[21:22:06] 1 tRNA-Met c[211,287] 35 (cat)
[21:22:06] 2 tRNA-Gln c[6325,6399] 34 (ttg)
[21:22:06] 1 tRNA-Pro c[68,144] 35 (ggg)
[21:22:06] Found 28 tRNAs
[21:22:06] Predicting Ribosomal RNAs
[21:22:06] Running Barrnap with 8 threads
[21:22:06] Found 0 rRNAs
[21:22:06] Skipping ncRNA search, enable with --rfam if desired.
[21:22:06] Total of 28 tRNA + rRNA features
[21:22:06] Searching for CRISPR repeats
[21:22:07] Found 0 CRISPRs
[21:22:07] Predicting coding sequences
[21:22:07] Contigs total 1437930 bp, so using single mode
[21:22:07] Running: prodigal -i \/projects\/micb405\/project1\/Team10\/project2\/Prokka_output\/MAG7\.fna -c -m -g 11 -p single -f sco -q
[21:22:09] Excluding CDS which overlaps existing RNA (tRNA) at SaanichInlet_120m_7_16:60074..60409 on + strand
[21:22:09] Excluding CDS which overlaps existing RNA (tRNA) at SaanichInlet_120m_7_29:6378..7244 on - strand
[21:22:09] Found 1321 CDS
[21:22:09] Connecting features back to sequences
[21:22:09] Not using genus-specific database. Try --usegenus to enable it.
[21:22:09] Annotating CDS, please be patient.
[21:22:09] Will use 8 CPUs for similarity searching.
[21:22:09] There are still 1321 unannotated CDS left (started with 1321)
[21:22:09] Will use blast to search against /home/linuxbrew/.linuxbrew/Cellar/prokka/1.13/bin/../db/kingdom/Bacteria/sprot with 8 CPUs
[21:22:09] Running: cat \/projects\/micb405\/project1\/Team10\/project2\/Prokka_output\/sprot\.faa | parallel --gnu --plain -j 8 --block 27702 --recstart '>' --pipe blastp -query - -db /home/linuxbrew/.linuxbrew/Cellar/prokka/1.13/bin/../db/kingdom/Bacteria/sprot -evalue 1e-06 -num_threads 1 -num_descriptions 1 -num_alignments 1 -seg no > \/projects\/micb405\/project1\/Team10\/project2\/Prokka_output\/sprot\.blast 2> /dev/null
[21:22:27] Modify product: Uncharacterized ABC transporter ATP-binding protein YadG => putative ABC transporter ATP-binding protein YadG
[21:22:27] Modify product: Universal stress protein A homolog 2 => Universal stress protein A 
[21:22:27] Modify product: Uncharacterized protein YqcC => putative protein YqcC
[21:22:27] Modify product: Probable ATP-dependent helicase DinG => putative ATP-dependent helicase DinG
[21:22:27] Modify product: UPF0716 protein FxsA => hypothetical protein
[21:22:27] Modify product: Probable metabolite transport protein CsbC => putative metabolite transport protein CsbC
[21:22:27] Modify product: Glutathione peroxidase homolog BsaA => Glutathione peroxidase BsaA
[21:22:27] Modify product: Probable enoyl-CoA hydratase => putative enoyl-CoA hydratase
[21:22:27] Modify product: UPF0053 inner membrane protein YfjD => hypothetical protein
[21:22:27] Modify product: Uncharacterized tRNA/rRNA methyltransferase Rv3579c => putative tRNA/rRNA methyltransferase
[21:22:27] Modify product: Uncharacterized signaling protein PA1727 => putative signaling protein
[21:22:27] Modify product: Uncharacterized protein YciO => putative protein YciO
[21:22:27] Modify product: Segregation and condensation protein B homolog => Segregation and condensation protein B 
[21:22:27] Modify product: Uncharacterized oxidoreductase YciK => putative oxidoreductase YciK
[21:22:27] Modify product: UPF0270 protein PA3463 => hypothetical protein
[21:22:27] Modify product: UPF0250 protein YbeD => hypothetical protein
[21:22:27] Modify product: Probable nicotinate-nucleotide adenylyltransferase => putative nicotinate-nucleotide adenylyltransferase
[21:22:27] Modify product: Probable membrane transporter protein YfcA => putative membrane transporter protein YfcA
[21:22:27] Modify product: Uncharacterized symporter YidK => putative symporter YidK
[21:22:27] Modify product: UPF0271 protein PA4511 => hypothetical protein
[21:22:27] Modify product: Putative hydro-lyase Atu3911 => Putative hydro-lyase
[21:22:27] Modify product: Probable RNA polymerase sigma factor FecI => putative RNA polymerase sigma factor FecI
[21:22:27] Modify product: Probable multidrug-efflux transporter Rv1258c => putative multidrug-efflux transporter
[21:22:27] Modify product: Uncharacterized oxidoreductase SA2266 => putative oxidoreductase
[21:22:27] Modify product: Putative formate dehydrogenase SA2102 => Putative formate dehydrogenase
[21:22:27] Modify product: Glycine betaine/proline/choline transporter VP1723 => Glycine betaine/proline/choline transporter
[21:22:27] Modify product: Uncharacterized HTH-type transcriptional regulator TtgW => putative HTH-type transcriptional regulator TtgW
[21:22:27] Modify product: Uncharacterized metal-dependent hydrolase YcfH => putative metal-dependent hydrolase YcfH
[21:22:27] Modify product: Uncharacterized oxidoreductase SA2266 => putative oxidoreductase
[21:22:27] Modify product: Uncharacterized HTH-type transcriptional regulator Rv1395 => putative HTH-type transcriptional regulator
[21:22:27] Modify product: Uncharacterized FAD-linked oxidoreductase Rv2280 => putative FAD-linked oxidoreductase
[21:22:27] Modify product: Probable protein kinase UbiB => putative protein kinase UbiB
[21:22:27] Modify product: UPF0225 protein YchJ => hypothetical protein
[21:22:27] Modify product: UPF0234 protein YajQ => hypothetical protein
[21:22:27] Modify product: Probable lipid II flippase MurJ => putative lipid II flippase MurJ
[21:22:27] Modify product: Uncharacterized protein YqiC => putative protein YqiC
[21:22:27] Modify product: Cyclic nucleotide-gated potassium channel mll3241 => Cyclic nucleotide-gated potassium channel
[21:22:27] Modify product: Probable amino-acid metabolite efflux pump => putative amino-acid metabolite efflux pump
[21:22:27] Modify product: Uncharacterized protein YciH => putative protein YciH
[21:22:27] Modify product: Uncharacterized HTH-type transcriptional regulator Rv1395 => putative HTH-type transcriptional regulator
[21:22:27] Modify product: Uncharacterized oxidoreductase Rv1144 => putative oxidoreductase
[21:22:27] Modify product: Probable TonB-dependent receptor NMB0964 => putative TonB-dependent receptor
[21:22:27] Modify product: Probable Fe(2+)-trafficking protein => putative Fe(2+)-trafficking protein
[21:22:27] Modify product: Putative short-chain type dehydrogenase/reductase Rv0148 => Putative short-chain type dehydrogenase/reductase
[21:22:27] Modify product: Probable enoyl-CoA hydratase 1 => putative enoyl-CoA hydratase 1
[21:22:27] Modify product: Probable L-galactonate transporter => putative L-galactonate transporter
[21:22:27] Modify product: Uncharacterized protein YqeY => putative protein YqeY
[21:22:27] Modify product: Universal stress protein E homolog => Universal stress protein E 
[21:22:27] Modify product: Putative short-chain type dehydrogenase/reductase Rv0148 => Putative short-chain type dehydrogenase/reductase
[21:22:27] Modify product: Probable protease SohB => putative protease SohB
[21:22:27] Modify product: Cyclic di-GMP phosphodiesterase PA4108 => Cyclic di-GMP phosphodiesterase
[21:22:27] Modify product: Uncharacterized protein Rv2277c => putative protein
[21:22:27] Modify product: Probable enoyl-CoA hydratase echA14 => putative enoyl-CoA hydratase echA14
[21:22:27] Modify product: Bifunctional protein FolD => Bifunctional protein FolD protein
[21:22:27] Modify product: Acetyltransferase SACOL1063 => Acetyltransferase
[21:22:28] Modify product: UPF0761 membrane protein YihY => hypothetical protein
[21:22:28] Modify product: Uncharacterized protein YfgD => putative protein YfgD
[21:22:28] Modify product: UPF0102 protein RPA0323 => hypothetical protein
[21:22:28] Modify product: Probable GTPase Rv1496 => putative GTPase
[21:22:28] Modify product: Cyclic di-GMP phosphodiesterase PA4108 => Cyclic di-GMP phosphodiesterase
[21:22:28] Modify product: Probable M18 family aminopeptidase 2 => putative M18 family aminopeptidase 2
[21:22:28] Modify product: Probable FMN/FAD exporter YeeO => putative FMN/FAD exporter YeeO
[21:22:28] Modify product: UPF0070 protein HI_0370 => hypothetical protein
[21:22:28] Modify product: Uncharacterized signaling protein PA1727 => putative signaling protein
[21:22:28] Modify product: Co-chaperone protein HscB homolog => Co-chaperone protein HscB 
[21:22:28] Modify product: UPF0053 protein Rv2366c => hypothetical protein
[21:22:28] Modify product: Uncharacterized ABC transporter ATP-binding protein YknY => putative ABC transporter ATP-binding protein YknY
[21:22:28] Modify product: UPF0276 protein CCNA_03364 => hypothetical protein
[21:22:28] Modify product: Probable phospholipid-binding lipoprotein MlaA => putative phospholipid-binding lipoprotein MlaA
[21:22:28] Modify product: Uncharacterized inner membrane transporter YhbE => putative inner membrane transporter YhbE
[21:22:28] Modify product: Probable 2-dehydro-3-deoxygalactonokinase DgoK1 => putative 2-dehydro-3-deoxygalactonokinase DgoK1
[21:22:28] Modify product: Probable peptidoglycan glycosyltransferase FtsW => putative peptidoglycan glycosyltransferase FtsW
[21:22:28] Modify product: UPF0178 protein YaiI => hypothetical protein
[21:22:28] Modify product: Uncharacterized FAD-linked oxidoreductase Rv2280 => putative FAD-linked oxidoreductase
[21:22:28] Modify product: Probable serine/threonine-protein kinase YbdM => putative serine/threonine-protein kinase YbdM
[21:22:28] Modify product: Uncharacterized protein Rv0897c => putative protein
[21:22:28] Modify product: Probable diguanylate cyclase DgcQ => putative diguanylate cyclase DgcQ
[21:22:28] Modify product: Uncharacterized HTH-type transcriptional regulator Rv1395 => putative HTH-type transcriptional regulator
[21:22:28] Modify product: Probable DNA endonuclease SmrA => putative DNA endonuclease SmrA
[21:22:28] Modify product: Probable 2-dehydropantoate 2-reductase => putative 2-dehydropantoate 2-reductase
[21:22:28] Modify product: Uncharacterized HTH-type transcriptional regulator YybR => putative HTH-type transcriptional regulator YybR
[21:22:28] Modify product: Putative trans-acting enoyl reductase Rv2449c => Putative trans-acting enoyl reductase
[21:22:28] Modify product: UPF0176 protein lpg2838 => hypothetical protein
[21:22:28] Modify product: Aldo/keto reductase slr0942 => Aldo/keto reductase
[21:22:28] Modify product: Uncharacterized protein Rv1480 => putative protein
[21:22:28] Modify product: UPF0353 protein Rv1481 => hypothetical protein
[21:22:28] Modify product: Uncharacterized oxidoreductase SA2266 => putative oxidoreductase
[21:22:28] Modify product: Epimerase family protein SA0724 => Epimerase family protein
[21:22:28] Modify product: Peroxiredoxin sll1621 => Peroxiredoxin
[21:22:28] Modify product: Uncharacterized protein Atu1656 => putative protein
[21:22:28] Modify product: Putative multidrug export ATP-binding/permease protein SA1683 => Putative multidrug export ATP-binding/permease protein
[21:22:28] Modify product: Probable transcriptional regulatory protein aq_1575 => putative transcriptional regulatory protein
[21:22:28] Cleaned 92 /product names
[21:22:28] Deleting unwanted file: /projects/micb405/project1/Team10/project2/Prokka_output/sprot.faa
[21:22:28] Deleting unwanted file: /projects/micb405/project1/Team10/project2/Prokka_output/sprot.blast
[21:22:28] There are still 338 unannotated CDS left (started with 1321)
[21:22:28] Will use hmmer3 to search against /home/linuxbrew/.linuxbrew/Cellar/prokka/1.13/bin/../db/hmm/HAMAP.hmm with 8 CPUs
[21:22:28] Running: cat \/projects\/micb405\/project1\/Team10\/project2\/Prokka_output\/HAMAP\.hmm\.faa | parallel --gnu --plain -j 8 --block 5295 --recstart '>' --pipe hmmscan --noali --notextw --acc -E 1e-06 --cpu 1 /home/linuxbrew/.linuxbrew/Cellar/prokka/1.13/bin/../db/hmm/HAMAP.hmm /dev/stdin > \/projects\/micb405\/project1\/Team10\/project2\/Prokka_output\/HAMAP\.hmm\.hmmer3 2> /dev/null
[21:22:33] Modify product: Uncharacterized Nudix hydrolase NudL => putative Nudix hydrolase NudL
[21:22:33] Cleaned 1 /product names
[21:22:33] Deleting unwanted file: /projects/micb405/project1/Team10/project2/Prokka_output/HAMAP.hmm.faa
[21:22:33] Deleting unwanted file: /projects/micb405/project1/Team10/project2/Prokka_output/HAMAP.hmm.hmmer3
[21:22:33] Labelling remaining 308 proteins as 'hypothetical protein'
[21:22:33] Possible /pseudo 'HTH-type transcriptional regulator CdhR' at SaanichInlet_120m_7_19 position 19569
[21:22:33] Possible /pseudo 'Beta-glucanase' at SaanichInlet_120m_7_22 position 55339
[21:22:33] Found 857 unique /gene codes.
[21:22:33] Fixed 2 duplicate /gene - yfdE_1 yfdE_2
[21:22:33] Fixed 3 duplicate /gene - crt_1 crt_2 crt_3
[21:22:33] Fixed 2 duplicate /gene - ilvI_1 ilvI_2
[21:22:33] Fixed 2 duplicate /gene - dapb3_1 dapb3_2
[21:22:33] Fixed 3 duplicate /gene - fadB_1 fadB_2 fadB_3
[21:22:33] Fixed 2 duplicate /gene - ald_1 ald_2
[21:22:33] Fixed 2 duplicate /gene - ethA_1 ethA_2
[21:22:33] Fixed 2 duplicate /gene - pepN_1 pepN_2
[21:22:33] Fixed 2 duplicate /gene - puuA_1 puuA_2
[21:22:33] Fixed 2 duplicate /gene - alsT_1 alsT_2
[21:22:33] Fixed 2 duplicate /gene - cysE_1 cysE_2
[21:22:33] Fixed 2 duplicate /gene - caiD_1 caiD_2
[21:22:33] Fixed 2 duplicate /gene - acrC_1 acrC_2
[21:22:33] Fixed 2 duplicate /gene - ubiG_1 ubiG_2
[21:22:33] Fixed 2 duplicate /gene - fadH_1 fadH_2
[21:22:33] Fixed 2 duplicate /gene - soxB_1 soxB_2
[21:22:33] Fixed 2 duplicate /gene - mltC_1 mltC_2
[21:22:33] Fixed 2 duplicate /gene - cirA_1 cirA_2
[21:22:33] Fixed 2 duplicate /gene - msrB_1 msrB_2
[21:22:33] Fixed 2 duplicate /gene - bglA_1 bglA_2
[21:22:33] Fixed 3 duplicate /gene - spuC_1 spuC_2 spuC_3
[21:22:33] Fixed 2 duplicate /gene - soxD_1 soxD_2
[21:22:33] Fixed 2 duplicate /gene - rpoE_1 rpoE_2
[21:22:33] Fixed 2 duplicate /gene - atoS_1 atoS_2
[21:22:33] Fixed 4 duplicate /gene - fabG_1 fabG_2 fabG_3 fabG_4
[21:22:33] Fixed 2 duplicate /gene - metH_1 metH_2
[21:22:33] Fixed 2 duplicate /gene - aroK_1 aroK_2
[21:22:33] Fixed 2 duplicate /gene - nudC_1 nudC_2
[21:22:33] Fixed 2 duplicate /gene - tdh_1 tdh_2
[21:22:33] Fixed 2 duplicate /gene - cdhR_1 cdhR_2
[21:22:33] Fixed 3 duplicate /gene - fyuA_1 fyuA_2 fyuA_3
[21:22:33] Fixed 2 duplicate /gene - atsA_1 atsA_2
[21:22:33] Fixed 2 duplicate /gene - folK_1 folK_2
[21:22:33] Fixed 4 duplicate /gene - lrp_1 lrp_2 lrp_3 lrp_4
[21:22:33] Fixed 2 duplicate /gene - blc_1 blc_2
[21:22:33] Fixed 2 duplicate /gene - dmdC_1 dmdC_2
[21:22:33] Fixed 2 duplicate /gene - soxA_1 soxA_2
[21:22:33] Fixed 3 duplicate /gene - accA1_1 accA1_2 accA1_3
[21:22:33] Fixed 2 duplicate /gene - acpP_1 acpP_2
[21:22:33] Fixed 2 duplicate /gene - acdA_1 acdA_2
[21:22:33] Fixed 2 duplicate /gene - menH_1 menH_2
[21:22:33] Fixed 2 duplicate /gene - btuB_1 btuB_2
[21:22:33] Fixed 3 duplicate /gene - nfdA_1 nfdA_2 nfdA_3
[21:22:33] Fixed 2 duplicate /gene - xerC_1 xerC_2
[21:22:33] Fixed 2 duplicate /gene - glpK_1 glpK_2
[21:22:33] Fixed 2 duplicate /gene - tolQ_1 tolQ_2
[21:22:33] Fixed 6 duplicate /gene - bepA_1 bepA_2 bepA_3 bepA_4 bepA_5 bepA_6
[21:22:33] Fixed 2 duplicate /gene - mepM_1 mepM_2
[21:22:33] Fixed 2 duplicate /gene - nlhH_1 nlhH_2
[21:22:33] Fixed 49 colliding /gene names.
[21:22:33] Adding /locus_tag identifiers
[21:22:33] Assigned 1349 locus_tags to CDS and RNA features.
[21:22:33] Writing outputs to /projects/micb405/project1/Team10/project2/Prokka_output/
[21:22:34] Generating annotation statistics file
[21:22:34] Generating Genbank and Sequin files
[21:22:34] Running: tbl2asn -V b -a r10k -l paired-ends -M n -N 1 -y 'Annotated using prokka 1.13 from https://github.com/tseemann/prokka' -Z \/projects\/micb405\/project1\/Team10\/project2\/Prokka_output\/MAG7\.err -i \/projects\/micb405\/project1\/Team10\/project2\/Prokka_output\/MAG7\.fsa 2> /dev/null
[21:22:37] Could not run command: tbl2asn -V b -a r10k -l paired-ends -M n -N 1 -y 'Annotated using prokka 1.13 from https://github.com/tseemann/prokka' -Z \/projects\/micb405\/project1\/Team10\/project2\/Prokka_output\/MAG7\.err -i \/projects\/micb405\/project1\/Team10\/project2\/Prokka_output\/MAG7\.fsa 2> /dev/null
