[21:28:17] This is prokka 1.13
[21:28:17] Written by Torsten Seemann <torsten.seemann@gmail.com>
[21:28:17] Homepage is https://github.com/tseemann/prokka
[21:28:17] Local time is Wed Nov 20 21:28:17 2019
[21:28:17] You are linuxbrew
[21:28:17] Operating system is linux
[21:28:17] You have BioPerl 1.007002
[21:28:17] System has 40 cores.
[21:28:17] Will use maximum of 8 cores.
[21:28:17] Annotating as >>> Archaea <<<
[21:28:17] Re-using existing --outdir /projects/micb405/project1/Team10/project2/Prokka_output
[21:28:17] Using filename prefix: MAG99.XXX
[21:28:17] Setting HMMER_NCPU=1
[21:28:17] Writing log to: /projects/micb405/project1/Team10/project2/Prokka_output/MAG99.log
[21:28:17] Command: /home/linuxbrew/.linuxbrew/bin/prokka --outdir /projects/micb405/project1/Team10/project2/Prokka_output --force --prefix MAG99 --kingdom Archaea --cpus 8 --locustag MAG99 /projects/micb405/resources/project_2/2019/SaanichInlet_120m/MetaBAT2_SaanichInlet_120m/MedQPlus_MAGs/SaanichInlet_120m.99.fa
[21:28:17] Appending to PATH: /home/linuxbrew/.linuxbrew/Cellar/prokka/1.13/bin
[21:28:17] Looking for 'aragorn' - found /home/linuxbrew/.linuxbrew/bin/aragorn
[21:28:17] Determined aragorn version is 1.2
[21:28:17] Looking for 'barrnap' - found /home/linuxbrew/.linuxbrew/bin/barrnap
[21:28:17] Determined barrnap version is 0.9
[21:28:17] Looking for 'blastp' - found /home/linuxbrew/.linuxbrew/bin/blastp
[21:28:17] Determined blastp version is 2.7
[21:28:17] Looking for 'cmpress' - found /home/linuxbrew/.linuxbrew/bin/cmpress
[21:28:17] Determined cmpress version is 1.1
[21:28:17] Looking for 'cmscan' - found /home/linuxbrew/.linuxbrew/bin/cmscan
[21:28:17] Determined cmscan version is 1.1
[21:28:17] Looking for 'egrep' - found /bin/egrep
[21:28:17] Looking for 'find' - found /usr/bin/find
[21:28:17] Looking for 'grep' - found /bin/grep
[21:28:17] Looking for 'hmmpress' - found /home/linuxbrew/.linuxbrew/bin/hmmpress
[21:28:17] Determined hmmpress version is 3.1
[21:28:17] Looking for 'hmmscan' - found /home/linuxbrew/.linuxbrew/bin/hmmscan
[21:28:17] Determined hmmscan version is 3.1
[21:28:17] Looking for 'java' - found /home/linuxbrew/.linuxbrew/bin/java
[21:28:17] Looking for 'less' - found /home/linuxbrew/.linuxbrew/bin/less
[21:28:17] Looking for 'makeblastdb' - found /home/linuxbrew/.linuxbrew/bin/makeblastdb
[21:28:17] Determined makeblastdb version is 2.7
[21:28:17] Looking for 'minced' - found /home/linuxbrew/.linuxbrew/bin/minced
[21:28:17] Determined minced version is 3.0
[21:28:17] Looking for 'parallel' - found /home/linuxbrew/.linuxbrew/bin/parallel
[21:28:18] Determined parallel version is 20180822
[21:28:18] Looking for 'prodigal' - found /home/linuxbrew/.linuxbrew/bin/prodigal
[21:28:18] Determined prodigal version is 2.6
[21:28:18] Looking for 'prokka-genbank_to_fasta_db' - found /home/linuxbrew/.linuxbrew/bin/prokka-genbank_to_fasta_db
[21:28:18] Looking for 'rnammer' - found /home/linuxbrew/.linuxbrew/bin/rnammer
[21:28:18] Determined rnammer version is 1.2
[21:28:18] Looking for 'sed' - found /bin/sed
[21:28:18] Looking for 'tbl2asn' - found /home/linuxbrew/.linuxbrew/bin/tbl2asn
[21:28:18] Determined tbl2asn version is 25.6
[21:28:18] Using genetic code table 11.
[21:28:18] Loading and checking input file: /projects/micb405/resources/project_2/2019/SaanichInlet_120m/MetaBAT2_SaanichInlet_120m/MedQPlus_MAGs/SaanichInlet_120m.99.fa
[21:28:18] Wrote 119 contigs totalling 747220 bp.
[21:28:18] Predicting tRNAs and tmRNAs
[21:28:18] Running: aragorn -l -gc11  -w \/projects\/micb405\/project1\/Team10\/project2\/Prokka_output\/MAG99\.fna
[21:28:18] 1 tRNA-Thr c[2702,2773] 33 (ggt)
[21:28:18] 1 tRNA-Thr [3650,3722] 34 (cgt)
[21:28:18] 1 tRNA-Glu c[2707,2784] 37 (ctc)
[21:28:18] 1 tRNA-His [2173,2246] 35 (gtg)
[21:28:18] 1 tRNA-Gly c[3051,3124] 35 (tcc)
[21:28:18] 1 tRNA-Arg [14172,14247] 37 (gcg)
[21:28:18] 1 tRNA-Phe [5840,5913] 35 (gaa)
[21:28:18] 1 tRNA-Glu [7650,7727] 37 (ttc)
[21:28:18] 1 tRNA-Ile c[14021,14096] 36 (gat)
[21:28:18] Found 9 tRNAs
[21:28:18] Predicting Ribosomal RNAs
[21:28:18] Running Barrnap with 8 threads
[21:28:19] 1 SaanichInlet_120m_99_77 6627 5S ribosomal RNA (partial)
[21:28:19] Found 1 rRNAs
[21:28:19] Skipping ncRNA search, enable with --rfam if desired.
[21:28:19] Total of 10 tRNA + rRNA features
[21:28:19] Searching for CRISPR repeats
[21:28:19] Found 0 CRISPRs
[21:28:19] Predicting coding sequences
[21:28:19] Contigs total 747220 bp, so using single mode
[21:28:19] Running: prodigal -i \/projects\/micb405\/project1\/Team10\/project2\/Prokka_output\/MAG99\.fna -c -m -g 11 -p single -f sco -q
[21:28:20] Excluding CDS which overlaps existing RNA (tRNA) at SaanichInlet_120m_99_8:3722..6274 on - strand
[21:28:20] Found 876 CDS
[21:28:20] Connecting features back to sequences
[21:28:20] Not using genus-specific database. Try --usegenus to enable it.
[21:28:20] Annotating CDS, please be patient.
[21:28:20] Will use 8 CPUs for similarity searching.
[21:28:21] There are still 876 unannotated CDS left (started with 876)
[21:28:21] Will use blast to search against /home/linuxbrew/.linuxbrew/Cellar/prokka/1.13/bin/../db/kingdom/Archaea/sprot with 8 CPUs
[21:28:21] Running: cat \/projects\/micb405\/project1\/Team10\/project2\/Prokka_output\/sprot\.faa | parallel --gnu --plain -j 8 --block 13399 --recstart '>' --pipe blastp -query - -db /home/linuxbrew/.linuxbrew/Cellar/prokka/1.13/bin/../db/kingdom/Archaea/sprot -evalue 1e-06 -num_threads 1 -num_descriptions 1 -num_alignments 1 -seg no > \/projects\/micb405\/project1\/Team10\/project2\/Prokka_output\/sprot\.blast 2> /dev/null
[21:28:22] Modify product: Probable deoxyhypusine synthase => putative deoxyhypusine synthase
[21:28:22] Modify product: Uncharacterized NOP5 family protein MJ0694 => putative NOP5 family protein
[21:28:22] Modify product: Probable ATP-dependent RNA helicase MJ0669 => putative ATP-dependent RNA helicase
[21:28:22] Modify product: Uncharacterized protein MJ0480 => putative protein
[21:28:22] Modify product: Probable phosphoenolpyruvate synthase => putative phosphoenolpyruvate synthase
[21:28:22] Modify product: Protein pelota homolog => Protein pelota 
[21:28:22] Modify product: Probable branched-chain amino acid transport ATP-binding protein LivG => putative branched-chain amino acid transport ATP-binding protein LivG
[21:28:22] Modify product: ATP-dependent DNA helicase Ta0057 => ATP-dependent DNA helicase
[21:28:22] Modify product: Uncharacterized protein AF_1382 => putative protein
[21:28:22] Modify product: Uncharacterized ABC transporter ATP-binding protein MJ0796 => putative ABC transporter ATP-binding protein
[21:28:23] Modify product: Probable thymidylate kinase => putative thymidylate kinase
[21:28:23] Modify product: Probable translation initiation factor IF-2 => putative translation initiation factor IF-2
[21:28:23] Modify product: Iron-sulfur flavoprotein MJ1083 => Iron-sulfur flavoprotein
[21:28:23] Modify product: Uncharacterized HTH-type transcriptional regulator PH1519 => putative HTH-type transcriptional regulator
[21:28:23] Modify product: Uncharacterized HTH-type transcriptional regulator PH1519 => putative HTH-type transcriptional regulator
[21:28:23] Modify product: Uncharacterized ABC transporter ATP-binding protein MJ0796 => putative ABC transporter ATP-binding protein
[21:28:23] Modify product: Putative FKBP-type peptidyl-prolyl cis-trans isomerase MJ0825 => Putative FKBP-type peptidyl-prolyl cis-trans isomerase
[21:28:23] Modify product: Probable adenylyl-sulfate kinase => putative adenylyl-sulfate kinase
[21:28:23] Cleaned 18 /product names
[21:28:23] Deleting unwanted file: /projects/micb405/project1/Team10/project2/Prokka_output/sprot.faa
[21:28:23] Deleting unwanted file: /projects/micb405/project1/Team10/project2/Prokka_output/sprot.blast
[21:28:23] There are still 643 unannotated CDS left (started with 876)
[21:28:23] Will use hmmer3 to search against /home/linuxbrew/.linuxbrew/Cellar/prokka/1.13/bin/../db/hmm/HAMAP.hmm with 8 CPUs
[21:28:23] Running: cat \/projects\/micb405\/project1\/Team10\/project2\/Prokka_output\/HAMAP\.hmm\.faa | parallel --gnu --plain -j 8 --block 9269 --recstart '>' --pipe hmmscan --noali --notextw --acc -E 1e-06 --cpu 1 /home/linuxbrew/.linuxbrew/Cellar/prokka/1.13/bin/../db/hmm/HAMAP.hmm /dev/stdin > \/projects\/micb405\/project1\/Team10\/project2\/Prokka_output\/HAMAP\.hmm\.hmmer3 2> /dev/null
[21:28:32] Deleting unwanted file: /projects/micb405/project1/Team10/project2/Prokka_output/HAMAP.hmm.faa
[21:28:32] Deleting unwanted file: /projects/micb405/project1/Team10/project2/Prokka_output/HAMAP.hmm.hmmer3
[21:28:32] Labelling remaining 550 proteins as 'hypothetical protein'
[21:28:32] Possible /pseudo 'D-inositol-3-phosphate glycosyltransferase' at SaanichInlet_120m_99_10 position 1641
[21:28:32] Possible /pseudo '4-amino-4-deoxy-L-arabinose-phosphoundecaprenol flippase subunit ArnE' at SaanichInlet_120m_99_53 position 466
[21:28:32] Possible /pseudo 'Phosphoenolpyruvate synthase' at SaanichInlet_120m_99_86 position 5018
[21:28:32] Possible /pseudo '1-deoxy-D-xylulose-5-phosphate synthase' at SaanichInlet_120m_99_110 position 7404
[21:28:32] Found 208 unique /gene codes.
[21:28:32] Fixed 2 duplicate /gene - aglJ_1 aglJ_2
[21:28:32] Fixed 2 duplicate /gene - rnj_1 rnj_2
[21:28:32] Fixed 2 duplicate /gene - xerA_1 xerA_2
[21:28:32] Fixed 2 duplicate /gene - ftsZ1_1 ftsZ1_2
[21:28:32] Fixed 4 duplicate /gene - ubiE_1 ubiE_2 ubiE_3 ubiE_4
[21:28:32] Fixed 2 duplicate /gene - dnaJ_1 dnaJ_2
[21:28:32] Fixed 3 duplicate /gene - trmBL1_1 trmBL1_2 trmBL1_3
[21:28:32] Fixed 2 duplicate /gene - uppS_1 uppS_2
[21:28:32] Fixed 3 duplicate /gene - ribL_1 ribL_2 ribL_3
[21:28:32] Fixed 2 duplicate /gene - dph2_1 dph2_2
[21:28:32] Fixed 2 duplicate /gene - cysC_1 cysC_2
[21:28:32] Fixed 2 duplicate /gene - trmI_1 trmI_2
[21:28:32] Fixed 2 duplicate /gene - dusB_1 dusB_2
[21:28:32] Fixed 2 duplicate /gene - arnE_1 arnE_2
[21:28:32] Fixed 2 duplicate /gene - rimO_1 rimO_2
[21:28:32] Fixed 2 duplicate /gene - lon_1 lon_2
[21:28:32] Fixed 3 duplicate /gene - tmk_1 tmk_2 tmk_3
[21:28:32] Fixed 2 duplicate /gene - argX_1 argX_2
[21:28:32] Fixed 2 duplicate /gene - glmU_1 glmU_2
[21:28:32] Fixed 2 duplicate /gene - lysA_1 lysA_2
[21:28:32] Fixed 2 duplicate /gene - deoA_1 deoA_2
[21:28:32] Fixed 3 duplicate /gene - nudF_1 nudF_2 nudF_3
[21:28:32] Fixed 2 duplicate /gene - dut_1 dut_2
[21:28:32] Fixed 2 duplicate /gene - der_1 der_2
[21:28:32] Fixed 3 duplicate /gene - ppsA_1 ppsA_2 ppsA_3
[21:28:32] Fixed 2 duplicate /gene - tfb_1 tfb_2
[21:28:32] Fixed 2 duplicate /gene - dxs_1 dxs_2
[21:28:32] Fixed 3 duplicate /gene - menH_1 menH_2 menH_3
[21:28:32] Fixed 2 duplicate /gene - tam_1 tam_2
[21:28:32] Fixed 3 duplicate /gene - smc_1 smc_2 smc_3
[21:28:32] Fixed 2 duplicate /gene - arsM_1 arsM_2
[21:28:32] Fixed 2 duplicate /gene - polC_1 polC_2
[21:28:32] Fixed 2 duplicate /gene - fcl_1 fcl_2
[21:28:32] Fixed 5 duplicate /gene - mshA_1 mshA_2 mshA_3 mshA_4 mshA_5
[21:28:32] Fixed 3 duplicate /gene - miaB_1 miaB_2 miaB_3
[21:28:32] Fixed 4 duplicate /gene - ubiG_1 ubiG_2 ubiG_3 ubiG_4
[21:28:32] Fixed 2 duplicate /gene - dnaK_1 dnaK_2
[21:28:32] Fixed 4 duplicate /gene - pqqE_1 pqqE_2 pqqE_3 pqqE_4
[21:28:32] Fixed 38 colliding /gene names.
[21:28:32] Adding /locus_tag identifiers
[21:28:32] Assigned 886 locus_tags to CDS and RNA features.
[21:28:32] Writing outputs to /projects/micb405/project1/Team10/project2/Prokka_output/
[21:28:33] Generating annotation statistics file
[21:28:33] Generating Genbank and Sequin files
[21:28:33] Running: tbl2asn -V b -a r10k -l paired-ends -M n -N 1 -y 'Annotated using prokka 1.13 from https://github.com/tseemann/prokka' -Z \/projects\/micb405\/project1\/Team10\/project2\/Prokka_output\/MAG99\.err -i \/projects\/micb405\/project1\/Team10\/project2\/Prokka_output\/MAG99\.fsa 2> /dev/null
[21:28:35] Could not run command: tbl2asn -V b -a r10k -l paired-ends -M n -N 1 -y 'Annotated using prokka 1.13 from https://github.com/tseemann/prokka' -Z \/projects\/micb405\/project1\/Team10\/project2\/Prokka_output\/MAG99\.err -i \/projects\/micb405\/project1\/Team10\/project2\/Prokka_output\/MAG99\.fsa 2> /dev/null
