                                 Started job on |	Oct 28 21:12:15
                             Started mapping on |	Oct 28 21:12:35
                                    Finished on |	Oct 28 21:14:53
       Mapping speed, Million of reads per hour |	91.01

                          Number of input reads |	3488578
                      Average input read length |	250
                                    UNIQUE READS:
                   Uniquely mapped reads number |	2440968
                        Uniquely mapped reads % |	69.97%
                          Average mapped length |	246.24
                       Number of splices: Total |	388445
            Number of splices: Annotated (sjdb) |	374804
                       Number of splices: GT/AG |	382253
                       Number of splices: GC/AG |	2788
                       Number of splices: AT/AC |	402
               Number of splices: Non-canonical |	3002
                      Mismatch rate per base, % |	0.25%
                         Deletion rate per base |	0.01%
                        Deletion average length |	1.44
                        Insertion rate per base |	0.01%
                       Insertion average length |	1.11
                             MULTI-MAPPING READS:
        Number of reads mapped to multiple loci |	92173
             % of reads mapped to multiple loci |	2.64%
        Number of reads mapped to too many loci |	15194
             % of reads mapped to too many loci |	0.44%
                                  UNMAPPED READS:
       % of reads unmapped: too many mismatches |	0.00%
                 % of reads unmapped: too short |	26.07%
                     % of reads unmapped: other |	0.89%
                                  CHIMERIC READS:
                       Number of chimeric reads |	0
                            % of chimeric reads |	0.00%
