[M::bwa_idx_load_from_disk] read 0 ALT contigs
[M::process] read 575590 sequences (80000149 bp)...
[M::process] 0 single-end sequences; 575590 paired-end sequences
[M::process] read 574910 sequences (80000227 bp)...
[M::mem_pestat] # candidate unique pairs for (FF, FR, RF, RR): (0, 211, 0, 0)
[M::mem_pestat] skip orientation FF as there are not enough pairs
[M::mem_pestat] analyzing insert size distribution for orientation FR...
[M::mem_pestat] (25, 50, 75) percentile: (33, 70, 140)
[M::mem_pestat] low and high boundaries for computing mean and std.dev: (1, 354)
[M::mem_pestat] mean and std.dev: (94.64, 76.10)
[M::mem_pestat] low and high boundaries for proper pairs: (1, 461)
[M::mem_pestat] skip orientation RF as there are not enough pairs
[M::mem_pestat] skip orientation RR as there are not enough pairs
[M::mem_process_seqs] Processed 575590 reads in 47.193 CPU sec, 5.938 real sec
[M::process] 0 single-end sequences; 574910 paired-end sequences
[M::process] read 573232 sequences (80000040 bp)...
[M::mem_pestat] # candidate unique pairs for (FF, FR, RF, RR): (0, 188, 0, 0)
[M::mem_pestat] skip orientation FF as there are not enough pairs
[M::mem_pestat] analyzing insert size distribution for orientation FR...
[M::mem_pestat] (25, 50, 75) percentile: (40, 74, 137)
[M::mem_pestat] low and high boundaries for computing mean and std.dev: (1, 331)
[M::mem_pestat] mean and std.dev: (95.99, 73.92)
[M::mem_pestat] low and high boundaries for proper pairs: (1, 428)
[M::mem_pestat] skip orientation RF as there are not enough pairs
[M::mem_pestat] skip orientation RR as there are not enough pairs
[M::mem_process_seqs] Processed 574910 reads in 46.075 CPU sec, 5.569 real sec
[M::process] 0 single-end sequences; 573232 paired-end sequences
[M::process] read 572324 sequences (80000211 bp)...
[M::mem_pestat] # candidate unique pairs for (FF, FR, RF, RR): (0, 195, 0, 0)
[M::mem_pestat] skip orientation FF as there are not enough pairs
[M::mem_pestat] analyzing insert size distribution for orientation FR...
[M::mem_pestat] (25, 50, 75) percentile: (36, 71, 134)
[M::mem_pestat] low and high boundaries for computing mean and std.dev: (1, 330)
[M::mem_pestat] mean and std.dev: (91.26, 73.64)
[M::mem_pestat] low and high boundaries for proper pairs: (1, 428)
[M::mem_pestat] skip orientation RF as there are not enough pairs
[M::mem_pestat] skip orientation RR as there are not enough pairs
[M::mem_process_seqs] Processed 573232 reads in 46.423 CPU sec, 5.700 real sec
[M::process] 0 single-end sequences; 572324 paired-end sequences
[M::process] read 571168 sequences (80000055 bp)...
[M::mem_pestat] # candidate unique pairs for (FF, FR, RF, RR): (0, 216, 0, 0)
[M::mem_pestat] skip orientation FF as there are not enough pairs
[M::mem_pestat] analyzing insert size distribution for orientation FR...
[M::mem_pestat] (25, 50, 75) percentile: (37, 75, 143)
[M::mem_pestat] low and high boundaries for computing mean and std.dev: (1, 355)
[M::mem_pestat] mean and std.dev: (99.98, 79.85)
[M::mem_pestat] low and high boundaries for proper pairs: (1, 461)
[M::mem_pestat] skip orientation RF as there are not enough pairs
[M::mem_pestat] skip orientation RR as there are not enough pairs
[M::mem_process_seqs] Processed 572324 reads in 46.544 CPU sec, 5.658 real sec
[M::process] 0 single-end sequences; 571168 paired-end sequences
[M::process] read 572340 sequences (80000084 bp)...
[M::mem_pestat] # candidate unique pairs for (FF, FR, RF, RR): (0, 231, 0, 0)
[M::mem_pestat] skip orientation FF as there are not enough pairs
[M::mem_pestat] analyzing insert size distribution for orientation FR...
[M::mem_pestat] (25, 50, 75) percentile: (37, 74, 137)
[M::mem_pestat] low and high boundaries for computing mean and std.dev: (1, 337)
[M::mem_pestat] mean and std.dev: (95.71, 75.02)
[M::mem_pestat] low and high boundaries for proper pairs: (1, 437)
[M::mem_pestat] skip orientation RF as there are not enough pairs
[M::mem_pestat] skip orientation RR as there are not enough pairs
[M::mem_process_seqs] Processed 571168 reads in 46.316 CPU sec, 5.559 real sec
[M::process] 0 single-end sequences; 572340 paired-end sequences
[M::process] read 572778 sequences (80000263 bp)...
[M::mem_pestat] # candidate unique pairs for (FF, FR, RF, RR): (0, 206, 0, 0)
[M::mem_pestat] skip orientation FF as there are not enough pairs
[M::mem_pestat] analyzing insert size distribution for orientation FR...
[M::mem_pestat] (25, 50, 75) percentile: (36, 69, 104)
[M::mem_pestat] low and high boundaries for computing mean and std.dev: (1, 240)
[M::mem_pestat] mean and std.dev: (76.30, 49.47)
[M::mem_pestat] low and high boundaries for proper pairs: (1, 308)
[M::mem_pestat] skip orientation RF as there are not enough pairs
[M::mem_pestat] skip orientation RR as there are not enough pairs
[M::mem_process_seqs] Processed 572340 reads in 46.736 CPU sec, 5.622 real sec
[M::process] 0 single-end sequences; 572778 paired-end sequences
[M::process] read 572410 sequences (80000066 bp)...
[M::mem_pestat] # candidate unique pairs for (FF, FR, RF, RR): (0, 212, 0, 0)
[M::mem_pestat] skip orientation FF as there are not enough pairs
[M::mem_pestat] analyzing insert size distribution for orientation FR...
[M::mem_pestat] (25, 50, 75) percentile: (35, 71, 134)
[M::mem_pestat] low and high boundaries for computing mean and std.dev: (1, 332)
[M::mem_pestat] mean and std.dev: (92.18, 70.71)
[M::mem_pestat] low and high boundaries for proper pairs: (1, 431)
[M::mem_pestat] skip orientation RF as there are not enough pairs
[M::mem_pestat] skip orientation RR as there are not enough pairs
[M::mem_process_seqs] Processed 572778 reads in 46.389 CPU sec, 5.683 real sec
[M::process] 0 single-end sequences; 572410 paired-end sequences
[M::process] read 575170 sequences (80000019 bp)...
[M::mem_pestat] # candidate unique pairs for (FF, FR, RF, RR): (0, 221, 0, 0)
[M::mem_pestat] skip orientation FF as there are not enough pairs
[M::mem_pestat] analyzing insert size distribution for orientation FR...
[M::mem_pestat] (25, 50, 75) percentile: (33, 73, 132)
[M::mem_pestat] low and high boundaries for computing mean and std.dev: (1, 330)
[M::mem_pestat] mean and std.dev: (88.71, 68.54)
[M::mem_pestat] low and high boundaries for proper pairs: (1, 429)
[M::mem_pestat] skip orientation RF as there are not enough pairs
[M::mem_pestat] skip orientation RR as there are not enough pairs
[M::mem_process_seqs] Processed 572410 reads in 46.809 CPU sec, 5.714 real sec
[M::process] 0 single-end sequences; 575170 paired-end sequences
[M::process] read 577648 sequences (80000262 bp)...
[M::mem_pestat] # candidate unique pairs for (FF, FR, RF, RR): (0, 218, 0, 0)
[M::mem_pestat] skip orientation FF as there are not enough pairs
[M::mem_pestat] analyzing insert size distribution for orientation FR...
[M::mem_pestat] (25, 50, 75) percentile: (37, 69, 133)
[M::mem_pestat] low and high boundaries for computing mean and std.dev: (1, 325)
[M::mem_pestat] mean and std.dev: (85.81, 62.64)
[M::mem_pestat] low and high boundaries for proper pairs: (1, 421)
[M::mem_pestat] skip orientation RF as there are not enough pairs
[M::mem_pestat] skip orientation RR as there are not enough pairs
[M::mem_process_seqs] Processed 575170 reads in 45.905 CPU sec, 5.514 real sec
[M::process] 0 single-end sequences; 577648 paired-end sequences
[M::process] read 575950 sequences (80000140 bp)...
[M::mem_pestat] # candidate unique pairs for (FF, FR, RF, RR): (0, 211, 0, 0)
[M::mem_pestat] skip orientation FF as there are not enough pairs
[M::mem_pestat] analyzing insert size distribution for orientation FR...
[M::mem_pestat] (25, 50, 75) percentile: (37, 67, 99)
[M::mem_pestat] low and high boundaries for computing mean and std.dev: (1, 223)
[M::mem_pestat] mean and std.dev: (68.54, 42.31)
[M::mem_pestat] low and high boundaries for proper pairs: (1, 285)
[M::mem_pestat] skip orientation RF as there are not enough pairs
[M::mem_pestat] skip orientation RR as there are not enough pairs
[M::mem_process_seqs] Processed 577648 reads in 45.793 CPU sec, 5.513 real sec
[M::process] 0 single-end sequences; 575950 paired-end sequences
[M::process] read 574556 sequences (80000059 bp)...
[M::mem_pestat] # candidate unique pairs for (FF, FR, RF, RR): (0, 222, 0, 0)
[M::mem_pestat] skip orientation FF as there are not enough pairs
[M::mem_pestat] analyzing insert size distribution for orientation FR...
[M::mem_pestat] (25, 50, 75) percentile: (40, 73, 121)
[M::mem_pestat] low and high boundaries for computing mean and std.dev: (1, 283)
[M::mem_pestat] mean and std.dev: (81.83, 55.31)
[M::mem_pestat] low and high boundaries for proper pairs: (1, 364)
[M::mem_pestat] skip orientation RF as there are not enough pairs
[M::mem_pestat] skip orientation RR as there are not enough pairs
[M::mem_process_seqs] Processed 575950 reads in 46.173 CPU sec, 5.616 real sec
[M::process] 0 single-end sequences; 574556 paired-end sequences
[M::process] read 573228 sequences (80000150 bp)...
[M::mem_pestat] # candidate unique pairs for (FF, FR, RF, RR): (0, 204, 0, 0)
[M::mem_pestat] skip orientation FF as there are not enough pairs
[M::mem_pestat] analyzing insert size distribution for orientation FR...
[M::mem_pestat] (25, 50, 75) percentile: (36, 66, 133)
[M::mem_pestat] low and high boundaries for computing mean and std.dev: (1, 327)
[M::mem_pestat] mean and std.dev: (89.60, 71.52)
[M::mem_pestat] low and high boundaries for proper pairs: (1, 424)
[M::mem_pestat] skip orientation RF as there are not enough pairs
[M::mem_pestat] skip orientation RR as there are not enough pairs
[M::mem_process_seqs] Processed 574556 reads in 47.091 CPU sec, 5.717 real sec
[M::process] 0 single-end sequences; 573228 paired-end sequences
[M::process] read 572856 sequences (80000247 bp)...
[M::mem_pestat] # candidate unique pairs for (FF, FR, RF, RR): (0, 238, 0, 0)
[M::mem_pestat] skip orientation FF as there are not enough pairs
[M::mem_pestat] analyzing insert size distribution for orientation FR...
[M::mem_pestat] (25, 50, 75) percentile: (35, 69, 134)
[M::mem_pestat] low and high boundaries for computing mean and std.dev: (1, 332)
[M::mem_pestat] mean and std.dev: (90.79, 72.39)
[M::mem_pestat] low and high boundaries for proper pairs: (1, 431)
[M::mem_pestat] skip orientation RF as there are not enough pairs
[M::mem_pestat] skip orientation RR as there are not enough pairs
[M::mem_process_seqs] Processed 573228 reads in 46.687 CPU sec, 5.619 real sec
[M::process] 0 single-end sequences; 572856 paired-end sequences
[M::process] read 573544 sequences (80000051 bp)...
[M::mem_pestat] # candidate unique pairs for (FF, FR, RF, RR): (0, 212, 0, 0)
[M::mem_pestat] skip orientation FF as there are not enough pairs
[M::mem_pestat] analyzing insert size distribution for orientation FR...
[M::mem_pestat] (25, 50, 75) percentile: (37, 69, 131)
[M::mem_pestat] low and high boundaries for computing mean and std.dev: (1, 319)
[M::mem_pestat] mean and std.dev: (87.36, 66.16)
[M::mem_pestat] low and high boundaries for proper pairs: (1, 413)
[M::mem_pestat] skip orientation RF as there are not enough pairs
[M::mem_pestat] skip orientation RR as there are not enough pairs
[M::mem_process_seqs] Processed 572856 reads in 46.020 CPU sec, 5.539 real sec
[M::process] 0 single-end sequences; 573544 paired-end sequences
[M::process] read 573378 sequences (80000183 bp)...
[M::mem_pestat] # candidate unique pairs for (FF, FR, RF, RR): (0, 225, 0, 0)
[M::mem_pestat] skip orientation FF as there are not enough pairs
[M::mem_pestat] analyzing insert size distribution for orientation FR...
[M::mem_pestat] (25, 50, 75) percentile: (37, 70, 115)
[M::mem_pestat] low and high boundaries for computing mean and std.dev: (1, 271)
[M::mem_pestat] mean and std.dev: (78.71, 52.84)
[M::mem_pestat] low and high boundaries for proper pairs: (1, 349)
[M::mem_pestat] skip orientation RF as there are not enough pairs
[M::mem_pestat] skip orientation RR as there are not enough pairs
[M::mem_process_seqs] Processed 573544 reads in 46.250 CPU sec, 5.640 real sec
[M::process] 0 single-end sequences; 573378 paired-end sequences
[M::process] read 573738 sequences (80000098 bp)...
[M::mem_pestat] # candidate unique pairs for (FF, FR, RF, RR): (0, 209, 0, 0)
[M::mem_pestat] skip orientation FF as there are not enough pairs
[M::mem_pestat] analyzing insert size distribution for orientation FR...
[M::mem_pestat] (25, 50, 75) percentile: (40, 71, 133)
[M::mem_pestat] low and high boundaries for computing mean and std.dev: (1, 319)
[M::mem_pestat] mean and std.dev: (87.92, 64.57)
[M::mem_pestat] low and high boundaries for proper pairs: (1, 412)
[M::mem_pestat] skip orientation RF as there are not enough pairs
[M::mem_pestat] skip orientation RR as there are not enough pairs
[M::mem_process_seqs] Processed 573378 reads in 46.791 CPU sec, 5.588 real sec
[M::process] 0 single-end sequences; 573738 paired-end sequences
[M::process] read 577192 sequences (80000263 bp)...
[M::mem_pestat] # candidate unique pairs for (FF, FR, RF, RR): (0, 224, 0, 0)
[M::mem_pestat] skip orientation FF as there are not enough pairs
[M::mem_pestat] analyzing insert size distribution for orientation FR...
[M::mem_pestat] (25, 50, 75) percentile: (39, 76, 137)
[M::mem_pestat] low and high boundaries for computing mean and std.dev: (1, 333)
[M::mem_pestat] mean and std.dev: (95.10, 73.44)
[M::mem_pestat] low and high boundaries for proper pairs: (1, 431)
[M::mem_pestat] skip orientation RF as there are not enough pairs
[M::mem_pestat] skip orientation RR as there are not enough pairs
[M::mem_process_seqs] Processed 573738 reads in 46.434 CPU sec, 5.599 real sec
[M::process] 0 single-end sequences; 577192 paired-end sequences
[M::process] read 576586 sequences (80000091 bp)...
[M::mem_pestat] # candidate unique pairs for (FF, FR, RF, RR): (0, 220, 0, 0)
[M::mem_pestat] skip orientation FF as there are not enough pairs
[M::mem_pestat] analyzing insert size distribution for orientation FR...
[M::mem_pestat] (25, 50, 75) percentile: (39, 81, 163)
[M::mem_pestat] low and high boundaries for computing mean and std.dev: (1, 411)
[M::mem_pestat] mean and std.dev: (102.64, 79.63)
[M::mem_pestat] low and high boundaries for proper pairs: (1, 535)
[M::mem_pestat] skip orientation RF as there are not enough pairs
[M::mem_pestat] skip orientation RR as there are not enough pairs
[M::mem_process_seqs] Processed 577192 reads in 46.999 CPU sec, 5.768 real sec
[M::process] 0 single-end sequences; 576586 paired-end sequences
[M::process] read 574676 sequences (80000063 bp)...
[M::mem_pestat] # candidate unique pairs for (FF, FR, RF, RR): (0, 216, 0, 0)
[M::mem_pestat] skip orientation FF as there are not enough pairs
[M::mem_pestat] analyzing insert size distribution for orientation FR...
[M::mem_pestat] (25, 50, 75) percentile: (42, 79, 137)
[M::mem_pestat] low and high boundaries for computing mean and std.dev: (1, 327)
[M::mem_pestat] mean and std.dev: (96.16, 67.06)
[M::mem_pestat] low and high boundaries for proper pairs: (1, 422)
[M::mem_pestat] skip orientation RF as there are not enough pairs
[M::mem_pestat] skip orientation RR as there are not enough pairs
[M::mem_process_seqs] Processed 576586 reads in 46.747 CPU sec, 5.618 real sec
[M::process] 0 single-end sequences; 574676 paired-end sequences
[M::process] read 573060 sequences (80000001 bp)...
[M::mem_pestat] # candidate unique pairs for (FF, FR, RF, RR): (0, 208, 0, 0)
[M::mem_pestat] skip orientation FF as there are not enough pairs
[M::mem_pestat] analyzing insert size distribution for orientation FR...
[M::mem_pestat] (25, 50, 75) percentile: (36, 70, 132)
[M::mem_pestat] low and high boundaries for computing mean and std.dev: (1, 324)
[M::mem_pestat] mean and std.dev: (88.46, 65.64)
[M::mem_pestat] low and high boundaries for proper pairs: (1, 420)
[M::mem_pestat] skip orientation RF as there are not enough pairs
[M::mem_pestat] skip orientation RR as there are not enough pairs
[M::mem_process_seqs] Processed 574676 reads in 46.000 CPU sec, 5.545 real sec
[M::process] 0 single-end sequences; 573060 paired-end sequences
[M::process] read 572662 sequences (80000095 bp)...
[M::mem_pestat] # candidate unique pairs for (FF, FR, RF, RR): (0, 230, 0, 0)
[M::mem_pestat] skip orientation FF as there are not enough pairs
[M::mem_pestat] analyzing insert size distribution for orientation FR...
[M::mem_pestat] (25, 50, 75) percentile: (39, 76, 131)
[M::mem_pestat] low and high boundaries for computing mean and std.dev: (1, 315)
[M::mem_pestat] mean and std.dev: (94.03, 68.04)
[M::mem_pestat] low and high boundaries for proper pairs: (1, 407)
[M::mem_pestat] skip orientation RF as there are not enough pairs
[M::mem_pestat] skip orientation RR as there are not enough pairs
[M::mem_process_seqs] Processed 573060 reads in 46.557 CPU sec, 5.608 real sec
[M::process] 0 single-end sequences; 572662 paired-end sequences
[M::process] read 572444 sequences (80000216 bp)...
[M::mem_pestat] # candidate unique pairs for (FF, FR, RF, RR): (0, 228, 0, 0)
[M::mem_pestat] skip orientation FF as there are not enough pairs
[M::mem_pestat] analyzing insert size distribution for orientation FR...
[M::mem_pestat] (25, 50, 75) percentile: (38, 81, 160)
[M::mem_pestat] low and high boundaries for computing mean and std.dev: (1, 404)
[M::mem_pestat] mean and std.dev: (109.97, 90.64)
[M::mem_pestat] low and high boundaries for proper pairs: (1, 526)
[M::mem_pestat] skip orientation RF as there are not enough pairs
[M::mem_pestat] skip orientation RR as there are not enough pairs
[M::mem_process_seqs] Processed 572662 reads in 45.829 CPU sec, 5.503 real sec
[M::process] 0 single-end sequences; 572444 paired-end sequences
[M::process] read 572938 sequences (80000031 bp)...
[M::mem_pestat] # candidate unique pairs for (FF, FR, RF, RR): (0, 222, 0, 0)
[M::mem_pestat] skip orientation FF as there are not enough pairs
[M::mem_pestat] analyzing insert size distribution for orientation FR...
[M::mem_pestat] (25, 50, 75) percentile: (40, 80, 144)
[M::mem_pestat] low and high boundaries for computing mean and std.dev: (1, 352)
[M::mem_pestat] mean and std.dev: (96.22, 72.33)
[M::mem_pestat] low and high boundaries for proper pairs: (1, 456)
[M::mem_pestat] skip orientation RF as there are not enough pairs
[M::mem_pestat] skip orientation RR as there are not enough pairs
[M::mem_process_seqs] Processed 572444 reads in 45.666 CPU sec, 5.507 real sec
[M::process] 0 single-end sequences; 572938 paired-end sequences
[M::process] read 572516 sequences (80000247 bp)...
[M::mem_pestat] # candidate unique pairs for (FF, FR, RF, RR): (0, 217, 0, 0)
[M::mem_pestat] skip orientation FF as there are not enough pairs
[M::mem_pestat] analyzing insert size distribution for orientation FR...
[M::mem_pestat] (25, 50, 75) percentile: (35, 74, 126)
[M::mem_pestat] low and high boundaries for computing mean and std.dev: (1, 308)
[M::mem_pestat] mean and std.dev: (87.54, 63.59)
[M::mem_pestat] low and high boundaries for proper pairs: (1, 399)
[M::mem_pestat] skip orientation RF as there are not enough pairs
[M::mem_pestat] skip orientation RR as there are not enough pairs
[M::mem_process_seqs] Processed 572938 reads in 46.599 CPU sec, 5.602 real sec
[M::process] 0 single-end sequences; 572516 paired-end sequences
[M::process] read 577924 sequences (80000266 bp)...
[M::mem_pestat] # candidate unique pairs for (FF, FR, RF, RR): (0, 225, 0, 0)
[M::mem_pestat] skip orientation FF as there are not enough pairs
[M::mem_pestat] analyzing insert size distribution for orientation FR...
[M::mem_pestat] (25, 50, 75) percentile: (41, 82, 146)
[M::mem_pestat] low and high boundaries for computing mean and std.dev: (1, 356)
[M::mem_pestat] mean and std.dev: (101.01, 70.25)
[M::mem_pestat] low and high boundaries for proper pairs: (1, 461)
[M::mem_pestat] skip orientation RF as there are not enough pairs
[M::mem_pestat] skip orientation RR as there are not enough pairs
[M::mem_process_seqs] Processed 572516 reads in 46.513 CPU sec, 5.676 real sec
[M::process] 0 single-end sequences; 577924 paired-end sequences
[M::process] read 578012 sequences (80000233 bp)...
[M::mem_pestat] # candidate unique pairs for (FF, FR, RF, RR): (0, 186, 0, 0)
[M::mem_pestat] skip orientation FF as there are not enough pairs
[M::mem_pestat] analyzing insert size distribution for orientation FR...
[M::mem_pestat] (25, 50, 75) percentile: (38, 71, 122)
[M::mem_pestat] low and high boundaries for computing mean and std.dev: (1, 290)
[M::mem_pestat] mean and std.dev: (84.64, 60.40)
[M::mem_pestat] low and high boundaries for proper pairs: (1, 374)
[M::mem_pestat] skip orientation RF as there are not enough pairs
[M::mem_pestat] skip orientation RR as there are not enough pairs
[M::mem_process_seqs] Processed 577924 reads in 46.413 CPU sec, 5.676 real sec
[M::process] 0 single-end sequences; 578012 paired-end sequences
[M::process] read 576538 sequences (80000094 bp)...
[M::mem_pestat] # candidate unique pairs for (FF, FR, RF, RR): (0, 225, 0, 0)
[M::mem_pestat] skip orientation FF as there are not enough pairs
[M::mem_pestat] analyzing insert size distribution for orientation FR...
[M::mem_pestat] (25, 50, 75) percentile: (37, 76, 139)
[M::mem_pestat] low and high boundaries for computing mean and std.dev: (1, 343)
[M::mem_pestat] mean and std.dev: (96.29, 74.73)
[M::mem_pestat] low and high boundaries for proper pairs: (1, 445)
[M::mem_pestat] skip orientation RF as there are not enough pairs
[M::mem_pestat] skip orientation RR as there are not enough pairs
[M::mem_process_seqs] Processed 578012 reads in 46.425 CPU sec, 5.664 real sec
[M::process] 0 single-end sequences; 576538 paired-end sequences
[M::process] read 575528 sequences (80000006 bp)...
[M::mem_pestat] # candidate unique pairs for (FF, FR, RF, RR): (0, 210, 0, 0)
[M::mem_pestat] skip orientation FF as there are not enough pairs
[M::mem_pestat] analyzing insert size distribution for orientation FR...
[M::mem_pestat] (25, 50, 75) percentile: (38, 74, 128)
[M::mem_pestat] low and high boundaries for computing mean and std.dev: (1, 308)
[M::mem_pestat] mean and std.dev: (87.45, 65.86)
[M::mem_pestat] low and high boundaries for proper pairs: (1, 398)
[M::mem_pestat] skip orientation RF as there are not enough pairs
[M::mem_pestat] skip orientation RR as there are not enough pairs
[M::mem_process_seqs] Processed 576538 reads in 46.080 CPU sec, 5.539 real sec
[M::process] 0 single-end sequences; 575528 paired-end sequences
[M::process] read 574726 sequences (80000110 bp)...
[M::mem_pestat] # candidate unique pairs for (FF, FR, RF, RR): (0, 220, 0, 0)
[M::mem_pestat] skip orientation FF as there are not enough pairs
[M::mem_pestat] analyzing insert size distribution for orientation FR...
[M::mem_pestat] (25, 50, 75) percentile: (37, 67, 137)
[M::mem_pestat] low and high boundaries for computing mean and std.dev: (1, 337)
[M::mem_pestat] mean and std.dev: (96.64, 79.85)
[M::mem_pestat] low and high boundaries for proper pairs: (1, 437)
[M::mem_pestat] skip orientation RF as there are not enough pairs
[M::mem_pestat] skip orientation RR as there are not enough pairs
[M::mem_process_seqs] Processed 575528 reads in 45.819 CPU sec, 5.543 real sec
[M::process] 0 single-end sequences; 574726 paired-end sequences
[M::process] read 574230 sequences (80000177 bp)...
[M::mem_pestat] # candidate unique pairs for (FF, FR, RF, RR): (0, 225, 0, 0)
[M::mem_pestat] skip orientation FF as there are not enough pairs
[M::mem_pestat] analyzing insert size distribution for orientation FR...
[M::mem_pestat] (25, 50, 75) percentile: (36, 73, 123)
[M::mem_pestat] low and high boundaries for computing mean and std.dev: (1, 297)
[M::mem_pestat] mean and std.dev: (85.03, 62.28)
[M::mem_pestat] low and high boundaries for proper pairs: (1, 384)
[M::mem_pestat] skip orientation RF as there are not enough pairs
[M::mem_pestat] skip orientation RR as there are not enough pairs
[M::mem_process_seqs] Processed 574726 reads in 46.305 CPU sec, 5.559 real sec
[M::process] 0 single-end sequences; 574230 paired-end sequences
[M::process] read 575578 sequences (80000172 bp)...
[M::mem_pestat] # candidate unique pairs for (FF, FR, RF, RR): (0, 230, 0, 0)
[M::mem_pestat] skip orientation FF as there are not enough pairs
[M::mem_pestat] analyzing insert size distribution for orientation FR...
[M::mem_pestat] (25, 50, 75) percentile: (35, 69, 124)
[M::mem_pestat] low and high boundaries for computing mean and std.dev: (1, 302)
[M::mem_pestat] mean and std.dev: (87.41, 66.21)
[M::mem_pestat] low and high boundaries for proper pairs: (1, 391)
[M::mem_pestat] skip orientation RF as there are not enough pairs
[M::mem_pestat] skip orientation RR as there are not enough pairs
[M::mem_process_seqs] Processed 574230 reads in 46.275 CPU sec, 5.546 real sec
[M::process] 0 single-end sequences; 575578 paired-end sequences
[M::process] read 577352 sequences (80000159 bp)...
[M::mem_pestat] # candidate unique pairs for (FF, FR, RF, RR): (0, 209, 0, 0)
[M::mem_pestat] skip orientation FF as there are not enough pairs
[M::mem_pestat] analyzing insert size distribution for orientation FR...
[M::mem_pestat] (25, 50, 75) percentile: (40, 73, 113)
[M::mem_pestat] low and high boundaries for computing mean and std.dev: (1, 259)
[M::mem_pestat] mean and std.dev: (77.56, 50.87)
[M::mem_pestat] low and high boundaries for proper pairs: (1, 332)
[M::mem_pestat] skip orientation RF as there are not enough pairs
[M::mem_pestat] skip orientation RR as there are not enough pairs
[M::mem_process_seqs] Processed 575578 reads in 45.889 CPU sec, 5.524 real sec
[M::process] 0 single-end sequences; 577352 paired-end sequences
[M::process] read 576270 sequences (80000127 bp)...
[M::mem_pestat] # candidate unique pairs for (FF, FR, RF, RR): (0, 205, 0, 0)
[M::mem_pestat] skip orientation FF as there are not enough pairs
[M::mem_pestat] analyzing insert size distribution for orientation FR...
[M::mem_pestat] (25, 50, 75) percentile: (40, 76, 134)
[M::mem_pestat] low and high boundaries for computing mean and std.dev: (1, 322)
[M::mem_pestat] mean and std.dev: (93.49, 65.72)
[M::mem_pestat] low and high boundaries for proper pairs: (1, 416)
[M::mem_pestat] skip orientation RF as there are not enough pairs
[M::mem_pestat] skip orientation RR as there are not enough pairs
[M::mem_process_seqs] Processed 577352 reads in 45.917 CPU sec, 5.509 real sec
[M::process] 0 single-end sequences; 576270 paired-end sequences
[M::process] read 578358 sequences (80000087 bp)...
[M::mem_pestat] # candidate unique pairs for (FF, FR, RF, RR): (0, 217, 0, 0)
[M::mem_pestat] skip orientation FF as there are not enough pairs
[M::mem_pestat] analyzing insert size distribution for orientation FR...
[M::mem_pestat] (25, 50, 75) percentile: (38, 68, 135)
[M::mem_pestat] low and high boundaries for computing mean and std.dev: (1, 329)
[M::mem_pestat] mean and std.dev: (89.70, 68.73)
[M::mem_pestat] low and high boundaries for proper pairs: (1, 426)
[M::mem_pestat] skip orientation RF as there are not enough pairs
[M::mem_pestat] skip orientation RR as there are not enough pairs
[M::mem_process_seqs] Processed 576270 reads in 46.121 CPU sec, 5.540 real sec
[M::process] 0 single-end sequences; 578358 paired-end sequences
[M::process] read 579442 sequences (80000032 bp)...
[M::mem_pestat] # candidate unique pairs for (FF, FR, RF, RR): (0, 222, 0, 0)
[M::mem_pestat] skip orientation FF as there are not enough pairs
[M::mem_pestat] analyzing insert size distribution for orientation FR...
[M::mem_pestat] (25, 50, 75) percentile: (35, 66, 117)
[M::mem_pestat] low and high boundaries for computing mean and std.dev: (1, 281)
[M::mem_pestat] mean and std.dev: (77.77, 56.11)
[M::mem_pestat] low and high boundaries for proper pairs: (1, 363)
[M::mem_pestat] skip orientation RF as there are not enough pairs
[M::mem_pestat] skip orientation RR as there are not enough pairs
[M::mem_process_seqs] Processed 578358 reads in 46.174 CPU sec, 5.560 real sec
[M::process] 0 single-end sequences; 579442 paired-end sequences
[M::process] read 578020 sequences (80000005 bp)...
[M::mem_pestat] # candidate unique pairs for (FF, FR, RF, RR): (0, 205, 0, 0)
[M::mem_pestat] skip orientation FF as there are not enough pairs
[M::mem_pestat] analyzing insert size distribution for orientation FR...
[M::mem_pestat] (25, 50, 75) percentile: (34, 65, 115)
[M::mem_pestat] low and high boundaries for computing mean and std.dev: (1, 277)
[M::mem_pestat] mean and std.dev: (79.98, 55.87)
[M::mem_pestat] low and high boundaries for proper pairs: (1, 358)
[M::mem_pestat] skip orientation RF as there are not enough pairs
[M::mem_pestat] skip orientation RR as there are not enough pairs
[M::mem_process_seqs] Processed 579442 reads in 47.133 CPU sec, 5.696 real sec
[M::process] 0 single-end sequences; 578020 paired-end sequences
[M::process] read 576524 sequences (80000267 bp)...
[M::mem_pestat] # candidate unique pairs for (FF, FR, RF, RR): (0, 224, 0, 0)
[M::mem_pestat] skip orientation FF as there are not enough pairs
[M::mem_pestat] analyzing insert size distribution for orientation FR...
[M::mem_pestat] (25, 50, 75) percentile: (34, 73, 140)
[M::mem_pestat] low and high boundaries for computing mean and std.dev: (1, 352)
[M::mem_pestat] mean and std.dev: (93.70, 72.17)
[M::mem_pestat] low and high boundaries for proper pairs: (1, 458)
[M::mem_pestat] skip orientation RF as there are not enough pairs
[M::mem_pestat] skip orientation RR as there are not enough pairs
[M::mem_process_seqs] Processed 578020 reads in 46.419 CPU sec, 5.592 real sec
[M::process] 0 single-end sequences; 576524 paired-end sequences
[M::process] read 575472 sequences (80000247 bp)...
[M::mem_pestat] # candidate unique pairs for (FF, FR, RF, RR): (0, 222, 0, 0)
[M::mem_pestat] skip orientation FF as there are not enough pairs
[M::mem_pestat] analyzing insert size distribution for orientation FR...
[M::mem_pestat] (25, 50, 75) percentile: (34, 66, 123)
[M::mem_pestat] low and high boundaries for computing mean and std.dev: (1, 301)
[M::mem_pestat] mean and std.dev: (84.26, 61.10)
[M::mem_pestat] low and high boundaries for proper pairs: (1, 390)
[M::mem_pestat] skip orientation RF as there are not enough pairs
[M::mem_pestat] skip orientation RR as there are not enough pairs
[M::mem_process_seqs] Processed 576524 reads in 46.271 CPU sec, 5.574 real sec
[M::process] 0 single-end sequences; 575472 paired-end sequences
[M::process] read 574780 sequences (80000101 bp)...
[M::mem_pestat] # candidate unique pairs for (FF, FR, RF, RR): (0, 239, 0, 0)
[M::mem_pestat] skip orientation FF as there are not enough pairs
[M::mem_pestat] analyzing insert size distribution for orientation FR...
[M::mem_pestat] (25, 50, 75) percentile: (36, 67, 121)
[M::mem_pestat] low and high boundaries for computing mean and std.dev: (1, 291)
[M::mem_pestat] mean and std.dev: (81.26, 60.41)
[M::mem_pestat] low and high boundaries for proper pairs: (1, 376)
[M::mem_pestat] skip orientation RF as there are not enough pairs
[M::mem_pestat] skip orientation RR as there are not enough pairs
[M::mem_process_seqs] Processed 575472 reads in 45.971 CPU sec, 5.549 real sec
[M::process] 0 single-end sequences; 574780 paired-end sequences
[M::process] read 575598 sequences (80000002 bp)...
[M::mem_pestat] # candidate unique pairs for (FF, FR, RF, RR): (0, 239, 0, 0)
[M::mem_pestat] skip orientation FF as there are not enough pairs
[M::mem_pestat] analyzing insert size distribution for orientation FR...
[M::mem_pestat] (25, 50, 75) percentile: (33, 56, 125)
[M::mem_pestat] low and high boundaries for computing mean and std.dev: (1, 309)
[M::mem_pestat] mean and std.dev: (83.58, 65.74)
[M::mem_pestat] low and high boundaries for proper pairs: (1, 401)
[M::mem_pestat] skip orientation RF as there are not enough pairs
[M::mem_pestat] skip orientation RR as there are not enough pairs
[M::mem_process_seqs] Processed 574780 reads in 46.088 CPU sec, 5.553 real sec
[M::process] 0 single-end sequences; 575598 paired-end sequences
[M::process] read 575924 sequences (80000237 bp)...
[M::mem_pestat] # candidate unique pairs for (FF, FR, RF, RR): (0, 211, 0, 0)
[M::mem_pestat] skip orientation FF as there are not enough pairs
[M::mem_pestat] analyzing insert size distribution for orientation FR...
[M::mem_pestat] (25, 50, 75) percentile: (37, 61, 115)
[M::mem_pestat] low and high boundaries for computing mean and std.dev: (1, 271)
[M::mem_pestat] mean and std.dev: (79.53, 55.48)
[M::mem_pestat] low and high boundaries for proper pairs: (1, 349)
[M::mem_pestat] skip orientation RF as there are not enough pairs
[M::mem_pestat] skip orientation RR as there are not enough pairs
[M::mem_process_seqs] Processed 575598 reads in 46.140 CPU sec, 5.555 real sec
[M::process] 0 single-end sequences; 575924 paired-end sequences
[M::process] read 576064 sequences (80000116 bp)...
[M::mem_pestat] # candidate unique pairs for (FF, FR, RF, RR): (0, 186, 0, 0)
[M::mem_pestat] skip orientation FF as there are not enough pairs
[M::mem_pestat] analyzing insert size distribution for orientation FR...
[M::mem_pestat] (25, 50, 75) percentile: (37, 74, 128)
[M::mem_pestat] low and high boundaries for computing mean and std.dev: (1, 310)
[M::mem_pestat] mean and std.dev: (87.05, 64.01)
[M::mem_pestat] low and high boundaries for proper pairs: (1, 401)
[M::mem_pestat] skip orientation RF as there are not enough pairs
[M::mem_pestat] skip orientation RR as there are not enough pairs
[M::mem_process_seqs] Processed 575924 reads in 47.044 CPU sec, 5.667 real sec
[M::process] 0 single-end sequences; 576064 paired-end sequences
[M::process] read 577646 sequences (80000269 bp)...
[M::mem_pestat] # candidate unique pairs for (FF, FR, RF, RR): (0, 219, 0, 0)
[M::mem_pestat] skip orientation FF as there are not enough pairs
[M::mem_pestat] analyzing insert size distribution for orientation FR...
[M::mem_pestat] (25, 50, 75) percentile: (40, 72, 124)
[M::mem_pestat] low and high boundaries for computing mean and std.dev: (1, 292)
[M::mem_pestat] mean and std.dev: (85.63, 59.53)
[M::mem_pestat] low and high boundaries for proper pairs: (1, 376)
[M::mem_pestat] skip orientation RF as there are not enough pairs
[M::mem_pestat] skip orientation RR as there are not enough pairs
[M::mem_process_seqs] Processed 576064 reads in 46.285 CPU sec, 5.573 real sec
[M::process] 0 single-end sequences; 577646 paired-end sequences
[M::process] read 579296 sequences (80000075 bp)...
[M::mem_pestat] # candidate unique pairs for (FF, FR, RF, RR): (0, 198, 0, 0)
[M::mem_pestat] skip orientation FF as there are not enough pairs
[M::mem_pestat] analyzing insert size distribution for orientation FR...
[M::mem_pestat] (25, 50, 75) percentile: (36, 73, 121)
[M::mem_pestat] low and high boundaries for computing mean and std.dev: (1, 291)
[M::mem_pestat] mean and std.dev: (85.25, 61.91)
[M::mem_pestat] low and high boundaries for proper pairs: (1, 376)
[M::mem_pestat] skip orientation RF as there are not enough pairs
[M::mem_pestat] skip orientation RR as there are not enough pairs
[M::mem_process_seqs] Processed 577646 reads in 46.204 CPU sec, 5.562 real sec
[M::process] 0 single-end sequences; 579296 paired-end sequences
[M::process] read 578058 sequences (80000105 bp)...
[M::mem_pestat] # candidate unique pairs for (FF, FR, RF, RR): (0, 225, 0, 0)
[M::mem_pestat] skip orientation FF as there are not enough pairs
[M::mem_pestat] analyzing insert size distribution for orientation FR...
[M::mem_pestat] (25, 50, 75) percentile: (39, 75, 132)
[M::mem_pestat] low and high boundaries for computing mean and std.dev: (1, 318)
[M::mem_pestat] mean and std.dev: (88.44, 64.90)
[M::mem_pestat] low and high boundaries for proper pairs: (1, 411)
[M::mem_pestat] skip orientation RF as there are not enough pairs
[M::mem_pestat] skip orientation RR as there are not enough pairs
[M::mem_process_seqs] Processed 579296 reads in 46.000 CPU sec, 5.552 real sec
[M::process] 0 single-end sequences; 578058 paired-end sequences
[M::process] read 576544 sequences (80000221 bp)...
[M::mem_pestat] # candidate unique pairs for (FF, FR, RF, RR): (0, 204, 0, 0)
[M::mem_pestat] skip orientation FF as there are not enough pairs
[M::mem_pestat] analyzing insert size distribution for orientation FR...
[M::mem_pestat] (25, 50, 75) percentile: (38, 78, 144)
[M::mem_pestat] low and high boundaries for computing mean and std.dev: (1, 356)
[M::mem_pestat] mean and std.dev: (98.02, 73.94)
[M::mem_pestat] low and high boundaries for proper pairs: (1, 462)
[M::mem_pestat] skip orientation RF as there are not enough pairs
[M::mem_pestat] skip orientation RR as there are not enough pairs
[M::mem_process_seqs] Processed 578058 reads in 46.181 CPU sec, 5.563 real sec
[M::process] 0 single-end sequences; 576544 paired-end sequences
[M::process] read 575232 sequences (80000234 bp)...
[M::mem_pestat] # candidate unique pairs for (FF, FR, RF, RR): (0, 234, 0, 0)
[M::mem_pestat] skip orientation FF as there are not enough pairs
[M::mem_pestat] analyzing insert size distribution for orientation FR...
[M::mem_pestat] (25, 50, 75) percentile: (37, 64, 142)
[M::mem_pestat] low and high boundaries for computing mean and std.dev: (1, 352)
[M::mem_pestat] mean and std.dev: (91.39, 70.69)
[M::mem_pestat] low and high boundaries for proper pairs: (1, 457)
[M::mem_pestat] skip orientation RF as there are not enough pairs
[M::mem_pestat] skip orientation RR as there are not enough pairs
[M::mem_process_seqs] Processed 576544 reads in 45.996 CPU sec, 5.547 real sec
[M::process] 0 single-end sequences; 575232 paired-end sequences
[M::process] read 575048 sequences (80000279 bp)...
[M::mem_pestat] # candidate unique pairs for (FF, FR, RF, RR): (0, 212, 0, 0)
[M::mem_pestat] skip orientation FF as there are not enough pairs
[M::mem_pestat] analyzing insert size distribution for orientation FR...
[M::mem_pestat] (25, 50, 75) percentile: (40, 74, 130)
[M::mem_pestat] low and high boundaries for computing mean and std.dev: (1, 310)
[M::mem_pestat] mean and std.dev: (87.35, 61.77)
[M::mem_pestat] low and high boundaries for proper pairs: (1, 400)
[M::mem_pestat] skip orientation RF as there are not enough pairs
[M::mem_pestat] skip orientation RR as there are not enough pairs
[M::mem_process_seqs] Processed 575232 reads in 48.826 CPU sec, 5.889 real sec
[M::process] 0 single-end sequences; 575048 paired-end sequences
[M::process] read 575234 sequences (80000245 bp)...
[M::mem_pestat] # candidate unique pairs for (FF, FR, RF, RR): (0, 204, 0, 0)
[M::mem_pestat] skip orientation FF as there are not enough pairs
[M::mem_pestat] analyzing insert size distribution for orientation FR...
[M::mem_pestat] (25, 50, 75) percentile: (41, 74, 132)
[M::mem_pestat] low and high boundaries for computing mean and std.dev: (1, 314)
[M::mem_pestat] mean and std.dev: (92.73, 67.13)
[M::mem_pestat] low and high boundaries for proper pairs: (1, 405)
[M::mem_pestat] skip orientation RF as there are not enough pairs
[M::mem_pestat] skip orientation RR as there are not enough pairs
[M::mem_process_seqs] Processed 575048 reads in 46.499 CPU sec, 5.604 real sec
[M::process] 0 single-end sequences; 575234 paired-end sequences
[M::process] read 575960 sequences (80000116 bp)...
[M::mem_pestat] # candidate unique pairs for (FF, FR, RF, RR): (0, 209, 0, 0)
[M::mem_pestat] skip orientation FF as there are not enough pairs
[M::mem_pestat] analyzing insert size distribution for orientation FR...
[M::mem_pestat] (25, 50, 75) percentile: (37, 61, 128)
[M::mem_pestat] low and high boundaries for computing mean and std.dev: (1, 310)
[M::mem_pestat] mean and std.dev: (86.38, 64.64)
[M::mem_pestat] low and high boundaries for proper pairs: (1, 401)
[M::mem_pestat] skip orientation RF as there are not enough pairs
[M::mem_pestat] skip orientation RR as there are not enough pairs
[M::mem_process_seqs] Processed 575234 reads in 45.917 CPU sec, 5.541 real sec
[M::process] 0 single-end sequences; 575960 paired-end sequences
[M::process] read 575980 sequences (80000266 bp)...
[M::mem_pestat] # candidate unique pairs for (FF, FR, RF, RR): (0, 222, 0, 0)
[M::mem_pestat] skip orientation FF as there are not enough pairs
[M::mem_pestat] analyzing insert size distribution for orientation FR...
[M::mem_pestat] (25, 50, 75) percentile: (38, 77, 138)
[M::mem_pestat] low and high boundaries for computing mean and std.dev: (1, 338)
[M::mem_pestat] mean and std.dev: (95.61, 72.24)
[M::mem_pestat] low and high boundaries for proper pairs: (1, 438)
[M::mem_pestat] skip orientation RF as there are not enough pairs
[M::mem_pestat] skip orientation RR as there are not enough pairs
[M::mem_process_seqs] Processed 575960 reads in 46.409 CPU sec, 5.590 real sec
[M::process] 0 single-end sequences; 575980 paired-end sequences
[M::process] read 324450 sequences (44935738 bp)...
[M::mem_pestat] # candidate unique pairs for (FF, FR, RF, RR): (0, 222, 0, 0)
[M::mem_pestat] skip orientation FF as there are not enough pairs
[M::mem_pestat] analyzing insert size distribution for orientation FR...
[M::mem_pestat] (25, 50, 75) percentile: (39, 70, 120)
[M::mem_pestat] low and high boundaries for computing mean and std.dev: (1, 282)
[M::mem_pestat] mean and std.dev: (81.78, 57.16)
[M::mem_pestat] low and high boundaries for proper pairs: (1, 363)
[M::mem_pestat] skip orientation RF as there are not enough pairs
[M::mem_pestat] skip orientation RR as there are not enough pairs
[M::mem_process_seqs] Processed 575980 reads in 45.139 CPU sec, 5.566 real sec
[M::process] 0 single-end sequences; 324450 paired-end sequences
[M::mem_pestat] # candidate unique pairs for (FF, FR, RF, RR): (0, 135, 0, 0)
[M::mem_pestat] skip orientation FF as there are not enough pairs
[M::mem_pestat] analyzing insert size distribution for orientation FR...
[M::mem_pestat] (25, 50, 75) percentile: (34, 61, 121)
[M::mem_pestat] low and high boundaries for computing mean and std.dev: (1, 295)
[M::mem_pestat] mean and std.dev: (82.68, 62.57)
[M::mem_pestat] low and high boundaries for proper pairs: (1, 382)
[M::mem_pestat] skip orientation RF as there are not enough pairs
[M::mem_pestat] skip orientation RR as there are not enough pairs
[M::mem_process_seqs] Processed 324450 reads in 25.415 CPU sec, 3.181 real sec
[main] Version: 0.7.17-r1188
[main] CMD: bwa mem -t 8 -p /projects/micb405/project1/Team10/project2/Prokka_output/HQ_MAGs/MAG270.ffn /projects/micb405/resources/project_2/2019/Metatranscriptomes/SI072_120m.qtrim.artifact.rRNA.clean.fastq.gz
[main] Real time: 306.943 sec; CPU: 2451.691 sec
