Starting QoRTs v1.3.6 (Compiled Tue Sep 25 11:21:46 EDT 2018)
Starting time: (Tue Nov 05 20:52:59 UTC 2019)
INPUT_COMMAND(QC)
  INPUT_ARG(infile)=Primary_1Aligned.sortedByName.out.bam
  INPUT_ARG(gtffile)=/projects/micb405/resources/STAR_tutorial/STAR_index_musmusculus_mm10//mm10.gtf
  INPUT_ARG(outdir)=/projects/micb405/project1/Team10/STAR_output/Primary_lib1//Primary1_QC/
  INPUT_ARG(generatePlots)=true
  INPUT_ARG(stranded)=true
  INPUT_ARG(genomeFA)=Some(List(/projects/micb405/resources/STAR_tutorial/STAR_index_musmusculus_mm10/mm10_genome.fa))
  INPUT_ARG(rawfastq)=Some(List(/projects/micb405/data/mouse/project_1/RNA-seq/Primary_1.1.fastq, /projects/micb405/data/mouse/project_1/RNA-seq/Primary_2.1.fastq))
Created Log File: /projects/micb405/project1/Team10/STAR_output/Primary_lib1//Primary1_QC//QC.QyQ58lvDuYI9.log
Warning: run-in-progress file "/projects/micb405/project1/Team10/STAR_output/Primary_lib1//Primary1_QC//QC.QORTS_RUNNING" already exists. Is there another QoRTs job running?
Starting QC
[Time: 2019-11-05 20:52:59] [Mem usage: [31MB / 2109MB]] [Elapsed Time: 00:00:00.0000]
Deleting old "QORTS_COMPLETED_OK" file.
QoRTs is Running in paired-end mode.
QoRTs is Running in any-sorted mode.
Raw fastq files specified. Adding fastq testing.
Parameter --genomeFA found. Adding reference mismatch testing.
NOTE: Function "overlapMatch" requires function "mismatchEngine". Adding "mismatchEngine" to the active function list...
Running functions: CigarOpDistribution, GCDistribution, GeneCalcs, InsertSize, 
        JunctionCalcs, NVC, QualityScoreDistribution, StrandCheck, 
        chromCounts, cigarLocusCounts, fastqUtils, mismatchEngine, 
        overlapMatch, readLengthDistro, referenceMatch, 
        writeBiotypeCounts, writeClippedNVC, writeDESeq, 
        writeDEXSeq, writeGeneBody, writeGeneCounts, 
        writeGenewiseGeneBody, writeJunctionSeqCounts, 
        writeKnownSplices, writeNovelSplices, writeSpliceExon
Checking first 10000 reads. Checking SAM file for formatting errors...
   Stats on the first 10000 reads:
        Num Reads Primary Map:    8476
        Num Reads Paired-ended:   10000
        Num Reads mapped pair:    8476
        Num Pair names found:     4238
        Num Pairs matched:        4238
        Read Seq length:          75 to 75
        Unclipped Read length:    75 to 75
        Final maxReadLength:      75
        maxPhredScore:            38
        minPhredScore:            2
   Note: Data appears to be paired-ended.
   Sorting Note: Reads appear to be grouped by read-pair, probably sorted by name(This is OK).
   Sorting Note: Reads are NOT sorted by position! Position-sorting is REQUIRED for the referenceMismatch module to function properly. Errors may follow.
Done checking first 10000 reads. WARNINGS FOUND!
Starting getSRPairIterResorted...
SAMRecord Reader Generated. Read length: 75.
[Time: 2019-11-05 20:53:03] [Mem usage: [1076MB / 2109MB]] [Elapsed Time: 00:00:03.0548]
Starting fastq readthrough.
> Init FastqGC Utility
> Init FastqQualityScore Utility
> Init FastqNVC Utility
..........[1000000 Read-Pairs processed] [Time: 2019-11-05 20:53:37] 
..........[2000000 Read-Pairs processed] [Time: 2019-11-05 20:54:10] 
.......
Finished fastq readthrough.
> Init GeneCalcs Utility
> Init InsertSize Utility
Compiling flat feature annotation, internally in memory...
FlatteningGtf: starting...(2019-11-05 20:55:13)
    FlatteningGtf: gtf file read complete.(2019-11-05 20:56:17)
    FlatteningGtf: Splice Junction Map read.(2019-11-05 20:56:18)
    FlatteningGtf: gene Sets generated.(2019-11-05 20:56:19)
    FlatteningGtf: Aggregate Sets built.
    FlatteningGtf: Compiling Aggregate Info . . . (2019-11-05 20:56:19)
    FlatteningGtf: Finished Compiling Aggregate Info. (2019-11-05 20:56:19)
    FlatteningGtf: Iterating through the step-vector...(2019-11-05 20:56:19)
    FlatteningGtf: Adding the aggregate genes themselves...(2019-11-05 20:56:21)
    FlatteningGtf: Iterating through the splice junctions...(2019-11-05 20:56:21)
    FlatteningGtf: Sorting the aggregate genes...(2019-11-05 20:56:23)
    FlatteningGtf: Folding the FlatGtfLine iterator...(2019-11-05 20:56:23)
    FlatteningGtf: Features Built.(2019-11-05 20:56:23)
Internal flat feature annotation compiled!
> Init NVC utility
> Init CigarOpDistribution Utility
> Init QualityScoreDistribution Utility
> Init GC counts Utility
> Init JunctionCalcs utility
length of knownSpliceMap after instantiation: 285008
length of knownCountMap after instantiation: 285008
> Init StrandCheck Utility
> Init chromCount Utility
> Init qcCigarLocusCounts Utility
> Init OverlapMatch Utility
> Init MinorUtils Utility
QC Utilities Generated!
[Time: 2019-11-05 20:56:27] [Mem usage: [1481MB / 6GB]] [Elapsed Time: 00:03:27.0581]
   [GenomeSeqContainer Status: buf:(1 dna:chromosome chromosome:GRCm38:1:1:195471971:1 REF:0-0) n=0, MaxSoFar=0]
Switching to Chromosome: 10 [2019-11-05 20:56:28] ... 
   Skipping chrom "1 dna:chromosome chromosome:GRCm38:1:1:195471971:1 REF" in genome fasta...
    found chrom 10 [2019-11-05 20:56:29]
Switching to Chromosome: 19 [2019-11-05 20:56:29] ... 
   Skipping chrom "10" in genome fasta...
   Skipping chrom "11" in genome fasta...
   Skipping chrom "11" in genome fasta...
   Skipping chrom "12" in genome fasta...
   Skipping chrom "12" in genome fasta...
   Skipping chrom "13" in genome fasta...
   Skipping chrom "13" in genome fasta...
   Skipping chrom "14" in genome fasta...
   Skipping chrom "14" in genome fasta...
   Skipping chrom "15" in genome fasta...
   Skipping chrom "15" in genome fasta...
   Skipping chrom "16" in genome fasta...
   Skipping chrom "16" in genome fasta...
   Skipping chrom "17" in genome fasta...
   Skipping chrom "17" in genome fasta...
   Skipping chrom "18" in genome fasta...
   Skipping chrom "18" in genome fasta...
    found chrom 19 [2019-11-05 20:56:32]
helper_calculateGeneAssignmentMap_strict. Found: 55421 genes in the supplied annotation.
helper_calculateGeneAssignmentMap_strict. Found: 3399 genes with ambiguous segments.
helper_calculateGeneAssignmentMap_strict. Found: 52022 genes after first-pass filtering
making makeGeneIntervalMap for geneBody calculations. Found: 52022 acceptable genes for gene-body analysis.
Switching to Chromosome: 11 [2019-11-05 20:57:04] ... 
   Skipping chrom "19" in genome fasta...
   Skipping chrom "2" in genome fasta...
   Skipping chrom "2" in genome fasta...
   Skipping chrom "3" in genome fasta...
   Skipping chrom "3" in genome fasta...
   Skipping chrom "4" in genome fasta...
   Skipping chrom "4" in genome fasta...
   Skipping chrom "5" in genome fasta...
   Skipping chrom "5" in genome fasta...
   Skipping chrom "6" in genome fasta...
   Skipping chrom "6" in genome fasta...
   Skipping chrom "7" in genome fasta...
   Skipping chrom "7" in genome fasta...
   Skipping chrom "8" in genome fasta...
   Skipping chrom "8" in genome fasta...
   Skipping chrom "9" in genome fasta...
   Skipping chrom "9" in genome fasta...
   Skipping chrom "MT" in genome fasta...
   Skipping chrom "MT" in genome fasta...
   Skipping chrom "X" in genome fasta...
   Skipping chrom "X" in genome fasta...
   Skipping chrom "Y" in genome fasta...
   Skipping chrom "Y" in genome fasta...
   Skipping chrom "JH584299.1" in genome fasta...
   Skipping chrom "JH584299.1" in genome fasta...
   Skipping chrom "GL456233.1" in genome fasta...
   Skipping chrom "GL456233.1" in genome fasta...
   Skipping chrom "JH584301.1" in genome fasta...
   Skipping chrom "JH584301.1" in genome fasta...
   Skipping chrom "GL456211.1" in genome fasta...
   Skipping chrom "GL456211.1" in genome fasta...
   Skipping chrom "GL456350.1" in genome fasta...
   Skipping chrom "GL456350.1" in genome fasta...
   Skipping chrom "JH584293.1" in genome fasta...
   Skipping chrom "JH584293.1" in genome fasta...
   Skipping chrom "GL456221.1" in genome fasta...
   Skipping chrom "GL456221.1" in genome fasta...
   Skipping chrom "JH584297.1" in genome fasta...
   Skipping chrom "JH584297.1" in genome fasta...
   Skipping chrom "JH584296.1" in genome fasta...
   Skipping chrom "JH584296.1" in genome fasta...
   Skipping chrom "GL456354.1" in genome fasta...
   Skipping chrom "GL456354.1" in genome fasta...
   Skipping chrom "JH584294.1" in genome fasta...
   Skipping chrom "JH584294.1" in genome fasta...
   Skipping chrom "JH584298.1" in genome fasta...
   Skipping chrom "JH584298.1" in genome fasta...
   Skipping chrom "JH584300.1" in genome fasta...
   Skipping chrom "JH584300.1" in genome fasta...
   Skipping chrom "GL456219.1" in genome fasta...
   Skipping chrom "GL456219.1" in genome fasta...
   Skipping chrom "GL456210.1" in genome fasta...
   Skipping chrom "GL456210.1" in genome fasta...
   Skipping chrom "JH584303.1" in genome fasta...
   Skipping chrom "JH584303.1" in genome fasta...
   Skipping chrom "JH584302.1" in genome fasta...
   Skipping chrom "JH584302.1" in genome fasta...
   Skipping chrom "GL456212.1" in genome fasta...
   Skipping chrom "GL456212.1" in genome fasta...
   Skipping chrom "JH584304.1" in genome fasta...
   Skipping chrom "JH584304.1" in genome fasta...
   Skipping chrom "GL456379.1" in genome fasta...
   Skipping chrom "GL456379.1" in genome fasta...
   Skipping chrom "GL456216.1" in genome fasta...
   Skipping chrom "GL456216.1" in genome fasta...
   Skipping chrom "GL456393.1" in genome fasta...
   Skipping chrom "GL456393.1" in genome fasta...
   Skipping chrom "GL456366.1" in genome fasta...
   Skipping chrom "GL456366.1" in genome fasta...
   Skipping chrom "GL456367.1" in genome fasta...
   Skipping chrom "GL456367.1" in genome fasta...
   Skipping chrom "GL456239.1" in genome fasta...
   Skipping chrom "GL456239.1" in genome fasta...
   Skipping chrom "GL456213.1" in genome fasta...
   Skipping chrom "GL456213.1" in genome fasta...
   Skipping chrom "GL456383.1" in genome fasta...
   Skipping chrom "GL456383.1" in genome fasta...
   Skipping chrom "GL456385.1" in genome fasta...
   Skipping chrom "GL456385.1" in genome fasta...
   Skipping chrom "GL456360.1" in genome fasta...
   Skipping chrom "GL456360.1" in genome fasta...
   Skipping chrom "GL456378.1" in genome fasta...
   Skipping chrom "GL456378.1" in genome fasta...
   Skipping chrom "GL456389.1" in genome fasta...
   Skipping chrom "GL456389.1" in genome fasta...
   Skipping chrom "GL456372.1" in genome fasta...
   Skipping chrom "GL456372.1" in genome fasta...
   Skipping chrom "GL456370.1" in genome fasta...
   Skipping chrom "GL456370.1" in genome fasta...
   Skipping chrom "GL456381.1" in genome fasta...
   Skipping chrom "GL456381.1" in genome fasta...
   Skipping chrom "GL456387.1" in genome fasta...
   Skipping chrom "GL456387.1" in genome fasta...
   Skipping chrom "GL456390.1" in genome fasta...
   Skipping chrom "GL456390.1" in genome fasta...
   Skipping chrom "GL456394.1" in genome fasta...
   Skipping chrom "GL456394.1" in genome fasta...
   Skipping chrom "GL456392.1" in genome fasta...
   Skipping chrom "GL456392.1" in genome fasta...
   Skipping chrom "GL456382.1" in genome fasta...
   Skipping chrom "GL456382.1" in genome fasta...
   Skipping chrom "GL456359.1" in genome fasta...
   Skipping chrom "GL456359.1" in genome fasta...
   Skipping chrom "GL456396.1" in genome fasta...
   Skipping chrom "GL456396.1" in genome fasta...
   Skipping chrom "GL456368.1" in genome fasta...
   Skipping chrom "GL456368.1" in genome fasta...
   Skipping chrom "JH584292.1" in genome fasta...
   Skipping chrom "JH584292.1" in genome fasta...
   Skipping chrom "JH584295.1" in genome fasta...
   Skipping chrom "JH584295.1" in genome fasta...
  #### NOTE (LOOPED_GENOME_FASTA 1):
    >> Returning to start of genome FASTA file. NOTE: for optimal performance, sort the FASTA file so that the chromosomes appear in the same order as in the BAM files.
   Skipping chrom "1" in genome fasta...
   Skipping chrom "10" in genome fasta...
   Skipping chrom "10" in genome fasta...
    found chrom 11 [2019-11-05 20:57:09]
Switching to Chromosome: 4 [2019-11-05 20:57:10] ... 
   Skipping chrom "11" in genome fasta...
   Skipping chrom "12" in genome fasta...
   Skipping chrom "12" in genome fasta...
   Skipping chrom "13" in genome fasta...
   Skipping chrom "13" in genome fasta...
   Skipping chrom "14" in genome fasta...
   Skipping chrom "14" in genome fasta...
   Skipping chrom "15" in genome fasta...
   Skipping chrom "15" in genome fasta...
   Skipping chrom "16" in genome fasta...
   Skipping chrom "16" in genome fasta...
   Skipping chrom "17" in genome fasta...
   Skipping chrom "17" in genome fasta...
   Skipping chrom "18" in genome fasta...
   Skipping chrom "18" in genome fasta...
   Skipping chrom "19" in genome fasta...
   Skipping chrom "19" in genome fasta...
   Skipping chrom "2" in genome fasta...
   Skipping chrom "2" in genome fasta...
   Skipping chrom "3" in genome fasta...
   Skipping chrom "3" in genome fasta...
    found chrom 4 [2019-11-05 20:57:13]
Switching to Chromosome: 11 [2019-11-05 20:57:15] ... 
   Skipping chrom "4" in genome fasta...
   Skipping chrom "5" in genome fasta...
   Skipping chrom "5" in genome fasta...
   Skipping chrom "6" in genome fasta...
   Skipping chrom "6" in genome fasta...
   Skipping chrom "7" in genome fasta...
   Skipping chrom "7" in genome fasta...
   Skipping chrom "8" in genome fasta...
   Skipping chrom "8" in genome fasta...
   Skipping chrom "9" in genome fasta...
   Skipping chrom "9" in genome fasta...
   Skipping chrom "MT" in genome fasta...
   Skipping chrom "MT" in genome fasta...
   Skipping chrom "X" in genome fasta...
   Skipping chrom "X" in genome fasta...
   Skipping chrom "Y" in genome fasta...
   Skipping chrom "Y" in genome fasta...
   Skipping chrom "JH584299.1" in genome fasta...
   Skipping chrom "JH584299.1" in genome fasta...
   Skipping chrom "GL456233.1" in genome fasta...
   Skipping chrom "GL456233.1" in genome fasta...
   Skipping chrom "JH584301.1" in genome fasta...
   Skipping chrom "JH584301.1" in genome fasta...
   Skipping chrom "GL456211.1" in genome fasta...
   Skipping chrom "GL456211.1" in genome fasta...
   Skipping chrom "GL456350.1" in genome fasta...
   Skipping chrom "GL456350.1" in genome fasta...
   Skipping chrom "JH584293.1" in genome fasta...
   Skipping chrom "JH584293.1" in genome fasta...
   Skipping chrom "GL456221.1" in genome fasta...
   Skipping chrom "GL456221.1" in genome fasta...
   Skipping chrom "JH584297.1" in genome fasta...
   Skipping chrom "JH584297.1" in genome fasta...
   Skipping chrom "JH584296.1" in genome fasta...
   Skipping chrom "JH584296.1" in genome fasta...
   Skipping chrom "GL456354.1" in genome fasta...
   Skipping chrom "GL456354.1" in genome fasta...
   Skipping chrom "JH584294.1" in genome fasta...
   Skipping chrom "JH584294.1" in genome fasta...
   Skipping chrom "JH584298.1" in genome fasta...
   Skipping chrom "JH584298.1" in genome fasta...
   Skipping chrom "JH584300.1" in genome fasta...
   Skipping chrom "JH584300.1" in genome fasta...
   Skipping chrom "GL456219.1" in genome fasta...
   Skipping chrom "GL456219.1" in genome fasta...
   Skipping chrom "GL456210.1" in genome fasta...
   Skipping chrom "GL456210.1" in genome fasta...
   Skipping chrom "JH584303.1" in genome fasta...
   Skipping chrom "JH584303.1" in genome fasta...
   Skipping chrom "JH584302.1" in genome fasta...
   Skipping chrom "JH584302.1" in genome fasta...
   Skipping chrom "GL456212.1" in genome fasta...
   Skipping chrom "GL456212.1" in genome fasta...
   Skipping chrom "JH584304.1" in genome fasta...
   Skipping chrom "JH584304.1" in genome fasta...
   Skipping chrom "GL456379.1" in genome fasta...
   Skipping chrom "GL456379.1" in genome fasta...
   Skipping chrom "GL456216.1" in genome fasta...
   Skipping chrom "GL456216.1" in genome fasta...
   Skipping chrom "GL456393.1" in genome fasta...
   Skipping chrom "GL456393.1" in genome fasta...
   Skipping chrom "GL456366.1" in genome fasta...
   Skipping chrom "GL456366.1" in genome fasta...
   Skipping chrom "GL456367.1" in genome fasta...
   Skipping chrom "GL456367.1" in genome fasta...
   Skipping chrom "GL456239.1" in genome fasta...
   Skipping chrom "GL456239.1" in genome fasta...
   Skipping chrom "GL456213.1" in genome fasta...
   Skipping chrom "GL456213.1" in genome fasta...
   Skipping chrom "GL456383.1" in genome fasta...
   Skipping chrom "GL456383.1" in genome fasta...
   Skipping chrom "GL456385.1" in genome fasta...
   Skipping chrom "GL456385.1" in genome fasta...
   Skipping chrom "GL456360.1" in genome fasta...
   Skipping chrom "GL456360.1" in genome fasta...
   Skipping chrom "GL456378.1" in genome fasta...
   Skipping chrom "GL456378.1" in genome fasta...
   Skipping chrom "GL456389.1" in genome fasta...
   Skipping chrom "GL456389.1" in genome fasta...
   Skipping chrom "GL456372.1" in genome fasta...
   Skipping chrom "GL456372.1" in genome fasta...
   Skipping chrom "GL456370.1" in genome fasta...
   Skipping chrom "GL456370.1" in genome fasta...
   Skipping chrom "GL456381.1" in genome fasta...
   Skipping chrom "GL456381.1" in genome fasta...
   Skipping chrom "GL456387.1" in genome fasta...
   Skipping chrom "GL456387.1" in genome fasta...
   Skipping chrom "GL456390.1" in genome fasta...
   Skipping chrom "GL456390.1" in genome fasta...
   Skipping chrom "GL456394.1" in genome fasta...
   Skipping chrom "GL456394.1" in genome fasta...
   Skipping chrom "GL456392.1" in genome fasta...
   Skipping chrom "GL456392.1" in genome fasta...
   Skipping chrom "GL456382.1" in genome fasta...
   Skipping chrom "GL456382.1" in genome fasta...
   Skipping chrom "GL456359.1" in genome fasta...
   Skipping chrom "GL456359.1" in genome fasta...
   Skipping chrom "GL456396.1" in genome fasta...
   Skipping chrom "GL456396.1" in genome fasta...
   Skipping chrom "GL456368.1" in genome fasta...
   Skipping chrom "GL456368.1" in genome fasta...
   Skipping chrom "JH584292.1" in genome fasta...
   Skipping chrom "JH584292.1" in genome fasta...
   Skipping chrom "JH584295.1" in genome fasta...
   Skipping chrom "JH584295.1" in genome fasta...
  #### NOTE (LOOPED_GENOME_FASTA 2):
    >> Returning to start of genome FASTA file. NOTE: for optimal performance, sort the FASTA file so that the chromosomes appear in the same order as in the BAM files.
   Skipping chrom "1" in genome fasta...
   Skipping chrom "10" in genome fasta...
   Skipping chrom "10" in genome fasta...
    found chrom 11 [2019-11-05 20:57:18]
Switching to Chromosome: 4 [2019-11-05 20:57:19] ... 
   Skipping chrom "11" in genome fasta...
   Skipping chrom "12" in genome fasta...
   Skipping chrom "12" in genome fasta...
   Skipping chrom "13" in genome fasta...
   Skipping chrom "13" in genome fasta...
   Skipping chrom "14" in genome fasta...
   Skipping chrom "14" in genome fasta...
   Skipping chrom "15" in genome fasta...
   Skipping chrom "15" in genome fasta...
   Skipping chrom "16" in genome fasta...
   Skipping chrom "16" in genome fasta...
   Skipping chrom "17" in genome fasta...
   Skipping chrom "17" in genome fasta...
   Skipping chrom "18" in genome fasta...
   Skipping chrom "18" in genome fasta...
   Skipping chrom "19" in genome fasta...
   Skipping chrom "19" in genome fasta...
   Skipping chrom "2" in genome fasta...
   Skipping chrom "2" in genome fasta...
   Skipping chrom "3" in genome fasta...
   Skipping chrom "3" in genome fasta...
    found chrom 4 [2019-11-05 20:57:22]
Switching to Chromosome: 5 [2019-11-05 20:57:23] ... 
   Skipping chrom "4" in genome fasta...
    found chrom 5 [2019-11-05 20:57:23]
Switching to Chromosome: 15 [2019-11-05 20:57:24] ... 
   Skipping chrom "5" in genome fasta...
   Skipping chrom "6" in genome fasta...
   Skipping chrom "6" in genome fasta...
   Skipping chrom "7" in genome fasta...
   Skipping chrom "7" in genome fasta...
   Skipping chrom "8" in genome fasta...
   Skipping chrom "8" in genome fasta...
   Skipping chrom "9" in genome fasta...
   Skipping chrom "9" in genome fasta...
   Skipping chrom "MT" in genome fasta...
   Skipping chrom "MT" in genome fasta...
   Skipping chrom "X" in genome fasta...
   Skipping chrom "X" in genome fasta...
   Skipping chrom "Y" in genome fasta...
   Skipping chrom "Y" in genome fasta...
   Skipping chrom "JH584299.1" in genome fasta...
   Skipping chrom "JH584299.1" in genome fasta...
   Skipping chrom "GL456233.1" in genome fasta...
   Skipping chrom "GL456233.1" in genome fasta...
   Skipping chrom "JH584301.1" in genome fasta...
   Skipping chrom "JH584301.1" in genome fasta...
   Skipping chrom "GL456211.1" in genome fasta...
   Skipping chrom "GL456211.1" in genome fasta...
   Skipping chrom "GL456350.1" in genome fasta...
   Skipping chrom "GL456350.1" in genome fasta...
   Skipping chrom "JH584293.1" in genome fasta...
   Skipping chrom "JH584293.1" in genome fasta...
   Skipping chrom "GL456221.1" in genome fasta...
   Skipping chrom "GL456221.1" in genome fasta...
   Skipping chrom "JH584297.1" in genome fasta...
   Skipping chrom "JH584297.1" in genome fasta...
   Skipping chrom "JH584296.1" in genome fasta...
   Skipping chrom "JH584296.1" in genome fasta...
   Skipping chrom "GL456354.1" in genome fasta...
   Skipping chrom "GL456354.1" in genome fasta...
   Skipping chrom "JH584294.1" in genome fasta...
   Skipping chrom "JH584294.1" in genome fasta...
   Skipping chrom "JH584298.1" in genome fasta...
   Skipping chrom "JH584298.1" in genome fasta...
   Skipping chrom "JH584300.1" in genome fasta...
   Skipping chrom "JH584300.1" in genome fasta...
   Skipping chrom "GL456219.1" in genome fasta...
   Skipping chrom "GL456219.1" in genome fasta...
   Skipping chrom "GL456210.1" in genome fasta...
   Skipping chrom "GL456210.1" in genome fasta...
   Skipping chrom "JH584303.1" in genome fasta...
   Skipping chrom "JH584303.1" in genome fasta...
   Skipping chrom "JH584302.1" in genome fasta...
   Skipping chrom "JH584302.1" in genome fasta...
   Skipping chrom "GL456212.1" in genome fasta...
   Skipping chrom "GL456212.1" in genome fasta...
   Skipping chrom "JH584304.1" in genome fasta...
   Skipping chrom "JH584304.1" in genome fasta...
   Skipping chrom "GL456379.1" in genome fasta...
   Skipping chrom "GL456379.1" in genome fasta...
   Skipping chrom "GL456216.1" in genome fasta...
   Skipping chrom "GL456216.1" in genome fasta...
   Skipping chrom "GL456393.1" in genome fasta...
   Skipping chrom "GL456393.1" in genome fasta...
   Skipping chrom "GL456366.1" in genome fasta...
   Skipping chrom "GL456366.1" in genome fasta...
   Skipping chrom "GL456367.1" in genome fasta...
   Skipping chrom "GL456367.1" in genome fasta...
   Skipping chrom "GL456239.1" in genome fasta...
   Skipping chrom "GL456239.1" in genome fasta...
   Skipping chrom "GL456213.1" in genome fasta...
   Skipping chrom "GL456213.1" in genome fasta...
   Skipping chrom "GL456383.1" in genome fasta...
   Skipping chrom "GL456383.1" in genome fasta...
   Skipping chrom "GL456385.1" in genome fasta...
   Skipping chrom "GL456385.1" in genome fasta...
   Skipping chrom "GL456360.1" in genome fasta...
   Skipping chrom "GL456360.1" in genome fasta...
   Skipping chrom "GL456378.1" in genome fasta...
   Skipping chrom "GL456378.1" in genome fasta...
   Skipping chrom "GL456389.1" in genome fasta...
   Skipping chrom "GL456389.1" in genome fasta...
   Skipping chrom "GL456372.1" in genome fasta...
   Skipping chrom "GL456372.1" in genome fasta...
   Skipping chrom "GL456370.1" in genome fasta...
   Skipping chrom "GL456370.1" in genome fasta...
   Skipping chrom "GL456381.1" in genome fasta...
   Skipping chrom "GL456381.1" in genome fasta...
   Skipping chrom "GL456387.1" in genome fasta...
   Skipping chrom "GL456387.1" in genome fasta...
   Skipping chrom "GL456390.1" in genome fasta...
   Skipping chrom "GL456390.1" in genome fasta...
   Skipping chrom "GL456394.1" in genome fasta...
   Skipping chrom "GL456394.1" in genome fasta...
   Skipping chrom "GL456392.1" in genome fasta...
   Skipping chrom "GL456392.1" in genome fasta...
   Skipping chrom "GL456382.1" in genome fasta...
   Skipping chrom "GL456382.1" in genome fasta...
   Skipping chrom "GL456359.1" in genome fasta...
   Skipping chrom "GL456359.1" in genome fasta...
   Skipping chrom "GL456396.1" in genome fasta...
   Skipping chrom "GL456396.1" in genome fasta...
   Skipping chrom "GL456368.1" in genome fasta...
   Skipping chrom "GL456368.1" in genome fasta...
   Skipping chrom "JH584292.1" in genome fasta...
   Skipping chrom "JH584292.1" in genome fasta...
   Skipping chrom "JH584295.1" in genome fasta...
   Skipping chrom "JH584295.1" in genome fasta...
  #### NOTE (LOOPED_GENOME_FASTA 3):
    >> Returning to start of genome FASTA file. NOTE: for optimal performance, sort the FASTA file so that the chromosomes appear in the same order as in the BAM files.
   Skipping chrom "1" in genome fasta...
   Skipping chrom "10" in genome fasta...
   Skipping chrom "10" in genome fasta...
   Skipping chrom "11" in genome fasta...
   Skipping chrom "11" in genome fasta...
   Skipping chrom "12" in genome fasta...
   Skipping chrom "12" in genome fasta...
   Skipping chrom "13" in genome fasta...
   Skipping chrom "13" in genome fasta...
   Skipping chrom "14" in genome fasta...
   Skipping chrom "14" in genome fasta...
    found chrom 15 [2019-11-05 20:57:29]
Switching to Chromosome: 17 [2019-11-05 20:57:30] ... 
   Skipping chrom "15" in genome fasta...
   Skipping chrom "16" in genome fasta...
   Skipping chrom "16" in genome fasta...
    found chrom 17 [2019-11-05 20:57:30]
Switching to Chromosome: 15 [2019-11-05 20:57:30] ... 
   Skipping chrom "17" in genome fasta...
   Skipping chrom "18" in genome fasta...
   Skipping chrom "18" in genome fasta...
   Skipping chrom "19" in genome fasta...
   Skipping chrom "19" in genome fasta...
   Skipping chrom "2" in genome fasta...
   Skipping chrom "2" in genome fasta...
   Skipping chrom "3" in genome fasta...
   Skipping chrom "3" in genome fasta...
   Skipping chrom "4" in genome fasta...
   Skipping chrom "4" in genome fasta...
   Skipping chrom "5" in genome fasta...
   Skipping chrom "5" in genome fasta...
   Skipping chrom "6" in genome fasta...
   Skipping chrom "6" in genome fasta...
   Skipping chrom "7" in genome fasta...
   Skipping chrom "7" in genome fasta...
   Skipping chrom "8" in genome fasta...
   Skipping chrom "8" in genome fasta...
   Skipping chrom "9" in genome fasta...
   Skipping chrom "9" in genome fasta...
   Skipping chrom "MT" in genome fasta...
   Skipping chrom "MT" in genome fasta...
   Skipping chrom "X" in genome fasta...
   Skipping chrom "X" in genome fasta...
   Skipping chrom "Y" in genome fasta...
   Skipping chrom "Y" in genome fasta...
   Skipping chrom "JH584299.1" in genome fasta...
   Skipping chrom "JH584299.1" in genome fasta...
   Skipping chrom "GL456233.1" in genome fasta...
   Skipping chrom "GL456233.1" in genome fasta...
   Skipping chrom "JH584301.1" in genome fasta...
   Skipping chrom "JH584301.1" in genome fasta...
   Skipping chrom "GL456211.1" in genome fasta...
   Skipping chrom "GL456211.1" in genome fasta...
   Skipping chrom "GL456350.1" in genome fasta...
   Skipping chrom "GL456350.1" in genome fasta...
   Skipping chrom "JH584293.1" in genome fasta...
   Skipping chrom "JH584293.1" in genome fasta...
   Skipping chrom "GL456221.1" in genome fasta...
   Skipping chrom "GL456221.1" in genome fasta...
   Skipping chrom "JH584297.1" in genome fasta...
   Skipping chrom "JH584297.1" in genome fasta...
   Skipping chrom "JH584296.1" in genome fasta...
   Skipping chrom "JH584296.1" in genome fasta...
   Skipping chrom "GL456354.1" in genome fasta...
   Skipping chrom "GL456354.1" in genome fasta...
   Skipping chrom "JH584294.1" in genome fasta...
   Skipping chrom "JH584294.1" in genome fasta...
   Skipping chrom "JH584298.1" in genome fasta...
   Skipping chrom "JH584298.1" in genome fasta...
   Skipping chrom "JH584300.1" in genome fasta...
   Skipping chrom "JH584300.1" in genome fasta...
   Skipping chrom "GL456219.1" in genome fasta...
   Skipping chrom "GL456219.1" in genome fasta...
   Skipping chrom "GL456210.1" in genome fasta...
   Skipping chrom "GL456210.1" in genome fasta...
   Skipping chrom "JH584303.1" in genome fasta...
   Skipping chrom "JH584303.1" in genome fasta...
   Skipping chrom "JH584302.1" in genome fasta...
   Skipping chrom "JH584302.1" in genome fasta...
   Skipping chrom "GL456212.1" in genome fasta...
   Skipping chrom "GL456212.1" in genome fasta...
   Skipping chrom "JH584304.1" in genome fasta...
   Skipping chrom "JH584304.1" in genome fasta...
   Skipping chrom "GL456379.1" in genome fasta...
   Skipping chrom "GL456379.1" in genome fasta...
   Skipping chrom "GL456216.1" in genome fasta...
   Skipping chrom "GL456216.1" in genome fasta...
   Skipping chrom "GL456393.1" in genome fasta...
   Skipping chrom "GL456393.1" in genome fasta...
   Skipping chrom "GL456366.1" in genome fasta...
   Skipping chrom "GL456366.1" in genome fasta...
   Skipping chrom "GL456367.1" in genome fasta...
   Skipping chrom "GL456367.1" in genome fasta...
   Skipping chrom "GL456239.1" in genome fasta...
   Skipping chrom "GL456239.1" in genome fasta...
   Skipping chrom "GL456213.1" in genome fasta...
   Skipping chrom "GL456213.1" in genome fasta...
   Skipping chrom "GL456383.1" in genome fasta...
   Skipping chrom "GL456383.1" in genome fasta...
   Skipping chrom "GL456385.1" in genome fasta...
   Skipping chrom "GL456385.1" in genome fasta...
   Skipping chrom "GL456360.1" in genome fasta...
   Skipping chrom "GL456360.1" in genome fasta...
   Skipping chrom "GL456378.1" in genome fasta...
   Skipping chrom "GL456378.1" in genome fasta...
   Skipping chrom "GL456389.1" in genome fasta...
   Skipping chrom "GL456389.1" in genome fasta...
   Skipping chrom "GL456372.1" in genome fasta...
   Skipping chrom "GL456372.1" in genome fasta...
   Skipping chrom "GL456370.1" in genome fasta...
   Skipping chrom "GL456370.1" in genome fasta...
   Skipping chrom "GL456381.1" in genome fasta...
   Skipping chrom "GL456381.1" in genome fasta...
   Skipping chrom "GL456387.1" in genome fasta...
   Skipping chrom "GL456387.1" in genome fasta...
   Skipping chrom "GL456390.1" in genome fasta...
   Skipping chrom "GL456390.1" in genome fasta...
   Skipping chrom "GL456394.1" in genome fasta...
   Skipping chrom "GL456394.1" in genome fasta...
   Skipping chrom "GL456392.1" in genome fasta...
   Skipping chrom "GL456392.1" in genome fasta...
   Skipping chrom "GL456382.1" in genome fasta...
   Skipping chrom "GL456382.1" in genome fasta...
   Skipping chrom "GL456359.1" in genome fasta...
   Skipping chrom "GL456359.1" in genome fasta...
   Skipping chrom "GL456396.1" in genome fasta...
   Skipping chrom "GL456396.1" in genome fasta...
   Skipping chrom "GL456368.1" in genome fasta...
   Skipping chrom "GL456368.1" in genome fasta...
   Skipping chrom "JH584292.1" in genome fasta...
   Skipping chrom "JH584292.1" in genome fasta...
   Skipping chrom "JH584295.1" in genome fasta...
   Skipping chrom "JH584295.1" in genome fasta...
  #### NOTE (LOOPED_GENOME_FASTA 4):
    >> Returning to start of genome FASTA file. NOTE: for optimal performance, sort the FASTA file so that the chromosomes appear in the same order as in the BAM files.
   Skipping chrom "1" in genome fasta...
   Skipping chrom "10" in genome fasta...
   Skipping chrom "10" in genome fasta...
   Skipping chrom "11" in genome fasta...
   Skipping chrom "11" in genome fasta...
   Skipping chrom "12" in genome fasta...
   Skipping chrom "12" in genome fasta...
   Skipping chrom "13" in genome fasta...
   Skipping chrom "13" in genome fasta...
   Skipping chrom "14" in genome fasta...
   Skipping chrom "14" in genome fasta...
    found chrom 15 [2019-11-05 20:57:36]
Switching to Chromosome: 19 [2019-11-05 20:57:37] ... 
   Skipping chrom "15" in genome fasta...
   Skipping chrom "16" in genome fasta...
   Skipping chrom "16" in genome fasta...
   Skipping chrom "17" in genome fasta...
   Skipping chrom "17" in genome fasta...
   Skipping chrom "18" in genome fasta...
   Skipping chrom "18" in genome fasta...
    found chrom 19 [2019-11-05 20:57:38]
Switching to Chromosome: 11 [2019-11-05 20:57:38] ... 
   Skipping chrom "19" in genome fasta...
   Skipping chrom "2" in genome fasta...
   Skipping chrom "2" in genome fasta...
   Skipping chrom "3" in genome fasta...
   Skipping chrom "3" in genome fasta...
   Skipping chrom "4" in genome fasta...
   Skipping chrom "4" in genome fasta...
   Skipping chrom "5" in genome fasta...
   Skipping chrom "5" in genome fasta...
   Skipping chrom "6" in genome fasta...
   Skipping chrom "6" in genome fasta...
   Skipping chrom "7" in genome fasta...
   Skipping chrom "7" in genome fasta...
   Skipping chrom "8" in genome fasta...
   Skipping chrom "8" in genome fasta...
   Skipping chrom "9" in genome fasta...
   Skipping chrom "9" in genome fasta...
   Skipping chrom "MT" in genome fasta...
   Skipping chrom "MT" in genome fasta...
   Skipping chrom "X" in genome fasta...
   Skipping chrom "X" in genome fasta...
   Skipping chrom "Y" in genome fasta...
   Skipping chrom "Y" in genome fasta...
   Skipping chrom "JH584299.1" in genome fasta...
   Skipping chrom "JH584299.1" in genome fasta...
   Skipping chrom "GL456233.1" in genome fasta...
   Skipping chrom "GL456233.1" in genome fasta...
   Skipping chrom "JH584301.1" in genome fasta...
   Skipping chrom "JH584301.1" in genome fasta...
   Skipping chrom "GL456211.1" in genome fasta...
   Skipping chrom "GL456211.1" in genome fasta...
   Skipping chrom "GL456350.1" in genome fasta...
   Skipping chrom "GL456350.1" in genome fasta...
   Skipping chrom "JH584293.1" in genome fasta...
   Skipping chrom "JH584293.1" in genome fasta...
   Skipping chrom "GL456221.1" in genome fasta...
   Skipping chrom "GL456221.1" in genome fasta...
   Skipping chrom "JH584297.1" in genome fasta...
   Skipping chrom "JH584297.1" in genome fasta...
   Skipping chrom "JH584296.1" in genome fasta...
   Skipping chrom "JH584296.1" in genome fasta...
   Skipping chrom "GL456354.1" in genome fasta...
   Skipping chrom "GL456354.1" in genome fasta...
   Skipping chrom "JH584294.1" in genome fasta...
   Skipping chrom "JH584294.1" in genome fasta...
   Skipping chrom "JH584298.1" in genome fasta...
   Skipping chrom "JH584298.1" in genome fasta...
   Skipping chrom "JH584300.1" in genome fasta...
   Skipping chrom "JH584300.1" in genome fasta...
   Skipping chrom "GL456219.1" in genome fasta...
   Skipping chrom "GL456219.1" in genome fasta...
   Skipping chrom "GL456210.1" in genome fasta...
   Skipping chrom "GL456210.1" in genome fasta...
   Skipping chrom "JH584303.1" in genome fasta...
   Skipping chrom "JH584303.1" in genome fasta...
   Skipping chrom "JH584302.1" in genome fasta...
   Skipping chrom "JH584302.1" in genome fasta...
   Skipping chrom "GL456212.1" in genome fasta...
   Skipping chrom "GL456212.1" in genome fasta...
   Skipping chrom "JH584304.1" in genome fasta...
   Skipping chrom "JH584304.1" in genome fasta...
   Skipping chrom "GL456379.1" in genome fasta...
   Skipping chrom "GL456379.1" in genome fasta...
   Skipping chrom "GL456216.1" in genome fasta...
   Skipping chrom "GL456216.1" in genome fasta...
   Skipping chrom "GL456393.1" in genome fasta...
   Skipping chrom "GL456393.1" in genome fasta...
   Skipping chrom "GL456366.1" in genome fasta...
   Skipping chrom "GL456366.1" in genome fasta...
   Skipping chrom "GL456367.1" in genome fasta...
   Skipping chrom "GL456367.1" in genome fasta...
   Skipping chrom "GL456239.1" in genome fasta...
   Skipping chrom "GL456239.1" in genome fasta...
   Skipping chrom "GL456213.1" in genome fasta...
   Skipping chrom "GL456213.1" in genome fasta...
   Skipping chrom "GL456383.1" in genome fasta...
   Skipping chrom "GL456383.1" in genome fasta...
   Skipping chrom "GL456385.1" in genome fasta...
   Skipping chrom "GL456385.1" in genome fasta...
   Skipping chrom "GL456360.1" in genome fasta...
   Skipping chrom "GL456360.1" in genome fasta...
   Skipping chrom "GL456378.1" in genome fasta...
   Skipping chrom "GL456378.1" in genome fasta...
   Skipping chrom "GL456389.1" in genome fasta...
   Skipping chrom "GL456389.1" in genome fasta...
   Skipping chrom "GL456372.1" in genome fasta...
   Skipping chrom "GL456372.1" in genome fasta...
   Skipping chrom "GL456370.1" in genome fasta...
   Skipping chrom "GL456370.1" in genome fasta...
   Skipping chrom "GL456381.1" in genome fasta...
   Skipping chrom "GL456381.1" in genome fasta...
   Skipping chrom "GL456387.1" in genome fasta...
   Skipping chrom "GL456387.1" in genome fasta...
   Skipping chrom "GL456390.1" in genome fasta...
   Skipping chrom "GL456390.1" in genome fasta...
   Skipping chrom "GL456394.1" in genome fasta...
   Skipping chrom "GL456394.1" in genome fasta...
   Skipping chrom "GL456392.1" in genome fasta...
   Skipping chrom "GL456392.1" in genome fasta...
   Skipping chrom "GL456382.1" in genome fasta...
   Skipping chrom "GL456382.1" in genome fasta...
   Skipping chrom "GL456359.1" in genome fasta...
   Skipping chrom "GL456359.1" in genome fasta...
   Skipping chrom "GL456396.1" in genome fasta...
   Skipping chrom "GL456396.1" in genome fasta...
   Skipping chrom "GL456368.1" in genome fasta...
   Skipping chrom "GL456368.1" in genome fasta...
   Skipping chrom "JH584292.1" in genome fasta...
   Skipping chrom "JH584292.1" in genome fasta...
   Skipping chrom "JH584295.1" in genome fasta...
   Skipping chrom "JH584295.1" in genome fasta...
  #### NOTE (LOOPED_GENOME_FASTA 5):
    >> Returning to start of genome FASTA file. NOTE: for optimal performance, sort the FASTA file so that the chromosomes appear in the same order as in the BAM files.
   Skipping chrom "1" in genome fasta...
   Skipping chrom "10" in genome fasta...
   Skipping chrom "10" in genome fasta...
    found chrom 11 [2019-11-05 20:57:42]
Switching to Chromosome: 8 [2019-11-05 20:57:42] ... 
   Skipping chrom "11" in genome fasta...
   Skipping chrom "12" in genome fasta...
   Skipping chrom "12" in genome fasta...
   Skipping chrom "13" in genome fasta...
   Skipping chrom "13" in genome fasta...
   Skipping chrom "14" in genome fasta...
   Skipping chrom "14" in genome fasta...
   Skipping chrom "15" in genome fasta...
   Skipping chrom "15" in genome fasta...
   Skipping chrom "16" in genome fasta...
   Skipping chrom "16" in genome fasta...
   Skipping chrom "17" in genome fasta...
   Skipping chrom "17" in genome fasta...
   Skipping chrom "18" in genome fasta...
   Skipping chrom "18" in genome fasta...
   Skipping chrom "19" in genome fasta...
   Skipping chrom "19" in genome fasta...
   Skipping chrom "2" in genome fasta...
   Skipping chrom "2" in genome fasta...
   Skipping chrom "3" in genome fasta...
   Skipping chrom "3" in genome fasta...
   Skipping chrom "4" in genome fasta...
   Skipping chrom "4" in genome fasta...
   Skipping chrom "5" in genome fasta...
   Skipping chrom "5" in genome fasta...
   Skipping chrom "6" in genome fasta...
   Skipping chrom "6" in genome fasta...
   Skipping chrom "7" in genome fasta...
   Skipping chrom "7" in genome fasta...
    found chrom 8 [2019-11-05 20:57:47]
Switching to Chromosome: 10 [2019-11-05 20:57:48] ... 
   Skipping chrom "8" in genome fasta...
   Skipping chrom "9" in genome fasta...
   Skipping chrom "9" in genome fasta...
   Skipping chrom "MT" in genome fasta...
   Skipping chrom "MT" in genome fasta...
   Skipping chrom "X" in genome fasta...
   Skipping chrom "X" in genome fasta...
   Skipping chrom "Y" in genome fasta...
   Skipping chrom "Y" in genome fasta...
   Skipping chrom "JH584299.1" in genome fasta...
   Skipping chrom "JH584299.1" in genome fasta...
   Skipping chrom "GL456233.1" in genome fasta...
   Skipping chrom "GL456233.1" in genome fasta...
   Skipping chrom "JH584301.1" in genome fasta...
   Skipping chrom "JH584301.1" in genome fasta...
   Skipping chrom "GL456211.1" in genome fasta...
   Skipping chrom "GL456211.1" in genome fasta...
   Skipping chrom "GL456350.1" in genome fasta...
   Skipping chrom "GL456350.1" in genome fasta...
   Skipping chrom "JH584293.1" in genome fasta...
   Skipping chrom "JH584293.1" in genome fasta...
   Skipping chrom "GL456221.1" in genome fasta...
   Skipping chrom "GL456221.1" in genome fasta...
   Skipping chrom "JH584297.1" in genome fasta...
   Skipping chrom "JH584297.1" in genome fasta...
   Skipping chrom "JH584296.1" in genome fasta...
   Skipping chrom "JH584296.1" in genome fasta...
   Skipping chrom "GL456354.1" in genome fasta...
   Skipping chrom "GL456354.1" in genome fasta...
   Skipping chrom "JH584294.1" in genome fasta...
   Skipping chrom "JH584294.1" in genome fasta...
   Skipping chrom "JH584298.1" in genome fasta...
   Skipping chrom "JH584298.1" in genome fasta...
   Skipping chrom "JH584300.1" in genome fasta...
   Skipping chrom "JH584300.1" in genome fasta...
   Skipping chrom "GL456219.1" in genome fasta...
   Skipping chrom "GL456219.1" in genome fasta...
   Skipping chrom "GL456210.1" in genome fasta...
   Skipping chrom "GL456210.1" in genome fasta...
   Skipping chrom "JH584303.1" in genome fasta...
   Skipping chrom "JH584303.1" in genome fasta...
   Skipping chrom "JH584302.1" in genome fasta...
   Skipping chrom "JH584302.1" in genome fasta...
   Skipping chrom "GL456212.1" in genome fasta...
   Skipping chrom "GL456212.1" in genome fasta...
   Skipping chrom "JH584304.1" in genome fasta...
   Skipping chrom "JH584304.1" in genome fasta...
   Skipping chrom "GL456379.1" in genome fasta...
   Skipping chrom "GL456379.1" in genome fasta...
   Skipping chrom "GL456216.1" in genome fasta...
   Skipping chrom "GL456216.1" in genome fasta...
   Skipping chrom "GL456393.1" in genome fasta...
   Skipping chrom "GL456393.1" in genome fasta...
   Skipping chrom "GL456366.1" in genome fasta...
   Skipping chrom "GL456366.1" in genome fasta...
   Skipping chrom "GL456367.1" in genome fasta...
   Skipping chrom "GL456367.1" in genome fasta...
   Skipping chrom "GL456239.1" in genome fasta...
   Skipping chrom "GL456239.1" in genome fasta...
   Skipping chrom "GL456213.1" in genome fasta...
   Skipping chrom "GL456213.1" in genome fasta...
   Skipping chrom "GL456383.1" in genome fasta...
   Skipping chrom "GL456383.1" in genome fasta...
   Skipping chrom "GL456385.1" in genome fasta...
   Skipping chrom "GL456385.1" in genome fasta...
   Skipping chrom "GL456360.1" in genome fasta...
   Skipping chrom "GL456360.1" in genome fasta...
   Skipping chrom "GL456378.1" in genome fasta...
   Skipping chrom "GL456378.1" in genome fasta...
   Skipping chrom "GL456389.1" in genome fasta...
   Skipping chrom "GL456389.1" in genome fasta...
   Skipping chrom "GL456372.1" in genome fasta...
   Skipping chrom "GL456372.1" in genome fasta...
   Skipping chrom "GL456370.1" in genome fasta...
   Skipping chrom "GL456370.1" in genome fasta...
   Skipping chrom "GL456381.1" in genome fasta...
   Skipping chrom "GL456381.1" in genome fasta...
   Skipping chrom "GL456387.1" in genome fasta...
   Skipping chrom "GL456387.1" in genome fasta...
   Skipping chrom "GL456390.1" in genome fasta...
   Skipping chrom "GL456390.1" in genome fasta...
   Skipping chrom "GL456394.1" in genome fasta...
   Skipping chrom "GL456394.1" in genome fasta...
   Skipping chrom "GL456392.1" in genome fasta...
   Skipping chrom "GL456392.1" in genome fasta...
   Skipping chrom "GL456382.1" in genome fasta...
   Skipping chrom "GL456382.1" in genome fasta...
   Skipping chrom "GL456359.1" in genome fasta...
   Skipping chrom "GL456359.1" in genome fasta...
   Skipping chrom "GL456396.1" in genome fasta...
   Skipping chrom "GL456396.1" in genome fasta...
   Skipping chrom "GL456368.1" in genome fasta...
   Skipping chrom "GL456368.1" in genome fasta...
   Skipping chrom "JH584292.1" in genome fasta...
   Skipping chrom "JH584292.1" in genome fasta...
   Skipping chrom "JH584295.1" in genome fasta...
   Skipping chrom "JH584295.1" in genome fasta...
  #### NOTE (LOOPED_GENOME_FASTA 6):
    >> Returning to start of genome FASTA file. NOTE: for optimal performance, sort the FASTA file so that the chromosomes appear in the same order as in the BAM files.
   Skipping chrom "1" in genome fasta...
    found chrom 10 [2019-11-05 20:57:50]
ERROR: EfficientGenomeSeqContainer: Illegal request for sequence prior to current buffer limits!
   request: 10:30606746-30606821
   [GenomeSeqContainer Status: buf:(10:37127000-37138000) n=11, MaxSoFar=13]
<====== FATAL ERROR! ======>
----------------------------
     Error message: "ERROR: EfficientGenomeSeqContainer: Illegal request for sequence prior to current buffer limits!"
     Stack Trace:
        java.base/java.lang.Thread.getStackTrace(Thread.java:1654)
        internalUtils.Reporter$.error(Reporter.scala:331)
        internalUtils.genomicAnnoUtils$EfficientGenomeSeqContainer.getSeqForInterval(genomicAnnoUtils.scala:64)
        qcUtils.qcOverlapMatch.$anonfun$calcRefMismatches$1(qcOverlapMatch.scala:561)
        scala.collection.TraversableLike.$anonfun$flatMap$1(TraversableLike.scala:241)
        scala.collection.Iterator.foreach(Iterator.scala:929)
        scala.collection.Iterator.foreach$(Iterator.scala:929)
        scala.collection.AbstractIterator.foreach(Iterator.scala:1417)
        scala.collection.IterableLike.foreach(IterableLike.scala:71)
        scala.collection.IterableLike.foreach$(IterableLike.scala:70)
        scala.collection.AbstractIterable.foreach(Iterable.scala:54)
        scala.collection.TraversableLike.flatMap(TraversableLike.scala:241)
        scala.collection.TraversableLike.flatMap$(TraversableLike.scala:238)
        scala.collection.AbstractTraversable.flatMap(Traversable.scala:104)
        qcUtils.qcOverlapMatch.calcRefMismatches(qcOverlapMatch.scala:560)
        qcUtils.qcOverlapMatch.$anonfun$runOnReadPair$8(qcOverlapMatch.scala:229)
        qcUtils.qcOverlapMatch.$anonfun$runOnReadPair$8$adapted(qcOverlapMatch.scala:228)
        scala.collection.TraversableLike$WithFilter.$anonfun$foreach$1(TraversableLike.scala:789)
        scala.collection.Iterator.foreach(Iterator.scala:929)
        scala.collection.Iterator.foreach$(Iterator.scala:929)
        scala.collection.AbstractIterator.foreach(Iterator.scala:1417)
        scala.collection.IterableLike.foreach(IterableLike.scala:71)
        scala.collection.IterableLike.foreach$(IterableLike.scala:70)
        scala.collection.AbstractIterable.foreach(Iterable.scala:54)
        scala.collection.TraversableLike$WithFilter.foreach(TraversableLike.scala:788)
        qcUtils.qcOverlapMatch.runOnReadPair(qcOverlapMatch.scala:228)
        qcUtils.qcOverlapMatch.runOnReadPair(qcOverlapMatch.scala:83)
        qcUtils.runAllQC$.$anonfun$runOnSeqFile$7(runAllQC.scala:1327)
        qcUtils.runAllQC$.$anonfun$runOnSeqFile$7$adapted(runAllQC.scala:1300)
        scala.collection.Iterator.foreach(Iterator.scala:929)
        scala.collection.Iterator.foreach$(Iterator.scala:929)
        internalUtils.stdUtils$IteratorProgressReporter$$anon$14.foreach(stdUtils.scala:963)
        qcUtils.runAllQC$.runOnSeqFile(runAllQC.scala:1300)
        qcUtils.runAllQC$.run(runAllQC.scala:970)
        qcUtils.runAllQC$allQC_runner.run(runAllQC.scala:680)
        runner.runner$.main(runner.scala:98)
        runner.runner.main(runner.scala)
<==========================>
<------->
   Note: 6 Notices Thrown:
   6	LOOPED_GENOME_FASTA
<------->
