                                 Started job on |	Oct 28 21:22:56
                             Started mapping on |	Oct 28 21:23:05
                                    Finished on |	Oct 28 21:23:43
       Mapping speed, Million of reads per hour |	259.21

                          Number of input reads |	2736126
                      Average input read length |	150
                                    UNIQUE READS:
                   Uniquely mapped reads number |	2357141
                        Uniquely mapped reads % |	86.15%
                          Average mapped length |	149.11
                       Number of splices: Total |	456266
            Number of splices: Annotated (sjdb) |	448012
                       Number of splices: GT/AG |	450240
                       Number of splices: GC/AG |	3310
                       Number of splices: AT/AC |	374
               Number of splices: Non-canonical |	2342
                      Mismatch rate per base, % |	0.29%
                         Deletion rate per base |	0.06%
                        Deletion average length |	1.34
                        Insertion rate per base |	0.02%
                       Insertion average length |	1.17
                             MULTI-MAPPING READS:
        Number of reads mapped to multiple loci |	138069
             % of reads mapped to multiple loci |	5.05%
        Number of reads mapped to too many loci |	10961
             % of reads mapped to too many loci |	0.40%
                                  UNMAPPED READS:
       % of reads unmapped: too many mismatches |	0.00%
                 % of reads unmapped: too short |	7.81%
                     % of reads unmapped: other |	0.60%
                                  CHIMERIC READS:
                       Number of chimeric reads |	0
                            % of chimeric reads |	0.00%
