Starting QoRTs v1.3.6 (Compiled Tue Sep 25 11:21:46 EDT 2018)
Starting time: (Tue Nov 05 20:46:15 UTC 2019)
INPUT_COMMAND(QC)
  INPUT_ARG(infile)=Naive_3Aligned.sortedByName.out.bam
  INPUT_ARG(gtffile)=/projects/micb405/resources/STAR_tutorial/STAR_index_musmusculus_mm10//mm10.gtf
  INPUT_ARG(outdir)=/projects/micb405/project1/Team10/STAR_output/Naive_lib3//Naive3_QC/
  INPUT_ARG(generatePlots)=true
  INPUT_ARG(stranded)=true
  INPUT_ARG(genomeFA)=Some(List(/projects/micb405/resources/STAR_tutorial/STAR_index_musmusculus_mm10/mm10_genome.fa))
  INPUT_ARG(rawfastq)=Some(List(/projects/micb405/data/mouse/project_1/RNA-seq/Naive_1.3.fastq, /projects/micb405/data/mouse/project_1/RNA-seq/Naive_2.3.fastq))
Created Log File: /projects/micb405/project1/Team10/STAR_output/Naive_lib3//Naive3_QC//QC.u8jQuxjYoUzE.log
Warning: run-in-progress file "/projects/micb405/project1/Team10/STAR_output/Naive_lib3//Naive3_QC//QC.QORTS_RUNNING" already exists. Is there another QoRTs job running?
Starting QC
[Time: 2019-11-05 20:46:15] [Mem usage: [31MB / 2109MB]] [Elapsed Time: 00:00:00.0000]
Deleting old "QORTS_COMPLETED_OK" file.
QoRTs is Running in paired-end mode.
QoRTs is Running in any-sorted mode.
Raw fastq files specified. Adding fastq testing.
Parameter --genomeFA found. Adding reference mismatch testing.
NOTE: Function "overlapMatch" requires function "mismatchEngine". Adding "mismatchEngine" to the active function list...
Running functions: CigarOpDistribution, GCDistribution, GeneCalcs, InsertSize, 
        JunctionCalcs, NVC, QualityScoreDistribution, StrandCheck, 
        chromCounts, cigarLocusCounts, fastqUtils, mismatchEngine, 
        overlapMatch, readLengthDistro, referenceMatch, 
        writeBiotypeCounts, writeClippedNVC, writeDESeq, 
        writeDEXSeq, writeGeneBody, writeGeneCounts, 
        writeGenewiseGeneBody, writeJunctionSeqCounts, 
        writeKnownSplices, writeNovelSplices, writeSpliceExon
Checking first 10000 reads. Checking SAM file for formatting errors...
   Stats on the first 10000 reads:
        Num Reads Primary Map:    7485
        Num Reads Paired-ended:   10000
        Num Reads mapped pair:    7480
        Num Pair names found:     3740
        Num Pairs matched:        3740
        Read Seq length:          30 to 75
        Unclipped Read length:    30 to 75
        Final maxReadLength:      75
        maxPhredScore:            38
        minPhredScore:            2
NOTE: Read length is not consistent.
   In the first 10000 reads, read length varies from 30 to 75 (param maxReadLength=75)
Note that using data that is hard-clipped prior to alignment is NOT recommended, because this makes it difficult (or impossible) to determine the sequencer read-cycle of each nucleotide base. This may obfuscate cycle-specific artifacts, trends, or errors, the detection of which is one of the primary purposes of QoRTs!In addition, hard clipping (whether before or after alignment) removes quality score data, and thus quality score metrics may be misleadingly optimistic. A MUCH preferable method of removing undesired sequence is to replace such sequence with N's, which preserves the quality score and the sequencer cycle information.
   WARNING WARNING WARNING: Read length is not consistent, AND "--maxReadLength" option is not set!
      QoRTs has ATTEMPTED to determine the maximum read length (75).
      It is STRONGLY recommended that you use the --maxReadLength option 
      to set the maximum possible read length, or else errors may occur if/when 
      reads longer than 75 appear.
   Note: Data appears to be paired-ended.
   Sorting Note: Reads appear to be grouped by read-pair, probably sorted by name(This is OK).
   Sorting Note: Reads are NOT sorted by position! Position-sorting is REQUIRED for the referenceMismatch module to function properly. Errors may follow.
Done checking first 10000 reads. WARNINGS FOUND!
Starting getSRPairIterResorted...
SAMRecord Reader Generated. Read length: 75.
[Time: 2019-11-05 20:46:18] [Mem usage: [1076MB / 2109MB]] [Elapsed Time: 00:00:03.0000]
Starting fastq readthrough.
> Init FastqGC Utility
> Init FastqQualityScore Utility
> Init FastqNVC Utility
..........[1000000 Read-Pairs processed] [Time: 2019-11-05 20:46:53] 
..........[2000000 Read-Pairs processed] [Time: 2019-11-05 20:47:25] 
..........[3000000 Read-Pairs processed] [Time: 2019-11-05 20:47:57] 
..........[4000000 Read-Pairs processed] [Time: 2019-11-05 20:48:30] 
.........
Finished fastq readthrough.
> Init GeneCalcs Utility
> Init InsertSize Utility
Compiling flat feature annotation, internally in memory...
FlatteningGtf: starting...(2019-11-05 20:49:45)
    FlatteningGtf: gtf file read complete.(2019-11-05 20:50:51)
    FlatteningGtf: Splice Junction Map read.(2019-11-05 20:50:53)
    FlatteningGtf: gene Sets generated.(2019-11-05 20:50:54)
    FlatteningGtf: Aggregate Sets built.
    FlatteningGtf: Compiling Aggregate Info . . . (2019-11-05 20:50:54)
    FlatteningGtf: Finished Compiling Aggregate Info. (2019-11-05 20:50:54)
    FlatteningGtf: Iterating through the step-vector...(2019-11-05 20:50:54)
    FlatteningGtf: Adding the aggregate genes themselves...(2019-11-05 20:50:55)
    FlatteningGtf: Iterating through the splice junctions...(2019-11-05 20:50:56)
    FlatteningGtf: Sorting the aggregate genes...(2019-11-05 20:50:57)
    FlatteningGtf: Folding the FlatGtfLine iterator...(2019-11-05 20:50:57)
    FlatteningGtf: Features Built.(2019-11-05 20:50:57)
Internal flat feature annotation compiled!
> Init NVC utility
> Init CigarOpDistribution Utility
> Init QualityScoreDistribution Utility
> Init GC counts Utility
> Init JunctionCalcs utility
length of knownSpliceMap after instantiation: 285008
length of knownCountMap after instantiation: 285008
> Init StrandCheck Utility
> Init chromCount Utility
> Init qcCigarLocusCounts Utility
> Init OverlapMatch Utility
> Init MinorUtils Utility
QC Utilities Generated!
[Time: 2019-11-05 20:51:01] [Mem usage: [1637MB / 6GB]] [Elapsed Time: 00:04:46.0021]
   [GenomeSeqContainer Status: buf:(1 dna:chromosome chromosome:GRCm38:1:1:195471971:1 REF:0-0) n=0, MaxSoFar=0]
Switching to Chromosome: 11 [2019-11-05 20:51:03] ... 
   Skipping chrom "1 dna:chromosome chromosome:GRCm38:1:1:195471971:1 REF" in genome fasta...
   Skipping chrom "10" in genome fasta...
   Skipping chrom "10" in genome fasta...
    found chrom 11 [2019-11-05 20:51:04]
Switching to Chromosome: 17 [2019-11-05 20:51:05] ... 
   Skipping chrom "11" in genome fasta...
   Skipping chrom "12" in genome fasta...
   Skipping chrom "12" in genome fasta...
   Skipping chrom "13" in genome fasta...
   Skipping chrom "13" in genome fasta...
   Skipping chrom "14" in genome fasta...
   Skipping chrom "14" in genome fasta...
   Skipping chrom "15" in genome fasta...
   Skipping chrom "15" in genome fasta...
   Skipping chrom "16" in genome fasta...
   Skipping chrom "16" in genome fasta...
    found chrom 17 [2019-11-05 20:51:07]
Switching to Chromosome: 16 [2019-11-05 20:51:07] ... 
   Skipping chrom "17" in genome fasta...
   Skipping chrom "18" in genome fasta...
   Skipping chrom "18" in genome fasta...
   Skipping chrom "19" in genome fasta...
   Skipping chrom "19" in genome fasta...
   Skipping chrom "2" in genome fasta...
   Skipping chrom "2" in genome fasta...
   Skipping chrom "3" in genome fasta...
   Skipping chrom "3" in genome fasta...
   Skipping chrom "4" in genome fasta...
   Skipping chrom "4" in genome fasta...
   Skipping chrom "5" in genome fasta...
   Skipping chrom "5" in genome fasta...
   Skipping chrom "6" in genome fasta...
   Skipping chrom "6" in genome fasta...
   Skipping chrom "7" in genome fasta...
   Skipping chrom "7" in genome fasta...
   Skipping chrom "8" in genome fasta...
   Skipping chrom "8" in genome fasta...
   Skipping chrom "9" in genome fasta...
   Skipping chrom "9" in genome fasta...
   Skipping chrom "MT" in genome fasta...
   Skipping chrom "MT" in genome fasta...
   Skipping chrom "X" in genome fasta...
   Skipping chrom "X" in genome fasta...
   Skipping chrom "Y" in genome fasta...
   Skipping chrom "Y" in genome fasta...
   Skipping chrom "JH584299.1" in genome fasta...
   Skipping chrom "JH584299.1" in genome fasta...
   Skipping chrom "GL456233.1" in genome fasta...
   Skipping chrom "GL456233.1" in genome fasta...
   Skipping chrom "JH584301.1" in genome fasta...
   Skipping chrom "JH584301.1" in genome fasta...
   Skipping chrom "GL456211.1" in genome fasta...
   Skipping chrom "GL456211.1" in genome fasta...
   Skipping chrom "GL456350.1" in genome fasta...
   Skipping chrom "GL456350.1" in genome fasta...
   Skipping chrom "JH584293.1" in genome fasta...
   Skipping chrom "JH584293.1" in genome fasta...
   Skipping chrom "GL456221.1" in genome fasta...
   Skipping chrom "GL456221.1" in genome fasta...
   Skipping chrom "JH584297.1" in genome fasta...
   Skipping chrom "JH584297.1" in genome fasta...
   Skipping chrom "JH584296.1" in genome fasta...
   Skipping chrom "JH584296.1" in genome fasta...
   Skipping chrom "GL456354.1" in genome fasta...
   Skipping chrom "GL456354.1" in genome fasta...
   Skipping chrom "JH584294.1" in genome fasta...
   Skipping chrom "JH584294.1" in genome fasta...
   Skipping chrom "JH584298.1" in genome fasta...
   Skipping chrom "JH584298.1" in genome fasta...
   Skipping chrom "JH584300.1" in genome fasta...
   Skipping chrom "JH584300.1" in genome fasta...
   Skipping chrom "GL456219.1" in genome fasta...
   Skipping chrom "GL456219.1" in genome fasta...
   Skipping chrom "GL456210.1" in genome fasta...
   Skipping chrom "GL456210.1" in genome fasta...
   Skipping chrom "JH584303.1" in genome fasta...
   Skipping chrom "JH584303.1" in genome fasta...
   Skipping chrom "JH584302.1" in genome fasta...
   Skipping chrom "JH584302.1" in genome fasta...
   Skipping chrom "GL456212.1" in genome fasta...
   Skipping chrom "GL456212.1" in genome fasta...
   Skipping chrom "JH584304.1" in genome fasta...
   Skipping chrom "JH584304.1" in genome fasta...
   Skipping chrom "GL456379.1" in genome fasta...
   Skipping chrom "GL456379.1" in genome fasta...
   Skipping chrom "GL456216.1" in genome fasta...
   Skipping chrom "GL456216.1" in genome fasta...
   Skipping chrom "GL456393.1" in genome fasta...
   Skipping chrom "GL456393.1" in genome fasta...
   Skipping chrom "GL456366.1" in genome fasta...
   Skipping chrom "GL456366.1" in genome fasta...
   Skipping chrom "GL456367.1" in genome fasta...
   Skipping chrom "GL456367.1" in genome fasta...
   Skipping chrom "GL456239.1" in genome fasta...
   Skipping chrom "GL456239.1" in genome fasta...
   Skipping chrom "GL456213.1" in genome fasta...
   Skipping chrom "GL456213.1" in genome fasta...
   Skipping chrom "GL456383.1" in genome fasta...
   Skipping chrom "GL456383.1" in genome fasta...
   Skipping chrom "GL456385.1" in genome fasta...
   Skipping chrom "GL456385.1" in genome fasta...
   Skipping chrom "GL456360.1" in genome fasta...
   Skipping chrom "GL456360.1" in genome fasta...
   Skipping chrom "GL456378.1" in genome fasta...
   Skipping chrom "GL456378.1" in genome fasta...
   Skipping chrom "GL456389.1" in genome fasta...
   Skipping chrom "GL456389.1" in genome fasta...
   Skipping chrom "GL456372.1" in genome fasta...
   Skipping chrom "GL456372.1" in genome fasta...
   Skipping chrom "GL456370.1" in genome fasta...
   Skipping chrom "GL456370.1" in genome fasta...
   Skipping chrom "GL456381.1" in genome fasta...
   Skipping chrom "GL456381.1" in genome fasta...
   Skipping chrom "GL456387.1" in genome fasta...
   Skipping chrom "GL456387.1" in genome fasta...
   Skipping chrom "GL456390.1" in genome fasta...
   Skipping chrom "GL456390.1" in genome fasta...
   Skipping chrom "GL456394.1" in genome fasta...
   Skipping chrom "GL456394.1" in genome fasta...
   Skipping chrom "GL456392.1" in genome fasta...
   Skipping chrom "GL456392.1" in genome fasta...
   Skipping chrom "GL456382.1" in genome fasta...
   Skipping chrom "GL456382.1" in genome fasta...
   Skipping chrom "GL456359.1" in genome fasta...
   Skipping chrom "GL456359.1" in genome fasta...
   Skipping chrom "GL456396.1" in genome fasta...
   Skipping chrom "GL456396.1" in genome fasta...
   Skipping chrom "GL456368.1" in genome fasta...
   Skipping chrom "GL456368.1" in genome fasta...
   Skipping chrom "JH584292.1" in genome fasta...
   Skipping chrom "JH584292.1" in genome fasta...
   Skipping chrom "JH584295.1" in genome fasta...
   Skipping chrom "JH584295.1" in genome fasta...
  #### NOTE (LOOPED_GENOME_FASTA 1):
    >> Returning to start of genome FASTA file. NOTE: for optimal performance, sort the FASTA file so that the chromosomes appear in the same order as in the BAM files.
   Skipping chrom "1" in genome fasta...
   Skipping chrom "10" in genome fasta...
   Skipping chrom "10" in genome fasta...
   Skipping chrom "11" in genome fasta...
   Skipping chrom "11" in genome fasta...
   Skipping chrom "12" in genome fasta...
   Skipping chrom "12" in genome fasta...
   Skipping chrom "13" in genome fasta...
   Skipping chrom "13" in genome fasta...
   Skipping chrom "14" in genome fasta...
   Skipping chrom "14" in genome fasta...
   Skipping chrom "15" in genome fasta...
   Skipping chrom "15" in genome fasta...
    found chrom 16 [2019-11-05 20:51:14]
Switching to Chromosome: MT [2019-11-05 20:51:14] ... 
   Skipping chrom "16" in genome fasta...
   Skipping chrom "17" in genome fasta...
   Skipping chrom "17" in genome fasta...
   Skipping chrom "18" in genome fasta...
   Skipping chrom "18" in genome fasta...
   Skipping chrom "19" in genome fasta...
   Skipping chrom "19" in genome fasta...
   Skipping chrom "2" in genome fasta...
   Skipping chrom "2" in genome fasta...
   Skipping chrom "3" in genome fasta...
   Skipping chrom "3" in genome fasta...
   Skipping chrom "4" in genome fasta...
   Skipping chrom "4" in genome fasta...
   Skipping chrom "5" in genome fasta...
   Skipping chrom "5" in genome fasta...
   Skipping chrom "6" in genome fasta...
   Skipping chrom "6" in genome fasta...
   Skipping chrom "7" in genome fasta...
   Skipping chrom "7" in genome fasta...
   Skipping chrom "8" in genome fasta...
   Skipping chrom "8" in genome fasta...
   Skipping chrom "9" in genome fasta...
   Skipping chrom "9" in genome fasta...
    found chrom MT [2019-11-05 20:51:18]
Switching to Chromosome: 17 [2019-11-05 20:51:18] ... 
   Skipping chrom "MT" in genome fasta...
   Skipping chrom "X" in genome fasta...
   Skipping chrom "X" in genome fasta...
   Skipping chrom "Y" in genome fasta...
   Skipping chrom "Y" in genome fasta...
   Skipping chrom "JH584299.1" in genome fasta...
   Skipping chrom "JH584299.1" in genome fasta...
   Skipping chrom "GL456233.1" in genome fasta...
   Skipping chrom "GL456233.1" in genome fasta...
   Skipping chrom "JH584301.1" in genome fasta...
   Skipping chrom "JH584301.1" in genome fasta...
   Skipping chrom "GL456211.1" in genome fasta...
   Skipping chrom "GL456211.1" in genome fasta...
   Skipping chrom "GL456350.1" in genome fasta...
   Skipping chrom "GL456350.1" in genome fasta...
   Skipping chrom "JH584293.1" in genome fasta...
   Skipping chrom "JH584293.1" in genome fasta...
   Skipping chrom "GL456221.1" in genome fasta...
   Skipping chrom "GL456221.1" in genome fasta...
   Skipping chrom "JH584297.1" in genome fasta...
   Skipping chrom "JH584297.1" in genome fasta...
   Skipping chrom "JH584296.1" in genome fasta...
   Skipping chrom "JH584296.1" in genome fasta...
   Skipping chrom "GL456354.1" in genome fasta...
   Skipping chrom "GL456354.1" in genome fasta...
   Skipping chrom "JH584294.1" in genome fasta...
   Skipping chrom "JH584294.1" in genome fasta...
   Skipping chrom "JH584298.1" in genome fasta...
   Skipping chrom "JH584298.1" in genome fasta...
   Skipping chrom "JH584300.1" in genome fasta...
   Skipping chrom "JH584300.1" in genome fasta...
   Skipping chrom "GL456219.1" in genome fasta...
   Skipping chrom "GL456219.1" in genome fasta...
   Skipping chrom "GL456210.1" in genome fasta...
   Skipping chrom "GL456210.1" in genome fasta...
   Skipping chrom "JH584303.1" in genome fasta...
   Skipping chrom "JH584303.1" in genome fasta...
   Skipping chrom "JH584302.1" in genome fasta...
   Skipping chrom "JH584302.1" in genome fasta...
   Skipping chrom "GL456212.1" in genome fasta...
   Skipping chrom "GL456212.1" in genome fasta...
   Skipping chrom "JH584304.1" in genome fasta...
   Skipping chrom "JH584304.1" in genome fasta...
   Skipping chrom "GL456379.1" in genome fasta...
   Skipping chrom "GL456379.1" in genome fasta...
   Skipping chrom "GL456216.1" in genome fasta...
   Skipping chrom "GL456216.1" in genome fasta...
   Skipping chrom "GL456393.1" in genome fasta...
   Skipping chrom "GL456393.1" in genome fasta...
   Skipping chrom "GL456366.1" in genome fasta...
   Skipping chrom "GL456366.1" in genome fasta...
   Skipping chrom "GL456367.1" in genome fasta...
   Skipping chrom "GL456367.1" in genome fasta...
   Skipping chrom "GL456239.1" in genome fasta...
   Skipping chrom "GL456239.1" in genome fasta...
   Skipping chrom "GL456213.1" in genome fasta...
   Skipping chrom "GL456213.1" in genome fasta...
   Skipping chrom "GL456383.1" in genome fasta...
   Skipping chrom "GL456383.1" in genome fasta...
   Skipping chrom "GL456385.1" in genome fasta...
   Skipping chrom "GL456385.1" in genome fasta...
   Skipping chrom "GL456360.1" in genome fasta...
   Skipping chrom "GL456360.1" in genome fasta...
   Skipping chrom "GL456378.1" in genome fasta...
   Skipping chrom "GL456378.1" in genome fasta...
   Skipping chrom "GL456389.1" in genome fasta...
   Skipping chrom "GL456389.1" in genome fasta...
   Skipping chrom "GL456372.1" in genome fasta...
   Skipping chrom "GL456372.1" in genome fasta...
   Skipping chrom "GL456370.1" in genome fasta...
   Skipping chrom "GL456370.1" in genome fasta...
   Skipping chrom "GL456381.1" in genome fasta...
   Skipping chrom "GL456381.1" in genome fasta...
   Skipping chrom "GL456387.1" in genome fasta...
   Skipping chrom "GL456387.1" in genome fasta...
   Skipping chrom "GL456390.1" in genome fasta...
   Skipping chrom "GL456390.1" in genome fasta...
   Skipping chrom "GL456394.1" in genome fasta...
   Skipping chrom "GL456394.1" in genome fasta...
   Skipping chrom "GL456392.1" in genome fasta...
   Skipping chrom "GL456392.1" in genome fasta...
   Skipping chrom "GL456382.1" in genome fasta...
   Skipping chrom "GL456382.1" in genome fasta...
   Skipping chrom "GL456359.1" in genome fasta...
   Skipping chrom "GL456359.1" in genome fasta...
   Skipping chrom "GL456396.1" in genome fasta...
   Skipping chrom "GL456396.1" in genome fasta...
   Skipping chrom "GL456368.1" in genome fasta...
   Skipping chrom "GL456368.1" in genome fasta...
   Skipping chrom "JH584292.1" in genome fasta...
   Skipping chrom "JH584292.1" in genome fasta...
   Skipping chrom "JH584295.1" in genome fasta...
   Skipping chrom "JH584295.1" in genome fasta...
  #### NOTE (LOOPED_GENOME_FASTA 2):
    >> Returning to start of genome FASTA file. NOTE: for optimal performance, sort the FASTA file so that the chromosomes appear in the same order as in the BAM files.
   Skipping chrom "1" in genome fasta...
   Skipping chrom "10" in genome fasta...
   Skipping chrom "10" in genome fasta...
   Skipping chrom "11" in genome fasta...
   Skipping chrom "11" in genome fasta...
   Skipping chrom "12" in genome fasta...
   Skipping chrom "12" in genome fasta...
   Skipping chrom "13" in genome fasta...
   Skipping chrom "13" in genome fasta...
   Skipping chrom "14" in genome fasta...
   Skipping chrom "14" in genome fasta...
   Skipping chrom "15" in genome fasta...
   Skipping chrom "15" in genome fasta...
   Skipping chrom "16" in genome fasta...
   Skipping chrom "16" in genome fasta...
    found chrom 17 [2019-11-05 20:51:21]
Switching to Chromosome: 15 [2019-11-05 20:51:21] ... 
   Skipping chrom "17" in genome fasta...
   Skipping chrom "18" in genome fasta...
   Skipping chrom "18" in genome fasta...
   Skipping chrom "19" in genome fasta...
   Skipping chrom "19" in genome fasta...
   Skipping chrom "2" in genome fasta...
   Skipping chrom "2" in genome fasta...
   Skipping chrom "3" in genome fasta...
   Skipping chrom "3" in genome fasta...
   Skipping chrom "4" in genome fasta...
   Skipping chrom "4" in genome fasta...
   Skipping chrom "5" in genome fasta...
   Skipping chrom "5" in genome fasta...
   Skipping chrom "6" in genome fasta...
   Skipping chrom "6" in genome fasta...
   Skipping chrom "7" in genome fasta...
   Skipping chrom "7" in genome fasta...
   Skipping chrom "8" in genome fasta...
   Skipping chrom "8" in genome fasta...
   Skipping chrom "9" in genome fasta...
   Skipping chrom "9" in genome fasta...
   Skipping chrom "MT" in genome fasta...
   Skipping chrom "MT" in genome fasta...
   Skipping chrom "X" in genome fasta...
   Skipping chrom "X" in genome fasta...
   Skipping chrom "Y" in genome fasta...
   Skipping chrom "Y" in genome fasta...
   Skipping chrom "JH584299.1" in genome fasta...
   Skipping chrom "JH584299.1" in genome fasta...
   Skipping chrom "GL456233.1" in genome fasta...
   Skipping chrom "GL456233.1" in genome fasta...
   Skipping chrom "JH584301.1" in genome fasta...
   Skipping chrom "JH584301.1" in genome fasta...
   Skipping chrom "GL456211.1" in genome fasta...
   Skipping chrom "GL456211.1" in genome fasta...
   Skipping chrom "GL456350.1" in genome fasta...
   Skipping chrom "GL456350.1" in genome fasta...
   Skipping chrom "JH584293.1" in genome fasta...
   Skipping chrom "JH584293.1" in genome fasta...
   Skipping chrom "GL456221.1" in genome fasta...
   Skipping chrom "GL456221.1" in genome fasta...
   Skipping chrom "JH584297.1" in genome fasta...
   Skipping chrom "JH584297.1" in genome fasta...
   Skipping chrom "JH584296.1" in genome fasta...
   Skipping chrom "JH584296.1" in genome fasta...
   Skipping chrom "GL456354.1" in genome fasta...
   Skipping chrom "GL456354.1" in genome fasta...
   Skipping chrom "JH584294.1" in genome fasta...
   Skipping chrom "JH584294.1" in genome fasta...
   Skipping chrom "JH584298.1" in genome fasta...
   Skipping chrom "JH584298.1" in genome fasta...
   Skipping chrom "JH584300.1" in genome fasta...
   Skipping chrom "JH584300.1" in genome fasta...
   Skipping chrom "GL456219.1" in genome fasta...
   Skipping chrom "GL456219.1" in genome fasta...
   Skipping chrom "GL456210.1" in genome fasta...
   Skipping chrom "GL456210.1" in genome fasta...
   Skipping chrom "JH584303.1" in genome fasta...
   Skipping chrom "JH584303.1" in genome fasta...
   Skipping chrom "JH584302.1" in genome fasta...
   Skipping chrom "JH584302.1" in genome fasta...
   Skipping chrom "GL456212.1" in genome fasta...
   Skipping chrom "GL456212.1" in genome fasta...
   Skipping chrom "JH584304.1" in genome fasta...
   Skipping chrom "JH584304.1" in genome fasta...
   Skipping chrom "GL456379.1" in genome fasta...
   Skipping chrom "GL456379.1" in genome fasta...
   Skipping chrom "GL456216.1" in genome fasta...
   Skipping chrom "GL456216.1" in genome fasta...
   Skipping chrom "GL456393.1" in genome fasta...
   Skipping chrom "GL456393.1" in genome fasta...
   Skipping chrom "GL456366.1" in genome fasta...
   Skipping chrom "GL456366.1" in genome fasta...
   Skipping chrom "GL456367.1" in genome fasta...
   Skipping chrom "GL456367.1" in genome fasta...
   Skipping chrom "GL456239.1" in genome fasta...
   Skipping chrom "GL456239.1" in genome fasta...
   Skipping chrom "GL456213.1" in genome fasta...
   Skipping chrom "GL456213.1" in genome fasta...
   Skipping chrom "GL456383.1" in genome fasta...
   Skipping chrom "GL456383.1" in genome fasta...
   Skipping chrom "GL456385.1" in genome fasta...
   Skipping chrom "GL456385.1" in genome fasta...
   Skipping chrom "GL456360.1" in genome fasta...
   Skipping chrom "GL456360.1" in genome fasta...
   Skipping chrom "GL456378.1" in genome fasta...
   Skipping chrom "GL456378.1" in genome fasta...
   Skipping chrom "GL456389.1" in genome fasta...
   Skipping chrom "GL456389.1" in genome fasta...
   Skipping chrom "GL456372.1" in genome fasta...
   Skipping chrom "GL456372.1" in genome fasta...
   Skipping chrom "GL456370.1" in genome fasta...
   Skipping chrom "GL456370.1" in genome fasta...
   Skipping chrom "GL456381.1" in genome fasta...
   Skipping chrom "GL456381.1" in genome fasta...
   Skipping chrom "GL456387.1" in genome fasta...
   Skipping chrom "GL456387.1" in genome fasta...
   Skipping chrom "GL456390.1" in genome fasta...
   Skipping chrom "GL456390.1" in genome fasta...
   Skipping chrom "GL456394.1" in genome fasta...
   Skipping chrom "GL456394.1" in genome fasta...
   Skipping chrom "GL456392.1" in genome fasta...
   Skipping chrom "GL456392.1" in genome fasta...
   Skipping chrom "GL456382.1" in genome fasta...
   Skipping chrom "GL456382.1" in genome fasta...
   Skipping chrom "GL456359.1" in genome fasta...
   Skipping chrom "GL456359.1" in genome fasta...
   Skipping chrom "GL456396.1" in genome fasta...
   Skipping chrom "GL456396.1" in genome fasta...
   Skipping chrom "GL456368.1" in genome fasta...
   Skipping chrom "GL456368.1" in genome fasta...
   Skipping chrom "JH584292.1" in genome fasta...
   Skipping chrom "JH584292.1" in genome fasta...
   Skipping chrom "JH584295.1" in genome fasta...
   Skipping chrom "JH584295.1" in genome fasta...
  #### NOTE (LOOPED_GENOME_FASTA 3):
    >> Returning to start of genome FASTA file. NOTE: for optimal performance, sort the FASTA file so that the chromosomes appear in the same order as in the BAM files.
   Skipping chrom "1" in genome fasta...
   Skipping chrom "10" in genome fasta...
   Skipping chrom "10" in genome fasta...
   Skipping chrom "11" in genome fasta...
   Skipping chrom "11" in genome fasta...
   Skipping chrom "12" in genome fasta...
   Skipping chrom "12" in genome fasta...
   Skipping chrom "13" in genome fasta...
   Skipping chrom "13" in genome fasta...
   Skipping chrom "14" in genome fasta...
   Skipping chrom "14" in genome fasta...
    found chrom 15 [2019-11-05 20:51:27]
Switching to Chromosome: 19 [2019-11-05 20:51:28] ... 
   Skipping chrom "15" in genome fasta...
   Skipping chrom "16" in genome fasta...
   Skipping chrom "16" in genome fasta...
   Skipping chrom "17" in genome fasta...
   Skipping chrom "17" in genome fasta...
   Skipping chrom "18" in genome fasta...
   Skipping chrom "18" in genome fasta...
    found chrom 19 [2019-11-05 20:51:29]
Switching to Chromosome: 11 [2019-11-05 20:51:29] ... 
   Skipping chrom "19" in genome fasta...
   Skipping chrom "2" in genome fasta...
   Skipping chrom "2" in genome fasta...
   Skipping chrom "3" in genome fasta...
   Skipping chrom "3" in genome fasta...
   Skipping chrom "4" in genome fasta...
   Skipping chrom "4" in genome fasta...
   Skipping chrom "5" in genome fasta...
   Skipping chrom "5" in genome fasta...
   Skipping chrom "6" in genome fasta...
   Skipping chrom "6" in genome fasta...
   Skipping chrom "7" in genome fasta...
   Skipping chrom "7" in genome fasta...
   Skipping chrom "8" in genome fasta...
   Skipping chrom "8" in genome fasta...
   Skipping chrom "9" in genome fasta...
   Skipping chrom "9" in genome fasta...
   Skipping chrom "MT" in genome fasta...
   Skipping chrom "MT" in genome fasta...
   Skipping chrom "X" in genome fasta...
   Skipping chrom "X" in genome fasta...
   Skipping chrom "Y" in genome fasta...
   Skipping chrom "Y" in genome fasta...
   Skipping chrom "JH584299.1" in genome fasta...
   Skipping chrom "JH584299.1" in genome fasta...
   Skipping chrom "GL456233.1" in genome fasta...
   Skipping chrom "GL456233.1" in genome fasta...
   Skipping chrom "JH584301.1" in genome fasta...
   Skipping chrom "JH584301.1" in genome fasta...
   Skipping chrom "GL456211.1" in genome fasta...
   Skipping chrom "GL456211.1" in genome fasta...
   Skipping chrom "GL456350.1" in genome fasta...
   Skipping chrom "GL456350.1" in genome fasta...
   Skipping chrom "JH584293.1" in genome fasta...
   Skipping chrom "JH584293.1" in genome fasta...
   Skipping chrom "GL456221.1" in genome fasta...
   Skipping chrom "GL456221.1" in genome fasta...
   Skipping chrom "JH584297.1" in genome fasta...
   Skipping chrom "JH584297.1" in genome fasta...
   Skipping chrom "JH584296.1" in genome fasta...
   Skipping chrom "JH584296.1" in genome fasta...
   Skipping chrom "GL456354.1" in genome fasta...
   Skipping chrom "GL456354.1" in genome fasta...
   Skipping chrom "JH584294.1" in genome fasta...
   Skipping chrom "JH584294.1" in genome fasta...
   Skipping chrom "JH584298.1" in genome fasta...
   Skipping chrom "JH584298.1" in genome fasta...
   Skipping chrom "JH584300.1" in genome fasta...
   Skipping chrom "JH584300.1" in genome fasta...
   Skipping chrom "GL456219.1" in genome fasta...
   Skipping chrom "GL456219.1" in genome fasta...
   Skipping chrom "GL456210.1" in genome fasta...
   Skipping chrom "GL456210.1" in genome fasta...
   Skipping chrom "JH584303.1" in genome fasta...
   Skipping chrom "JH584303.1" in genome fasta...
   Skipping chrom "JH584302.1" in genome fasta...
   Skipping chrom "JH584302.1" in genome fasta...
   Skipping chrom "GL456212.1" in genome fasta...
   Skipping chrom "GL456212.1" in genome fasta...
   Skipping chrom "JH584304.1" in genome fasta...
   Skipping chrom "JH584304.1" in genome fasta...
   Skipping chrom "GL456379.1" in genome fasta...
   Skipping chrom "GL456379.1" in genome fasta...
   Skipping chrom "GL456216.1" in genome fasta...
   Skipping chrom "GL456216.1" in genome fasta...
   Skipping chrom "GL456393.1" in genome fasta...
   Skipping chrom "GL456393.1" in genome fasta...
   Skipping chrom "GL456366.1" in genome fasta...
   Skipping chrom "GL456366.1" in genome fasta...
   Skipping chrom "GL456367.1" in genome fasta...
   Skipping chrom "GL456367.1" in genome fasta...
   Skipping chrom "GL456239.1" in genome fasta...
   Skipping chrom "GL456239.1" in genome fasta...
   Skipping chrom "GL456213.1" in genome fasta...
   Skipping chrom "GL456213.1" in genome fasta...
   Skipping chrom "GL456383.1" in genome fasta...
   Skipping chrom "GL456383.1" in genome fasta...
   Skipping chrom "GL456385.1" in genome fasta...
   Skipping chrom "GL456385.1" in genome fasta...
   Skipping chrom "GL456360.1" in genome fasta...
   Skipping chrom "GL456360.1" in genome fasta...
   Skipping chrom "GL456378.1" in genome fasta...
   Skipping chrom "GL456378.1" in genome fasta...
   Skipping chrom "GL456389.1" in genome fasta...
   Skipping chrom "GL456389.1" in genome fasta...
   Skipping chrom "GL456372.1" in genome fasta...
   Skipping chrom "GL456372.1" in genome fasta...
   Skipping chrom "GL456370.1" in genome fasta...
   Skipping chrom "GL456370.1" in genome fasta...
   Skipping chrom "GL456381.1" in genome fasta...
   Skipping chrom "GL456381.1" in genome fasta...
   Skipping chrom "GL456387.1" in genome fasta...
   Skipping chrom "GL456387.1" in genome fasta...
   Skipping chrom "GL456390.1" in genome fasta...
   Skipping chrom "GL456390.1" in genome fasta...
   Skipping chrom "GL456394.1" in genome fasta...
   Skipping chrom "GL456394.1" in genome fasta...
   Skipping chrom "GL456392.1" in genome fasta...
   Skipping chrom "GL456392.1" in genome fasta...
   Skipping chrom "GL456382.1" in genome fasta...
   Skipping chrom "GL456382.1" in genome fasta...
   Skipping chrom "GL456359.1" in genome fasta...
   Skipping chrom "GL456359.1" in genome fasta...
   Skipping chrom "GL456396.1" in genome fasta...
   Skipping chrom "GL456396.1" in genome fasta...
   Skipping chrom "GL456368.1" in genome fasta...
   Skipping chrom "GL456368.1" in genome fasta...
   Skipping chrom "JH584292.1" in genome fasta...
   Skipping chrom "JH584292.1" in genome fasta...
   Skipping chrom "JH584295.1" in genome fasta...
   Skipping chrom "JH584295.1" in genome fasta...
  #### NOTE (LOOPED_GENOME_FASTA 4):
    >> Returning to start of genome FASTA file. NOTE: for optimal performance, sort the FASTA file so that the chromosomes appear in the same order as in the BAM files.
   Skipping chrom "1" in genome fasta...
   Skipping chrom "10" in genome fasta...
   Skipping chrom "10" in genome fasta...
    found chrom 11 [2019-11-05 20:51:34]
Switching to Chromosome: 9 [2019-11-05 20:51:34] ... 
   Skipping chrom "11" in genome fasta...
   Skipping chrom "12" in genome fasta...
   Skipping chrom "12" in genome fasta...
   Skipping chrom "13" in genome fasta...
   Skipping chrom "13" in genome fasta...
   Skipping chrom "14" in genome fasta...
   Skipping chrom "14" in genome fasta...
   Skipping chrom "15" in genome fasta...
   Skipping chrom "15" in genome fasta...
   Skipping chrom "16" in genome fasta...
   Skipping chrom "16" in genome fasta...
   Skipping chrom "17" in genome fasta...
   Skipping chrom "17" in genome fasta...
   Skipping chrom "18" in genome fasta...
   Skipping chrom "18" in genome fasta...
   Skipping chrom "19" in genome fasta...
   Skipping chrom "19" in genome fasta...
   Skipping chrom "2" in genome fasta...
   Skipping chrom "2" in genome fasta...
   Skipping chrom "3" in genome fasta...
   Skipping chrom "3" in genome fasta...
   Skipping chrom "4" in genome fasta...
   Skipping chrom "4" in genome fasta...
   Skipping chrom "5" in genome fasta...
   Skipping chrom "5" in genome fasta...
   Skipping chrom "6" in genome fasta...
   Skipping chrom "6" in genome fasta...
   Skipping chrom "7" in genome fasta...
   Skipping chrom "7" in genome fasta...
   Skipping chrom "8" in genome fasta...
   Skipping chrom "8" in genome fasta...
    found chrom 9 [2019-11-05 20:51:39]
Switching to Chromosome: 10 [2019-11-05 20:51:39] ... 
   Skipping chrom "9" in genome fasta...
   Skipping chrom "MT" in genome fasta...
   Skipping chrom "MT" in genome fasta...
   Skipping chrom "X" in genome fasta...
   Skipping chrom "X" in genome fasta...
   Skipping chrom "Y" in genome fasta...
   Skipping chrom "Y" in genome fasta...
   Skipping chrom "JH584299.1" in genome fasta...
   Skipping chrom "JH584299.1" in genome fasta...
   Skipping chrom "GL456233.1" in genome fasta...
   Skipping chrom "GL456233.1" in genome fasta...
   Skipping chrom "JH584301.1" in genome fasta...
   Skipping chrom "JH584301.1" in genome fasta...
   Skipping chrom "GL456211.1" in genome fasta...
   Skipping chrom "GL456211.1" in genome fasta...
   Skipping chrom "GL456350.1" in genome fasta...
   Skipping chrom "GL456350.1" in genome fasta...
   Skipping chrom "JH584293.1" in genome fasta...
   Skipping chrom "JH584293.1" in genome fasta...
   Skipping chrom "GL456221.1" in genome fasta...
   Skipping chrom "GL456221.1" in genome fasta...
   Skipping chrom "JH584297.1" in genome fasta...
   Skipping chrom "JH584297.1" in genome fasta...
   Skipping chrom "JH584296.1" in genome fasta...
   Skipping chrom "JH584296.1" in genome fasta...
   Skipping chrom "GL456354.1" in genome fasta...
   Skipping chrom "GL456354.1" in genome fasta...
   Skipping chrom "JH584294.1" in genome fasta...
   Skipping chrom "JH584294.1" in genome fasta...
   Skipping chrom "JH584298.1" in genome fasta...
   Skipping chrom "JH584298.1" in genome fasta...
   Skipping chrom "JH584300.1" in genome fasta...
   Skipping chrom "JH584300.1" in genome fasta...
   Skipping chrom "GL456219.1" in genome fasta...
   Skipping chrom "GL456219.1" in genome fasta...
   Skipping chrom "GL456210.1" in genome fasta...
   Skipping chrom "GL456210.1" in genome fasta...
   Skipping chrom "JH584303.1" in genome fasta...
   Skipping chrom "JH584303.1" in genome fasta...
   Skipping chrom "JH584302.1" in genome fasta...
   Skipping chrom "JH584302.1" in genome fasta...
   Skipping chrom "GL456212.1" in genome fasta...
   Skipping chrom "GL456212.1" in genome fasta...
   Skipping chrom "JH584304.1" in genome fasta...
   Skipping chrom "JH584304.1" in genome fasta...
   Skipping chrom "GL456379.1" in genome fasta...
   Skipping chrom "GL456379.1" in genome fasta...
   Skipping chrom "GL456216.1" in genome fasta...
   Skipping chrom "GL456216.1" in genome fasta...
   Skipping chrom "GL456393.1" in genome fasta...
   Skipping chrom "GL456393.1" in genome fasta...
   Skipping chrom "GL456366.1" in genome fasta...
   Skipping chrom "GL456366.1" in genome fasta...
   Skipping chrom "GL456367.1" in genome fasta...
   Skipping chrom "GL456367.1" in genome fasta...
   Skipping chrom "GL456239.1" in genome fasta...
   Skipping chrom "GL456239.1" in genome fasta...
   Skipping chrom "GL456213.1" in genome fasta...
   Skipping chrom "GL456213.1" in genome fasta...
   Skipping chrom "GL456383.1" in genome fasta...
   Skipping chrom "GL456383.1" in genome fasta...
   Skipping chrom "GL456385.1" in genome fasta...
   Skipping chrom "GL456385.1" in genome fasta...
   Skipping chrom "GL456360.1" in genome fasta...
   Skipping chrom "GL456360.1" in genome fasta...
   Skipping chrom "GL456378.1" in genome fasta...
   Skipping chrom "GL456378.1" in genome fasta...
   Skipping chrom "GL456389.1" in genome fasta...
   Skipping chrom "GL456389.1" in genome fasta...
   Skipping chrom "GL456372.1" in genome fasta...
   Skipping chrom "GL456372.1" in genome fasta...
   Skipping chrom "GL456370.1" in genome fasta...
   Skipping chrom "GL456370.1" in genome fasta...
   Skipping chrom "GL456381.1" in genome fasta...
   Skipping chrom "GL456381.1" in genome fasta...
   Skipping chrom "GL456387.1" in genome fasta...
   Skipping chrom "GL456387.1" in genome fasta...
   Skipping chrom "GL456390.1" in genome fasta...
   Skipping chrom "GL456390.1" in genome fasta...
   Skipping chrom "GL456394.1" in genome fasta...
   Skipping chrom "GL456394.1" in genome fasta...
   Skipping chrom "GL456392.1" in genome fasta...
   Skipping chrom "GL456392.1" in genome fasta...
   Skipping chrom "GL456382.1" in genome fasta...
   Skipping chrom "GL456382.1" in genome fasta...
   Skipping chrom "GL456359.1" in genome fasta...
   Skipping chrom "GL456359.1" in genome fasta...
   Skipping chrom "GL456396.1" in genome fasta...
   Skipping chrom "GL456396.1" in genome fasta...
   Skipping chrom "GL456368.1" in genome fasta...
   Skipping chrom "GL456368.1" in genome fasta...
   Skipping chrom "JH584292.1" in genome fasta...
   Skipping chrom "JH584292.1" in genome fasta...
   Skipping chrom "JH584295.1" in genome fasta...
   Skipping chrom "JH584295.1" in genome fasta...
  #### NOTE (LOOPED_GENOME_FASTA 5):
    >> Returning to start of genome FASTA file. NOTE: for optimal performance, sort the FASTA file so that the chromosomes appear in the same order as in the BAM files.
   Skipping chrom "1" in genome fasta...
    found chrom 10 [2019-11-05 20:51:41]
helper_calculateGeneAssignmentMap_strict. Found: 55421 genes in the supplied annotation.
helper_calculateGeneAssignmentMap_strict. Found: 3399 genes with ambiguous segments.
helper_calculateGeneAssignmentMap_strict. Found: 52022 genes after first-pass filtering
making makeGeneIntervalMap for geneBody calculations. Found: 52022 acceptable genes for gene-body analysis.
Switching to Chromosome: 15 [2019-11-05 20:52:15] ... 
   Skipping chrom "10" in genome fasta...
   Skipping chrom "11" in genome fasta...
   Skipping chrom "11" in genome fasta...
   Skipping chrom "12" in genome fasta...
   Skipping chrom "12" in genome fasta...
   Skipping chrom "13" in genome fasta...
   Skipping chrom "13" in genome fasta...
   Skipping chrom "14" in genome fasta...
   Skipping chrom "14" in genome fasta...
    found chrom 15 [2019-11-05 20:52:16]
Switching to Chromosome: 8 [2019-11-05 20:52:17] ... 
   Skipping chrom "15" in genome fasta...
   Skipping chrom "16" in genome fasta...
   Skipping chrom "16" in genome fasta...
   Skipping chrom "17" in genome fasta...
   Skipping chrom "17" in genome fasta...
   Skipping chrom "18" in genome fasta...
   Skipping chrom "18" in genome fasta...
   Skipping chrom "19" in genome fasta...
   Skipping chrom "19" in genome fasta...
   Skipping chrom "2" in genome fasta...
   Skipping chrom "2" in genome fasta...
   Skipping chrom "3" in genome fasta...
   Skipping chrom "3" in genome fasta...
   Skipping chrom "4" in genome fasta...
   Skipping chrom "4" in genome fasta...
   Skipping chrom "5" in genome fasta...
   Skipping chrom "5" in genome fasta...
   Skipping chrom "6" in genome fasta...
   Skipping chrom "6" in genome fasta...
   Skipping chrom "7" in genome fasta...
   Skipping chrom "7" in genome fasta...
    found chrom 8 [2019-11-05 20:52:20]
Switching to Chromosome: 5 [2019-11-05 20:52:21] ... 
   Skipping chrom "8" in genome fasta...
   Skipping chrom "9" in genome fasta...
   Skipping chrom "9" in genome fasta...
   Skipping chrom "MT" in genome fasta...
   Skipping chrom "MT" in genome fasta...
   Skipping chrom "X" in genome fasta...
   Skipping chrom "X" in genome fasta...
   Skipping chrom "Y" in genome fasta...
   Skipping chrom "Y" in genome fasta...
   Skipping chrom "JH584299.1" in genome fasta...
   Skipping chrom "JH584299.1" in genome fasta...
   Skipping chrom "GL456233.1" in genome fasta...
   Skipping chrom "GL456233.1" in genome fasta...
   Skipping chrom "JH584301.1" in genome fasta...
   Skipping chrom "JH584301.1" in genome fasta...
   Skipping chrom "GL456211.1" in genome fasta...
   Skipping chrom "GL456211.1" in genome fasta...
   Skipping chrom "GL456350.1" in genome fasta...
   Skipping chrom "GL456350.1" in genome fasta...
   Skipping chrom "JH584293.1" in genome fasta...
   Skipping chrom "JH584293.1" in genome fasta...
   Skipping chrom "GL456221.1" in genome fasta...
   Skipping chrom "GL456221.1" in genome fasta...
   Skipping chrom "JH584297.1" in genome fasta...
   Skipping chrom "JH584297.1" in genome fasta...
   Skipping chrom "JH584296.1" in genome fasta...
   Skipping chrom "JH584296.1" in genome fasta...
   Skipping chrom "GL456354.1" in genome fasta...
   Skipping chrom "GL456354.1" in genome fasta...
   Skipping chrom "JH584294.1" in genome fasta...
   Skipping chrom "JH584294.1" in genome fasta...
   Skipping chrom "JH584298.1" in genome fasta...
   Skipping chrom "JH584298.1" in genome fasta...
   Skipping chrom "JH584300.1" in genome fasta...
   Skipping chrom "JH584300.1" in genome fasta...
   Skipping chrom "GL456219.1" in genome fasta...
   Skipping chrom "GL456219.1" in genome fasta...
   Skipping chrom "GL456210.1" in genome fasta...
   Skipping chrom "GL456210.1" in genome fasta...
   Skipping chrom "JH584303.1" in genome fasta...
   Skipping chrom "JH584303.1" in genome fasta...
   Skipping chrom "JH584302.1" in genome fasta...
   Skipping chrom "JH584302.1" in genome fasta...
   Skipping chrom "GL456212.1" in genome fasta...
   Skipping chrom "GL456212.1" in genome fasta...
   Skipping chrom "JH584304.1" in genome fasta...
   Skipping chrom "JH584304.1" in genome fasta...
   Skipping chrom "GL456379.1" in genome fasta...
   Skipping chrom "GL456379.1" in genome fasta...
   Skipping chrom "GL456216.1" in genome fasta...
   Skipping chrom "GL456216.1" in genome fasta...
   Skipping chrom "GL456393.1" in genome fasta...
   Skipping chrom "GL456393.1" in genome fasta...
   Skipping chrom "GL456366.1" in genome fasta...
   Skipping chrom "GL456366.1" in genome fasta...
   Skipping chrom "GL456367.1" in genome fasta...
   Skipping chrom "GL456367.1" in genome fasta...
   Skipping chrom "GL456239.1" in genome fasta...
   Skipping chrom "GL456239.1" in genome fasta...
   Skipping chrom "GL456213.1" in genome fasta...
   Skipping chrom "GL456213.1" in genome fasta...
   Skipping chrom "GL456383.1" in genome fasta...
   Skipping chrom "GL456383.1" in genome fasta...
   Skipping chrom "GL456385.1" in genome fasta...
   Skipping chrom "GL456385.1" in genome fasta...
   Skipping chrom "GL456360.1" in genome fasta...
   Skipping chrom "GL456360.1" in genome fasta...
   Skipping chrom "GL456378.1" in genome fasta...
   Skipping chrom "GL456378.1" in genome fasta...
   Skipping chrom "GL456389.1" in genome fasta...
   Skipping chrom "GL456389.1" in genome fasta...
   Skipping chrom "GL456372.1" in genome fasta...
   Skipping chrom "GL456372.1" in genome fasta...
   Skipping chrom "GL456370.1" in genome fasta...
   Skipping chrom "GL456370.1" in genome fasta...
   Skipping chrom "GL456381.1" in genome fasta...
   Skipping chrom "GL456381.1" in genome fasta...
   Skipping chrom "GL456387.1" in genome fasta...
   Skipping chrom "GL456387.1" in genome fasta...
   Skipping chrom "GL456390.1" in genome fasta...
   Skipping chrom "GL456390.1" in genome fasta...
   Skipping chrom "GL456394.1" in genome fasta...
   Skipping chrom "GL456394.1" in genome fasta...
   Skipping chrom "GL456392.1" in genome fasta...
   Skipping chrom "GL456392.1" in genome fasta...
   Skipping chrom "GL456382.1" in genome fasta...
   Skipping chrom "GL456382.1" in genome fasta...
   Skipping chrom "GL456359.1" in genome fasta...
   Skipping chrom "GL456359.1" in genome fasta...
   Skipping chrom "GL456396.1" in genome fasta...
   Skipping chrom "GL456396.1" in genome fasta...
   Skipping chrom "GL456368.1" in genome fasta...
   Skipping chrom "GL456368.1" in genome fasta...
   Skipping chrom "JH584292.1" in genome fasta...
   Skipping chrom "JH584292.1" in genome fasta...
   Skipping chrom "JH584295.1" in genome fasta...
   Skipping chrom "JH584295.1" in genome fasta...
  #### NOTE (LOOPED_GENOME_FASTA 6):
    >> Returning to start of genome FASTA file. NOTE: for optimal performance, sort the FASTA file so that the chromosomes appear in the same order as in the BAM files.
   Skipping chrom "1" in genome fasta...
   Skipping chrom "10" in genome fasta...
   Skipping chrom "10" in genome fasta...
   Skipping chrom "11" in genome fasta...
   Skipping chrom "11" in genome fasta...
   Skipping chrom "12" in genome fasta...
   Skipping chrom "12" in genome fasta...
   Skipping chrom "13" in genome fasta...
   Skipping chrom "13" in genome fasta...
   Skipping chrom "14" in genome fasta...
   Skipping chrom "14" in genome fasta...
   Skipping chrom "15" in genome fasta...
   Skipping chrom "15" in genome fasta...
   Skipping chrom "16" in genome fasta...
   Skipping chrom "16" in genome fasta...
   Skipping chrom "17" in genome fasta...
   Skipping chrom "17" in genome fasta...
   Skipping chrom "18" in genome fasta...
   Skipping chrom "18" in genome fasta...
   Skipping chrom "19" in genome fasta...
   Skipping chrom "19" in genome fasta...
   Skipping chrom "2" in genome fasta...
   Skipping chrom "2" in genome fasta...
   Skipping chrom "3" in genome fasta...
   Skipping chrom "3" in genome fasta...
   Skipping chrom "4" in genome fasta...
   Skipping chrom "4" in genome fasta...
    found chrom 5 [2019-11-05 20:52:26]
Switching to Chromosome: 19 [2019-11-05 20:52:28] ... 
   Skipping chrom "5" in genome fasta...
   Skipping chrom "6" in genome fasta...
   Skipping chrom "6" in genome fasta...
   Skipping chrom "7" in genome fasta...
   Skipping chrom "7" in genome fasta...
   Skipping chrom "8" in genome fasta...
   Skipping chrom "8" in genome fasta...
   Skipping chrom "9" in genome fasta...
   Skipping chrom "9" in genome fasta...
   Skipping chrom "MT" in genome fasta...
   Skipping chrom "MT" in genome fasta...
   Skipping chrom "X" in genome fasta...
   Skipping chrom "X" in genome fasta...
   Skipping chrom "Y" in genome fasta...
   Skipping chrom "Y" in genome fasta...
   Skipping chrom "JH584299.1" in genome fasta...
   Skipping chrom "JH584299.1" in genome fasta...
   Skipping chrom "GL456233.1" in genome fasta...
   Skipping chrom "GL456233.1" in genome fasta...
   Skipping chrom "JH584301.1" in genome fasta...
   Skipping chrom "JH584301.1" in genome fasta...
   Skipping chrom "GL456211.1" in genome fasta...
   Skipping chrom "GL456211.1" in genome fasta...
   Skipping chrom "GL456350.1" in genome fasta...
   Skipping chrom "GL456350.1" in genome fasta...
   Skipping chrom "JH584293.1" in genome fasta...
   Skipping chrom "JH584293.1" in genome fasta...
   Skipping chrom "GL456221.1" in genome fasta...
   Skipping chrom "GL456221.1" in genome fasta...
   Skipping chrom "JH584297.1" in genome fasta...
   Skipping chrom "JH584297.1" in genome fasta...
   Skipping chrom "JH584296.1" in genome fasta...
   Skipping chrom "JH584296.1" in genome fasta...
   Skipping chrom "GL456354.1" in genome fasta...
   Skipping chrom "GL456354.1" in genome fasta...
   Skipping chrom "JH584294.1" in genome fasta...
   Skipping chrom "JH584294.1" in genome fasta...
   Skipping chrom "JH584298.1" in genome fasta...
   Skipping chrom "JH584298.1" in genome fasta...
   Skipping chrom "JH584300.1" in genome fasta...
   Skipping chrom "JH584300.1" in genome fasta...
   Skipping chrom "GL456219.1" in genome fasta...
   Skipping chrom "GL456219.1" in genome fasta...
   Skipping chrom "GL456210.1" in genome fasta...
   Skipping chrom "GL456210.1" in genome fasta...
   Skipping chrom "JH584303.1" in genome fasta...
   Skipping chrom "JH584303.1" in genome fasta...
   Skipping chrom "JH584302.1" in genome fasta...
   Skipping chrom "JH584302.1" in genome fasta...
   Skipping chrom "GL456212.1" in genome fasta...
   Skipping chrom "GL456212.1" in genome fasta...
   Skipping chrom "JH584304.1" in genome fasta...
   Skipping chrom "JH584304.1" in genome fasta...
   Skipping chrom "GL456379.1" in genome fasta...
   Skipping chrom "GL456379.1" in genome fasta...
   Skipping chrom "GL456216.1" in genome fasta...
   Skipping chrom "GL456216.1" in genome fasta...
   Skipping chrom "GL456393.1" in genome fasta...
   Skipping chrom "GL456393.1" in genome fasta...
   Skipping chrom "GL456366.1" in genome fasta...
   Skipping chrom "GL456366.1" in genome fasta...
   Skipping chrom "GL456367.1" in genome fasta...
   Skipping chrom "GL456367.1" in genome fasta...
   Skipping chrom "GL456239.1" in genome fasta...
   Skipping chrom "GL456239.1" in genome fasta...
   Skipping chrom "GL456213.1" in genome fasta...
   Skipping chrom "GL456213.1" in genome fasta...
   Skipping chrom "GL456383.1" in genome fasta...
   Skipping chrom "GL456383.1" in genome fasta...
   Skipping chrom "GL456385.1" in genome fasta...
   Skipping chrom "GL456385.1" in genome fasta...
   Skipping chrom "GL456360.1" in genome fasta...
   Skipping chrom "GL456360.1" in genome fasta...
   Skipping chrom "GL456378.1" in genome fasta...
   Skipping chrom "GL456378.1" in genome fasta...
   Skipping chrom "GL456389.1" in genome fasta...
   Skipping chrom "GL456389.1" in genome fasta...
   Skipping chrom "GL456372.1" in genome fasta...
   Skipping chrom "GL456372.1" in genome fasta...
   Skipping chrom "GL456370.1" in genome fasta...
   Skipping chrom "GL456370.1" in genome fasta...
   Skipping chrom "GL456381.1" in genome fasta...
   Skipping chrom "GL456381.1" in genome fasta...
   Skipping chrom "GL456387.1" in genome fasta...
   Skipping chrom "GL456387.1" in genome fasta...
   Skipping chrom "GL456390.1" in genome fasta...
   Skipping chrom "GL456390.1" in genome fasta...
   Skipping chrom "GL456394.1" in genome fasta...
   Skipping chrom "GL456394.1" in genome fasta...
   Skipping chrom "GL456392.1" in genome fasta...
   Skipping chrom "GL456392.1" in genome fasta...
   Skipping chrom "GL456382.1" in genome fasta...
   Skipping chrom "GL456382.1" in genome fasta...
   Skipping chrom "GL456359.1" in genome fasta...
   Skipping chrom "GL456359.1" in genome fasta...
   Skipping chrom "GL456396.1" in genome fasta...
   Skipping chrom "GL456396.1" in genome fasta...
   Skipping chrom "GL456368.1" in genome fasta...
   Skipping chrom "GL456368.1" in genome fasta...
   Skipping chrom "JH584292.1" in genome fasta...
   Skipping chrom "JH584292.1" in genome fasta...
   Skipping chrom "JH584295.1" in genome fasta...
   Skipping chrom "JH584295.1" in genome fasta...
  #### NOTE (LOOPED_GENOME_FASTA 7):
    >> Returning to start of genome FASTA file. NOTE: for optimal performance, sort the FASTA file so that the chromosomes appear in the same order as in the BAM files.
   Skipping chrom "1" in genome fasta...
   Skipping chrom "10" in genome fasta...
   Skipping chrom "10" in genome fasta...
   Skipping chrom "11" in genome fasta...
   Skipping chrom "11" in genome fasta...
   Skipping chrom "12" in genome fasta...
   Skipping chrom "12" in genome fasta...
   Skipping chrom "13" in genome fasta...
   Skipping chrom "13" in genome fasta...
   Skipping chrom "14" in genome fasta...
   Skipping chrom "14" in genome fasta...
   Skipping chrom "15" in genome fasta...
   Skipping chrom "15" in genome fasta...
   Skipping chrom "16" in genome fasta...
   Skipping chrom "16" in genome fasta...
   Skipping chrom "17" in genome fasta...
   Skipping chrom "17" in genome fasta...
   Skipping chrom "18" in genome fasta...
   Skipping chrom "18" in genome fasta...
    found chrom 19 [2019-11-05 20:52:32]
Switching to Chromosome: 14 [2019-11-05 20:52:33] ... 
   Skipping chrom "19" in genome fasta...
   Skipping chrom "2" in genome fasta...
   Skipping chrom "2" in genome fasta...
   Skipping chrom "3" in genome fasta...
   Skipping chrom "3" in genome fasta...
   Skipping chrom "4" in genome fasta...
   Skipping chrom "4" in genome fasta...
   Skipping chrom "5" in genome fasta...
   Skipping chrom "5" in genome fasta...
   Skipping chrom "6" in genome fasta...
   Skipping chrom "6" in genome fasta...
   Skipping chrom "7" in genome fasta...
   Skipping chrom "7" in genome fasta...
   Skipping chrom "8" in genome fasta...
   Skipping chrom "8" in genome fasta...
   Skipping chrom "9" in genome fasta...
   Skipping chrom "9" in genome fasta...
   Skipping chrom "MT" in genome fasta...
   Skipping chrom "MT" in genome fasta...
   Skipping chrom "X" in genome fasta...
   Skipping chrom "X" in genome fasta...
   Skipping chrom "Y" in genome fasta...
   Skipping chrom "Y" in genome fasta...
   Skipping chrom "JH584299.1" in genome fasta...
   Skipping chrom "JH584299.1" in genome fasta...
   Skipping chrom "GL456233.1" in genome fasta...
   Skipping chrom "GL456233.1" in genome fasta...
   Skipping chrom "JH584301.1" in genome fasta...
   Skipping chrom "JH584301.1" in genome fasta...
   Skipping chrom "GL456211.1" in genome fasta...
   Skipping chrom "GL456211.1" in genome fasta...
   Skipping chrom "GL456350.1" in genome fasta...
   Skipping chrom "GL456350.1" in genome fasta...
   Skipping chrom "JH584293.1" in genome fasta...
   Skipping chrom "JH584293.1" in genome fasta...
   Skipping chrom "GL456221.1" in genome fasta...
   Skipping chrom "GL456221.1" in genome fasta...
   Skipping chrom "JH584297.1" in genome fasta...
   Skipping chrom "JH584297.1" in genome fasta...
   Skipping chrom "JH584296.1" in genome fasta...
   Skipping chrom "JH584296.1" in genome fasta...
   Skipping chrom "GL456354.1" in genome fasta...
   Skipping chrom "GL456354.1" in genome fasta...
   Skipping chrom "JH584294.1" in genome fasta...
   Skipping chrom "JH584294.1" in genome fasta...
   Skipping chrom "JH584298.1" in genome fasta...
   Skipping chrom "JH584298.1" in genome fasta...
   Skipping chrom "JH584300.1" in genome fasta...
   Skipping chrom "JH584300.1" in genome fasta...
   Skipping chrom "GL456219.1" in genome fasta...
   Skipping chrom "GL456219.1" in genome fasta...
   Skipping chrom "GL456210.1" in genome fasta...
   Skipping chrom "GL456210.1" in genome fasta...
   Skipping chrom "JH584303.1" in genome fasta...
   Skipping chrom "JH584303.1" in genome fasta...
   Skipping chrom "JH584302.1" in genome fasta...
   Skipping chrom "JH584302.1" in genome fasta...
   Skipping chrom "GL456212.1" in genome fasta...
   Skipping chrom "GL456212.1" in genome fasta...
   Skipping chrom "JH584304.1" in genome fasta...
   Skipping chrom "JH584304.1" in genome fasta...
   Skipping chrom "GL456379.1" in genome fasta...
   Skipping chrom "GL456379.1" in genome fasta...
   Skipping chrom "GL456216.1" in genome fasta...
   Skipping chrom "GL456216.1" in genome fasta...
   Skipping chrom "GL456393.1" in genome fasta...
   Skipping chrom "GL456393.1" in genome fasta...
   Skipping chrom "GL456366.1" in genome fasta...
   Skipping chrom "GL456366.1" in genome fasta...
   Skipping chrom "GL456367.1" in genome fasta...
   Skipping chrom "GL456367.1" in genome fasta...
   Skipping chrom "GL456239.1" in genome fasta...
   Skipping chrom "GL456239.1" in genome fasta...
   Skipping chrom "GL456213.1" in genome fasta...
   Skipping chrom "GL456213.1" in genome fasta...
   Skipping chrom "GL456383.1" in genome fasta...
   Skipping chrom "GL456383.1" in genome fasta...
   Skipping chrom "GL456385.1" in genome fasta...
   Skipping chrom "GL456385.1" in genome fasta...
   Skipping chrom "GL456360.1" in genome fasta...
   Skipping chrom "GL456360.1" in genome fasta...
   Skipping chrom "GL456378.1" in genome fasta...
   Skipping chrom "GL456378.1" in genome fasta...
   Skipping chrom "GL456389.1" in genome fasta...
   Skipping chrom "GL456389.1" in genome fasta...
   Skipping chrom "GL456372.1" in genome fasta...
   Skipping chrom "GL456372.1" in genome fasta...
   Skipping chrom "GL456370.1" in genome fasta...
   Skipping chrom "GL456370.1" in genome fasta...
   Skipping chrom "GL456381.1" in genome fasta...
   Skipping chrom "GL456381.1" in genome fasta...
   Skipping chrom "GL456387.1" in genome fasta...
   Skipping chrom "GL456387.1" in genome fasta...
   Skipping chrom "GL456390.1" in genome fasta...
   Skipping chrom "GL456390.1" in genome fasta...
   Skipping chrom "GL456394.1" in genome fasta...
   Skipping chrom "GL456394.1" in genome fasta...
   Skipping chrom "GL456392.1" in genome fasta...
   Skipping chrom "GL456392.1" in genome fasta...
   Skipping chrom "GL456382.1" in genome fasta...
   Skipping chrom "GL456382.1" in genome fasta...
   Skipping chrom "GL456359.1" in genome fasta...
   Skipping chrom "GL456359.1" in genome fasta...
   Skipping chrom "GL456396.1" in genome fasta...
   Skipping chrom "GL456396.1" in genome fasta...
   Skipping chrom "GL456368.1" in genome fasta...
   Skipping chrom "GL456368.1" in genome fasta...
   Skipping chrom "JH584292.1" in genome fasta...
   Skipping chrom "JH584292.1" in genome fasta...
   Skipping chrom "JH584295.1" in genome fasta...
   Skipping chrom "JH584295.1" in genome fasta...
  #### NOTE (LOOPED_GENOME_FASTA 8):
    >> Returning to start of genome FASTA file. NOTE: for optimal performance, sort the FASTA file so that the chromosomes appear in the same order as in the BAM files.
   Skipping chrom "1" in genome fasta...
   Skipping chrom "10" in genome fasta...
   Skipping chrom "10" in genome fasta...
   Skipping chrom "11" in genome fasta...
   Skipping chrom "11" in genome fasta...
   Skipping chrom "12" in genome fasta...
   Skipping chrom "12" in genome fasta...
   Skipping chrom "13" in genome fasta...
   Skipping chrom "13" in genome fasta...
    found chrom 14 [2019-11-05 20:52:39]
Switching to Chromosome: 4 [2019-11-05 20:52:39] ... 
   Skipping chrom "14" in genome fasta...
   Skipping chrom "15" in genome fasta...
   Skipping chrom "15" in genome fasta...
   Skipping chrom "16" in genome fasta...
   Skipping chrom "16" in genome fasta...
   Skipping chrom "17" in genome fasta...
   Skipping chrom "17" in genome fasta...
   Skipping chrom "18" in genome fasta...
   Skipping chrom "18" in genome fasta...
   Skipping chrom "19" in genome fasta...
   Skipping chrom "19" in genome fasta...
   Skipping chrom "2" in genome fasta...
   Skipping chrom "2" in genome fasta...
   Skipping chrom "3" in genome fasta...
   Skipping chrom "3" in genome fasta...
    found chrom 4 [2019-11-05 20:52:41]
Switching to Chromosome: 18 [2019-11-05 20:52:43] ... 
   Skipping chrom "4" in genome fasta...
   Skipping chrom "5" in genome fasta...
   Skipping chrom "5" in genome fasta...
   Skipping chrom "6" in genome fasta...
   Skipping chrom "6" in genome fasta...
   Skipping chrom "7" in genome fasta...
   Skipping chrom "7" in genome fasta...
   Skipping chrom "8" in genome fasta...
   Skipping chrom "8" in genome fasta...
   Skipping chrom "9" in genome fasta...
   Skipping chrom "9" in genome fasta...
   Skipping chrom "MT" in genome fasta...
   Skipping chrom "MT" in genome fasta...
   Skipping chrom "X" in genome fasta...
   Skipping chrom "X" in genome fasta...
   Skipping chrom "Y" in genome fasta...
   Skipping chrom "Y" in genome fasta...
   Skipping chrom "JH584299.1" in genome fasta...
   Skipping chrom "JH584299.1" in genome fasta...
   Skipping chrom "GL456233.1" in genome fasta...
   Skipping chrom "GL456233.1" in genome fasta...
   Skipping chrom "JH584301.1" in genome fasta...
   Skipping chrom "JH584301.1" in genome fasta...
   Skipping chrom "GL456211.1" in genome fasta...
   Skipping chrom "GL456211.1" in genome fasta...
   Skipping chrom "GL456350.1" in genome fasta...
   Skipping chrom "GL456350.1" in genome fasta...
   Skipping chrom "JH584293.1" in genome fasta...
   Skipping chrom "JH584293.1" in genome fasta...
   Skipping chrom "GL456221.1" in genome fasta...
   Skipping chrom "GL456221.1" in genome fasta...
   Skipping chrom "JH584297.1" in genome fasta...
   Skipping chrom "JH584297.1" in genome fasta...
   Skipping chrom "JH584296.1" in genome fasta...
   Skipping chrom "JH584296.1" in genome fasta...
   Skipping chrom "GL456354.1" in genome fasta...
   Skipping chrom "GL456354.1" in genome fasta...
   Skipping chrom "JH584294.1" in genome fasta...
   Skipping chrom "JH584294.1" in genome fasta...
   Skipping chrom "JH584298.1" in genome fasta...
   Skipping chrom "JH584298.1" in genome fasta...
   Skipping chrom "JH584300.1" in genome fasta...
   Skipping chrom "JH584300.1" in genome fasta...
   Skipping chrom "GL456219.1" in genome fasta...
   Skipping chrom "GL456219.1" in genome fasta...
   Skipping chrom "GL456210.1" in genome fasta...
   Skipping chrom "GL456210.1" in genome fasta...
   Skipping chrom "JH584303.1" in genome fasta...
   Skipping chrom "JH584303.1" in genome fasta...
   Skipping chrom "JH584302.1" in genome fasta...
   Skipping chrom "JH584302.1" in genome fasta...
   Skipping chrom "GL456212.1" in genome fasta...
   Skipping chrom "GL456212.1" in genome fasta...
   Skipping chrom "JH584304.1" in genome fasta...
   Skipping chrom "JH584304.1" in genome fasta...
   Skipping chrom "GL456379.1" in genome fasta...
   Skipping chrom "GL456379.1" in genome fasta...
   Skipping chrom "GL456216.1" in genome fasta...
   Skipping chrom "GL456216.1" in genome fasta...
   Skipping chrom "GL456393.1" in genome fasta...
   Skipping chrom "GL456393.1" in genome fasta...
   Skipping chrom "GL456366.1" in genome fasta...
   Skipping chrom "GL456366.1" in genome fasta...
   Skipping chrom "GL456367.1" in genome fasta...
   Skipping chrom "GL456367.1" in genome fasta...
   Skipping chrom "GL456239.1" in genome fasta...
   Skipping chrom "GL456239.1" in genome fasta...
   Skipping chrom "GL456213.1" in genome fasta...
   Skipping chrom "GL456213.1" in genome fasta...
   Skipping chrom "GL456383.1" in genome fasta...
   Skipping chrom "GL456383.1" in genome fasta...
   Skipping chrom "GL456385.1" in genome fasta...
   Skipping chrom "GL456385.1" in genome fasta...
   Skipping chrom "GL456360.1" in genome fasta...
   Skipping chrom "GL456360.1" in genome fasta...
   Skipping chrom "GL456378.1" in genome fasta...
   Skipping chrom "GL456378.1" in genome fasta...
   Skipping chrom "GL456389.1" in genome fasta...
   Skipping chrom "GL456389.1" in genome fasta...
   Skipping chrom "GL456372.1" in genome fasta...
   Skipping chrom "GL456372.1" in genome fasta...
   Skipping chrom "GL456370.1" in genome fasta...
   Skipping chrom "GL456370.1" in genome fasta...
   Skipping chrom "GL456381.1" in genome fasta...
   Skipping chrom "GL456381.1" in genome fasta...
   Skipping chrom "GL456387.1" in genome fasta...
   Skipping chrom "GL456387.1" in genome fasta...
   Skipping chrom "GL456390.1" in genome fasta...
   Skipping chrom "GL456390.1" in genome fasta...
   Skipping chrom "GL456394.1" in genome fasta...
   Skipping chrom "GL456394.1" in genome fasta...
   Skipping chrom "GL456392.1" in genome fasta...
   Skipping chrom "GL456392.1" in genome fasta...
   Skipping chrom "GL456382.1" in genome fasta...
   Skipping chrom "GL456382.1" in genome fasta...
   Skipping chrom "GL456359.1" in genome fasta...
   Skipping chrom "GL456359.1" in genome fasta...
   Skipping chrom "GL456396.1" in genome fasta...
   Skipping chrom "GL456396.1" in genome fasta...
   Skipping chrom "GL456368.1" in genome fasta...
   Skipping chrom "GL456368.1" in genome fasta...
   Skipping chrom "JH584292.1" in genome fasta...
   Skipping chrom "JH584292.1" in genome fasta...
   Skipping chrom "JH584295.1" in genome fasta...
   Skipping chrom "JH584295.1" in genome fasta...
  #### NOTE (LOOPED_GENOME_FASTA 9):
    >> Returning to start of genome FASTA file. NOTE: for optimal performance, sort the FASTA file so that the chromosomes appear in the same order as in the BAM files.
   Skipping chrom "1" in genome fasta...
   Skipping chrom "10" in genome fasta...
   Skipping chrom "10" in genome fasta...
   Skipping chrom "11" in genome fasta...
   Skipping chrom "11" in genome fasta...
   Skipping chrom "12" in genome fasta...
   Skipping chrom "12" in genome fasta...
   Skipping chrom "13" in genome fasta...
   Skipping chrom "13" in genome fasta...
   Skipping chrom "14" in genome fasta...
   Skipping chrom "14" in genome fasta...
   Skipping chrom "15" in genome fasta...
   Skipping chrom "15" in genome fasta...
   Skipping chrom "16" in genome fasta...
   Skipping chrom "16" in genome fasta...
   Skipping chrom "17" in genome fasta...
   Skipping chrom "17" in genome fasta...
    found chrom 18 [2019-11-05 20:52:48]
Switching to Chromosome: 11 [2019-11-05 20:52:49] ... 
   Skipping chrom "18" in genome fasta...
   Skipping chrom "19" in genome fasta...
   Skipping chrom "19" in genome fasta...
   Skipping chrom "2" in genome fasta...
   Skipping chrom "2" in genome fasta...
   Skipping chrom "3" in genome fasta...
   Skipping chrom "3" in genome fasta...
   Skipping chrom "4" in genome fasta...
   Skipping chrom "4" in genome fasta...
   Skipping chrom "5" in genome fasta...
   Skipping chrom "5" in genome fasta...
   Skipping chrom "6" in genome fasta...
   Skipping chrom "6" in genome fasta...
   Skipping chrom "7" in genome fasta...
   Skipping chrom "7" in genome fasta...
   Skipping chrom "8" in genome fasta...
   Skipping chrom "8" in genome fasta...
   Skipping chrom "9" in genome fasta...
   Skipping chrom "9" in genome fasta...
   Skipping chrom "MT" in genome fasta...
   Skipping chrom "MT" in genome fasta...
   Skipping chrom "X" in genome fasta...
   Skipping chrom "X" in genome fasta...
   Skipping chrom "Y" in genome fasta...
   Skipping chrom "Y" in genome fasta...
   Skipping chrom "JH584299.1" in genome fasta...
   Skipping chrom "JH584299.1" in genome fasta...
   Skipping chrom "GL456233.1" in genome fasta...
   Skipping chrom "GL456233.1" in genome fasta...
   Skipping chrom "JH584301.1" in genome fasta...
   Skipping chrom "JH584301.1" in genome fasta...
   Skipping chrom "GL456211.1" in genome fasta...
   Skipping chrom "GL456211.1" in genome fasta...
   Skipping chrom "GL456350.1" in genome fasta...
   Skipping chrom "GL456350.1" in genome fasta...
   Skipping chrom "JH584293.1" in genome fasta...
   Skipping chrom "JH584293.1" in genome fasta...
   Skipping chrom "GL456221.1" in genome fasta...
   Skipping chrom "GL456221.1" in genome fasta...
   Skipping chrom "JH584297.1" in genome fasta...
   Skipping chrom "JH584297.1" in genome fasta...
   Skipping chrom "JH584296.1" in genome fasta...
   Skipping chrom "JH584296.1" in genome fasta...
   Skipping chrom "GL456354.1" in genome fasta...
   Skipping chrom "GL456354.1" in genome fasta...
   Skipping chrom "JH584294.1" in genome fasta...
   Skipping chrom "JH584294.1" in genome fasta...
   Skipping chrom "JH584298.1" in genome fasta...
   Skipping chrom "JH584298.1" in genome fasta...
   Skipping chrom "JH584300.1" in genome fasta...
   Skipping chrom "JH584300.1" in genome fasta...
   Skipping chrom "GL456219.1" in genome fasta...
   Skipping chrom "GL456219.1" in genome fasta...
   Skipping chrom "GL456210.1" in genome fasta...
   Skipping chrom "GL456210.1" in genome fasta...
   Skipping chrom "JH584303.1" in genome fasta...
   Skipping chrom "JH584303.1" in genome fasta...
   Skipping chrom "JH584302.1" in genome fasta...
   Skipping chrom "JH584302.1" in genome fasta...
   Skipping chrom "GL456212.1" in genome fasta...
   Skipping chrom "GL456212.1" in genome fasta...
   Skipping chrom "JH584304.1" in genome fasta...
   Skipping chrom "JH584304.1" in genome fasta...
   Skipping chrom "GL456379.1" in genome fasta...
   Skipping chrom "GL456379.1" in genome fasta...
   Skipping chrom "GL456216.1" in genome fasta...
   Skipping chrom "GL456216.1" in genome fasta...
   Skipping chrom "GL456393.1" in genome fasta...
   Skipping chrom "GL456393.1" in genome fasta...
   Skipping chrom "GL456366.1" in genome fasta...
   Skipping chrom "GL456366.1" in genome fasta...
   Skipping chrom "GL456367.1" in genome fasta...
   Skipping chrom "GL456367.1" in genome fasta...
   Skipping chrom "GL456239.1" in genome fasta...
   Skipping chrom "GL456239.1" in genome fasta...
   Skipping chrom "GL456213.1" in genome fasta...
   Skipping chrom "GL456213.1" in genome fasta...
   Skipping chrom "GL456383.1" in genome fasta...
   Skipping chrom "GL456383.1" in genome fasta...
   Skipping chrom "GL456385.1" in genome fasta...
   Skipping chrom "GL456385.1" in genome fasta...
   Skipping chrom "GL456360.1" in genome fasta...
   Skipping chrom "GL456360.1" in genome fasta...
   Skipping chrom "GL456378.1" in genome fasta...
   Skipping chrom "GL456378.1" in genome fasta...
   Skipping chrom "GL456389.1" in genome fasta...
   Skipping chrom "GL456389.1" in genome fasta...
   Skipping chrom "GL456372.1" in genome fasta...
   Skipping chrom "GL456372.1" in genome fasta...
   Skipping chrom "GL456370.1" in genome fasta...
   Skipping chrom "GL456370.1" in genome fasta...
   Skipping chrom "GL456381.1" in genome fasta...
   Skipping chrom "GL456381.1" in genome fasta...
   Skipping chrom "GL456387.1" in genome fasta...
   Skipping chrom "GL456387.1" in genome fasta...
   Skipping chrom "GL456390.1" in genome fasta...
   Skipping chrom "GL456390.1" in genome fasta...
   Skipping chrom "GL456394.1" in genome fasta...
   Skipping chrom "GL456394.1" in genome fasta...
   Skipping chrom "GL456392.1" in genome fasta...
   Skipping chrom "GL456392.1" in genome fasta...
   Skipping chrom "GL456382.1" in genome fasta...
   Skipping chrom "GL456382.1" in genome fasta...
   Skipping chrom "GL456359.1" in genome fasta...
   Skipping chrom "GL456359.1" in genome fasta...
   Skipping chrom "GL456396.1" in genome fasta...
   Skipping chrom "GL456396.1" in genome fasta...
   Skipping chrom "GL456368.1" in genome fasta...
   Skipping chrom "GL456368.1" in genome fasta...
   Skipping chrom "JH584292.1" in genome fasta...
   Skipping chrom "JH584292.1" in genome fasta...
   Skipping chrom "JH584295.1" in genome fasta...
   Skipping chrom "JH584295.1" in genome fasta...
  #### NOTE (LOOPED_GENOME_FASTA 10):
    >> Returning to start of genome FASTA file. NOTE: for optimal performance, sort the FASTA file so that the chromosomes appear in the same order as in the BAM files.
   Skipping chrom "1" in genome fasta...
   Skipping chrom "10" in genome fasta...
   Skipping chrom "10" in genome fasta...
    found chrom 11 [2019-11-05 20:52:53]
Switching to Chromosome: 3 [2019-11-05 20:52:54] ... 
   Skipping chrom "11" in genome fasta...
   Skipping chrom "12" in genome fasta...
   Skipping chrom "12" in genome fasta...
   Skipping chrom "13" in genome fasta...
   Skipping chrom "13" in genome fasta...
   Skipping chrom "14" in genome fasta...
   Skipping chrom "14" in genome fasta...
   Skipping chrom "15" in genome fasta...
   Skipping chrom "15" in genome fasta...
   Skipping chrom "16" in genome fasta...
   Skipping chrom "16" in genome fasta...
   Skipping chrom "17" in genome fasta...
   Skipping chrom "17" in genome fasta...
   Skipping chrom "18" in genome fasta...
   Skipping chrom "18" in genome fasta...
   Skipping chrom "19" in genome fasta...
   Skipping chrom "19" in genome fasta...
   Skipping chrom "2" in genome fasta...
   Skipping chrom "2" in genome fasta...
    found chrom 3 [2019-11-05 20:52:57]
ERROR: EfficientGenomeSeqContainer: Illegal request for sequence prior to current buffer limits!
   request: 3:129546985-129547060
   [GenomeSeqContainer Status: buf:(3:135442000-135453000) n=11, MaxSoFar=12]
<====== FATAL ERROR! ======>
----------------------------
     Error message: "ERROR: EfficientGenomeSeqContainer: Illegal request for sequence prior to current buffer limits!"
     Stack Trace:
        java.base/java.lang.Thread.getStackTrace(Thread.java:1654)
        internalUtils.Reporter$.error(Reporter.scala:331)
        internalUtils.genomicAnnoUtils$EfficientGenomeSeqContainer.getSeqForInterval(genomicAnnoUtils.scala:64)
        qcUtils.qcOverlapMatch.$anonfun$calcRefMismatches$1(qcOverlapMatch.scala:561)
        scala.collection.TraversableLike.$anonfun$flatMap$1(TraversableLike.scala:241)
        scala.collection.Iterator.foreach(Iterator.scala:929)
        scala.collection.Iterator.foreach$(Iterator.scala:929)
        scala.collection.AbstractIterator.foreach(Iterator.scala:1417)
        scala.collection.IterableLike.foreach(IterableLike.scala:71)
        scala.collection.IterableLike.foreach$(IterableLike.scala:70)
        scala.collection.AbstractIterable.foreach(Iterable.scala:54)
        scala.collection.TraversableLike.flatMap(TraversableLike.scala:241)
        scala.collection.TraversableLike.flatMap$(TraversableLike.scala:238)
        scala.collection.AbstractTraversable.flatMap(Traversable.scala:104)
        qcUtils.qcOverlapMatch.calcRefMismatches(qcOverlapMatch.scala:560)
        qcUtils.qcOverlapMatch.$anonfun$runOnReadPair$8(qcOverlapMatch.scala:229)
        qcUtils.qcOverlapMatch.$anonfun$runOnReadPair$8$adapted(qcOverlapMatch.scala:228)
        scala.collection.TraversableLike$WithFilter.$anonfun$foreach$1(TraversableLike.scala:789)
        scala.collection.Iterator.foreach(Iterator.scala:929)
        scala.collection.Iterator.foreach$(Iterator.scala:929)
        scala.collection.AbstractIterator.foreach(Iterator.scala:1417)
        scala.collection.IterableLike.foreach(IterableLike.scala:71)
        scala.collection.IterableLike.foreach$(IterableLike.scala:70)
        scala.collection.AbstractIterable.foreach(Iterable.scala:54)
        scala.collection.TraversableLike$WithFilter.foreach(TraversableLike.scala:788)
        qcUtils.qcOverlapMatch.runOnReadPair(qcOverlapMatch.scala:228)
        qcUtils.qcOverlapMatch.runOnReadPair(qcOverlapMatch.scala:83)
        qcUtils.runAllQC$.$anonfun$runOnSeqFile$7(runAllQC.scala:1327)
        qcUtils.runAllQC$.$anonfun$runOnSeqFile$7$adapted(runAllQC.scala:1300)
        scala.collection.Iterator.foreach(Iterator.scala:929)
        scala.collection.Iterator.foreach$(Iterator.scala:929)
        internalUtils.stdUtils$IteratorProgressReporter$$anon$14.foreach(stdUtils.scala:963)
        qcUtils.runAllQC$.runOnSeqFile(runAllQC.scala:1300)
        qcUtils.runAllQC$.run(runAllQC.scala:970)
        qcUtils.runAllQC$allQC_runner.run(runAllQC.scala:680)
        runner.runner$.main(runner.scala:98)
        runner.runner.main(runner.scala)
<==========================>
<------->
   Note: 10 Notices Thrown:
   10	LOOPED_GENOME_FASTA
<------->
